2023-03-11 20:05:44,413 DEBUG    root            Loaded Command Group: ['gcloud', 'components']
2023-03-11 20:05:44,414 DEBUG    root            Loaded Command Group: ['gcloud', 'components', 'install']
2023-03-11 20:05:44,415 DEBUG    root            Running [gcloud.components.install] with arguments: [--quiet: "True", COMPONENT-IDS:7: "['alpha', 'beta', 'gke-gcloud-auth-plugin', 'kubectl', 'skaffold', 'minikube', 'gsutil']"]
2023-03-11 20:05:44,419 DEBUG    urllib3.connectionpool Starting new HTTPS connection (1): dl.google.com:443
2023-03-11 20:05:44,614 DEBUG    urllib3.connectionpool https://dl.google.com:443 "GET /dl/cloudsdk/channels/rapid/components-v421.0.0.json HTTP/1.1" 200 206156
2023-03-11 20:05:44,707 INFO     ___FILE_ONLY___ 

2023-03-11 20:05:44,708 INFO     ___FILE_ONLY___ 
Your current Google Cloud CLI version is: 421.0.0

2023-03-11 20:05:44,708 INFO     ___FILE_ONLY___ Installing components from version: 421.0.0

2023-03-11 20:05:44,708 INFO     ___FILE_ONLY___ 

2023-03-11 20:05:44,708 DEBUG    root            Chosen display Format:table[box,title="These components will be removed."](details.display_name:label=Name:align=left,version.version_string:label=Version:align=right,data.size.size(zero="",min=1048576):label=Size:align=right)
2023-03-11 20:05:44,709 DEBUG    root            Chosen display Format:table[box,title="These components will be updated."](details.display_name:label=Name:align=left,version.version_string:label=Version:align=right,data.size.size(zero="",min=1048576):label=Size:align=right)
2023-03-11 20:05:44,709 DEBUG    root            Chosen display Format:table[box,title="These components will be installed."](details.display_name:label=Name:align=left,version.version_string:label=Version:align=right,data.size.size(zero="",min=1048576):label=Size:align=right)
2023-03-11 20:05:44,714 INFO     ___FILE_ONLY___ ┌─────────────────────────────────────────────────┐
2023-03-11 20:05:44,714 INFO     ___FILE_ONLY___ 

2023-03-11 20:05:44,714 INFO     ___FILE_ONLY___ │       These components will be installed.       │
2023-03-11 20:05:44,714 INFO     ___FILE_ONLY___ 

2023-03-11 20:05:44,714 INFO     ___FILE_ONLY___ ├─────────────────────────┬────────────┬──────────┤
2023-03-11 20:05:44,714 INFO     ___FILE_ONLY___ 

2023-03-11 20:05:44,714 INFO     ___FILE_ONLY___ │           Name          │  Version   │   Size   │
2023-03-11 20:05:44,714 INFO     ___FILE_ONLY___ 

2023-03-11 20:05:44,714 INFO     ___FILE_ONLY___ ├─────────────────────────┼────────────┼──────────┤
2023-03-11 20:05:44,714 INFO     ___FILE_ONLY___ 

2023-03-11 20:05:44,714 INFO     ___FILE_ONLY___ │ 
2023-03-11 20:05:44,714 INFO     ___FILE_ONLY___ Minikube               
2023-03-11 20:05:44,714 INFO     ___FILE_ONLY___  
2023-03-11 20:05:44,714 INFO     ___FILE_ONLY___ │ 
2023-03-11 20:05:44,715 INFO     ___FILE_ONLY___     1.29.0
2023-03-11 20:05:44,715 INFO     ___FILE_ONLY___  
2023-03-11 20:05:44,715 INFO     ___FILE_ONLY___ │ 
2023-03-11 20:05:44,715 INFO     ___FILE_ONLY___ 31.3 MiB
2023-03-11 20:05:44,715 INFO     ___FILE_ONLY___  
2023-03-11 20:05:44,715 INFO     ___FILE_ONLY___ │
2023-03-11 20:05:44,715 INFO     ___FILE_ONLY___ 

2023-03-11 20:05:44,715 INFO     ___FILE_ONLY___ │ 
2023-03-11 20:05:44,715 INFO     ___FILE_ONLY___ Skaffold               
2023-03-11 20:05:44,715 INFO     ___FILE_ONLY___  
2023-03-11 20:05:44,715 INFO     ___FILE_ONLY___ │ 
2023-03-11 20:05:44,715 INFO     ___FILE_ONLY___      2.1.0
2023-03-11 20:05:44,715 INFO     ___FILE_ONLY___  
2023-03-11 20:05:44,715 INFO     ___FILE_ONLY___ │ 
2023-03-11 20:05:44,715 INFO     ___FILE_ONLY___ 20.0 MiB
2023-03-11 20:05:44,715 INFO     ___FILE_ONLY___  
2023-03-11 20:05:44,715 INFO     ___FILE_ONLY___ │
2023-03-11 20:05:44,715 INFO     ___FILE_ONLY___ 

2023-03-11 20:05:44,715 INFO     ___FILE_ONLY___ │ 
2023-03-11 20:05:44,715 INFO     ___FILE_ONLY___ gcloud Alpha Commands  
2023-03-11 20:05:44,715 INFO     ___FILE_ONLY___  
2023-03-11 20:05:44,715 INFO     ___FILE_ONLY___ │ 
2023-03-11 20:05:44,716 INFO     ___FILE_ONLY___ 2023.03.03
2023-03-11 20:05:44,716 INFO     ___FILE_ONLY___  
2023-03-11 20:05:44,716 INFO     ___FILE_ONLY___ │ 
2023-03-11 20:05:44,716 INFO     ___FILE_ONLY___  < 1 MiB
2023-03-11 20:05:44,716 INFO     ___FILE_ONLY___  
2023-03-11 20:05:44,716 INFO     ___FILE_ONLY___ │
2023-03-11 20:05:44,716 INFO     ___FILE_ONLY___ 

2023-03-11 20:05:44,716 INFO     ___FILE_ONLY___ │ 
2023-03-11 20:05:44,716 INFO     ___FILE_ONLY___ gcloud Beta Commands   
2023-03-11 20:05:44,716 INFO     ___FILE_ONLY___  
2023-03-11 20:05:44,716 INFO     ___FILE_ONLY___ │ 
2023-03-11 20:05:44,716 INFO     ___FILE_ONLY___ 2023.03.03
2023-03-11 20:05:44,716 INFO     ___FILE_ONLY___  
2023-03-11 20:05:44,716 INFO     ___FILE_ONLY___ │ 
2023-03-11 20:05:44,716 INFO     ___FILE_ONLY___  < 1 MiB
2023-03-11 20:05:44,716 INFO     ___FILE_ONLY___  
2023-03-11 20:05:44,716 INFO     ___FILE_ONLY___ │
2023-03-11 20:05:44,716 INFO     ___FILE_ONLY___ 

2023-03-11 20:05:44,716 INFO     ___FILE_ONLY___ │ 
2023-03-11 20:05:44,716 INFO     ___FILE_ONLY___ gcloud cli dependencies
2023-03-11 20:05:44,716 INFO     ___FILE_ONLY___  
2023-03-11 20:05:44,716 INFO     ___FILE_ONLY___ │ 
2023-03-11 20:05:44,716 INFO     ___FILE_ONLY___ 2021.04.16
2023-03-11 20:05:44,716 INFO     ___FILE_ONLY___  
2023-03-11 20:05:44,717 INFO     ___FILE_ONLY___ │ 
2023-03-11 20:05:44,717 INFO     ___FILE_ONLY___  < 1 MiB
2023-03-11 20:05:44,717 INFO     ___FILE_ONLY___  
2023-03-11 20:05:44,717 INFO     ___FILE_ONLY___ │
2023-03-11 20:05:44,717 INFO     ___FILE_ONLY___ 

2023-03-11 20:05:44,717 INFO     ___FILE_ONLY___ │ 
2023-03-11 20:05:44,717 INFO     ___FILE_ONLY___ gke-gcloud-auth-plugin 
2023-03-11 20:05:44,717 INFO     ___FILE_ONLY___  
2023-03-11 20:05:44,717 INFO     ___FILE_ONLY___ │ 
2023-03-11 20:05:44,717 INFO     ___FILE_ONLY___      0.5.0
2023-03-11 20:05:44,717 INFO     ___FILE_ONLY___  
2023-03-11 20:05:44,717 INFO     ___FILE_ONLY___ │ 
2023-03-11 20:05:44,717 INFO     ___FILE_ONLY___  7.1 MiB
2023-03-11 20:05:44,717 INFO     ___FILE_ONLY___  
2023-03-11 20:05:44,717 INFO     ___FILE_ONLY___ │
2023-03-11 20:05:44,717 INFO     ___FILE_ONLY___ 

2023-03-11 20:05:44,717 INFO     ___FILE_ONLY___ │ 
2023-03-11 20:05:44,717 INFO     ___FILE_ONLY___ kubectl                
2023-03-11 20:05:44,717 INFO     ___FILE_ONLY___  
2023-03-11 20:05:44,717 INFO     ___FILE_ONLY___ │ 
2023-03-11 20:05:44,717 INFO     ___FILE_ONLY___    1.24.11
2023-03-11 20:05:44,717 INFO     ___FILE_ONLY___  
2023-03-11 20:05:44,717 INFO     ___FILE_ONLY___ │ 
2023-03-11 20:05:44,717 INFO     ___FILE_ONLY___ 92.8 MiB
2023-03-11 20:05:44,717 INFO     ___FILE_ONLY___  
2023-03-11 20:05:44,717 INFO     ___FILE_ONLY___ │
2023-03-11 20:05:44,717 INFO     ___FILE_ONLY___ 

2023-03-11 20:05:44,717 INFO     ___FILE_ONLY___ │ 
2023-03-11 20:05:44,718 INFO     ___FILE_ONLY___ kubectl                
2023-03-11 20:05:44,718 INFO     ___FILE_ONLY___  
2023-03-11 20:05:44,718 INFO     ___FILE_ONLY___ │ 
2023-03-11 20:05:44,718 INFO     ___FILE_ONLY___    1.24.11
2023-03-11 20:05:44,718 INFO     ___FILE_ONLY___  
2023-03-11 20:05:44,718 INFO     ___FILE_ONLY___ │ 
2023-03-11 20:05:44,718 INFO     ___FILE_ONLY___  < 1 MiB
2023-03-11 20:05:44,718 INFO     ___FILE_ONLY___  
2023-03-11 20:05:44,718 INFO     ___FILE_ONLY___ │
2023-03-11 20:05:44,718 INFO     ___FILE_ONLY___ 

2023-03-11 20:05:44,718 INFO     ___FILE_ONLY___ └─────────────────────────┴────────────┴──────────┘
2023-03-11 20:05:44,718 INFO     ___FILE_ONLY___ 

2023-03-11 20:05:44,718 INFO     ___FILE_ONLY___ 

2023-03-11 20:05:44,723 DEBUG    urllib3.connectionpool Starting new HTTPS connection (1): dl.google.com:443
2023-03-11 20:05:44,931 DEBUG    urllib3.connectionpool https://dl.google.com:443 "GET /dl/cloudsdk/channels/rapid/RELEASE_NOTES HTTP/1.1" 200 956633
2023-03-11 20:05:45,166 INFO     ___FILE_ONLY___ For the latest full release notes, please visit:
  https://cloud.google.com/sdk/release_notes


2023-03-11 20:05:45,176 INFO     ___FILE_ONLY___ ╔════════════════════════════════════════════════════════════╗

2023-03-11 20:05:45,176 INFO     ___FILE_ONLY___ ╠═ Creating update staging area                             ═╣

2023-03-11 20:05:45,176 INFO     ___FILE_ONLY___ ╚
2023-03-11 20:05:45,177 INFO     ___FILE_ONLY___ ══════
2023-03-11 20:05:45,177 INFO     ___FILE_ONLY___ ══════
2023-03-11 20:05:45,177 INFO     ___FILE_ONLY___ ══════
2023-03-11 20:05:45,415 INFO     ___FILE_ONLY___ ═
2023-03-11 20:05:45,499 INFO     ___FILE_ONLY___ ═
2023-03-11 20:05:45,662 INFO     ___FILE_ONLY___ ═
2023-03-11 20:05:45,761 INFO     ___FILE_ONLY___ ═
2023-03-11 20:05:45,876 INFO     ___FILE_ONLY___ ═
2023-03-11 20:05:46,025 INFO     ___FILE_ONLY___ ═
2023-03-11 20:05:46,126 INFO     ___FILE_ONLY___ ═
2023-03-11 20:05:46,244 INFO     ___FILE_ONLY___ ═
2023-03-11 20:05:46,340 INFO     ___FILE_ONLY___ ═
2023-03-11 20:05:46,421 INFO     ___FILE_ONLY___ ═
2023-03-11 20:05:46,645 INFO     ___FILE_ONLY___ ═
2023-03-11 20:05:46,733 INFO     ___FILE_ONLY___ ═
2023-03-11 20:05:46,810 INFO     ___FILE_ONLY___ ═
2023-03-11 20:05:46,875 INFO     ___FILE_ONLY___ ═
2023-03-11 20:05:46,944 INFO     ___FILE_ONLY___ ═
2023-03-11 20:05:47,008 INFO     ___FILE_ONLY___ ═
2023-03-11 20:05:47,080 INFO     ___FILE_ONLY___ ═
2023-03-11 20:05:47,154 INFO     ___FILE_ONLY___ ═
2023-03-11 20:05:47,232 INFO     ___FILE_ONLY___ ═
2023-03-11 20:05:47,309 INFO     ___FILE_ONLY___ ═
2023-03-11 20:05:47,374 INFO     ___FILE_ONLY___ ═
2023-03-11 20:05:47,460 INFO     ___FILE_ONLY___ ═
2023-03-11 20:05:47,541 INFO     ___FILE_ONLY___ ═
2023-03-11 20:05:47,629 INFO     ___FILE_ONLY___ ═
2023-03-11 20:05:47,707 INFO     ___FILE_ONLY___ ═
2023-03-11 20:05:47,804 INFO     ___FILE_ONLY___ ═
2023-03-11 20:05:47,934 INFO     ___FILE_ONLY___ ═
2023-03-11 20:05:48,028 INFO     ___FILE_ONLY___ ═
2023-03-11 20:05:48,112 INFO     ___FILE_ONLY___ ═
2023-03-11 20:05:48,206 INFO     ___FILE_ONLY___ ═
2023-03-11 20:05:48,315 INFO     ___FILE_ONLY___ ═
2023-03-11 20:05:48,401 INFO     ___FILE_ONLY___ ═
2023-03-11 20:05:48,485 INFO     ___FILE_ONLY___ ═
2023-03-11 20:05:48,577 INFO     ___FILE_ONLY___ ═
2023-03-11 20:05:48,678 INFO     ___FILE_ONLY___ ═
2023-03-11 20:05:48,821 INFO     ___FILE_ONLY___ ═
2023-03-11 20:05:49,001 INFO     ___FILE_ONLY___ ═
2023-03-11 20:05:49,034 INFO     ___FILE_ONLY___ ═
2023-03-11 20:05:49,070 INFO     ___FILE_ONLY___ ═
2023-03-11 20:05:49,103 INFO     ___FILE_ONLY___ ═
2023-03-11 20:05:49,134 INFO     ___FILE_ONLY___ ═
2023-03-11 20:05:49,202 INFO     ___FILE_ONLY___ ═
2023-03-11 20:05:49,202 INFO     ___FILE_ONLY___ ╝

2023-03-11 20:05:49,584 INFO     ___FILE_ONLY___ ╔════════════════════════════════════════════════════════════╗

2023-03-11 20:05:49,584 INFO     ___FILE_ONLY___ ╠═ Installing: Minikube                                     ═╣

2023-03-11 20:05:49,585 INFO     ___FILE_ONLY___ ╚
2023-03-11 20:05:49,586 INFO     ___FILE_ONLY___ ════════════════════════════════════════════════════════════
2023-03-11 20:05:49,586 INFO     ___FILE_ONLY___ ╝

2023-03-11 20:05:49,589 INFO     ___FILE_ONLY___ ╔════════════════════════════════════════════════════════════╗

2023-03-11 20:05:49,589 INFO     ___FILE_ONLY___ ╠═ Installing: Minikube                                     ═╣

2023-03-11 20:05:49,590 INFO     ___FILE_ONLY___ ╚
2023-03-11 20:05:49,591 DEBUG    urllib3.connectionpool Starting new HTTPS connection (1): dl.google.com:443
2023-03-11 20:05:49,825 DEBUG    urllib3.connectionpool https://dl.google.com:443 "GET /dl/cloudsdk/channels/rapid/components/google-cloud-sdk-minikube-darwin-arm-20230130152419.tar.gz HTTP/1.1" 200 32825665
2023-03-11 20:05:55,351 INFO     ___FILE_ONLY___ ═
2023-03-11 20:05:55,353 INFO     ___FILE_ONLY___ ═
2023-03-11 20:05:55,355 INFO     ___FILE_ONLY___ ═
2023-03-11 20:05:55,357 INFO     ___FILE_ONLY___ ═
2023-03-11 20:05:55,358 INFO     ___FILE_ONLY___ ═
2023-03-11 20:05:55,360 INFO     ___FILE_ONLY___ ═
2023-03-11 20:05:55,361 INFO     ___FILE_ONLY___ ═
2023-03-11 20:05:55,363 INFO     ___FILE_ONLY___ ═
2023-03-11 20:05:55,364 INFO     ___FILE_ONLY___ ═
2023-03-11 20:05:55,365 INFO     ___FILE_ONLY___ ═
2023-03-11 20:05:55,367 INFO     ___FILE_ONLY___ ═
2023-03-11 20:05:55,368 INFO     ___FILE_ONLY___ ═
2023-03-11 20:05:55,369 INFO     ___FILE_ONLY___ ═
2023-03-11 20:05:55,370 INFO     ___FILE_ONLY___ ═
2023-03-11 20:05:55,371 INFO     ___FILE_ONLY___ ═
2023-03-11 20:05:55,373 INFO     ___FILE_ONLY___ ═
2023-03-11 20:05:55,374 INFO     ___FILE_ONLY___ ═
2023-03-11 20:05:55,375 INFO     ___FILE_ONLY___ ═
2023-03-11 20:05:55,376 INFO     ___FILE_ONLY___ ═
2023-03-11 20:05:55,377 INFO     ___FILE_ONLY___ ═
2023-03-11 20:05:55,378 INFO     ___FILE_ONLY___ ═
2023-03-11 20:05:55,379 INFO     ___FILE_ONLY___ ═
2023-03-11 20:05:55,380 INFO     ___FILE_ONLY___ ═
2023-03-11 20:05:55,381 INFO     ___FILE_ONLY___ ═
2023-03-11 20:05:55,382 INFO     ___FILE_ONLY___ ═
2023-03-11 20:05:55,383 INFO     ___FILE_ONLY___ ═
2023-03-11 20:05:55,384 INFO     ___FILE_ONLY___ ═
2023-03-11 20:05:55,385 INFO     ___FILE_ONLY___ ═
2023-03-11 20:05:55,386 INFO     ___FILE_ONLY___ ═
2023-03-11 20:05:55,387 INFO     ___FILE_ONLY___ ═
2023-03-11 20:05:55,879 INFO     ___FILE_ONLY___ ══════════════════════════════
2023-03-11 20:05:55,879 INFO     ___FILE_ONLY___ ╝

2023-03-11 20:05:55,887 INFO     ___FILE_ONLY___ ╔════════════════════════════════════════════════════════════╗

2023-03-11 20:05:55,887 INFO     ___FILE_ONLY___ ╠═ Installing: Skaffold                                     ═╣

2023-03-11 20:05:55,887 INFO     ___FILE_ONLY___ ╚
2023-03-11 20:05:55,889 DEBUG    urllib3.connectionpool Starting new HTTPS connection (1): dl.google.com:443
2023-03-11 20:05:56,155 DEBUG    urllib3.connectionpool https://dl.google.com:443 "GET /dl/cloudsdk/channels/rapid/components/google-cloud-sdk-skaffold-darwin-arm-20230130152419.tar.gz HTTP/1.1" 200 20943763
2023-03-11 20:05:58,543 INFO     ___FILE_ONLY___ ═
2023-03-11 20:05:58,545 INFO     ___FILE_ONLY___ ═
2023-03-11 20:05:58,546 INFO     ___FILE_ONLY___ ═
2023-03-11 20:05:58,548 INFO     ___FILE_ONLY___ ═
2023-03-11 20:05:58,550 INFO     ___FILE_ONLY___ ═
2023-03-11 20:05:58,551 INFO     ___FILE_ONLY___ ═
2023-03-11 20:05:58,552 INFO     ___FILE_ONLY___ ═
2023-03-11 20:05:58,553 INFO     ___FILE_ONLY___ ═
2023-03-11 20:05:58,554 INFO     ___FILE_ONLY___ ═
2023-03-11 20:05:58,555 INFO     ___FILE_ONLY___ ═
2023-03-11 20:05:58,556 INFO     ___FILE_ONLY___ ═
2023-03-11 20:05:58,557 INFO     ___FILE_ONLY___ ═
2023-03-11 20:05:58,559 INFO     ___FILE_ONLY___ ═
2023-03-11 20:05:58,559 INFO     ___FILE_ONLY___ ═
2023-03-11 20:05:58,560 INFO     ___FILE_ONLY___ ═
2023-03-11 20:05:58,561 INFO     ___FILE_ONLY___ ═
2023-03-11 20:05:58,562 INFO     ___FILE_ONLY___ ═
2023-03-11 20:05:58,563 INFO     ___FILE_ONLY___ ═
2023-03-11 20:05:58,564 INFO     ___FILE_ONLY___ ═
2023-03-11 20:05:58,565 INFO     ___FILE_ONLY___ ═
2023-03-11 20:05:58,565 INFO     ___FILE_ONLY___ ═
2023-03-11 20:05:58,566 INFO     ___FILE_ONLY___ ═
2023-03-11 20:05:58,567 INFO     ___FILE_ONLY___ ═
2023-03-11 20:05:58,568 INFO     ___FILE_ONLY___ ═
2023-03-11 20:05:58,569 INFO     ___FILE_ONLY___ ═
2023-03-11 20:05:58,570 INFO     ___FILE_ONLY___ ═
2023-03-11 20:05:58,571 INFO     ___FILE_ONLY___ ═
2023-03-11 20:05:58,571 INFO     ___FILE_ONLY___ ═
2023-03-11 20:05:58,572 INFO     ___FILE_ONLY___ ═
2023-03-11 20:05:58,573 INFO     ___FILE_ONLY___ ═
2023-03-11 20:05:59,044 INFO     ___FILE_ONLY___ ══════════════════════════════
2023-03-11 20:05:59,044 INFO     ___FILE_ONLY___ ╝

2023-03-11 20:05:59,051 INFO     ___FILE_ONLY___ ╔════════════════════════════════════════════════════════════╗

2023-03-11 20:05:59,051 INFO     ___FILE_ONLY___ ╠═ Installing: Skaffold                                     ═╣

2023-03-11 20:05:59,051 INFO     ___FILE_ONLY___ ╚
2023-03-11 20:05:59,053 INFO     ___FILE_ONLY___ ════════════════════════════════════════════════════════════
2023-03-11 20:05:59,053 INFO     ___FILE_ONLY___ ╝

2023-03-11 20:05:59,056 INFO     ___FILE_ONLY___ ╔════════════════════════════════════════════════════════════╗

2023-03-11 20:05:59,056 INFO     ___FILE_ONLY___ ╠═ Installing: gcloud Alpha Commands                        ═╣

2023-03-11 20:05:59,056 INFO     ___FILE_ONLY___ ╚
2023-03-11 20:05:59,058 DEBUG    urllib3.connectionpool Starting new HTTPS connection (1): dl.google.com:443
2023-03-11 20:05:59,248 DEBUG    urllib3.connectionpool https://dl.google.com:443 "GET /dl/cloudsdk/channels/rapid/components/google-cloud-sdk-alpha-20230303155151.tar.gz HTTP/1.1" 200 800
2023-03-11 20:05:59,249 INFO     ___FILE_ONLY___ ══════════════════════════════
2023-03-11 20:05:59,251 INFO     ___FILE_ONLY___ ══════════════════════════════
2023-03-11 20:05:59,251 INFO     ___FILE_ONLY___ ╝

2023-03-11 20:05:59,268 INFO     ___FILE_ONLY___ ╔════════════════════════════════════════════════════════════╗

2023-03-11 20:05:59,268 INFO     ___FILE_ONLY___ ╠═ Installing: gcloud Beta Commands                         ═╣

2023-03-11 20:05:59,268 INFO     ___FILE_ONLY___ ╚
2023-03-11 20:05:59,284 DEBUG    urllib3.connectionpool Starting new HTTPS connection (1): dl.google.com:443
2023-03-11 20:05:59,485 DEBUG    urllib3.connectionpool https://dl.google.com:443 "GET /dl/cloudsdk/channels/rapid/components/google-cloud-sdk-beta-20230303155151.tar.gz HTTP/1.1" 200 797
2023-03-11 20:05:59,488 INFO     ___FILE_ONLY___ ══════════════════════════════
2023-03-11 20:05:59,491 INFO     ___FILE_ONLY___ ══════════════════════════════
2023-03-11 20:05:59,491 INFO     ___FILE_ONLY___ ╝

2023-03-11 20:05:59,533 INFO     ___FILE_ONLY___ ╔════════════════════════════════════════════════════════════╗

2023-03-11 20:05:59,533 INFO     ___FILE_ONLY___ ╠═ Installing: gcloud cli dependencies                      ═╣

2023-03-11 20:05:59,533 INFO     ___FILE_ONLY___ ╚
2023-03-11 20:05:59,537 DEBUG    urllib3.connectionpool Starting new HTTPS connection (1): dl.google.com:443
2023-03-11 20:05:59,744 DEBUG    urllib3.connectionpool https://dl.google.com:443 "GET /dl/cloudsdk/channels/rapid/components/google-cloud-sdk-gcloud-deps-darwin-x86_64-20210416153011.tar.gz HTTP/1.1" 200 105
2023-03-11 20:05:59,746 INFO     ___FILE_ONLY___ ══════════════════════════════
2023-03-11 20:05:59,748 INFO     ___FILE_ONLY___ ══════════════════════════════
2023-03-11 20:05:59,748 INFO     ___FILE_ONLY___ ╝

2023-03-11 20:05:59,779 INFO     ___FILE_ONLY___ ╔════════════════════════════════════════════════════════════╗

2023-03-11 20:05:59,779 INFO     ___FILE_ONLY___ ╠═ Installing: gke-gcloud-auth-plugin                       ═╣

2023-03-11 20:05:59,780 INFO     ___FILE_ONLY___ ╚
2023-03-11 20:05:59,784 DEBUG    urllib3.connectionpool Starting new HTTPS connection (1): dl.google.com:443
2023-03-11 20:06:00,043 DEBUG    urllib3.connectionpool https://dl.google.com:443 "GET /dl/cloudsdk/channels/rapid/components/google-cloud-sdk-gke-gcloud-auth-plugin-darwin-arm-20230303155151.tar.gz HTTP/1.1" 200 7495694
2023-03-11 20:06:00,826 INFO     ___FILE_ONLY___ ═
2023-03-11 20:06:00,827 INFO     ___FILE_ONLY___ ═
2023-03-11 20:06:00,827 INFO     ___FILE_ONLY___ ═
2023-03-11 20:06:00,828 INFO     ___FILE_ONLY___ ═
2023-03-11 20:06:00,828 INFO     ___FILE_ONLY___ ═
2023-03-11 20:06:00,829 INFO     ___FILE_ONLY___ ═
2023-03-11 20:06:00,829 INFO     ___FILE_ONLY___ ═
2023-03-11 20:06:00,830 INFO     ___FILE_ONLY___ ═
2023-03-11 20:06:00,830 INFO     ___FILE_ONLY___ ═
2023-03-11 20:06:00,831 INFO     ___FILE_ONLY___ ═
2023-03-11 20:06:00,832 INFO     ___FILE_ONLY___ ═
2023-03-11 20:06:00,832 INFO     ___FILE_ONLY___ ═
2023-03-11 20:06:00,833 INFO     ___FILE_ONLY___ ═
2023-03-11 20:06:00,833 INFO     ___FILE_ONLY___ ═
2023-03-11 20:06:00,834 INFO     ___FILE_ONLY___ ═
2023-03-11 20:06:00,834 INFO     ___FILE_ONLY___ ═
2023-03-11 20:06:00,835 INFO     ___FILE_ONLY___ ═
2023-03-11 20:06:00,836 INFO     ___FILE_ONLY___ ═
2023-03-11 20:06:00,836 INFO     ___FILE_ONLY___ ═
2023-03-11 20:06:00,836 INFO     ___FILE_ONLY___ ═
2023-03-11 20:06:00,837 INFO     ___FILE_ONLY___ ═
2023-03-11 20:06:00,837 INFO     ___FILE_ONLY___ ═
2023-03-11 20:06:00,838 INFO     ___FILE_ONLY___ ═
2023-03-11 20:06:00,838 INFO     ___FILE_ONLY___ ═
2023-03-11 20:06:00,839 INFO     ___FILE_ONLY___ ═
2023-03-11 20:06:00,840 INFO     ___FILE_ONLY___ ═
2023-03-11 20:06:00,840 INFO     ___FILE_ONLY___ ═
2023-03-11 20:06:00,841 INFO     ___FILE_ONLY___ ═
2023-03-11 20:06:00,841 INFO     ___FILE_ONLY___ ═
2023-03-11 20:06:00,842 INFO     ___FILE_ONLY___ ═
2023-03-11 20:06:00,973 INFO     ___FILE_ONLY___ ══════════════════════════════
2023-03-11 20:06:00,973 INFO     ___FILE_ONLY___ ╝

2023-03-11 20:06:00,979 INFO     ___FILE_ONLY___ ╔════════════════════════════════════════════════════════════╗

2023-03-11 20:06:00,980 INFO     ___FILE_ONLY___ ╠═ Installing: gke-gcloud-auth-plugin                       ═╣

2023-03-11 20:06:00,980 INFO     ___FILE_ONLY___ ╚
2023-03-11 20:06:00,981 INFO     ___FILE_ONLY___ ════════════════════════════════════════════════════════════
2023-03-11 20:06:00,981 INFO     ___FILE_ONLY___ ╝

2023-03-11 20:06:00,985 INFO     ___FILE_ONLY___ ╔════════════════════════════════════════════════════════════╗

2023-03-11 20:06:00,985 INFO     ___FILE_ONLY___ ╠═ Installing: kubectl                                      ═╣

2023-03-11 20:06:00,985 INFO     ___FILE_ONLY___ ╚
2023-03-11 20:06:00,987 DEBUG    urllib3.connectionpool Starting new HTTPS connection (1): dl.google.com:443
2023-03-11 20:06:01,488 DEBUG    urllib3.connectionpool https://dl.google.com:443 "GET /dl/cloudsdk/channels/rapid/components/google-cloud-sdk-kubectl-darwin-arm-20230303155151.tar.gz HTTP/1.1" 200 97309494
2023-03-11 20:06:17,417 INFO     ___FILE_ONLY___ ═
2023-03-11 20:06:17,420 INFO     ___FILE_ONLY___ ═
2023-03-11 20:06:17,424 INFO     ___FILE_ONLY___ ═
2023-03-11 20:06:17,426 INFO     ___FILE_ONLY___ ═
2023-03-11 20:06:17,429 INFO     ___FILE_ONLY___ ═
2023-03-11 20:06:17,432 INFO     ___FILE_ONLY___ ═
2023-03-11 20:06:17,434 INFO     ___FILE_ONLY___ ═
2023-03-11 20:06:17,437 INFO     ___FILE_ONLY___ ═
2023-03-11 20:06:17,439 INFO     ___FILE_ONLY___ ═
2023-03-11 20:06:17,440 INFO     ___FILE_ONLY___ ═
2023-03-11 20:06:17,442 INFO     ___FILE_ONLY___ ═
2023-03-11 20:06:17,444 INFO     ___FILE_ONLY___ ═
2023-03-11 20:06:17,446 INFO     ___FILE_ONLY___ ═
2023-03-11 20:06:17,448 INFO     ___FILE_ONLY___ ═
2023-03-11 20:06:17,450 INFO     ___FILE_ONLY___ ═
2023-03-11 20:06:17,451 INFO     ___FILE_ONLY___ ═
2023-03-11 20:06:17,453 INFO     ___FILE_ONLY___ ═
2023-03-11 20:06:17,454 INFO     ___FILE_ONLY___ ═
2023-03-11 20:06:17,459 INFO     ___FILE_ONLY___ ═
2023-03-11 20:06:17,460 INFO     ___FILE_ONLY___ ═
2023-03-11 20:06:17,462 INFO     ___FILE_ONLY___ ═
2023-03-11 20:06:17,464 INFO     ___FILE_ONLY___ ═
2023-03-11 20:06:17,465 INFO     ___FILE_ONLY___ ═
2023-03-11 20:06:17,467 INFO     ___FILE_ONLY___ ═
2023-03-11 20:06:17,469 INFO     ___FILE_ONLY___ ═
2023-03-11 20:06:17,471 INFO     ___FILE_ONLY___ ═
2023-03-11 20:06:17,472 INFO     ___FILE_ONLY___ ═
2023-03-11 20:06:17,473 INFO     ___FILE_ONLY___ ═
2023-03-11 20:06:17,475 INFO     ___FILE_ONLY___ ═
2023-03-11 20:06:17,476 INFO     ___FILE_ONLY___ ═
2023-03-11 20:06:18,610 INFO     ___FILE_ONLY___ ════
2023-03-11 20:06:18,777 INFO     ___FILE_ONLY___ ════
2023-03-11 20:06:18,945 INFO     ___FILE_ONLY___ ════
2023-03-11 20:06:19,116 INFO     ___FILE_ONLY___ ═════
2023-03-11 20:06:19,288 INFO     ___FILE_ONLY___ ════
2023-03-11 20:06:19,457 INFO     ___FILE_ONLY___ ════
2023-03-11 20:06:19,634 INFO     ___FILE_ONLY___ ═════
2023-03-11 20:06:19,634 INFO     ___FILE_ONLY___ ╝

2023-03-11 20:06:19,644 INFO     ___FILE_ONLY___ ╔════════════════════════════════════════════════════════════╗

2023-03-11 20:06:19,644 INFO     ___FILE_ONLY___ ╠═ Installing: kubectl                                      ═╣

2023-03-11 20:06:19,644 INFO     ___FILE_ONLY___ ╚
2023-03-11 20:06:19,646 DEBUG    urllib3.connectionpool Starting new HTTPS connection (1): dl.google.com:443
2023-03-11 20:06:19,841 DEBUG    urllib3.connectionpool https://dl.google.com:443 "GET /dl/cloudsdk/channels/rapid/components/google-cloud-sdk-kubectl-20230303155151.tar.gz HTTP/1.1" 200 35450
2023-03-11 20:06:19,860 INFO     ___FILE_ONLY___ ═════════════
2023-03-11 20:06:19,860 INFO     ___FILE_ONLY___ ══════════════
2023-03-11 20:06:19,860 INFO     ___FILE_ONLY___ ═══
2023-03-11 20:06:19,866 INFO     ___FILE_ONLY___ ══════════════════════════════
2023-03-11 20:06:19,867 INFO     ___FILE_ONLY___ ╝

2023-03-11 20:06:19,885 INFO     ___FILE_ONLY___ ╔════════════════════════════════════════════════════════════╗

2023-03-11 20:06:19,885 INFO     ___FILE_ONLY___ ╠═ Creating backup and activating new installation          ═╣

2023-03-11 20:06:19,885 INFO     ___FILE_ONLY___ ╚
2023-03-11 20:06:19,886 DEBUG    root            Attempting to move directory [/Users/auxia/Library/Application Support/cloud-code/installer/google-cloud-sdk] to [/Users/auxia/Library/Application Support/cloud-code/installer/google-cloud-sdk.staging/.install/.backup]
2023-03-11 20:06:19,886 INFO     ___FILE_ONLY___ ══════════════════════════════
2023-03-11 20:06:19,886 DEBUG    root            Attempting to move directory [/Users/auxia/Library/Application Support/cloud-code/installer/google-cloud-sdk.staging] to [/Users/auxia/Library/Application Support/cloud-code/installer/google-cloud-sdk]
2023-03-11 20:06:19,886 INFO     ___FILE_ONLY___ ══════════════════════════════
2023-03-11 20:06:19,886 INFO     ___FILE_ONLY___ ╝

2023-03-11 20:06:19,891 DEBUG    root            Updating notification cache...
2023-03-11 20:06:19,892 INFO     ___FILE_ONLY___ 

2023-03-11 20:06:19,899 INFO     ___FILE_ONLY___ Performing post processing steps...
2023-03-11 20:06:19,900 DEBUG    root            Executing command: ['/Users/auxia/miniconda3/bin/python3', '-S', '/Users/auxia/Library/Application Support/cloud-code/installer/google-cloud-sdk/lib/gcloud.py', 'components', 'post-process']
2023-03-11 20:06:30,387 DEBUG    ___FILE_ONLY___ 
2023-03-11 20:06:30,387 DEBUG    ___FILE_ONLY___ 
2023-03-11 20:06:30,589 INFO     ___FILE_ONLY___ 
Update done!


2023-03-11 20:06:30,610 WARNING  root              There are other instances of Google Cloud tools on your system PATH.
  Please remove the following to avoid confusion or accidental invocation:

  /Applications/Docker.app/Contents/Resources/bin/kubectl

  
2023-03-11 20:06:30,619 DEBUG    root            Chosen display Format:none
2023-03-11 20:06:30,619 INFO     root            Display format: "none"
