2023-02-19 04:09:03,341 DEBUG    root            Loaded Command Group: ['gcloud', 'meta']
2023-02-19 04:09:03,345 DEBUG    root            Loaded Command Group: ['gcloud', 'meta', 'list_commands']
2023-02-19 04:09:03,346 DEBUG    root            Running [gcloud.meta.list-commands] with arguments: []
2023-02-19 04:09:03,349 DEBUG    root            Loaded Command Group: ['gcloud', 'container', 'operations']
2023-02-19 04:09:03,350 DEBUG    root            Loaded Command Group: ['gcloud', 'container', 'operations', 'cancel']
2023-02-19 04:09:03,351 DEBUG    root            Loaded Command Group: ['gcloud', 'container', 'operations', 'list']
2023-02-19 04:09:03,352 DEBUG    root            Loaded Command Group: ['gcloud', 'container', 'operations', 'describe']
2023-02-19 04:09:03,353 DEBUG    root            Loaded Command Group: ['gcloud', 'container', 'operations', 'wait']
2023-02-19 04:09:03,353 DEBUG    root            Loaded Command Group: ['gcloud', 'container', 'hub']
2023-02-19 04:09:03,357 DEBUG    root            Loaded Command Group: ['gcloud', 'container', 'hub', 'identity_service']
2023-02-19 04:09:03,366 DEBUG    root            Loaded Command Group: ['gcloud', 'container', 'hub', 'identity-service', 'enable']
2023-02-19 04:09:03,367 DEBUG    root            Loaded Command Group: ['gcloud', 'container', 'hub', 'identity-service', 'apply']
2023-02-19 04:09:03,370 DEBUG    root            Loaded Command Group: ['gcloud', 'container', 'hub', 'identity-service', 'describe']
2023-02-19 04:09:03,371 DEBUG    root            Loaded Command Group: ['gcloud', 'container', 'hub', 'identity-service', 'delete']
2023-02-19 04:09:03,372 DEBUG    root            Loaded Command Group: ['gcloud', 'container', 'hub', 'identity-service', 'disable']
2023-02-19 04:09:03,373 DEBUG    root            No implementation for release track [GA] for element: [/Users/auxia/Library/Application Support/cloud-code/installer/google-cloud-sdk/lib/surface/container/fleet/build]
2023-02-19 04:09:03,373 DEBUG    root            Loaded Command Group: ['gcloud', 'container', 'hub', 'scopes']
2023-02-19 04:09:03,394 DEBUG    root            Loaded Command Group: ['gcloud', 'container', 'hub', 'scopes', 'create']
2023-02-19 04:09:03,401 DEBUG    root            Loaded Command Group: ['gcloud', 'container', 'hub', 'scopes', 'list']
2023-02-19 04:09:03,407 DEBUG    root            Loaded Command Group: ['gcloud', 'container', 'hub', 'scopes', 'describe']
2023-02-19 04:09:03,412 DEBUG    root            Loaded Command Group: ['gcloud', 'container', 'hub', 'scopes', 'delete']
2023-02-19 04:09:03,418 DEBUG    root            No implementation for release track [GA] for element: [/Users/auxia/Library/Application Support/cloud-code/installer/google-cloud-sdk/lib/surface/container/fleet/scopes/update.yaml]
2023-02-19 04:09:03,419 DEBUG    root            Loaded Command Group: ['gcloud', 'container', 'hub', 'ingress']
2023-02-19 04:09:03,420 DEBUG    root            Loaded Command Group: ['gcloud', 'container', 'hub', 'ingress', 'disable']
2023-02-19 04:09:03,421 DEBUG    root            Loaded Command Group: ['gcloud', 'container', 'hub', 'ingress', 'update']
2023-02-19 04:09:03,422 DEBUG    root            Loaded Command Group: ['gcloud', 'container', 'hub', 'ingress', 'describe']
2023-02-19 04:09:03,423 DEBUG    root            Loaded Command Group: ['gcloud', 'container', 'hub', 'ingress', 'enable']
2023-02-19 04:09:03,424 DEBUG    root            Loaded Command Group: ['gcloud', 'container', 'hub', 'memberships']
2023-02-19 04:09:03,426 DEBUG    root            Loaded Command Group: ['gcloud', 'container', 'hub', 'memberships', 'get_credentials']
2023-02-19 04:09:03,433 DEBUG    root            Loaded Command Group: ['gcloud', 'container', 'hub', 'memberships', 'create']
2023-02-19 04:09:03,434 DEBUG    root            Loaded Command Group: ['gcloud', 'container', 'hub', 'memberships', 'bindings']
2023-02-19 04:09:03,435 DEBUG    root            Loaded Command Group: ['gcloud', 'container', 'hub', 'memberships', 'bindings', 'create']
2023-02-19 04:09:03,438 DEBUG    root            Loaded Command Group: ['gcloud', 'container', 'hub', 'memberships', 'bindings', 'list']
2023-02-19 04:09:03,438 DEBUG    root            Loaded Command Group: ['gcloud', 'container', 'hub', 'memberships', 'bindings', 'describe']
2023-02-19 04:09:03,440 DEBUG    root            Loaded Command Group: ['gcloud', 'container', 'hub', 'memberships', 'bindings', 'delete']
2023-02-19 04:09:03,441 DEBUG    root            Loaded Command Group: ['gcloud', 'container', 'hub', 'memberships', 'bindings', 'update']
2023-02-19 04:09:03,630 DEBUG    root            Loaded Command Group: ['gcloud', 'container', 'hub', 'memberships', 'generate_gateway_rbac']
2023-02-19 04:09:03,633 DEBUG    root            Loaded Command Group: ['gcloud', 'container', 'hub', 'memberships', 'register']
2023-02-19 04:09:03,638 DEBUG    root            Loaded Command Group: ['gcloud', 'container', 'hub', 'memberships', 'list']
2023-02-19 04:09:03,642 DEBUG    root            Loaded Command Group: ['gcloud', 'container', 'hub', 'memberships', 'describe']
2023-02-19 04:09:03,646 DEBUG    root            Loaded Command Group: ['gcloud', 'container', 'hub', 'memberships', 'delete']
2023-02-19 04:09:03,653 DEBUG    root            Loaded Command Group: ['gcloud', 'container', 'hub', 'memberships', 'update']
2023-02-19 04:09:03,655 DEBUG    root            Loaded Command Group: ['gcloud', 'container', 'hub', 'memberships', 'unregister']
2023-02-19 04:09:03,657 DEBUG    root            No implementation for release track [GA] for element: [/Users/auxia/Library/Application Support/cloud-code/installer/google-cloud-sdk/lib/surface/container/fleet/workload_migration]
2023-02-19 04:09:03,658 DEBUG    root            No implementation for release track [GA] for element: [/Users/auxia/Library/Application Support/cloud-code/installer/google-cloud-sdk/lib/surface/container/fleet/create]
2023-02-19 04:09:03,658 DEBUG    root            No implementation for release track [GA] for element: [/Users/auxia/Library/Application Support/cloud-code/installer/google-cloud-sdk/lib/surface/container/fleet/namespaces]
2023-02-19 04:09:03,658 DEBUG    root            No implementation for release track [GA] for element: [/Users/auxia/Library/Application Support/cloud-code/installer/google-cloud-sdk/lib/surface/container/fleet/deploy]
2023-02-19 04:09:03,658 DEBUG    root            No implementation for release track [GA] for element: [/Users/auxia/Library/Application Support/cloud-code/installer/google-cloud-sdk/lib/surface/container/fleet/service_directory]
2023-02-19 04:09:03,659 DEBUG    root            No implementation for release track [GA] for element: [/Users/auxia/Library/Application Support/cloud-code/installer/google-cloud-sdk/lib/surface/container/fleet/list]
2023-02-19 04:09:03,659 DEBUG    root            No implementation for release track [GA] for element: [/Users/auxia/Library/Application Support/cloud-code/installer/google-cloud-sdk/lib/surface/container/fleet/policycontroller]
2023-02-19 04:09:03,659 DEBUG    root            Loaded Command Group: ['gcloud', 'container', 'hub', 'multi_cluster_services']
2023-02-19 04:09:03,660 DEBUG    root            Loaded Command Group: ['gcloud', 'container', 'hub', 'multi-cluster-services', 'disable']
2023-02-19 04:09:03,661 DEBUG    root            Loaded Command Group: ['gcloud', 'container', 'hub', 'multi-cluster-services', 'describe']
2023-02-19 04:09:03,661 DEBUG    root            Loaded Command Group: ['gcloud', 'container', 'hub', 'multi-cluster-services', 'enable']
2023-02-19 04:09:03,662 DEBUG    root            Loaded Command Group: ['gcloud', 'container', 'hub', 'features']
2023-02-19 04:09:03,662 DEBUG    root            Loaded Command Group: ['gcloud', 'container', 'hub', 'features', 'disable']
2023-02-19 04:09:03,666 DEBUG    root            Loaded Command Group: ['gcloud', 'container', 'hub', 'features', 'list']
2023-02-19 04:09:03,667 DEBUG    root            Loaded Command Group: ['gcloud', 'container', 'hub', 'features', 'describe']
2023-02-19 04:09:03,667 DEBUG    root            Loaded Command Group: ['gcloud', 'container', 'hub', 'features', 'enable']
2023-02-19 04:09:03,668 DEBUG    root            No implementation for release track [GA] for element: [/Users/auxia/Library/Application Support/cloud-code/installer/google-cloud-sdk/lib/surface/container/fleet/anthosobservability]
2023-02-19 04:09:03,668 DEBUG    root            Loaded Command Group: ['gcloud', 'container', 'hub', 'cloudrun']
2023-02-19 04:09:03,668 DEBUG    root            Loaded Command Group: ['gcloud', 'container', 'hub', 'cloudrun', 'describe']
2023-02-19 04:09:03,669 DEBUG    root            Loaded Command Group: ['gcloud', 'container', 'hub', 'cloudrun', 'disable']
2023-02-19 04:09:03,670 DEBUG    root            Loaded Command Group: ['gcloud', 'container', 'hub', 'cloudrun', 'apply']
2023-02-19 04:09:03,670 DEBUG    root            Loaded Command Group: ['gcloud', 'container', 'hub', 'cloudrun', 'enable']
2023-02-19 04:09:03,671 DEBUG    root            Loaded Command Group: ['gcloud', 'container', 'hub', 'mesh']
2023-02-19 04:09:03,671 DEBUG    root            Loaded Command Group: ['gcloud', 'container', 'hub', 'mesh', 'disable']
2023-02-19 04:09:03,672 DEBUG    root            Loaded Command Group: ['gcloud', 'container', 'hub', 'mesh', 'update']
2023-02-19 04:09:03,674 DEBUG    root            Loaded Command Group: ['gcloud', 'container', 'hub', 'mesh', 'describe']
2023-02-19 04:09:03,674 DEBUG    root            Loaded Command Group: ['gcloud', 'container', 'hub', 'mesh', 'enable']
2023-02-19 04:09:03,677 DEBUG    root            No implementation for release track [GA] for element: [/Users/auxia/Library/Application Support/cloud-code/installer/google-cloud-sdk/lib/surface/container/fleet/init.yaml]
2023-02-19 04:09:03,677 DEBUG    root            No implementation for release track [GA] for element: [/Users/auxia/Library/Application Support/cloud-code/installer/google-cloud-sdk/lib/surface/container/fleet/describe]
2023-02-19 04:09:03,677 DEBUG    root            No implementation for release track [GA] for element: [/Users/auxia/Library/Application Support/cloud-code/installer/google-cloud-sdk/lib/surface/container/fleet/delete]
2023-02-19 04:09:03,678 DEBUG    root            No implementation for release track [GA] for element: [/Users/auxia/Library/Application Support/cloud-code/installer/google-cloud-sdk/lib/surface/container/fleet/update]
2023-02-19 04:09:03,678 DEBUG    root            No implementation for release track [GA] for element: [/Users/auxia/Library/Application Support/cloud-code/installer/google-cloud-sdk/lib/surface/container/fleet/config_management]
2023-02-19 04:09:03,678 DEBUG    root            No implementation for release track [GA] for element: [/Users/auxia/Library/Application Support/cloud-code/installer/google-cloud-sdk/lib/surface/container/gke_fleet]
2023-02-19 04:09:03,679 DEBUG    root            Loaded Command Group: ['gcloud', 'container', 'images']
2023-02-19 04:09:03,691 DEBUG    root            Loaded Command Group: ['gcloud', 'container', 'images', 'list']
2023-02-19 04:09:03,693 DEBUG    root            Loaded Command Group: ['gcloud', 'container', 'images', 'describe']
2023-02-19 04:09:03,693 DEBUG    root            Loaded Command Group: ['gcloud', 'container', 'images', 'delete']
2023-02-19 04:09:03,694 DEBUG    root            Loaded Command Group: ['gcloud', 'container', 'images', 'untag']
2023-02-19 04:09:03,695 DEBUG    root            Loaded Command Group: ['gcloud', 'container', 'images', 'add_tag']
2023-02-19 04:09:03,696 DEBUG    root            Loaded Command Group: ['gcloud', 'container', 'images', 'list_tags']
2023-02-19 04:09:03,696 DEBUG    root            Loaded Command Group: ['gcloud', 'container', 'subnets']
2023-02-19 04:09:03,697 DEBUG    root            Loaded Command Group: ['gcloud', 'container', 'subnets', 'list_usable']
2023-02-19 04:09:03,698 DEBUG    root            Loaded Command Group: ['gcloud', 'container', 'aws']
2023-02-19 04:09:03,699 DEBUG    root            Loaded Command Group: ['gcloud', 'container', 'aws', 'clusters']
2023-02-19 04:09:03,708 DEBUG    root            Loaded Command Group: ['gcloud', 'container', 'aws', 'clusters', 'get_credentials']
2023-02-19 04:09:03,711 DEBUG    root            Loaded Command Group: ['gcloud', 'container', 'aws', 'clusters', 'create']
2023-02-19 04:09:03,713 DEBUG    root            Loaded Command Group: ['gcloud', 'container', 'aws', 'clusters', 'list']
2023-02-19 04:09:03,714 DEBUG    root            Loaded Command Group: ['gcloud', 'container', 'aws', 'clusters', 'describe']
2023-02-19 04:09:03,716 DEBUG    root            Loaded Command Group: ['gcloud', 'container', 'aws', 'clusters', 'delete']
2023-02-19 04:09:03,717 DEBUG    root            Loaded Command Group: ['gcloud', 'container', 'aws', 'clusters', 'update']
2023-02-19 04:09:03,719 DEBUG    root            Loaded Command Group: ['gcloud', 'container', 'aws', 'clusters', 'print_access_token']
2023-02-19 04:09:03,721 DEBUG    root            Loaded Command Group: ['gcloud', 'container', 'aws', 'get_server_config']
2023-02-19 04:09:03,722 DEBUG    root            Loaded Command Group: ['gcloud', 'container', 'aws', 'node_pools']
2023-02-19 04:09:03,723 DEBUG    root            Loaded Command Group: ['gcloud', 'container', 'aws', 'node-pools', 'create']
2023-02-19 04:09:03,725 DEBUG    root            Loaded Command Group: ['gcloud', 'container', 'aws', 'node-pools', 'list']
2023-02-19 04:09:03,727 DEBUG    root            Loaded Command Group: ['gcloud', 'container', 'aws', 'node-pools', 'describe']
2023-02-19 04:09:03,728 DEBUG    root            Loaded Command Group: ['gcloud', 'container', 'aws', 'node-pools', 'delete']
2023-02-19 04:09:03,730 DEBUG    root            Loaded Command Group: ['gcloud', 'container', 'aws', 'node-pools', 'update']
2023-02-19 04:09:03,732 DEBUG    root            Loaded Command Group: ['gcloud', 'container', 'aws', 'operations']
2023-02-19 04:09:03,733 DEBUG    root            Loaded Command Group: ['gcloud', 'container', 'aws', 'operations', 'cancel']
2023-02-19 04:09:03,734 DEBUG    root            Loaded Command Group: ['gcloud', 'container', 'aws', 'operations', 'list']
2023-02-19 04:09:03,735 DEBUG    root            Loaded Command Group: ['gcloud', 'container', 'aws', 'operations', 'describe']
2023-02-19 04:09:03,736 DEBUG    root            Loaded Command Group: ['gcloud', 'container', 'aws', 'operations', 'wait']
2023-02-19 04:09:03,738 DEBUG    root            Loaded Command Group: ['gcloud', 'container', 'attached']
2023-02-19 04:09:03,738 DEBUG    root            Loaded Command Group: ['gcloud', 'container', 'attached', 'clusters']
2023-02-19 04:09:03,740 DEBUG    root            Loaded Command Group: ['gcloud', 'container', 'attached', 'clusters', 'get_credentials']
2023-02-19 04:09:03,741 DEBUG    root            No implementation for release track [GA] for element: [/Users/auxia/Library/Application Support/cloud-code/installer/google-cloud-sdk/lib/surface/container/attached/clusters/create]
2023-02-19 04:09:03,742 DEBUG    root            Loaded Command Group: ['gcloud', 'container', 'attached', 'clusters', 'generate_install_manifest']
2023-02-19 04:09:03,744 DEBUG    root            Loaded Command Group: ['gcloud', 'container', 'attached', 'clusters', 'register']
2023-02-19 04:09:03,746 DEBUG    root            Loaded Command Group: ['gcloud', 'container', 'attached', 'clusters', 'list']
2023-02-19 04:09:03,747 DEBUG    root            Loaded Command Group: ['gcloud', 'container', 'attached', 'clusters', 'describe']
2023-02-19 04:09:03,748 DEBUG    root            Loaded Command Group: ['gcloud', 'container', 'attached', 'clusters', 'delete']
2023-02-19 04:09:03,749 DEBUG    root            Loaded Command Group: ['gcloud', 'container', 'attached', 'clusters', 'update']
2023-02-19 04:09:03,750 DEBUG    root            Loaded Command Group: ['gcloud', 'container', 'attached', 'clusters', 'import']
2023-02-19 04:09:03,752 DEBUG    root            Loaded Command Group: ['gcloud', 'container', 'attached', 'get_server_config']
2023-02-19 04:09:03,753 DEBUG    root            Loaded Command Group: ['gcloud', 'container', 'attached', 'operations']
2023-02-19 04:09:03,754 DEBUG    root            Loaded Command Group: ['gcloud', 'container', 'attached', 'operations', 'wait']
2023-02-19 04:09:03,755 DEBUG    root            Loaded Command Group: ['gcloud', 'container', 'attached', 'operations', 'list']
2023-02-19 04:09:03,756 DEBUG    root            Loaded Command Group: ['gcloud', 'container', 'attached', 'operations', 'describe']
2023-02-19 04:09:03,757 DEBUG    root            Loaded Command Group: ['gcloud', 'container', 'azure']
2023-02-19 04:09:03,757 DEBUG    root            Loaded Command Group: ['gcloud', 'container', 'azure', 'clusters']
2023-02-19 04:09:03,761 DEBUG    root            Loaded Command Group: ['gcloud', 'container', 'azure', 'clusters', 'get_credentials']
2023-02-19 04:09:03,762 DEBUG    root            Loaded Command Group: ['gcloud', 'container', 'azure', 'clusters', 'create']
2023-02-19 04:09:03,765 DEBUG    root            Loaded Command Group: ['gcloud', 'container', 'azure', 'clusters', 'list']
2023-02-19 04:09:03,766 DEBUG    root            Loaded Command Group: ['gcloud', 'container', 'azure', 'clusters', 'describe']
2023-02-19 04:09:03,767 DEBUG    root            Loaded Command Group: ['gcloud', 'container', 'azure', 'clusters', 'delete']
2023-02-19 04:09:03,768 DEBUG    root            Loaded Command Group: ['gcloud', 'container', 'azure', 'clusters', 'update']
2023-02-19 04:09:03,770 DEBUG    root            Loaded Command Group: ['gcloud', 'container', 'azure', 'clusters', 'print_access_token']
2023-02-19 04:09:03,771 DEBUG    root            Loaded Command Group: ['gcloud', 'container', 'azure', 'operations']
2023-02-19 04:09:03,772 DEBUG    root            Loaded Command Group: ['gcloud', 'container', 'azure', 'operations', 'cancel']
2023-02-19 04:09:03,773 DEBUG    root            Loaded Command Group: ['gcloud', 'container', 'azure', 'operations', 'list']
2023-02-19 04:09:03,774 DEBUG    root            Loaded Command Group: ['gcloud', 'container', 'azure', 'operations', 'describe']
2023-02-19 04:09:03,775 DEBUG    root            Loaded Command Group: ['gcloud', 'container', 'azure', 'operations', 'wait']
2023-02-19 04:09:03,776 DEBUG    root            Loaded Command Group: ['gcloud', 'container', 'azure', 'get_server_config']
2023-02-19 04:09:03,777 DEBUG    root            Loaded Command Group: ['gcloud', 'container', 'azure', 'node_pools']
2023-02-19 04:09:03,778 DEBUG    root            Loaded Command Group: ['gcloud', 'container', 'azure', 'node-pools', 'create']
2023-02-19 04:09:03,780 DEBUG    root            Loaded Command Group: ['gcloud', 'container', 'azure', 'node-pools', 'list']
2023-02-19 04:09:03,804 DEBUG    root            Loaded Command Group: ['gcloud', 'container', 'azure', 'node-pools', 'describe']
2023-02-19 04:09:03,806 DEBUG    root            Loaded Command Group: ['gcloud', 'container', 'azure', 'node-pools', 'delete']
2023-02-19 04:09:03,807 DEBUG    root            Loaded Command Group: ['gcloud', 'container', 'azure', 'node-pools', 'update']
2023-02-19 04:09:03,809 DEBUG    root            Loaded Command Group: ['gcloud', 'container', 'azure', 'clients']
2023-02-19 04:09:03,810 DEBUG    root            Loaded Command Group: ['gcloud', 'container', 'azure', 'clients', 'get_public_cert']
2023-02-19 04:09:03,811 DEBUG    root            Loaded Command Group: ['gcloud', 'container', 'azure', 'clients', 'create']
2023-02-19 04:09:03,812 DEBUG    root            Loaded Command Group: ['gcloud', 'container', 'azure', 'clients', 'list']
2023-02-19 04:09:03,813 DEBUG    root            Loaded Command Group: ['gcloud', 'container', 'azure', 'clients', 'describe']
2023-02-19 04:09:03,814 DEBUG    root            Loaded Command Group: ['gcloud', 'container', 'azure', 'clients', 'delete']
2023-02-19 04:09:03,815 DEBUG    root            Loaded Command Group: ['gcloud', 'container', 'fleet']
2023-02-19 04:09:03,816 DEBUG    root            Loaded Command Group: ['gcloud', 'container', 'fleet', 'identity_service']
2023-02-19 04:09:03,816 DEBUG    root            Loaded Command Group: ['gcloud', 'container', 'fleet', 'identity-service', 'enable']
2023-02-19 04:09:03,817 DEBUG    root            Loaded Command Group: ['gcloud', 'container', 'fleet', 'identity-service', 'apply']
2023-02-19 04:09:03,818 DEBUG    root            Loaded Command Group: ['gcloud', 'container', 'fleet', 'identity-service', 'describe']
2023-02-19 04:09:03,818 DEBUG    root            Loaded Command Group: ['gcloud', 'container', 'fleet', 'identity-service', 'delete']
2023-02-19 04:09:03,819 DEBUG    root            Loaded Command Group: ['gcloud', 'container', 'fleet', 'identity-service', 'disable']
2023-02-19 04:09:03,820 DEBUG    root            No implementation for release track [GA] for element: [/Users/auxia/Library/Application Support/cloud-code/installer/google-cloud-sdk/lib/surface/container/fleet/build]
2023-02-19 04:09:03,820 DEBUG    root            Loaded Command Group: ['gcloud', 'container', 'fleet', 'scopes']
2023-02-19 04:09:03,822 DEBUG    root            Loaded Command Group: ['gcloud', 'container', 'fleet', 'scopes', 'create']
2023-02-19 04:09:03,823 DEBUG    root            Loaded Command Group: ['gcloud', 'container', 'fleet', 'scopes', 'list']
2023-02-19 04:09:03,825 DEBUG    root            Loaded Command Group: ['gcloud', 'container', 'fleet', 'scopes', 'describe']
2023-02-19 04:09:03,826 DEBUG    root            Loaded Command Group: ['gcloud', 'container', 'fleet', 'scopes', 'delete']
2023-02-19 04:09:03,827 DEBUG    root            No implementation for release track [GA] for element: [/Users/auxia/Library/Application Support/cloud-code/installer/google-cloud-sdk/lib/surface/container/fleet/scopes/update.yaml]
2023-02-19 04:09:03,827 DEBUG    root            Loaded Command Group: ['gcloud', 'container', 'fleet', 'ingress']
2023-02-19 04:09:03,828 DEBUG    root            Loaded Command Group: ['gcloud', 'container', 'fleet', 'ingress', 'disable']
2023-02-19 04:09:03,828 DEBUG    root            Loaded Command Group: ['gcloud', 'container', 'fleet', 'ingress', 'update']
2023-02-19 04:09:03,829 DEBUG    root            Loaded Command Group: ['gcloud', 'container', 'fleet', 'ingress', 'describe']
2023-02-19 04:09:03,830 DEBUG    root            Loaded Command Group: ['gcloud', 'container', 'fleet', 'ingress', 'enable']
2023-02-19 04:09:03,831 DEBUG    root            Loaded Command Group: ['gcloud', 'container', 'fleet', 'memberships']
2023-02-19 04:09:03,831 DEBUG    root            Loaded Command Group: ['gcloud', 'container', 'fleet', 'memberships', 'get_credentials']
2023-02-19 04:09:03,833 DEBUG    root            Loaded Command Group: ['gcloud', 'container', 'fleet', 'memberships', 'create']
2023-02-19 04:09:03,835 DEBUG    root            Loaded Command Group: ['gcloud', 'container', 'fleet', 'memberships', 'bindings']
2023-02-19 04:09:03,835 DEBUG    root            Loaded Command Group: ['gcloud', 'container', 'fleet', 'memberships', 'bindings', 'create']
2023-02-19 04:09:03,838 DEBUG    root            Loaded Command Group: ['gcloud', 'container', 'fleet', 'memberships', 'bindings', 'list']
2023-02-19 04:09:03,838 DEBUG    root            Loaded Command Group: ['gcloud', 'container', 'fleet', 'memberships', 'bindings', 'describe']
2023-02-19 04:09:03,840 DEBUG    root            Loaded Command Group: ['gcloud', 'container', 'fleet', 'memberships', 'bindings', 'delete']
2023-02-19 04:09:03,842 DEBUG    root            Loaded Command Group: ['gcloud', 'container', 'fleet', 'memberships', 'bindings', 'update']
2023-02-19 04:09:03,844 DEBUG    root            Loaded Command Group: ['gcloud', 'container', 'fleet', 'memberships', 'generate_gateway_rbac']
2023-02-19 04:09:03,844 DEBUG    root            Loaded Command Group: ['gcloud', 'container', 'fleet', 'memberships', 'register']
2023-02-19 04:09:03,846 DEBUG    root            Loaded Command Group: ['gcloud', 'container', 'fleet', 'memberships', 'list']
2023-02-19 04:09:03,847 DEBUG    root            Loaded Command Group: ['gcloud', 'container', 'fleet', 'memberships', 'describe']
2023-02-19 04:09:03,849 DEBUG    root            Loaded Command Group: ['gcloud', 'container', 'fleet', 'memberships', 'delete']
2023-02-19 04:09:03,851 DEBUG    root            Loaded Command Group: ['gcloud', 'container', 'fleet', 'memberships', 'update']
2023-02-19 04:09:03,852 DEBUG    root            Loaded Command Group: ['gcloud', 'container', 'fleet', 'memberships', 'unregister']
2023-02-19 04:09:03,853 DEBUG    root            No implementation for release track [GA] for element: [/Users/auxia/Library/Application Support/cloud-code/installer/google-cloud-sdk/lib/surface/container/fleet/workload_migration]
2023-02-19 04:09:03,854 DEBUG    root            No implementation for release track [GA] for element: [/Users/auxia/Library/Application Support/cloud-code/installer/google-cloud-sdk/lib/surface/container/fleet/create]
2023-02-19 04:09:03,854 DEBUG    root            No implementation for release track [GA] for element: [/Users/auxia/Library/Application Support/cloud-code/installer/google-cloud-sdk/lib/surface/container/fleet/namespaces]
2023-02-19 04:09:03,854 DEBUG    root            No implementation for release track [GA] for element: [/Users/auxia/Library/Application Support/cloud-code/installer/google-cloud-sdk/lib/surface/container/fleet/deploy]
2023-02-19 04:09:03,854 DEBUG    root            No implementation for release track [GA] for element: [/Users/auxia/Library/Application Support/cloud-code/installer/google-cloud-sdk/lib/surface/container/fleet/service_directory]
2023-02-19 04:09:03,854 DEBUG    root            No implementation for release track [GA] for element: [/Users/auxia/Library/Application Support/cloud-code/installer/google-cloud-sdk/lib/surface/container/fleet/list]
2023-02-19 04:09:03,854 DEBUG    root            No implementation for release track [GA] for element: [/Users/auxia/Library/Application Support/cloud-code/installer/google-cloud-sdk/lib/surface/container/fleet/policycontroller]
2023-02-19 04:09:03,854 DEBUG    root            Loaded Command Group: ['gcloud', 'container', 'fleet', 'multi_cluster_services']
2023-02-19 04:09:03,855 DEBUG    root            Loaded Command Group: ['gcloud', 'container', 'fleet', 'multi-cluster-services', 'disable']
2023-02-19 04:09:03,855 DEBUG    root            Loaded Command Group: ['gcloud', 'container', 'fleet', 'multi-cluster-services', 'describe']
2023-02-19 04:09:03,856 DEBUG    root            Loaded Command Group: ['gcloud', 'container', 'fleet', 'multi-cluster-services', 'enable']
2023-02-19 04:09:03,856 DEBUG    root            Loaded Command Group: ['gcloud', 'container', 'fleet', 'features']
2023-02-19 04:09:03,856 DEBUG    root            Loaded Command Group: ['gcloud', 'container', 'fleet', 'features', 'disable']
2023-02-19 04:09:03,857 DEBUG    root            Loaded Command Group: ['gcloud', 'container', 'fleet', 'features', 'list']
2023-02-19 04:09:03,858 DEBUG    root            Loaded Command Group: ['gcloud', 'container', 'fleet', 'features', 'describe']
2023-02-19 04:09:03,858 DEBUG    root            Loaded Command Group: ['gcloud', 'container', 'fleet', 'features', 'enable']
2023-02-19 04:09:03,859 DEBUG    root            No implementation for release track [GA] for element: [/Users/auxia/Library/Application Support/cloud-code/installer/google-cloud-sdk/lib/surface/container/fleet/anthosobservability]
2023-02-19 04:09:03,859 DEBUG    root            Loaded Command Group: ['gcloud', 'container', 'fleet', 'cloudrun']
2023-02-19 04:09:03,860 DEBUG    root            Loaded Command Group: ['gcloud', 'container', 'fleet', 'cloudrun', 'describe']
2023-02-19 04:09:03,860 DEBUG    root            Loaded Command Group: ['gcloud', 'container', 'fleet', 'cloudrun', 'disable']
2023-02-19 04:09:03,861 DEBUG    root            Loaded Command Group: ['gcloud', 'container', 'fleet', 'cloudrun', 'apply']
2023-02-19 04:09:03,861 DEBUG    root            Loaded Command Group: ['gcloud', 'container', 'fleet', 'cloudrun', 'enable']
2023-02-19 04:09:03,862 DEBUG    root            Loaded Command Group: ['gcloud', 'container', 'fleet', 'mesh']
2023-02-19 04:09:03,862 DEBUG    root            Loaded Command Group: ['gcloud', 'container', 'fleet', 'mesh', 'disable']
2023-02-19 04:09:03,863 DEBUG    root            Loaded Command Group: ['gcloud', 'container', 'fleet', 'mesh', 'update']
2023-02-19 04:09:03,864 DEBUG    root            Loaded Command Group: ['gcloud', 'container', 'fleet', 'mesh', 'describe']
2023-02-19 04:09:03,864 DEBUG    root            Loaded Command Group: ['gcloud', 'container', 'fleet', 'mesh', 'enable']
2023-02-19 04:09:03,864 DEBUG    root            No implementation for release track [GA] for element: [/Users/auxia/Library/Application Support/cloud-code/installer/google-cloud-sdk/lib/surface/container/fleet/init.yaml]
2023-02-19 04:09:03,865 DEBUG    root            No implementation for release track [GA] for element: [/Users/auxia/Library/Application Support/cloud-code/installer/google-cloud-sdk/lib/surface/container/fleet/describe]
2023-02-19 04:09:03,865 DEBUG    root            No implementation for release track [GA] for element: [/Users/auxia/Library/Application Support/cloud-code/installer/google-cloud-sdk/lib/surface/container/fleet/delete]
2023-02-19 04:09:03,865 DEBUG    root            No implementation for release track [GA] for element: [/Users/auxia/Library/Application Support/cloud-code/installer/google-cloud-sdk/lib/surface/container/fleet/update]
2023-02-19 04:09:03,865 DEBUG    root            No implementation for release track [GA] for element: [/Users/auxia/Library/Application Support/cloud-code/installer/google-cloud-sdk/lib/surface/container/fleet/config_management]
2023-02-19 04:09:03,866 DEBUG    root            Loaded Command Group: ['gcloud', 'container', 'clusters']
2023-02-19 04:09:03,867 DEBUG    root            Loaded Command Group: ['gcloud', 'container', 'clusters', 'get_credentials']
2023-02-19 04:09:03,874 DEBUG    root            Loaded Command Group: ['gcloud', 'container', 'clusters', 'create_auto']
2023-02-19 04:09:03,882 DEBUG    root            Loaded Command Group: ['gcloud', 'container', 'clusters', 'create']
2023-02-19 04:09:03,887 DEBUG    root            Loaded Command Group: ['gcloud', 'container', 'clusters', 'resize']
2023-02-19 04:09:03,889 DEBUG    root            Loaded Command Group: ['gcloud', 'container', 'clusters', 'upgrade']
2023-02-19 04:09:03,890 DEBUG    root            Loaded Command Group: ['gcloud', 'container', 'clusters', 'list']
2023-02-19 04:09:03,891 DEBUG    root            Loaded Command Group: ['gcloud', 'container', 'clusters', 'describe']
2023-02-19 04:09:03,892 DEBUG    root            Loaded Command Group: ['gcloud', 'container', 'clusters', 'delete']
2023-02-19 04:09:03,893 DEBUG    root            Loaded Command Group: ['gcloud', 'container', 'clusters', 'check_autopilot_compatibility']
2023-02-19 04:09:03,895 DEBUG    root            Loaded Command Group: ['gcloud', 'container', 'clusters', 'update']
2023-02-19 04:09:03,899 DEBUG    root            No implementation for release track [GA] for element: [/Users/auxia/Library/Application Support/cloud-code/installer/google-cloud-sdk/lib/surface/container/clusters/config]
2023-02-19 04:09:03,900 DEBUG    root            Loaded Command Group: ['gcloud', 'container', 'get_server_config']
2023-02-19 04:09:03,901 DEBUG    root            Loaded Command Group: ['gcloud', 'container', 'node_pools']
2023-02-19 04:09:03,903 DEBUG    root            Loaded Command Group: ['gcloud', 'container', 'node-pools', 'create']
2023-02-19 04:09:03,905 DEBUG    root            Loaded Command Group: ['gcloud', 'container', 'node-pools', 'rollback']
2023-02-19 04:09:03,907 DEBUG    root            Loaded Command Group: ['gcloud', 'container', 'node-pools', 'list']
2023-02-19 04:09:03,908 DEBUG    root            Loaded Command Group: ['gcloud', 'container', 'node-pools', 'describe']
2023-02-19 04:09:03,909 DEBUG    root            Loaded Command Group: ['gcloud', 'container', 'node-pools', 'delete']
2023-02-19 04:09:03,910 DEBUG    root            Loaded Command Group: ['gcloud', 'container', 'node-pools', 'complete_upgrade']
2023-02-19 04:09:03,912 DEBUG    root            Loaded Command Group: ['gcloud', 'container', 'node-pools', 'update']
2023-02-19 04:09:03,913 DEBUG    root            No implementation for release track [GA] for element: [/Users/auxia/Library/Application Support/cloud-code/installer/google-cloud-sdk/lib/surface/container/node_pools/config]
2023-02-19 04:09:03,914 DEBUG    root            No implementation for release track [GA] for element: [/Users/auxia/Library/Application Support/cloud-code/installer/google-cloud-sdk/lib/surface/container/backup_restore]
2023-02-19 04:09:03,914 DEBUG    root            No implementation for release track [GA] for element: [/Users/auxia/Library/Application Support/cloud-code/installer/google-cloud-sdk/lib/surface/container/vmware]
2023-02-19 04:09:03,915 DEBUG    root            No implementation for release track [GA] for element: [/Users/auxia/Library/Application Support/cloud-code/installer/google-cloud-sdk/lib/surface/container/bare_metal]
2023-02-19 04:09:03,916 DEBUG    root            Loaded Command Group: ['gcloud', 'container', 'binauthz']
2023-02-19 04:09:03,923 DEBUG    root            Loaded Command Group: ['gcloud', 'container', 'binauthz', 'create_signature_payload']
2023-02-19 04:09:03,924 DEBUG    root            Loaded Command Group: ['gcloud', 'container', 'binauthz', 'attestations']
2023-02-19 04:09:03,929 DEBUG    root            Loaded Command Group: ['gcloud', 'container', 'binauthz', 'attestations', 'create']
2023-02-19 04:09:03,931 DEBUG    root            Loaded Command Group: ['gcloud', 'container', 'binauthz', 'attestations', 'list']
2023-02-19 04:09:03,933 DEBUG    root            No implementation for release track [GA] for element: [/Users/auxia/Library/Application Support/cloud-code/installer/google-cloud-sdk/lib/surface/container/binauthz/attestations/sign_and_create]
2023-02-19 04:09:03,933 DEBUG    root            Loaded Command Group: ['gcloud', 'container', 'binauthz', 'attestors']
2023-02-19 04:09:03,934 DEBUG    root            Loaded Command Group: ['gcloud', 'container', 'binauthz', 'attestors', 'create']
2023-02-19 04:09:03,945 DEBUG    root            Loaded Command Group: ['gcloud', 'container', 'binauthz', 'attestors', 'add_iam_policy_binding']
2023-02-19 04:09:03,947 DEBUG    root            Loaded Command Group: ['gcloud', 'container', 'binauthz', 'attestors', 'set_iam_policy']
2023-02-19 04:09:03,948 DEBUG    root            Loaded Command Group: ['gcloud', 'container', 'binauthz', 'attestors', 'get_iam_policy']
2023-02-19 04:09:03,952 DEBUG    root            Loaded Command Group: ['gcloud', 'container', 'binauthz', 'attestors', 'remove_iam_policy_binding']
2023-02-19 04:09:03,954 DEBUG    root            Loaded Command Group: ['gcloud', 'container', 'binauthz', 'attestors', 'public_keys']
2023-02-19 04:09:03,955 DEBUG    root            Loaded Command Group: ['gcloud', 'container', 'binauthz', 'attestors', 'public-keys', 'add']
2023-02-19 04:09:03,960 DEBUG    root            Loaded Command Group: ['gcloud', 'container', 'binauthz', 'attestors', 'public-keys', 'update']
2023-02-19 04:09:03,962 DEBUG    root            Loaded Command Group: ['gcloud', 'container', 'binauthz', 'attestors', 'public-keys', 'remove']
2023-02-19 04:09:03,963 DEBUG    root            Loaded Command Group: ['gcloud', 'container', 'binauthz', 'attestors', 'list']
2023-02-19 04:09:03,965 DEBUG    root            Loaded Command Group: ['gcloud', 'container', 'binauthz', 'attestors', 'describe']
2023-02-19 04:09:03,966 DEBUG    root            Loaded Command Group: ['gcloud', 'container', 'binauthz', 'attestors', 'delete']
2023-02-19 04:09:03,968 DEBUG    root            Loaded Command Group: ['gcloud', 'container', 'binauthz', 'attestors', 'update']
2023-02-19 04:09:03,969 DEBUG    root            No implementation for release track [GA] for element: [/Users/auxia/Library/Application Support/cloud-code/installer/google-cloud-sdk/lib/surface/container/binauthz/continuous_validation]
2023-02-19 04:09:03,969 DEBUG    root            Loaded Command Group: ['gcloud', 'container', 'binauthz', 'policy']
2023-02-19 04:09:03,973 DEBUG    root            No implementation for release track [GA] for element: [/Users/auxia/Library/Application Support/cloud-code/installer/google-cloud-sdk/lib/surface/container/binauthz/policy/create]
2023-02-19 04:09:03,977 DEBUG    root            Loaded Command Group: ['gcloud', 'container', 'binauthz', 'policy', 'add_iam_policy_binding']
2023-02-19 04:09:03,979 DEBUG    root            No implementation for release track [GA] for element: [/Users/auxia/Library/Application Support/cloud-code/installer/google-cloud-sdk/lib/surface/container/binauthz/policy/export_system_policy]
2023-02-19 04:09:03,979 DEBUG    root            Loaded Command Group: ['gcloud', 'container', 'binauthz', 'policy', 'set_iam_policy']
2023-02-19 04:09:03,981 DEBUG    root            Loaded Command Group: ['gcloud', 'container', 'binauthz', 'policy', 'export']
2023-02-19 04:09:03,982 DEBUG    root            Loaded Command Group: ['gcloud', 'container', 'binauthz', 'policy', 'get_iam_policy']
2023-02-19 04:09:03,987 DEBUG    root            Loaded Command Group: ['gcloud', 'container', 'binauthz', 'policy', 'remove_iam_policy_binding']
2023-02-19 04:09:03,988 DEBUG    root            No implementation for release track [GA] for element: [/Users/auxia/Library/Application Support/cloud-code/installer/google-cloud-sdk/lib/surface/container/binauthz/policy/list]
2023-02-19 04:09:03,989 DEBUG    root            No implementation for release track [GA] for element: [/Users/auxia/Library/Application Support/cloud-code/installer/google-cloud-sdk/lib/surface/container/binauthz/policy/describe]
2023-02-19 04:09:03,990 DEBUG    root            No implementation for release track [GA] for element: [/Users/auxia/Library/Application Support/cloud-code/installer/google-cloud-sdk/lib/surface/container/binauthz/policy/delete]
2023-02-19 04:09:03,990 DEBUG    root            No implementation for release track [GA] for element: [/Users/auxia/Library/Application Support/cloud-code/installer/google-cloud-sdk/lib/surface/container/binauthz/policy/update]
2023-02-19 04:09:03,991 DEBUG    root            Loaded Command Group: ['gcloud', 'container', 'binauthz', 'policy', 'import']
2023-02-19 04:09:03,996 DEBUG    root            Loaded Command Group: ['gcloud', 'info']
2023-02-19 04:09:03,998 DEBUG    root            Loaded Command Group: ['gcloud', 'deploy']
2023-02-19 04:09:03,999 DEBUG    root            Loaded Command Group: ['gcloud', 'deploy', 'releases']
2023-02-19 04:09:04,021 DEBUG    root            Loaded Command Group: ['gcloud', 'deploy', 'releases', 'create']
2023-02-19 04:09:04,028 DEBUG    root            Loaded Command Group: ['gcloud', 'deploy', 'releases', 'promote']
2023-02-19 04:09:04,043 DEBUG    root            Loaded Command Group: ['gcloud', 'deploy', 'releases', 'list']
2023-02-19 04:09:04,049 DEBUG    root            Loaded Command Group: ['gcloud', 'deploy', 'releases', 'describe']
2023-02-19 04:09:04,053 DEBUG    root            Loaded Command Group: ['gcloud', 'deploy', 'releases', 'abandon']
2023-02-19 04:09:04,056 DEBUG    root            Loaded Command Group: ['gcloud', 'deploy', 'targets']
2023-02-19 04:09:04,063 DEBUG    root            Loaded Command Group: ['gcloud', 'deploy', 'targets', 'add_iam_policy_binding']
2023-02-19 04:09:04,069 DEBUG    root            Loaded Command Group: ['gcloud', 'deploy', 'targets', 'set_iam_policy']
2023-02-19 04:09:04,076 DEBUG    root            Loaded Command Group: ['gcloud', 'deploy', 'targets', 'get_iam_policy']
2023-02-19 04:09:04,082 DEBUG    root            Loaded Command Group: ['gcloud', 'deploy', 'targets', 'export']
2023-02-19 04:09:04,086 DEBUG    root            Loaded Command Group: ['gcloud', 'deploy', 'targets', 'redeploy']
2023-02-19 04:09:04,089 DEBUG    root            Loaded Command Group: ['gcloud', 'deploy', 'targets', 'rollback']
2023-02-19 04:09:04,096 DEBUG    root            Loaded Command Group: ['gcloud', 'deploy', 'targets', 'remove_iam_policy_binding']
2023-02-19 04:09:04,100 DEBUG    root            Loaded Command Group: ['gcloud', 'deploy', 'targets', 'list']
2023-02-19 04:09:04,101 DEBUG    root            Loaded Command Group: ['gcloud', 'deploy', 'targets', 'describe']
2023-02-19 04:09:04,105 DEBUG    root            Loaded Command Group: ['gcloud', 'deploy', 'targets', 'delete']
2023-02-19 04:09:04,109 DEBUG    root            Loaded Command Group: ['gcloud', 'deploy', 'rollouts']
2023-02-19 04:09:04,111 DEBUG    root            No implementation for release track [GA] for element: [/Users/auxia/Library/Application Support/cloud-code/installer/google-cloud-sdk/lib/surface/deploy/rollouts/ignore_job]
2023-02-19 04:09:04,111 DEBUG    root            No implementation for release track [GA] for element: [/Users/auxia/Library/Application Support/cloud-code/installer/google-cloud-sdk/lib/surface/deploy/rollouts/advance]
2023-02-19 04:09:04,112 DEBUG    root            Loaded Command Group: ['gcloud', 'deploy', 'rollouts', 'approve']
2023-02-19 04:09:04,117 DEBUG    root            No implementation for release track [GA] for element: [/Users/auxia/Library/Application Support/cloud-code/installer/google-cloud-sdk/lib/surface/deploy/rollouts/cancel]
2023-02-19 04:09:04,120 DEBUG    root            Loaded Command Group: ['gcloud', 'deploy', 'rollouts', 'describe']
2023-02-19 04:09:04,129 DEBUG    root            Loaded Command Group: ['gcloud', 'deploy', 'rollouts', 'list']
2023-02-19 04:09:04,133 DEBUG    root            Loaded Command Group: ['gcloud', 'deploy', 'rollouts', 'reject']
2023-02-19 04:09:04,139 DEBUG    root            Loaded Command Group: ['gcloud', 'deploy', 'rollouts', 'retry_job']
2023-02-19 04:09:04,143 DEBUG    root            Loaded Command Group: ['gcloud', 'deploy', 'delivery_pipelines']
2023-02-19 04:09:04,148 DEBUG    root            Loaded Command Group: ['gcloud', 'deploy', 'delivery-pipelines', 'add_iam_policy_binding']
2023-02-19 04:09:04,156 DEBUG    root            Loaded Command Group: ['gcloud', 'deploy', 'delivery-pipelines', 'set_iam_policy']
2023-02-19 04:09:04,163 DEBUG    root            Loaded Command Group: ['gcloud', 'deploy', 'delivery-pipelines', 'get_iam_policy']
2023-02-19 04:09:04,166 DEBUG    root            Loaded Command Group: ['gcloud', 'deploy', 'delivery-pipelines', 'export']
2023-02-19 04:09:04,174 DEBUG    root            Loaded Command Group: ['gcloud', 'deploy', 'delivery-pipelines', 'remove_iam_policy_binding']
2023-02-19 04:09:04,181 DEBUG    root            Loaded Command Group: ['gcloud', 'deploy', 'delivery-pipelines', 'list']
2023-02-19 04:09:04,183 DEBUG    root            Loaded Command Group: ['gcloud', 'deploy', 'delivery-pipelines', 'describe']
2023-02-19 04:09:04,191 DEBUG    root            Loaded Command Group: ['gcloud', 'deploy', 'delivery-pipelines', 'delete']
2023-02-19 04:09:04,194 DEBUG    root            Loaded Command Group: ['gcloud', 'deploy', 'apply']
2023-02-19 04:09:04,195 DEBUG    root            Loaded Command Group: ['gcloud', 'deploy', 'delete']
2023-02-19 04:09:04,196 DEBUG    root            Loaded Command Group: ['gcloud', 'deploy', 'job_runs']
2023-02-19 04:09:04,200 DEBUG    root            Loaded Command Group: ['gcloud', 'deploy', 'job-runs', 'list']
2023-02-19 04:09:04,207 DEBUG    root            Loaded Command Group: ['gcloud', 'deploy', 'job-runs', 'describe']
2023-02-19 04:09:04,213 DEBUG    root            No implementation for release track [GA] for element: [/Users/auxia/Library/Application Support/cloud-code/installer/google-cloud-sdk/lib/surface/deploy/job_runs/terminate]
2023-02-19 04:09:04,213 DEBUG    root            Loaded Command Group: ['gcloud', 'transcoder']
2023-02-19 04:09:04,214 DEBUG    root            Loaded Command Group: ['gcloud', 'transcoder', 'templates']
2023-02-19 04:09:04,218 DEBUG    root            Loaded Command Group: ['gcloud', 'transcoder', 'templates', 'create']
2023-02-19 04:09:04,225 DEBUG    root            Loaded Command Group: ['gcloud', 'transcoder', 'templates', 'list']
2023-02-19 04:09:04,226 DEBUG    root            Loaded Command Group: ['gcloud', 'transcoder', 'templates', 'describe']
2023-02-19 04:09:04,229 DEBUG    root            Loaded Command Group: ['gcloud', 'transcoder', 'templates', 'delete']
2023-02-19 04:09:04,231 DEBUG    root            Loaded Command Group: ['gcloud', 'transcoder', 'jobs']
2023-02-19 04:09:04,232 DEBUG    root            Loaded Command Group: ['gcloud', 'transcoder', 'jobs', 'create']
2023-02-19 04:09:04,233 DEBUG    root            Loaded Command Group: ['gcloud', 'transcoder', 'jobs', 'list']
2023-02-19 04:09:04,234 DEBUG    root            Loaded Command Group: ['gcloud', 'transcoder', 'jobs', 'describe']
2023-02-19 04:09:04,237 DEBUG    root            Loaded Command Group: ['gcloud', 'transcoder', 'jobs', 'delete']
2023-02-19 04:09:04,239 DEBUG    root            Loaded Command Group: ['gcloud', 'service_directory']
2023-02-19 04:09:04,240 DEBUG    root            No implementation for release track [GA] for element: [/Users/auxia/Library/Application Support/cloud-code/installer/google-cloud-sdk/lib/surface/service_directory/registration_policies]
2023-02-19 04:09:04,241 DEBUG    root            Loaded Command Group: ['gcloud', 'service-directory', 'namespaces']
2023-02-19 04:09:04,245 DEBUG    root            Loaded Command Group: ['gcloud', 'service-directory', 'namespaces', 'create']
2023-02-19 04:09:04,248 DEBUG    root            Loaded Command Group: ['gcloud', 'service-directory', 'namespaces', 'add_iam_policy_binding']
2023-02-19 04:09:04,252 DEBUG    root            Loaded Command Group: ['gcloud', 'service-directory', 'namespaces', 'set_iam_policy']
2023-02-19 04:09:04,254 DEBUG    root            Loaded Command Group: ['gcloud', 'service-directory', 'namespaces', 'get_iam_policy']
2023-02-19 04:09:04,256 DEBUG    root            Loaded Command Group: ['gcloud', 'service-directory', 'namespaces', 'remove_iam_policy_binding']
2023-02-19 04:09:04,258 DEBUG    root            Loaded Command Group: ['gcloud', 'service-directory', 'namespaces', 'list']
2023-02-19 04:09:04,259 DEBUG    root            Loaded Command Group: ['gcloud', 'service-directory', 'namespaces', 'describe']
2023-02-19 04:09:04,261 DEBUG    root            Loaded Command Group: ['gcloud', 'service-directory', 'namespaces', 'delete']
2023-02-19 04:09:04,262 DEBUG    root            Loaded Command Group: ['gcloud', 'service-directory', 'namespaces', 'update']
2023-02-19 04:09:04,264 DEBUG    root            Loaded Command Group: ['gcloud', 'service-directory', 'locations']
2023-02-19 04:09:04,265 DEBUG    root            Loaded Command Group: ['gcloud', 'service-directory', 'locations', 'list']
2023-02-19 04:09:04,266 DEBUG    root            Loaded Command Group: ['gcloud', 'service-directory', 'locations', 'describe']
2023-02-19 04:09:04,267 DEBUG    root            Loaded Command Group: ['gcloud', 'service-directory', 'endpoints']
2023-02-19 04:09:04,269 DEBUG    root            Loaded Command Group: ['gcloud', 'service-directory', 'endpoints', 'create']
2023-02-19 04:09:04,272 DEBUG    root            Loaded Command Group: ['gcloud', 'service-directory', 'endpoints', 'list']
2023-02-19 04:09:04,275 DEBUG    root            Loaded Command Group: ['gcloud', 'service-directory', 'endpoints', 'describe']
2023-02-19 04:09:04,277 DEBUG    root            Loaded Command Group: ['gcloud', 'service-directory', 'endpoints', 'delete']
2023-02-19 04:09:04,280 DEBUG    root            Loaded Command Group: ['gcloud', 'service-directory', 'endpoints', 'update']
2023-02-19 04:09:04,325 DEBUG    root            Loaded Command Group: ['gcloud', 'service-directory', 'services']
2023-02-19 04:09:04,326 DEBUG    root            Loaded Command Group: ['gcloud', 'service-directory', 'services', 'create']
2023-02-19 04:09:04,330 DEBUG    root            Loaded Command Group: ['gcloud', 'service-directory', 'services', 'add_iam_policy_binding']
2023-02-19 04:09:04,332 DEBUG    root            Loaded Command Group: ['gcloud', 'service-directory', 'services', 'resolve']
2023-02-19 04:09:04,335 DEBUG    root            Loaded Command Group: ['gcloud', 'service-directory', 'services', 'set_iam_policy']
2023-02-19 04:09:04,337 DEBUG    root            Loaded Command Group: ['gcloud', 'service-directory', 'services', 'get_iam_policy']
2023-02-19 04:09:04,340 DEBUG    root            Loaded Command Group: ['gcloud', 'service-directory', 'services', 'remove_iam_policy_binding']
2023-02-19 04:09:04,342 DEBUG    root            Loaded Command Group: ['gcloud', 'service-directory', 'services', 'list']
2023-02-19 04:09:04,343 DEBUG    root            Loaded Command Group: ['gcloud', 'service-directory', 'services', 'describe']
2023-02-19 04:09:04,346 DEBUG    root            Loaded Command Group: ['gcloud', 'service-directory', 'services', 'delete']
2023-02-19 04:09:04,348 DEBUG    root            Loaded Command Group: ['gcloud', 'service-directory', 'services', 'update']
2023-02-19 04:09:04,352 DEBUG    root            Loaded Command Group: ['gcloud', 'functions']
2023-02-19 04:09:04,354 DEBUG    root            Loaded Command Group: ['gcloud', 'functions', 'runtimes']
2023-02-19 04:09:04,365 DEBUG    root            Loaded Command Group: ['gcloud', 'functions', 'runtimes', 'list']
2023-02-19 04:09:04,366 DEBUG    root            Loaded Command Group: ['gcloud', 'functions', 'regions']
2023-02-19 04:09:04,369 DEBUG    root            Loaded Command Group: ['gcloud', 'functions', 'regions', 'list']
2023-02-19 04:09:04,371 DEBUG    root            Loaded Command Group: ['gcloud', 'functions', 'add_iam_policy_binding']
2023-02-19 04:09:04,380 DEBUG    root            Loaded Command Group: ['gcloud', 'functions', 'call']
2023-02-19 04:09:04,383 DEBUG    root            Loaded Command Group: ['gcloud', 'functions', 'set_iam_policy']
2023-02-19 04:09:04,416 DEBUG    root            Loaded Command Group: ['gcloud', 'functions', 'deploy']
2023-02-19 04:09:04,424 DEBUG    root            Loaded Command Group: ['gcloud', 'functions', 'get_iam_policy']
2023-02-19 04:09:04,426 DEBUG    root            Loaded Command Group: ['gcloud', 'functions', 'event_types']
2023-02-19 04:09:04,430 DEBUG    root            Loaded Command Group: ['gcloud', 'functions', 'event-types', 'list']
2023-02-19 04:09:04,433 DEBUG    root            Loaded Command Group: ['gcloud', 'functions', 'remove_iam_policy_binding']
2023-02-19 04:09:04,436 DEBUG    root            Loaded Command Group: ['gcloud', 'functions', 'list']
2023-02-19 04:09:04,438 DEBUG    root            Loaded Command Group: ['gcloud', 'functions', 'describe']
2023-02-19 04:09:04,441 DEBUG    root            Loaded Command Group: ['gcloud', 'functions', 'delete']
2023-02-19 04:09:04,444 DEBUG    root            Loaded Command Group: ['gcloud', 'functions', 'logs']
2023-02-19 04:09:04,446 DEBUG    root            Loaded Command Group: ['gcloud', 'functions', 'logs', 'read']
2023-02-19 04:09:04,448 DEBUG    root            Loaded Command Group: ['gcloud', 'functions', 'add_invoker_policy_binding']
2023-02-19 04:09:04,451 DEBUG    root            Loaded Command Group: ['gcloud', 'functions', 'remove_invoker_policy_binding']
2023-02-19 04:09:04,453 DEBUG    root            No implementation for release track [GA] for element: [/Users/auxia/Library/Application Support/cloud-code/installer/google-cloud-sdk/lib/surface/resource_config]
2023-02-19 04:09:04,454 DEBUG    root            Loaded Command Group: ['gcloud', 'dns']
2023-02-19 04:09:04,456 DEBUG    root            Loaded Command Group: ['gcloud', 'dns', 'operations']
2023-02-19 04:09:04,460 DEBUG    root            Loaded Command Group: ['gcloud', 'dns', 'operations', 'list']
2023-02-19 04:09:04,469 DEBUG    root            Loaded Command Group: ['gcloud', 'dns', 'operations', 'describe']
2023-02-19 04:09:04,470 DEBUG    root            No implementation for release track [GA] for element: [/Users/auxia/Library/Application Support/cloud-code/installer/google-cloud-sdk/lib/surface/dns/active_peering_zones]
2023-02-19 04:09:04,471 DEBUG    root            Loaded Command Group: ['gcloud', 'dns', 'record_sets']
2023-02-19 04:09:04,472 DEBUG    root            Loaded Command Group: ['gcloud', 'dns', 'record-sets', 'transaction']
2023-02-19 04:09:04,483 DEBUG    root            Loaded Command Group: ['gcloud', 'dns', 'record-sets', 'transaction', 'add']
2023-02-19 04:09:04,484 DEBUG    root            Loaded Command Group: ['gcloud', 'dns', 'record-sets', 'transaction', 'start']
2023-02-19 04:09:04,485 DEBUG    root            Loaded Command Group: ['gcloud', 'dns', 'record-sets', 'transaction', 'remove']
2023-02-19 04:09:04,485 DEBUG    root            Loaded Command Group: ['gcloud', 'dns', 'record-sets', 'transaction', 'abort']
2023-02-19 04:09:04,486 DEBUG    root            Loaded Command Group: ['gcloud', 'dns', 'record-sets', 'transaction', 'describe']
2023-02-19 04:09:04,487 DEBUG    root            Loaded Command Group: ['gcloud', 'dns', 'record-sets', 'transaction', 'execute']
2023-02-19 04:09:04,488 DEBUG    root            Loaded Command Group: ['gcloud', 'dns', 'record-sets', 'create']
2023-02-19 04:09:04,490 DEBUG    root            Loaded Command Group: ['gcloud', 'dns', 'record-sets', 'export']
2023-02-19 04:09:04,491 DEBUG    root            Loaded Command Group: ['gcloud', 'dns', 'record-sets', 'list']
2023-02-19 04:09:04,492 DEBUG    root            Loaded Command Group: ['gcloud', 'dns', 'record-sets', 'describe']
2023-02-19 04:09:04,493 DEBUG    root            Loaded Command Group: ['gcloud', 'dns', 'record-sets', 'delete']
2023-02-19 04:09:04,493 DEBUG    root            Loaded Command Group: ['gcloud', 'dns', 'record-sets', 'changes']
2023-02-19 04:09:04,494 DEBUG    root            Loaded Command Group: ['gcloud', 'dns', 'record-sets', 'changes', 'list']
2023-02-19 04:09:04,495 DEBUG    root            Loaded Command Group: ['gcloud', 'dns', 'record-sets', 'changes', 'describe']
2023-02-19 04:09:04,496 DEBUG    root            Loaded Command Group: ['gcloud', 'dns', 'record-sets', 'update']
2023-02-19 04:09:04,497 DEBUG    root            Loaded Command Group: ['gcloud', 'dns', 'record-sets', 'import']
2023-02-19 04:09:04,498 DEBUG    root            Loaded Command Group: ['gcloud', 'dns', 'managed_zones']
2023-02-19 04:09:04,499 DEBUG    root            Loaded Command Group: ['gcloud', 'dns', 'managed-zones', 'create']
2023-02-19 04:09:04,500 DEBUG    root            Loaded Command Group: ['gcloud', 'dns', 'managed-zones', 'set_iam_policy']
2023-02-19 04:09:04,503 DEBUG    root            Loaded Command Group: ['gcloud', 'dns', 'managed-zones', 'get_iam_policy']
2023-02-19 04:09:04,505 DEBUG    root            Loaded Command Group: ['gcloud', 'dns', 'managed-zones', 'list']
2023-02-19 04:09:04,506 DEBUG    root            Loaded Command Group: ['gcloud', 'dns', 'managed-zones', 'describe']
2023-02-19 04:09:04,508 DEBUG    root            Loaded Command Group: ['gcloud', 'dns', 'managed-zones', 'delete']
2023-02-19 04:09:04,508 DEBUG    root            Loaded Command Group: ['gcloud', 'dns', 'managed-zones', 'update']
2023-02-19 04:09:04,511 DEBUG    root            No implementation for release track [GA] for element: [/Users/auxia/Library/Application Support/cloud-code/installer/google-cloud-sdk/lib/surface/dns/managed_zones/config]
2023-02-19 04:09:04,512 DEBUG    root            Loaded Command Group: ['gcloud', 'dns', 'dns_keys']
2023-02-19 04:09:04,513 DEBUG    root            Loaded Command Group: ['gcloud', 'dns', 'dns-keys', 'list']
2023-02-19 04:09:04,514 DEBUG    root            Loaded Command Group: ['gcloud', 'dns', 'dns-keys', 'describe']
2023-02-19 04:09:04,514 DEBUG    root            Loaded Command Group: ['gcloud', 'dns', 'policies']
2023-02-19 04:09:04,516 DEBUG    root            Loaded Command Group: ['gcloud', 'dns', 'policies', 'create']
2023-02-19 04:09:04,516 INFO     root            cache collection=dns.policies api_version=v1 params=['project', 'policy']
2023-02-19 04:09:04,525 DEBUG    root            Loaded Command Group: ['gcloud', 'dns', 'policies', 'list']
2023-02-19 04:09:04,529 DEBUG    root            Loaded Command Group: ['gcloud', 'dns', 'policies', 'describe']
2023-02-19 04:09:04,533 DEBUG    root            Loaded Command Group: ['gcloud', 'dns', 'policies', 'delete']
2023-02-19 04:09:04,534 DEBUG    root            Loaded Command Group: ['gcloud', 'dns', 'policies', 'update']
2023-02-19 04:09:04,534 INFO     root            cache collection=dns.policies api_version=v1 params=['project', 'policy']
2023-02-19 04:09:04,535 DEBUG    root            No implementation for release track [GA] for element: [/Users/auxia/Library/Application Support/cloud-code/installer/google-cloud-sdk/lib/surface/dns/policies/config]
2023-02-19 04:09:04,536 DEBUG    root            Loaded Command Group: ['gcloud', 'dns', 'project_info']
2023-02-19 04:09:04,537 DEBUG    root            Loaded Command Group: ['gcloud', 'dns', 'project-info', 'describe']
2023-02-19 04:09:04,537 DEBUG    root            Loaded Command Group: ['gcloud', 'dns', 'response_policies']
2023-02-19 04:09:04,538 DEBUG    root            Loaded Command Group: ['gcloud', 'dns', 'response-policies', 'create']
2023-02-19 04:09:04,540 DEBUG    root            Loaded Command Group: ['gcloud', 'dns', 'response-policies', 'list']
2023-02-19 04:09:04,541 DEBUG    root            Loaded Command Group: ['gcloud', 'dns', 'response-policies', 'describe']
2023-02-19 04:09:04,542 DEBUG    root            Loaded Command Group: ['gcloud', 'dns', 'response-policies', 'delete']
2023-02-19 04:09:04,543 DEBUG    root            Loaded Command Group: ['gcloud', 'dns', 'response-policies', 'update']
2023-02-19 04:09:04,544 DEBUG    root            Loaded Command Group: ['gcloud', 'dns', 'response-policies', 'rules']
2023-02-19 04:09:04,545 DEBUG    root            Loaded Command Group: ['gcloud', 'dns', 'response-policies', 'rules', 'create']
2023-02-19 04:09:04,547 DEBUG    root            Loaded Command Group: ['gcloud', 'dns', 'response-policies', 'rules', 'list']
2023-02-19 04:09:04,548 DEBUG    root            Loaded Command Group: ['gcloud', 'dns', 'response-policies', 'rules', 'describe']
2023-02-19 04:09:04,549 DEBUG    root            Loaded Command Group: ['gcloud', 'dns', 'response-policies', 'rules', 'delete']
2023-02-19 04:09:04,550 DEBUG    root            Loaded Command Group: ['gcloud', 'dns', 'response-policies', 'rules', 'update']
2023-02-19 04:09:04,552 DEBUG    root            Loaded Command Group: ['gcloud', 'emulators']
2023-02-19 04:09:04,555 DEBUG    root            Loaded Command Group: ['gcloud', 'emulators', 'spanner']
2023-02-19 04:09:04,556 DEBUG    root            Loaded Command Group: ['gcloud', 'emulators', 'spanner', 'env_init']
2023-02-19 04:09:04,557 DEBUG    root            Loaded Command Group: ['gcloud', 'emulators', 'spanner', 'start']
2023-02-19 04:09:04,558 DEBUG    root            No implementation for release track [GA] for element: [/Users/auxia/Library/Application Support/cloud-code/installer/google-cloud-sdk/lib/surface/emulators/datastore]
2023-02-19 04:09:04,559 DEBUG    root            No implementation for release track [GA] for element: [/Users/auxia/Library/Application Support/cloud-code/installer/google-cloud-sdk/lib/surface/emulators/pubsub]
2023-02-19 04:09:04,560 DEBUG    root            No implementation for release track [GA] for element: [/Users/auxia/Library/Application Support/cloud-code/installer/google-cloud-sdk/lib/surface/emulators/bigtable]
2023-02-19 04:09:04,560 DEBUG    root            Loaded Command Group: ['gcloud', 'emulators', 'firestore']
2023-02-19 04:09:04,561 DEBUG    root            Loaded Command Group: ['gcloud', 'emulators', 'firestore', 'start']
2023-02-19 04:09:04,562 DEBUG    root            No implementation for release track [GA] for element: [/Users/auxia/Library/Application Support/cloud-code/installer/google-cloud-sdk/lib/surface/source_manager]
2023-02-19 04:09:04,563 DEBUG    root            Loaded Command Group: ['gcloud', 'cheat_sheet']
2023-02-19 04:09:04,563 DEBUG    root            Loaded Command Group: ['gcloud', 'auth']
2023-02-19 04:09:04,565 DEBUG    root            Loaded Command Group: ['gcloud', 'auth', 'activate_refresh_token']
2023-02-19 04:09:04,567 DEBUG    root            Loaded Command Group: ['gcloud', 'auth', 'print_identity_token']
2023-02-19 04:09:04,569 DEBUG    root            Loaded Command Group: ['gcloud', 'auth', 'print_refresh_token']
2023-02-19 04:09:04,569 DEBUG    root            Loaded Command Group: ['gcloud', 'auth', 'application_default']
2023-02-19 04:09:04,570 DEBUG    root            Loaded Command Group: ['gcloud', 'auth', 'application-default', 'set_quota_project']
2023-02-19 04:09:04,571 DEBUG    root            Loaded Command Group: ['gcloud', 'auth', 'application-default', 'revoke']
2023-02-19 04:09:04,571 DEBUG    root            Loaded Command Group: ['gcloud', 'auth', 'application-default', 'print_access_token']
2023-02-19 04:09:04,572 DEBUG    root            Loaded Command Group: ['gcloud', 'auth', 'application-default', 'login']
2023-02-19 04:09:04,574 DEBUG    root            Loaded Command Group: ['gcloud', 'auth', 'login']
2023-02-19 04:09:04,576 DEBUG    root            Loaded Command Group: ['gcloud', 'auth', 'docker_helper']
2023-02-19 04:09:04,577 DEBUG    root            Loaded Command Group: ['gcloud', 'auth', 'git_helper']
2023-02-19 04:09:04,577 DEBUG    root            Loaded Command Group: ['gcloud', 'auth', 'list']
2023-02-19 04:09:04,579 DEBUG    root            Loaded Command Group: ['gcloud', 'auth', 'describe']
2023-02-19 04:09:04,579 DEBUG    root            Loaded Command Group: ['gcloud', 'auth', 'configure_docker']
2023-02-19 04:09:04,580 DEBUG    root            Loaded Command Group: ['gcloud', 'auth', 'revoke']
2023-02-19 04:09:04,581 DEBUG    root            Loaded Command Group: ['gcloud', 'auth', 'activate_service_account']
2023-02-19 04:09:04,582 DEBUG    root            Loaded Command Group: ['gcloud', 'auth', 'print_access_token']
2023-02-19 04:09:04,585 DEBUG    root            Loaded Command Group: ['gcloud', 'meta', 'debug']
2023-02-19 04:09:04,586 DEBUG    root            Loaded Command Group: ['gcloud', 'meta', 'list_files_for_upload']
2023-02-19 04:09:04,587 DEBUG    root            Loaded Command Group: ['gcloud', 'meta', 'resources']
2023-02-19 04:09:04,588 DEBUG    root            Loaded Command Group: ['gcloud', 'meta', 'resources', 'parse']
2023-02-19 04:09:04,589 DEBUG    root            Loaded Command Group: ['gcloud', 'meta', 'resources', 'generate']
2023-02-19 04:09:04,589 DEBUG    root            Loaded Command Group: ['gcloud', 'meta', 'render_markdown']
2023-02-19 04:09:04,590 DEBUG    root            Loaded Command Group: ['gcloud', 'meta', 'list_gcloud']
2023-02-19 04:09:04,591 DEBUG    root            Loaded Command Group: ['gcloud', 'meta', 'resource_maps']
2023-02-19 04:09:04,593 DEBUG    root            Loaded Command Group: ['gcloud', 'meta', 'resource-maps', 'update_resource_map']
2023-02-19 04:09:04,594 DEBUG    root            Loaded Command Group: ['gcloud', 'meta', 'cache']
2023-02-19 04:09:04,595 DEBUG    root            Loaded Command Group: ['gcloud', 'meta', 'cache', 'delete']
2023-02-19 04:09:04,596 DEBUG    root            Loaded Command Group: ['gcloud', 'meta', 'cache', 'list']
2023-02-19 04:09:04,596 DEBUG    root            Loaded Command Group: ['gcloud', 'meta', 'cache', 'completers']
2023-02-19 04:09:04,597 DEBUG    root            Loaded Command Group: ['gcloud', 'meta', 'cache', 'completers', 'run']
2023-02-19 04:09:04,598 DEBUG    root            Loaded Command Group: ['gcloud', 'meta', 'cache', 'completers', 'list']
2023-02-19 04:09:04,599 DEBUG    root            Loaded Command Group: ['gcloud', 'meta', 'validate_yaml']
2023-02-19 04:09:04,599 DEBUG    root            Loaded Command Group: ['gcloud', 'meta', 'list_from_json']
2023-02-19 04:09:04,600 DEBUG    root            Loaded Command Group: ['gcloud', 'meta', 'lint']
2023-02-19 04:09:04,602 DEBUG    root            Loaded Command Group: ['gcloud', 'meta', 'generate_help_docs']
2023-02-19 04:09:04,604 DEBUG    root            Loaded Command Group: ['gcloud', 'meta', 'test']
2023-02-19 04:09:04,606 DEBUG    root            Loaded Command Group: ['gcloud', 'meta', 'apis']
2023-02-19 04:09:04,607 DEBUG    root            Loaded Command Group: ['gcloud', 'meta', 'apis', 'messages']
2023-02-19 04:09:04,609 DEBUG    root            Loaded Command Group: ['gcloud', 'meta', 'apis', 'messages', 'list']
2023-02-19 04:09:04,610 DEBUG    root            Loaded Command Group: ['gcloud', 'meta', 'apis', 'messages', 'generate_export_schemas']
2023-02-19 04:09:04,611 DEBUG    root            Loaded Command Group: ['gcloud', 'meta', 'apis', 'messages', 'describe']
2023-02-19 04:09:04,612 DEBUG    root            Loaded Command Group: ['gcloud', 'meta', 'apis', 'list']
2023-02-19 04:09:04,612 DEBUG    root            Loaded Command Group: ['gcloud', 'meta', 'apis', 'methods']
2023-02-19 04:09:04,613 DEBUG    root            Loaded Command Group: ['gcloud', 'meta', 'apis', 'methods', 'list']
2023-02-19 04:09:04,613 DEBUG    root            Loaded Command Group: ['gcloud', 'meta', 'apis', 'methods', 'describe']
2023-02-19 04:09:04,614 DEBUG    root            Loaded Command Group: ['gcloud', 'meta', 'apis', 'methods', 'call']
2023-02-19 04:09:04,615 DEBUG    root            Loaded Command Group: ['gcloud', 'meta', 'apis', 'describe']
2023-02-19 04:09:04,615 DEBUG    root            Loaded Command Group: ['gcloud', 'meta', 'apis', 'discovery']
2023-02-19 04:09:04,616 DEBUG    root            Loaded Command Group: ['gcloud', 'meta', 'apis', 'discovery', 'list']
2023-02-19 04:09:04,617 DEBUG    root            Loaded Command Group: ['gcloud', 'meta', 'apis', 'discovery', 'describe']
2023-02-19 04:09:04,618 DEBUG    root            Loaded Command Group: ['gcloud', 'meta', 'apis', 'regen']
2023-02-19 04:09:04,618 DEBUG    root            Loaded Command Group: ['gcloud', 'meta', 'apis', 'collections']
2023-02-19 04:09:04,619 DEBUG    root            Loaded Command Group: ['gcloud', 'meta', 'apis', 'collections', 'lint']
2023-02-19 04:09:04,620 DEBUG    root            Loaded Command Group: ['gcloud', 'meta', 'apis', 'collections', 'list']
2023-02-19 04:09:04,620 DEBUG    root            Loaded Command Group: ['gcloud', 'meta', 'apis', 'collections', 'describe']
2023-02-19 04:09:04,621 DEBUG    root            Loaded Command Group: ['gcloud', 'meta', 'generate_command']
2023-02-19 04:09:04,622 DEBUG    root            Loaded Command Group: ['gcloud', 'meta', 'cli_trees']
2023-02-19 04:09:04,623 DEBUG    root            Loaded Command Group: ['gcloud', 'meta', 'cli-trees', 'list']
2023-02-19 04:09:04,624 DEBUG    root            Loaded Command Group: ['gcloud', 'meta', 'cli-trees', 'update']
2023-02-19 04:09:04,625 DEBUG    root            Loaded Command Group: ['gcloud', 'meta', 'generate_config_commands']
2023-02-19 04:09:04,626 DEBUG    root            Loaded Command Group: ['gcloud', 'bigtable']
2023-02-19 04:09:04,628 DEBUG    root            Loaded Command Group: ['gcloud', 'bigtable', 'operations']
2023-02-19 04:09:04,633 DEBUG    root            Loaded Command Group: ['gcloud', 'bigtable', 'operations', 'list']
2023-02-19 04:09:04,647 DEBUG    root            Loaded Command Group: ['gcloud', 'bigtable', 'operations', 'describe']
2023-02-19 04:09:04,649 DEBUG    root            Loaded Command Group: ['gcloud', 'bigtable', 'clusters']
2023-02-19 04:09:04,650 DEBUG    root            Loaded Command Group: ['gcloud', 'bigtable', 'clusters', 'create']
2023-02-19 04:09:04,661 DEBUG    root            Loaded Command Group: ['gcloud', 'bigtable', 'clusters', 'list']
2023-02-19 04:09:04,663 DEBUG    root            Loaded Command Group: ['gcloud', 'bigtable', 'clusters', 'describe']
2023-02-19 04:09:04,666 DEBUG    root            Loaded Command Group: ['gcloud', 'bigtable', 'clusters', 'delete']
2023-02-19 04:09:04,670 DEBUG    root            Loaded Command Group: ['gcloud', 'bigtable', 'clusters', 'update']
2023-02-19 04:09:04,672 DEBUG    root            Loaded Command Group: ['gcloud', 'bigtable', 'app_profiles']
2023-02-19 04:09:04,674 DEBUG    root            Loaded Command Group: ['gcloud', 'bigtable', 'app-profiles', 'create']
2023-02-19 04:09:04,677 DEBUG    root            Loaded Command Group: ['gcloud', 'bigtable', 'app-profiles', 'list']
2023-02-19 04:09:04,682 DEBUG    root            Loaded Command Group: ['gcloud', 'bigtable', 'app-profiles', 'describe']
2023-02-19 04:09:04,685 DEBUG    root            Loaded Command Group: ['gcloud', 'bigtable', 'app-profiles', 'delete']
2023-02-19 04:09:04,690 DEBUG    root            Loaded Command Group: ['gcloud', 'bigtable', 'app-profiles', 'update']
2023-02-19 04:09:04,693 DEBUG    root            No implementation for release track [GA] for element: [/Users/auxia/Library/Application Support/cloud-code/installer/google-cloud-sdk/lib/surface/bigtable/app_profiles/config]
2023-02-19 04:09:04,693 DEBUG    root            Loaded Command Group: ['gcloud', 'bigtable', 'instances']
2023-02-19 04:09:04,695 DEBUG    root            Loaded Command Group: ['gcloud', 'bigtable', 'instances', 'create']
2023-02-19 04:09:04,700 DEBUG    root            Loaded Command Group: ['gcloud', 'bigtable', 'instances', 'add_iam_policy_binding']
2023-02-19 04:09:04,703 DEBUG    root            Loaded Command Group: ['gcloud', 'bigtable', 'instances', 'set_iam_policy']
2023-02-19 04:09:04,705 DEBUG    root            Loaded Command Group: ['gcloud', 'bigtable', 'instances', 'get_iam_policy']
2023-02-19 04:09:04,710 DEBUG    root            Loaded Command Group: ['gcloud', 'bigtable', 'instances', 'remove_iam_policy_binding']
2023-02-19 04:09:04,712 DEBUG    root            Loaded Command Group: ['gcloud', 'bigtable', 'instances', 'upgrade']
2023-02-19 04:09:04,715 DEBUG    root            Loaded Command Group: ['gcloud', 'bigtable', 'instances', 'list']
2023-02-19 04:09:04,716 DEBUG    root            Loaded Command Group: ['gcloud', 'bigtable', 'instances', 'describe']
2023-02-19 04:09:04,718 DEBUG    root            Loaded Command Group: ['gcloud', 'bigtable', 'instances', 'delete']
2023-02-19 04:09:04,720 DEBUG    root            Loaded Command Group: ['gcloud', 'bigtable', 'instances', 'update']
2023-02-19 04:09:04,722 DEBUG    root            No implementation for release track [GA] for element: [/Users/auxia/Library/Application Support/cloud-code/installer/google-cloud-sdk/lib/surface/bigtable/instances/config]
2023-02-19 04:09:04,722 DEBUG    root            Loaded Command Group: ['gcloud', 'bigtable', 'instances', 'tables']
2023-02-19 04:09:04,732 DEBUG    root            Loaded Command Group: ['gcloud', 'bigtable', 'instances', 'tables', 'create']
2023-02-19 04:09:04,738 DEBUG    root            Loaded Command Group: ['gcloud', 'bigtable', 'instances', 'tables', 'add_iam_policy_binding']
2023-02-19 04:09:04,744 DEBUG    root            Loaded Command Group: ['gcloud', 'bigtable', 'instances', 'tables', 'undelete']
2023-02-19 04:09:04,751 DEBUG    root            Loaded Command Group: ['gcloud', 'bigtable', 'instances', 'tables', 'set_iam_policy']
2023-02-19 04:09:04,754 DEBUG    root            Loaded Command Group: ['gcloud', 'bigtable', 'instances', 'tables', 'restore']
2023-02-19 04:09:04,771 DEBUG    root            Loaded Command Group: ['gcloud', 'bigtable', 'instances', 'tables', 'get_iam_policy']
2023-02-19 04:09:04,777 DEBUG    root            Loaded Command Group: ['gcloud', 'bigtable', 'instances', 'tables', 'remove_iam_policy_binding']
2023-02-19 04:09:04,780 DEBUG    root            Loaded Command Group: ['gcloud', 'bigtable', 'instances', 'tables', 'list']
2023-02-19 04:09:04,787 DEBUG    root            Loaded Command Group: ['gcloud', 'bigtable', 'instances', 'tables', 'describe']
2023-02-19 04:09:04,834 DEBUG    root            Loaded Command Group: ['gcloud', 'bigtable', 'instances', 'tables', 'delete']
2023-02-19 04:09:04,842 DEBUG    root            Loaded Command Group: ['gcloud', 'bigtable', 'instances', 'tables', 'update']
2023-02-19 04:09:04,846 DEBUG    root            No implementation for release track [GA] for element: [/Users/auxia/Library/Application Support/cloud-code/installer/google-cloud-sdk/lib/surface/bigtable/instances/tables/config]
2023-02-19 04:09:04,846 DEBUG    root            Loaded Command Group: ['gcloud', 'bigtable', 'hot_tablets']
2023-02-19 04:09:04,847 DEBUG    root            Loaded Command Group: ['gcloud', 'bigtable', 'hot-tablets', 'list']
2023-02-19 04:09:04,850 DEBUG    root            Loaded Command Group: ['gcloud', 'bigtable', 'backups']
2023-02-19 04:09:04,856 DEBUG    root            Loaded Command Group: ['gcloud', 'bigtable', 'backups', 'create']
2023-02-19 04:09:04,864 DEBUG    root            Loaded Command Group: ['gcloud', 'bigtable', 'backups', 'add_iam_policy_binding']
2023-02-19 04:09:04,871 DEBUG    root            Loaded Command Group: ['gcloud', 'bigtable', 'backups', 'set_iam_policy']
2023-02-19 04:09:04,879 DEBUG    root            Loaded Command Group: ['gcloud', 'bigtable', 'backups', 'get_iam_policy']
2023-02-19 04:09:04,889 DEBUG    root            Loaded Command Group: ['gcloud', 'bigtable', 'backups', 'remove_iam_policy_binding']
2023-02-19 04:09:04,894 DEBUG    root            Loaded Command Group: ['gcloud', 'bigtable', 'backups', 'list']
2023-02-19 04:09:04,901 DEBUG    root            Loaded Command Group: ['gcloud', 'bigtable', 'backups', 'describe']
2023-02-19 04:09:04,908 DEBUG    root            Loaded Command Group: ['gcloud', 'bigtable', 'backups', 'delete']
2023-02-19 04:09:04,914 DEBUG    root            No implementation for release track [GA] for element: [/Users/auxia/Library/Application Support/cloud-code/installer/google-cloud-sdk/lib/surface/bigtable/backups/copy]
2023-02-19 04:09:04,920 DEBUG    root            Loaded Command Group: ['gcloud', 'bigtable', 'backups', 'update']
2023-02-19 04:09:04,925 DEBUG    root            Loaded Command Group: ['gcloud', 'run']
2023-02-19 04:09:04,927 DEBUG    root            Loaded Command Group: ['gcloud', 'run', 'domain_mappings']
