2023-02-19 14:05:59,109 DEBUG    root            Loaded Command Group: ['gcloud', 'components']
2023-02-19 14:05:59,111 DEBUG    root            Loaded Command Group: ['gcloud', 'components', 'install']
2023-02-19 14:05:59,112 DEBUG    root            Running [gcloud.components.install] with arguments: [--quiet: "True", COMPONENT-IDS:7: "['alpha', 'beta', 'gke-gcloud-auth-plugin', 'kubectl', 'skaffold', 'minikube', 'gsutil']"]
2023-02-19 14:05:59,117 DEBUG    urllib3.connectionpool Starting new HTTPS connection (1): dl.google.com:443
2023-02-19 14:05:59,194 DEBUG    urllib3.connectionpool https://dl.google.com:443 "GET /dl/cloudsdk/channels/rapid/components-v418.0.0.json HTTP/1.1" 200 206156
2023-02-19 14:05:59,257 INFO     ___FILE_ONLY___ 

2023-02-19 14:05:59,257 INFO     ___FILE_ONLY___ 
Your current Google Cloud CLI version is: 418.0.0

2023-02-19 14:05:59,257 INFO     ___FILE_ONLY___ Installing components from version: 418.0.0

2023-02-19 14:05:59,257 INFO     ___FILE_ONLY___ 

2023-02-19 14:05:59,257 DEBUG    root            Chosen display Format:table[box,title="These components will be removed."](details.display_name:label=Name:align=left,version.version_string:label=Version:align=right,data.size.size(zero="",min=1048576):label=Size:align=right)
2023-02-19 14:05:59,258 DEBUG    root            Chosen display Format:table[box,title="These components will be updated."](details.display_name:label=Name:align=left,version.version_string:label=Version:align=right,data.size.size(zero="",min=1048576):label=Size:align=right)
2023-02-19 14:05:59,258 DEBUG    root            Chosen display Format:table[box,title="These components will be installed."](details.display_name:label=Name:align=left,version.version_string:label=Version:align=right,data.size.size(zero="",min=1048576):label=Size:align=right)
2023-02-19 14:05:59,259 INFO     ___FILE_ONLY___ ┌─────────────────────────────────────────────────┐
2023-02-19 14:05:59,259 INFO     ___FILE_ONLY___ 

2023-02-19 14:05:59,259 INFO     ___FILE_ONLY___ │       These components will be installed.       │
2023-02-19 14:05:59,259 INFO     ___FILE_ONLY___ 

2023-02-19 14:05:59,259 INFO     ___FILE_ONLY___ ├─────────────────────────┬────────────┬──────────┤
2023-02-19 14:05:59,259 INFO     ___FILE_ONLY___ 

2023-02-19 14:05:59,259 INFO     ___FILE_ONLY___ │           Name          │  Version   │   Size   │
2023-02-19 14:05:59,259 INFO     ___FILE_ONLY___ 

2023-02-19 14:05:59,259 INFO     ___FILE_ONLY___ ├─────────────────────────┼────────────┼──────────┤
2023-02-19 14:05:59,260 INFO     ___FILE_ONLY___ 

2023-02-19 14:05:59,260 INFO     ___FILE_ONLY___ │ 
2023-02-19 14:05:59,260 INFO     ___FILE_ONLY___ Minikube               
2023-02-19 14:05:59,260 INFO     ___FILE_ONLY___  
2023-02-19 14:05:59,260 INFO     ___FILE_ONLY___ │ 
2023-02-19 14:05:59,260 INFO     ___FILE_ONLY___     1.29.0
2023-02-19 14:05:59,260 INFO     ___FILE_ONLY___  
2023-02-19 14:05:59,260 INFO     ___FILE_ONLY___ │ 
2023-02-19 14:05:59,260 INFO     ___FILE_ONLY___ 31.3 MiB
2023-02-19 14:05:59,260 INFO     ___FILE_ONLY___  
2023-02-19 14:05:59,260 INFO     ___FILE_ONLY___ │
2023-02-19 14:05:59,260 INFO     ___FILE_ONLY___ 

2023-02-19 14:05:59,260 INFO     ___FILE_ONLY___ │ 
2023-02-19 14:05:59,260 INFO     ___FILE_ONLY___ Skaffold               
2023-02-19 14:05:59,260 INFO     ___FILE_ONLY___  
2023-02-19 14:05:59,260 INFO     ___FILE_ONLY___ │ 
2023-02-19 14:05:59,260 INFO     ___FILE_ONLY___      2.1.0
2023-02-19 14:05:59,260 INFO     ___FILE_ONLY___  
2023-02-19 14:05:59,260 INFO     ___FILE_ONLY___ │ 
2023-02-19 14:05:59,260 INFO     ___FILE_ONLY___ 20.0 MiB
2023-02-19 14:05:59,260 INFO     ___FILE_ONLY___  
2023-02-19 14:05:59,260 INFO     ___FILE_ONLY___ │
2023-02-19 14:05:59,260 INFO     ___FILE_ONLY___ 

2023-02-19 14:05:59,260 INFO     ___FILE_ONLY___ │ 
2023-02-19 14:05:59,260 INFO     ___FILE_ONLY___ gcloud Alpha Commands  
2023-02-19 14:05:59,260 INFO     ___FILE_ONLY___  
2023-02-19 14:05:59,260 INFO     ___FILE_ONLY___ │ 
2023-02-19 14:05:59,260 INFO     ___FILE_ONLY___ 2023.02.13
2023-02-19 14:05:59,260 INFO     ___FILE_ONLY___  
2023-02-19 14:05:59,260 INFO     ___FILE_ONLY___ │ 
2023-02-19 14:05:59,260 INFO     ___FILE_ONLY___  < 1 MiB
2023-02-19 14:05:59,260 INFO     ___FILE_ONLY___  
2023-02-19 14:05:59,260 INFO     ___FILE_ONLY___ │
2023-02-19 14:05:59,260 INFO     ___FILE_ONLY___ 

2023-02-19 14:05:59,260 INFO     ___FILE_ONLY___ │ 
2023-02-19 14:05:59,260 INFO     ___FILE_ONLY___ gcloud Beta Commands   
2023-02-19 14:05:59,260 INFO     ___FILE_ONLY___  
2023-02-19 14:05:59,260 INFO     ___FILE_ONLY___ │ 
2023-02-19 14:05:59,260 INFO     ___FILE_ONLY___ 2023.02.13
2023-02-19 14:05:59,260 INFO     ___FILE_ONLY___  
2023-02-19 14:05:59,260 INFO     ___FILE_ONLY___ │ 
2023-02-19 14:05:59,260 INFO     ___FILE_ONLY___  < 1 MiB
2023-02-19 14:05:59,260 INFO     ___FILE_ONLY___  
2023-02-19 14:05:59,260 INFO     ___FILE_ONLY___ │
2023-02-19 14:05:59,260 INFO     ___FILE_ONLY___ 

2023-02-19 14:05:59,260 INFO     ___FILE_ONLY___ │ 
2023-02-19 14:05:59,260 INFO     ___FILE_ONLY___ gcloud cli dependencies
2023-02-19 14:05:59,261 INFO     ___FILE_ONLY___  
2023-02-19 14:05:59,261 INFO     ___FILE_ONLY___ │ 
2023-02-19 14:05:59,261 INFO     ___FILE_ONLY___ 2021.04.16
2023-02-19 14:05:59,261 INFO     ___FILE_ONLY___  
2023-02-19 14:05:59,261 INFO     ___FILE_ONLY___ │ 
2023-02-19 14:05:59,261 INFO     ___FILE_ONLY___  < 1 MiB
2023-02-19 14:05:59,261 INFO     ___FILE_ONLY___  
2023-02-19 14:05:59,261 INFO     ___FILE_ONLY___ │
2023-02-19 14:05:59,261 INFO     ___FILE_ONLY___ 

2023-02-19 14:05:59,261 INFO     ___FILE_ONLY___ │ 
2023-02-19 14:05:59,261 INFO     ___FILE_ONLY___ gke-gcloud-auth-plugin 
2023-02-19 14:05:59,261 INFO     ___FILE_ONLY___  
2023-02-19 14:05:59,261 INFO     ___FILE_ONLY___ │ 
2023-02-19 14:05:59,261 INFO     ___FILE_ONLY___      0.4.0
2023-02-19 14:05:59,261 INFO     ___FILE_ONLY___  
2023-02-19 14:05:59,261 INFO     ___FILE_ONLY___ │ 
2023-02-19 14:05:59,261 INFO     ___FILE_ONLY___  7.1 MiB
2023-02-19 14:05:59,261 INFO     ___FILE_ONLY___  
2023-02-19 14:05:59,261 INFO     ___FILE_ONLY___ │
2023-02-19 14:05:59,261 INFO     ___FILE_ONLY___ 

2023-02-19 14:05:59,261 INFO     ___FILE_ONLY___ │ 
2023-02-19 14:05:59,261 INFO     ___FILE_ONLY___ kubectl                
2023-02-19 14:05:59,261 INFO     ___FILE_ONLY___  
2023-02-19 14:05:59,261 INFO     ___FILE_ONLY___ │ 
2023-02-19 14:05:59,261 INFO     ___FILE_ONLY___    1.24.10
2023-02-19 14:05:59,261 INFO     ___FILE_ONLY___  
2023-02-19 14:05:59,261 INFO     ___FILE_ONLY___ │ 
2023-02-19 14:05:59,261 INFO     ___FILE_ONLY___ 92.8 MiB
2023-02-19 14:05:59,261 INFO     ___FILE_ONLY___  
2023-02-19 14:05:59,261 INFO     ___FILE_ONLY___ │
2023-02-19 14:05:59,261 INFO     ___FILE_ONLY___ 

2023-02-19 14:05:59,261 INFO     ___FILE_ONLY___ │ 
2023-02-19 14:05:59,261 INFO     ___FILE_ONLY___ kubectl                
2023-02-19 14:05:59,261 INFO     ___FILE_ONLY___  
2023-02-19 14:05:59,261 INFO     ___FILE_ONLY___ │ 
2023-02-19 14:05:59,261 INFO     ___FILE_ONLY___    1.24.10
2023-02-19 14:05:59,261 INFO     ___FILE_ONLY___  
2023-02-19 14:05:59,261 INFO     ___FILE_ONLY___ │ 
2023-02-19 14:05:59,261 INFO     ___FILE_ONLY___  < 1 MiB
2023-02-19 14:05:59,261 INFO     ___FILE_ONLY___  
2023-02-19 14:05:59,261 INFO     ___FILE_ONLY___ │
2023-02-19 14:05:59,261 INFO     ___FILE_ONLY___ 

2023-02-19 14:05:59,261 INFO     ___FILE_ONLY___ └─────────────────────────┴────────────┴──────────┘
2023-02-19 14:05:59,261 INFO     ___FILE_ONLY___ 

2023-02-19 14:05:59,261 INFO     ___FILE_ONLY___ 

2023-02-19 14:05:59,263 DEBUG    urllib3.connectionpool Starting new HTTPS connection (1): dl.google.com:443
2023-02-19 14:05:59,338 DEBUG    urllib3.connectionpool https://dl.google.com:443 "GET /dl/cloudsdk/channels/rapid/RELEASE_NOTES HTTP/1.1" 200 951663
2023-02-19 14:05:59,577 INFO     ___FILE_ONLY___ For the latest full release notes, please visit:
  https://cloud.google.com/sdk/release_notes


2023-02-19 14:05:59,585 INFO     ___FILE_ONLY___ ╔════════════════════════════════════════════════════════════╗

2023-02-19 14:05:59,586 INFO     ___FILE_ONLY___ ╠═ Creating update staging area                             ═╣

2023-02-19 14:05:59,586 INFO     ___FILE_ONLY___ ╚
2023-02-19 14:05:59,586 INFO     ___FILE_ONLY___ ══════
2023-02-19 14:06:00,868 INFO     ___FILE_ONLY___ ══════
2023-02-19 14:06:00,869 INFO     ___FILE_ONLY___ ══════
2023-02-19 14:06:01,199 INFO     ___FILE_ONLY___ ═
2023-02-19 14:06:01,329 INFO     ___FILE_ONLY___ ═
2023-02-19 14:06:01,461 INFO     ___FILE_ONLY___ ═
2023-02-19 14:06:01,638 INFO     ___FILE_ONLY___ ═
2023-02-19 14:06:01,797 INFO     ___FILE_ONLY___ ═
2023-02-19 14:06:01,924 INFO     ___FILE_ONLY___ ═
2023-02-19 14:06:02,078 INFO     ___FILE_ONLY___ ═
2023-02-19 14:06:02,243 INFO     ___FILE_ONLY___ ═
2023-02-19 14:06:02,477 INFO     ___FILE_ONLY___ ═
2023-02-19 14:06:02,602 INFO     ___FILE_ONLY___ ═
2023-02-19 14:06:02,725 INFO     ___FILE_ONLY___ ═
2023-02-19 14:06:02,902 INFO     ___FILE_ONLY___ ═
2023-02-19 14:06:02,999 INFO     ___FILE_ONLY___ ═
2023-02-19 14:06:03,115 INFO     ___FILE_ONLY___ ═
2023-02-19 14:06:03,224 INFO     ___FILE_ONLY___ ═
2023-02-19 14:06:03,499 INFO     ___FILE_ONLY___ ═
2023-02-19 14:06:03,597 INFO     ___FILE_ONLY___ ═
2023-02-19 14:06:03,721 INFO     ___FILE_ONLY___ ═
2023-02-19 14:06:03,857 INFO     ___FILE_ONLY___ ═
2023-02-19 14:06:03,953 INFO     ___FILE_ONLY___ ═
2023-02-19 14:06:04,023 INFO     ___FILE_ONLY___ ═
2023-02-19 14:06:04,118 INFO     ___FILE_ONLY___ ═
2023-02-19 14:06:04,183 INFO     ___FILE_ONLY___ ═
2023-02-19 14:06:04,309 INFO     ___FILE_ONLY___ ═
2023-02-19 14:06:04,403 INFO     ___FILE_ONLY___ ═
2023-02-19 14:06:04,505 INFO     ___FILE_ONLY___ ═
2023-02-19 14:06:04,614 INFO     ___FILE_ONLY___ ═
2023-02-19 14:06:04,726 INFO     ___FILE_ONLY___ ═
2023-02-19 14:06:04,833 INFO     ___FILE_ONLY___ ═
2023-02-19 14:06:04,943 INFO     ___FILE_ONLY___ ═
2023-02-19 14:06:05,054 INFO     ___FILE_ONLY___ ═
2023-02-19 14:06:05,186 INFO     ___FILE_ONLY___ ═
2023-02-19 14:06:05,310 INFO     ___FILE_ONLY___ ═
2023-02-19 14:06:05,436 INFO     ___FILE_ONLY___ ═
2023-02-19 14:06:05,541 INFO     ___FILE_ONLY___ ═
2023-02-19 14:06:05,646 INFO     ___FILE_ONLY___ ═
2023-02-19 14:06:05,812 INFO     ___FILE_ONLY___ ═
2023-02-19 14:06:05,896 INFO     ___FILE_ONLY___ ═
2023-02-19 14:06:06,029 INFO     ___FILE_ONLY___ ═
2023-02-19 14:06:06,139 INFO     ___FILE_ONLY___ ═
2023-02-19 14:06:06,246 INFO     ___FILE_ONLY___ ═
2023-02-19 14:06:06,350 INFO     ___FILE_ONLY___ ═
2023-02-19 14:06:06,350 INFO     ___FILE_ONLY___ ╝

2023-02-19 14:06:10,904 INFO     ___FILE_ONLY___ ╔════════════════════════════════════════════════════════════╗

2023-02-19 14:06:10,904 INFO     ___FILE_ONLY___ ╠═ Installing: Minikube                                     ═╣

2023-02-19 14:06:10,904 INFO     ___FILE_ONLY___ ╚
2023-02-19 14:06:10,906 DEBUG    urllib3.connectionpool Starting new HTTPS connection (1): dl.google.com:443
2023-02-19 14:06:11,020 DEBUG    urllib3.connectionpool https://dl.google.com:443 "GET /dl/cloudsdk/channels/rapid/components/google-cloud-sdk-minikube-darwin-arm-20230130152419.tar.gz HTTP/1.1" 200 32825665
2023-02-19 14:06:14,177 INFO     ___FILE_ONLY___ ═
2023-02-19 14:06:14,179 INFO     ___FILE_ONLY___ ═
2023-02-19 14:06:14,180 INFO     ___FILE_ONLY___ ═
2023-02-19 14:06:14,181 INFO     ___FILE_ONLY___ ═
2023-02-19 14:06:14,182 INFO     ___FILE_ONLY___ ═
2023-02-19 14:06:14,183 INFO     ___FILE_ONLY___ ═
2023-02-19 14:06:14,185 INFO     ___FILE_ONLY___ ═
2023-02-19 14:06:14,186 INFO     ___FILE_ONLY___ ═
2023-02-19 14:06:14,187 INFO     ___FILE_ONLY___ ═
2023-02-19 14:06:14,188 INFO     ___FILE_ONLY___ ═
2023-02-19 14:06:14,189 INFO     ___FILE_ONLY___ ═
2023-02-19 14:06:14,190 INFO     ___FILE_ONLY___ ═
2023-02-19 14:06:14,191 INFO     ___FILE_ONLY___ ═
2023-02-19 14:06:14,193 INFO     ___FILE_ONLY___ ═
2023-02-19 14:06:14,194 INFO     ___FILE_ONLY___ ═
2023-02-19 14:06:14,195 INFO     ___FILE_ONLY___ ═
2023-02-19 14:06:14,196 INFO     ___FILE_ONLY___ ═
2023-02-19 14:06:14,197 INFO     ___FILE_ONLY___ ═
2023-02-19 14:06:14,198 INFO     ___FILE_ONLY___ ═
2023-02-19 14:06:14,199 INFO     ___FILE_ONLY___ ═
2023-02-19 14:06:14,199 INFO     ___FILE_ONLY___ ═
2023-02-19 14:06:14,200 INFO     ___FILE_ONLY___ ═
2023-02-19 14:06:14,201 INFO     ___FILE_ONLY___ ═
2023-02-19 14:06:14,202 INFO     ___FILE_ONLY___ ═
2023-02-19 14:06:14,203 INFO     ___FILE_ONLY___ ═
2023-02-19 14:06:14,204 INFO     ___FILE_ONLY___ ═
2023-02-19 14:06:14,205 INFO     ___FILE_ONLY___ ═
2023-02-19 14:06:14,205 INFO     ___FILE_ONLY___ ═
2023-02-19 14:06:14,206 INFO     ___FILE_ONLY___ ═
2023-02-19 14:06:14,207 INFO     ___FILE_ONLY___ ═
2023-02-19 14:06:14,698 INFO     ___FILE_ONLY___ ══════════════════════════════
2023-02-19 14:06:14,698 INFO     ___FILE_ONLY___ ╝

2023-02-19 14:06:14,708 INFO     ___FILE_ONLY___ ╔════════════════════════════════════════════════════════════╗

2023-02-19 14:06:14,709 INFO     ___FILE_ONLY___ ╠═ Installing: Minikube                                     ═╣

2023-02-19 14:06:14,709 INFO     ___FILE_ONLY___ ╚
2023-02-19 14:06:14,710 INFO     ___FILE_ONLY___ ════════════════════════════════════════════════════════════
2023-02-19 14:06:14,710 INFO     ___FILE_ONLY___ ╝

2023-02-19 14:06:14,718 INFO     ___FILE_ONLY___ ╔════════════════════════════════════════════════════════════╗

2023-02-19 14:06:14,718 INFO     ___FILE_ONLY___ ╠═ Installing: Skaffold                                     ═╣

2023-02-19 14:06:14,718 INFO     ___FILE_ONLY___ ╚
2023-02-19 14:06:14,720 INFO     ___FILE_ONLY___ ════════════════════════════════════════════════════════════
2023-02-19 14:06:14,720 INFO     ___FILE_ONLY___ ╝

2023-02-19 14:06:14,726 INFO     ___FILE_ONLY___ ╔════════════════════════════════════════════════════════════╗

2023-02-19 14:06:14,727 INFO     ___FILE_ONLY___ ╠═ Installing: Skaffold                                     ═╣

2023-02-19 14:06:14,727 INFO     ___FILE_ONLY___ ╚
2023-02-19 14:06:14,729 DEBUG    urllib3.connectionpool Starting new HTTPS connection (1): dl.google.com:443
2023-02-19 14:06:14,978 DEBUG    urllib3.connectionpool https://dl.google.com:443 "GET /dl/cloudsdk/channels/rapid/components/google-cloud-sdk-skaffold-darwin-arm-20230130152419.tar.gz HTTP/1.1" 200 20943763
2023-02-19 14:06:17,739 INFO     ___FILE_ONLY___ ═
2023-02-19 14:06:17,740 INFO     ___FILE_ONLY___ ═
2023-02-19 14:06:17,741 INFO     ___FILE_ONLY___ ═
2023-02-19 14:06:17,742 INFO     ___FILE_ONLY___ ═
2023-02-19 14:06:17,742 INFO     ___FILE_ONLY___ ═
2023-02-19 14:06:17,743 INFO     ___FILE_ONLY___ ═
2023-02-19 14:06:17,744 INFO     ___FILE_ONLY___ ═
2023-02-19 14:06:17,745 INFO     ___FILE_ONLY___ ═
2023-02-19 14:06:17,746 INFO     ___FILE_ONLY___ ═
2023-02-19 14:06:17,747 INFO     ___FILE_ONLY___ ═
2023-02-19 14:06:17,747 INFO     ___FILE_ONLY___ ═
2023-02-19 14:06:17,748 INFO     ___FILE_ONLY___ ═
2023-02-19 14:06:17,750 INFO     ___FILE_ONLY___ ═
2023-02-19 14:06:17,751 INFO     ___FILE_ONLY___ ═
2023-02-19 14:06:17,751 INFO     ___FILE_ONLY___ ═
2023-02-19 14:06:17,752 INFO     ___FILE_ONLY___ ═
2023-02-19 14:06:17,753 INFO     ___FILE_ONLY___ ═
2023-02-19 14:06:17,753 INFO     ___FILE_ONLY___ ═
2023-02-19 14:06:17,754 INFO     ___FILE_ONLY___ ═
2023-02-19 14:06:17,755 INFO     ___FILE_ONLY___ ═
2023-02-19 14:06:17,755 INFO     ___FILE_ONLY___ ═
2023-02-19 14:06:17,756 INFO     ___FILE_ONLY___ ═
2023-02-19 14:06:17,757 INFO     ___FILE_ONLY___ ═
2023-02-19 14:06:17,757 INFO     ___FILE_ONLY___ ═
2023-02-19 14:06:17,758 INFO     ___FILE_ONLY___ ═
2023-02-19 14:06:17,759 INFO     ___FILE_ONLY___ ═
2023-02-19 14:06:17,759 INFO     ___FILE_ONLY___ ═
2023-02-19 14:06:17,760 INFO     ___FILE_ONLY___ ═
2023-02-19 14:06:17,760 INFO     ___FILE_ONLY___ ═
2023-02-19 14:06:17,761 INFO     ___FILE_ONLY___ ═
2023-02-19 14:06:18,227 INFO     ___FILE_ONLY___ ══════════════════════════════
2023-02-19 14:06:18,227 INFO     ___FILE_ONLY___ ╝

2023-02-19 14:06:18,237 INFO     ___FILE_ONLY___ ╔════════════════════════════════════════════════════════════╗

2023-02-19 14:06:18,238 INFO     ___FILE_ONLY___ ╠═ Installing: gcloud Alpha Commands                        ═╣

2023-02-19 14:06:18,238 INFO     ___FILE_ONLY___ ╚
2023-02-19 14:06:18,240 DEBUG    urllib3.connectionpool Starting new HTTPS connection (1): dl.google.com:443
2023-02-19 14:06:18,310 DEBUG    urllib3.connectionpool https://dl.google.com:443 "GET /dl/cloudsdk/channels/rapid/components/google-cloud-sdk-alpha-20230213205029.tar.gz HTTP/1.1" 200 800
2023-02-19 14:06:18,310 INFO     ___FILE_ONLY___ ══════════════════════════════
2023-02-19 14:06:18,311 INFO     ___FILE_ONLY___ ══════════════════════════════
2023-02-19 14:06:18,311 INFO     ___FILE_ONLY___ ╝

2023-02-19 14:06:18,321 INFO     ___FILE_ONLY___ ╔════════════════════════════════════════════════════════════╗

2023-02-19 14:06:18,322 INFO     ___FILE_ONLY___ ╠═ Installing: gcloud Beta Commands                         ═╣

2023-02-19 14:06:18,322 INFO     ___FILE_ONLY___ ╚
2023-02-19 14:06:18,324 DEBUG    urllib3.connectionpool Starting new HTTPS connection (1): dl.google.com:443
2023-02-19 14:06:18,395 DEBUG    urllib3.connectionpool https://dl.google.com:443 "GET /dl/cloudsdk/channels/rapid/components/google-cloud-sdk-beta-20230213205029.tar.gz HTTP/1.1" 200 797
2023-02-19 14:06:18,395 INFO     ___FILE_ONLY___ ══════════════════════════════
2023-02-19 14:06:18,396 INFO     ___FILE_ONLY___ ══════════════════════════════
2023-02-19 14:06:18,396 INFO     ___FILE_ONLY___ ╝

2023-02-19 14:06:18,408 INFO     ___FILE_ONLY___ ╔════════════════════════════════════════════════════════════╗

2023-02-19 14:06:18,409 INFO     ___FILE_ONLY___ ╠═ Installing: gcloud cli dependencies                      ═╣

2023-02-19 14:06:18,409 INFO     ___FILE_ONLY___ ╚
2023-02-19 14:06:18,411 DEBUG    urllib3.connectionpool Starting new HTTPS connection (1): dl.google.com:443
2023-02-19 14:06:18,518 DEBUG    urllib3.connectionpool https://dl.google.com:443 "GET /dl/cloudsdk/channels/rapid/components/google-cloud-sdk-gcloud-deps-darwin-x86_64-20210416153011.tar.gz HTTP/1.1" 200 105
2023-02-19 14:06:18,519 INFO     ___FILE_ONLY___ ══════════════════════════════
2023-02-19 14:06:18,519 INFO     ___FILE_ONLY___ ══════════════════════════════
2023-02-19 14:06:18,520 INFO     ___FILE_ONLY___ ╝

2023-02-19 14:06:18,539 INFO     ___FILE_ONLY___ ╔════════════════════════════════════════════════════════════╗

2023-02-19 14:06:18,539 INFO     ___FILE_ONLY___ ╠═ Installing: gke-gcloud-auth-plugin                       ═╣

2023-02-19 14:06:18,539 INFO     ___FILE_ONLY___ ╚
2023-02-19 14:06:18,543 DEBUG    urllib3.connectionpool Starting new HTTPS connection (1): dl.google.com:443
2023-02-19 14:06:18,666 DEBUG    urllib3.connectionpool https://dl.google.com:443 "GET /dl/cloudsdk/channels/rapid/components/google-cloud-sdk-gke-gcloud-auth-plugin-darwin-arm-20221014224505.tar.gz HTTP/1.1" 200 7477444
2023-02-19 14:06:19,827 INFO     ___FILE_ONLY___ ═
2023-02-19 14:06:19,827 INFO     ___FILE_ONLY___ ═
2023-02-19 14:06:19,828 INFO     ___FILE_ONLY___ ═
2023-02-19 14:06:19,828 INFO     ___FILE_ONLY___ ═
2023-02-19 14:06:19,828 INFO     ___FILE_ONLY___ ═
2023-02-19 14:06:19,829 INFO     ___FILE_ONLY___ ═
2023-02-19 14:06:19,829 INFO     ___FILE_ONLY___ ═
2023-02-19 14:06:19,829 INFO     ___FILE_ONLY___ ═
2023-02-19 14:06:19,830 INFO     ___FILE_ONLY___ ═
2023-02-19 14:06:19,830 INFO     ___FILE_ONLY___ ═
2023-02-19 14:06:19,831 INFO     ___FILE_ONLY___ ═
2023-02-19 14:06:19,831 INFO     ___FILE_ONLY___ ═
2023-02-19 14:06:19,831 INFO     ___FILE_ONLY___ ═
2023-02-19 14:06:19,832 INFO     ___FILE_ONLY___ ═
2023-02-19 14:06:19,832 INFO     ___FILE_ONLY___ ═
2023-02-19 14:06:19,832 INFO     ___FILE_ONLY___ ═
2023-02-19 14:06:19,832 INFO     ___FILE_ONLY___ ═
2023-02-19 14:06:19,833 INFO     ___FILE_ONLY___ ═
2023-02-19 14:06:19,833 INFO     ___FILE_ONLY___ ═
2023-02-19 14:06:19,834 INFO     ___FILE_ONLY___ ═
2023-02-19 14:06:19,834 INFO     ___FILE_ONLY___ ═
2023-02-19 14:06:19,834 INFO     ___FILE_ONLY___ ═
2023-02-19 14:06:19,835 INFO     ___FILE_ONLY___ ═
2023-02-19 14:06:19,835 INFO     ___FILE_ONLY___ ═
2023-02-19 14:06:19,835 INFO     ___FILE_ONLY___ ═
2023-02-19 14:06:19,836 INFO     ___FILE_ONLY___ ═
2023-02-19 14:06:19,836 INFO     ___FILE_ONLY___ ═
2023-02-19 14:06:19,836 INFO     ___FILE_ONLY___ ═
2023-02-19 14:06:19,837 INFO     ___FILE_ONLY___ ═
2023-02-19 14:06:19,838 INFO     ___FILE_ONLY___ ═
2023-02-19 14:06:19,961 INFO     ___FILE_ONLY___ ══════════════════════════════
2023-02-19 14:06:19,962 INFO     ___FILE_ONLY___ ╝

2023-02-19 14:06:19,972 INFO     ___FILE_ONLY___ ╔════════════════════════════════════════════════════════════╗

2023-02-19 14:06:19,972 INFO     ___FILE_ONLY___ ╠═ Installing: gke-gcloud-auth-plugin                       ═╣

2023-02-19 14:06:19,972 INFO     ___FILE_ONLY___ ╚
2023-02-19 14:06:19,974 INFO     ___FILE_ONLY___ ════════════════════════════════════════════════════════════
2023-02-19 14:06:19,974 INFO     ___FILE_ONLY___ ╝

2023-02-19 14:06:19,981 INFO     ___FILE_ONLY___ ╔════════════════════════════════════════════════════════════╗

2023-02-19 14:06:19,982 INFO     ___FILE_ONLY___ ╠═ Installing: kubectl                                      ═╣

2023-02-19 14:06:19,982 INFO     ___FILE_ONLY___ ╚
2023-02-19 14:06:19,986 DEBUG    urllib3.connectionpool Starting new HTTPS connection (1): dl.google.com:443
2023-02-19 14:06:20,110 DEBUG    urllib3.connectionpool https://dl.google.com:443 "GET /dl/cloudsdk/channels/rapid/components/google-cloud-sdk-kubectl-darwin-arm-20230130152419.tar.gz HTTP/1.1" 200 97288783
2023-02-19 14:06:34,793 INFO     ___FILE_ONLY___ ═
2023-02-19 14:06:34,796 INFO     ___FILE_ONLY___ ═
2023-02-19 14:06:34,799 INFO     ___FILE_ONLY___ ═
2023-02-19 14:06:34,801 INFO     ___FILE_ONLY___ ═
2023-02-19 14:06:34,803 INFO     ___FILE_ONLY___ ═
2023-02-19 14:06:34,805 INFO     ___FILE_ONLY___ ═
2023-02-19 14:06:34,807 INFO     ___FILE_ONLY___ ═
2023-02-19 14:06:34,809 INFO     ___FILE_ONLY___ ═
2023-02-19 14:06:34,811 INFO     ___FILE_ONLY___ ═
2023-02-19 14:06:34,812 INFO     ___FILE_ONLY___ ═
2023-02-19 14:06:34,814 INFO     ___FILE_ONLY___ ═
2023-02-19 14:06:34,816 INFO     ___FILE_ONLY___ ═
2023-02-19 14:06:34,817 INFO     ___FILE_ONLY___ ═
2023-02-19 14:06:34,819 INFO     ___FILE_ONLY___ ═
2023-02-19 14:06:34,821 INFO     ___FILE_ONLY___ ═
2023-02-19 14:06:34,823 INFO     ___FILE_ONLY___ ═
2023-02-19 14:06:34,825 INFO     ___FILE_ONLY___ ═
2023-02-19 14:06:34,826 INFO     ___FILE_ONLY___ ═
2023-02-19 14:06:34,828 INFO     ___FILE_ONLY___ ═
2023-02-19 14:06:34,830 INFO     ___FILE_ONLY___ ═
2023-02-19 14:06:34,832 INFO     ___FILE_ONLY___ ═
2023-02-19 14:06:34,834 INFO     ___FILE_ONLY___ ═
2023-02-19 14:06:34,835 INFO     ___FILE_ONLY___ ═
2023-02-19 14:06:34,837 INFO     ___FILE_ONLY___ ═
2023-02-19 14:06:34,838 INFO     ___FILE_ONLY___ ═
2023-02-19 14:06:34,840 INFO     ___FILE_ONLY___ ═
2023-02-19 14:06:34,842 INFO     ___FILE_ONLY___ ═
2023-02-19 14:06:34,843 INFO     ___FILE_ONLY___ ═
2023-02-19 14:06:34,845 INFO     ___FILE_ONLY___ ═
2023-02-19 14:06:34,846 INFO     ___FILE_ONLY___ ═
2023-02-19 14:06:35,957 INFO     ___FILE_ONLY___ ════
2023-02-19 14:06:36,119 INFO     ___FILE_ONLY___ ════
2023-02-19 14:06:36,282 INFO     ___FILE_ONLY___ ════
2023-02-19 14:06:36,443 INFO     ___FILE_ONLY___ ═════
2023-02-19 14:06:36,606 INFO     ___FILE_ONLY___ ════
2023-02-19 14:06:36,767 INFO     ___FILE_ONLY___ ════
2023-02-19 14:06:36,940 INFO     ___FILE_ONLY___ ═════
2023-02-19 14:06:36,940 INFO     ___FILE_ONLY___ ╝

2023-02-19 14:06:36,954 INFO     ___FILE_ONLY___ ╔════════════════════════════════════════════════════════════╗

2023-02-19 14:06:36,954 INFO     ___FILE_ONLY___ ╠═ Installing: kubectl                                      ═╣

2023-02-19 14:06:36,954 INFO     ___FILE_ONLY___ ╚
2023-02-19 14:06:36,956 DEBUG    urllib3.connectionpool Starting new HTTPS connection (1): dl.google.com:443
2023-02-19 14:06:37,027 DEBUG    urllib3.connectionpool https://dl.google.com:443 "GET /dl/cloudsdk/channels/rapid/components/google-cloud-sdk-kubectl-20230130152419.tar.gz HTTP/1.1" 200 35452
2023-02-19 14:06:37,051 INFO     ___FILE_ONLY___ ═════════════
2023-02-19 14:06:37,051 INFO     ___FILE_ONLY___ ══════════════
2023-02-19 14:06:37,051 INFO     ___FILE_ONLY___ ═══
2023-02-19 14:06:37,054 INFO     ___FILE_ONLY___ ══════════════════════════════
2023-02-19 14:06:37,054 INFO     ___FILE_ONLY___ ╝

2023-02-19 14:06:37,065 INFO     ___FILE_ONLY___ ╔════════════════════════════════════════════════════════════╗

2023-02-19 14:06:37,065 INFO     ___FILE_ONLY___ ╠═ Creating backup and activating new installation          ═╣

2023-02-19 14:06:37,065 INFO     ___FILE_ONLY___ ╚
2023-02-19 14:06:37,065 DEBUG    root            Attempting to move directory [/Users/auxia/Library/Application Support/cloud-code/installer/google-cloud-sdk] to [/Users/auxia/Library/Application Support/cloud-code/installer/google-cloud-sdk.staging/.install/.backup]
2023-02-19 14:06:37,065 INFO     ___FILE_ONLY___ ══════════════════════════════
2023-02-19 14:06:37,065 DEBUG    root            Attempting to move directory [/Users/auxia/Library/Application Support/cloud-code/installer/google-cloud-sdk.staging] to [/Users/auxia/Library/Application Support/cloud-code/installer/google-cloud-sdk]
2023-02-19 14:06:37,066 INFO     ___FILE_ONLY___ ══════════════════════════════
2023-02-19 14:06:37,066 INFO     ___FILE_ONLY___ ╝

2023-02-19 14:06:37,070 DEBUG    root            Updating notification cache...
2023-02-19 14:06:37,070 INFO     ___FILE_ONLY___ 

2023-02-19 14:06:37,077 INFO     ___FILE_ONLY___ Performing post processing steps...
2023-02-19 14:06:37,077 DEBUG    root            Executing command: ['/Users/auxia/miniconda3/bin/python3', '-S', '/Users/auxia/Library/Application Support/cloud-code/installer/google-cloud-sdk/lib/gcloud.py', 'components', 'post-process']
2023-02-19 14:06:49,518 DEBUG    ___FILE_ONLY___ 
2023-02-19 14:06:49,518 DEBUG    ___FILE_ONLY___ 
2023-02-19 14:06:49,532 INFO     ___FILE_ONLY___ 
Update done!


2023-02-19 14:06:49,536 WARNING  root              There are other instances of Google Cloud tools on your system PATH.
  Please remove the following to avoid confusion or accidental invocation:

  /Applications/Docker.app/Contents/Resources/bin/kubectl

  
2023-02-19 14:06:49,541 DEBUG    root            Chosen display Format:none
2023-02-19 14:06:49,541 INFO     root            Display format: "none"
