2023-02-19 14:04:44,986 DEBUG    root            Loaded Command Group: ['gcloud', 'auth']
2023-02-19 14:04:44,986 DEBUG    root            Loaded Command Group: ['gcloud', 'auth']
2023-02-19 14:04:44,988 DEBUG    root            Loaded Command Group: ['gcloud', 'auth', 'list']
2023-02-19 14:04:44,988 DEBUG    root            Loaded Command Group: ['gcloud', 'auth', 'list']
2023-02-19 14:04:44,989 DEBUG    root            Running [gcloud.auth.list] with arguments: [--filter: "status=ACTIVE", --format: "value(account)", --quiet: "True", --verbosity: "warning"]
2023-02-19 14:04:44,989 DEBUG    root            Running [gcloud.auth.list] with arguments: [--filter: "status=ACTIVE", --format: "value(account)", --quiet: "True", --verbosity: "warning"]
2023-02-19 14:04:44,991 DEBUG    root            Chosen display Format:    table[title='Credentialed Accounts'](
        status.yesno(yes='*', no=''):label=ACTIVE,
        account
    ) value(account)
2023-02-19 14:04:44,991 DEBUG    root            Chosen display Format:    table[title='Credentialed Accounts'](
        status.yesno(yes='*', no=''):label=ACTIVE,
        account
    ) value(account)
2023-02-19 14:04:44,991 INFO     root            Display format: "    table[title='Credentialed Accounts'](
        status.yesno(yes='*', no=''):label=ACTIVE,
        account
    ) value(account)"
2023-02-19 14:04:44,991 INFO     root            Display format: "    table[title='Credentialed Accounts'](
        status.yesno(yes='*', no=''):label=ACTIVE,
        account
    ) value(account)"
2023-02-19 14:04:44,991 WARNING  root            The following filter keys were not present in any resource : status
2023-02-19 14:04:44,991 WARNING  root            The following filter keys were not present in any resource : status
