2023-02-19 21:29:26,556 DEBUG    root            Loaded Command Group: ['gcloud', 'meta']
2023-02-19 21:29:26,564 DEBUG    root            Loaded Command Group: ['gcloud', 'meta', 'list_commands']
2023-02-19 21:29:26,567 DEBUG    root            Running [gcloud.meta.list-commands] with arguments: []
2023-02-19 21:29:26,569 DEBUG    root            Loaded Command Group: ['gcloud', 'logging']
2023-02-19 21:29:26,575 DEBUG    root            Loaded Command Group: ['gcloud', 'logging', 'locations']
2023-02-19 21:29:26,581 DEBUG    root            Loaded Command Group: ['gcloud', 'logging', 'locations', 'describe']
2023-02-19 21:29:26,584 DEBUG    root            Loaded Command Group: ['gcloud', 'logging', 'locations', 'list']
2023-02-19 21:29:26,590 DEBUG    root            Loaded Command Group: ['gcloud', 'logging', 'read']
2023-02-19 21:29:26,593 DEBUG    root            Loaded Command Group: ['gcloud', 'logging', 'redact']
2023-02-19 21:29:26,597 DEBUG    root            No implementation for release track [GA] for element: [/Users/auxia/Library/Application Support/cloud-code/installer/google-cloud-sdk/lib/surface/logging/tail]
2023-02-19 21:29:26,598 DEBUG    root            Loaded Command Group: ['gcloud', 'logging', 'metrics']
2023-02-19 21:29:26,601 DEBUG    root            Loaded Command Group: ['gcloud', 'logging', 'metrics', 'delete']
2023-02-19 21:29:26,603 DEBUG    root            Loaded Command Group: ['gcloud', 'logging', 'metrics', 'update']
2023-02-19 21:29:26,605 DEBUG    root            Loaded Command Group: ['gcloud', 'logging', 'metrics', 'describe']
2023-02-19 21:29:26,609 DEBUG    root            Loaded Command Group: ['gcloud', 'logging', 'metrics', 'create']
2023-02-19 21:29:26,612 DEBUG    root            Loaded Command Group: ['gcloud', 'logging', 'metrics', 'list']
2023-02-19 21:29:26,614 DEBUG    root            Loaded Command Group: ['gcloud', 'logging', 'buckets']
2023-02-19 21:29:26,617 DEBUG    root            Loaded Command Group: ['gcloud', 'logging', 'buckets', 'undelete']
2023-02-19 21:29:26,620 DEBUG    root            Loaded Command Group: ['gcloud', 'logging', 'buckets', 'delete']
2023-02-19 21:29:26,623 DEBUG    root            Loaded Command Group: ['gcloud', 'logging', 'buckets', 'move']
2023-02-19 21:29:26,625 DEBUG    root            Loaded Command Group: ['gcloud', 'logging', 'buckets', 'update']
2023-02-19 21:29:26,628 DEBUG    root            Loaded Command Group: ['gcloud', 'logging', 'buckets', 'describe']
2023-02-19 21:29:26,631 DEBUG    root            Loaded Command Group: ['gcloud', 'logging', 'buckets', 'create']
2023-02-19 21:29:26,633 DEBUG    root            Loaded Command Group: ['gcloud', 'logging', 'buckets', 'list']
2023-02-19 21:29:26,635 DEBUG    root            Loaded Command Group: ['gcloud', 'logging', 'logs']
2023-02-19 21:29:26,638 DEBUG    root            Loaded Command Group: ['gcloud', 'logging', 'logs', 'delete']
2023-02-19 21:29:26,640 DEBUG    root            Loaded Command Group: ['gcloud', 'logging', 'logs', 'list']
2023-02-19 21:29:26,643 DEBUG    root            Loaded Command Group: ['gcloud', 'logging', 'sinks']
2023-02-19 21:29:26,646 DEBUG    root            Loaded Command Group: ['gcloud', 'logging', 'sinks', 'delete']
2023-02-19 21:29:26,648 DEBUG    root            Loaded Command Group: ['gcloud', 'logging', 'sinks', 'update']
2023-02-19 21:29:26,655 DEBUG    root            Loaded Command Group: ['gcloud', 'logging', 'sinks', 'describe']
2023-02-19 21:29:26,658 DEBUG    root            Loaded Command Group: ['gcloud', 'logging', 'sinks', 'create']
2023-02-19 21:29:26,662 DEBUG    root            Loaded Command Group: ['gcloud', 'logging', 'sinks', 'list']
2023-02-19 21:29:26,665 DEBUG    root            Loaded Command Group: ['gcloud', 'logging', 'write']
2023-02-19 21:29:26,668 DEBUG    root            Loaded Command Group: ['gcloud', 'logging', 'copy']
2023-02-19 21:29:26,670 DEBUG    root            Loaded Command Group: ['gcloud', 'logging', 'operations']
2023-02-19 21:29:26,673 DEBUG    root            Loaded Command Group: ['gcloud', 'logging', 'operations', 'list']
2023-02-19 21:29:26,676 DEBUG    root            Loaded Command Group: ['gcloud', 'logging', 'operations', 'describe']
2023-02-19 21:29:26,678 DEBUG    root            Loaded Command Group: ['gcloud', 'logging', 'operations', 'cancel']
2023-02-19 21:29:26,681 DEBUG    root            Loaded Command Group: ['gcloud', 'logging', 'cmek_settings']
2023-02-19 21:29:26,687 DEBUG    root            Loaded Command Group: ['gcloud', 'logging', 'cmek-settings', 'update']
2023-02-19 21:29:26,722 DEBUG    root            Loaded Command Group: ['gcloud', 'logging', 'cmek-settings', 'describe']
2023-02-19 21:29:26,724 DEBUG    root            Loaded Command Group: ['gcloud', 'logging', 'settings']
2023-02-19 21:29:26,727 DEBUG    root            Loaded Command Group: ['gcloud', 'logging', 'settings', 'update']
2023-02-19 21:29:26,743 DEBUG    root            Loaded Command Group: ['gcloud', 'logging', 'settings', 'describe']
2023-02-19 21:29:26,747 DEBUG    root            Loaded Command Group: ['gcloud', 'logging', 'views']
2023-02-19 21:29:26,750 DEBUG    root            Loaded Command Group: ['gcloud', 'logging', 'views', 'delete']
2023-02-19 21:29:26,753 DEBUG    root            Loaded Command Group: ['gcloud', 'logging', 'views', 'update']
2023-02-19 21:29:26,755 DEBUG    root            Loaded Command Group: ['gcloud', 'logging', 'views', 'describe']
2023-02-19 21:29:26,759 DEBUG    root            Loaded Command Group: ['gcloud', 'logging', 'views', 'create']
2023-02-19 21:29:26,764 DEBUG    root            Loaded Command Group: ['gcloud', 'logging', 'views', 'list']
2023-02-19 21:29:26,766 DEBUG    root            Loaded Command Group: ['gcloud', 'logging', 'resource_descriptors']
2023-02-19 21:29:26,770 DEBUG    root            Loaded Command Group: ['gcloud', 'logging', 'resource-descriptors', 'list']
2023-02-19 21:29:26,773 DEBUG    root            Loaded Command Group: ['gcloud', 'assured']
2023-02-19 21:29:26,775 DEBUG    root            Loaded Command Group: ['gcloud', 'assured', 'workloads']
2023-02-19 21:29:26,803 DEBUG    root            Loaded Command Group: ['gcloud', 'assured', 'workloads', 'delete']
2023-02-19 21:29:26,808 DEBUG    root            Loaded Command Group: ['gcloud', 'assured', 'workloads', 'violations']
2023-02-19 21:29:26,812 DEBUG    root            Loaded Command Group: ['gcloud', 'assured', 'workloads', 'violations', 'list']
2023-02-19 21:29:26,816 DEBUG    root            Loaded Command Group: ['gcloud', 'assured', 'workloads', 'violations', 'describe']
2023-02-19 21:29:26,824 DEBUG    root            Loaded Command Group: ['gcloud', 'assured', 'workloads', 'violations', 'acknowledge']
2023-02-19 21:29:26,829 DEBUG    root            Loaded Command Group: ['gcloud', 'assured', 'workloads', 'update']
2023-02-19 21:29:26,841 DEBUG    root            Loaded Command Group: ['gcloud', 'assured', 'workloads', 'describe']
2023-02-19 21:29:26,846 DEBUG    root            Loaded Command Group: ['gcloud', 'assured', 'workloads', 'create']
2023-02-19 21:29:26,850 DEBUG    root            Loaded Command Group: ['gcloud', 'assured', 'workloads', 'list']
2023-02-19 21:29:26,852 DEBUG    root            Loaded Command Group: ['gcloud', 'assured', 'operations']
2023-02-19 21:29:26,856 DEBUG    root            Loaded Command Group: ['gcloud', 'assured', 'operations', 'describe']
2023-02-19 21:29:26,861 DEBUG    root            Loaded Command Group: ['gcloud', 'assured', 'operations', 'list']
2023-02-19 21:29:26,864 DEBUG    root            Loaded Command Group: ['gcloud', 'alpha', 'logging']
2023-02-19 21:29:26,866 DEBUG    root            Loaded Command Group: ['gcloud', 'alpha', 'logging', 'locations']
2023-02-19 21:29:26,867 DEBUG    root            Loaded Command Group: ['gcloud', 'alpha', 'logging', 'locations', 'describe']
2023-02-19 21:29:26,869 DEBUG    root            Loaded Command Group: ['gcloud', 'alpha', 'logging', 'locations', 'list']
2023-02-19 21:29:26,871 DEBUG    root            Loaded Command Group: ['gcloud', 'alpha', 'logging', 'read']
2023-02-19 21:29:26,873 DEBUG    root            No implementation for release track [ALPHA] for element: [/Users/auxia/Library/Application Support/cloud-code/installer/google-cloud-sdk/lib/surface/logging/redact]
2023-02-19 21:29:26,874 DEBUG    root            Loaded Command Group: ['gcloud', 'alpha', 'logging', 'tail']
2023-02-19 21:29:26,875 DEBUG    root            Loaded Command Group: ['gcloud', 'alpha', 'logging', 'metrics']
2023-02-19 21:29:26,877 DEBUG    root            Loaded Command Group: ['gcloud', 'alpha', 'logging', 'metrics', 'delete']
2023-02-19 21:29:26,878 DEBUG    root            Loaded Command Group: ['gcloud', 'alpha', 'logging', 'metrics', 'update']
2023-02-19 21:29:26,879 DEBUG    root            Loaded Command Group: ['gcloud', 'alpha', 'logging', 'metrics', 'describe']
2023-02-19 21:29:26,880 DEBUG    root            Loaded Command Group: ['gcloud', 'alpha', 'logging', 'metrics', 'create']
2023-02-19 21:29:26,882 DEBUG    root            Loaded Command Group: ['gcloud', 'alpha', 'logging', 'metrics', 'list']
2023-02-19 21:29:26,883 DEBUG    root            Loaded Command Group: ['gcloud', 'alpha', 'logging', 'buckets']
2023-02-19 21:29:26,885 DEBUG    root            Loaded Command Group: ['gcloud', 'alpha', 'logging', 'buckets', 'undelete']
2023-02-19 21:29:26,886 DEBUG    root            Loaded Command Group: ['gcloud', 'alpha', 'logging', 'buckets', 'delete']
2023-02-19 21:29:26,888 DEBUG    root            No implementation for release track [ALPHA] for element: [/Users/auxia/Library/Application Support/cloud-code/installer/google-cloud-sdk/lib/surface/logging/buckets/move]
2023-02-19 21:29:26,889 DEBUG    root            Loaded Command Group: ['gcloud', 'alpha', 'logging', 'buckets', 'update']
2023-02-19 21:29:26,891 DEBUG    root            Loaded Command Group: ['gcloud', 'alpha', 'logging', 'buckets', 'describe']
2023-02-19 21:29:26,892 DEBUG    root            Loaded Command Group: ['gcloud', 'alpha', 'logging', 'buckets', 'create']
2023-02-19 21:29:26,894 DEBUG    root            Loaded Command Group: ['gcloud', 'alpha', 'logging', 'buckets', 'list']
2023-02-19 21:29:26,897 DEBUG    root            Loaded Command Group: ['gcloud', 'alpha', 'logging', 'logs']
2023-02-19 21:29:26,899 DEBUG    root            Loaded Command Group: ['gcloud', 'alpha', 'logging', 'logs', 'delete']
2023-02-19 21:29:26,900 DEBUG    root            Loaded Command Group: ['gcloud', 'alpha', 'logging', 'logs', 'list']
2023-02-19 21:29:26,902 DEBUG    root            Loaded Command Group: ['gcloud', 'alpha', 'logging', 'sinks']
2023-02-19 21:29:26,904 DEBUG    root            Loaded Command Group: ['gcloud', 'alpha', 'logging', 'sinks', 'delete']
2023-02-19 21:29:26,905 DEBUG    root            Loaded Command Group: ['gcloud', 'alpha', 'logging', 'sinks', 'update']
2023-02-19 21:29:26,907 DEBUG    root            Loaded Command Group: ['gcloud', 'alpha', 'logging', 'sinks', 'describe']
2023-02-19 21:29:26,909 DEBUG    root            Loaded Command Group: ['gcloud', 'alpha', 'logging', 'sinks', 'create']
2023-02-19 21:29:26,911 DEBUG    root            Loaded Command Group: ['gcloud', 'alpha', 'logging', 'sinks', 'list']
2023-02-19 21:29:26,912 DEBUG    root            Loaded Command Group: ['gcloud', 'alpha', 'logging', 'write']
2023-02-19 21:29:26,914 DEBUG    root            Loaded Command Group: ['gcloud', 'alpha', 'logging', 'copy']
2023-02-19 21:29:26,916 DEBUG    root            Loaded Command Group: ['gcloud', 'alpha', 'logging', 'operations']
2023-02-19 21:29:26,918 DEBUG    root            Loaded Command Group: ['gcloud', 'alpha', 'logging', 'operations', 'list']
2023-02-19 21:29:26,920 DEBUG    root            Loaded Command Group: ['gcloud', 'alpha', 'logging', 'operations', 'describe']
2023-02-19 21:29:26,922 DEBUG    root            Loaded Command Group: ['gcloud', 'alpha', 'logging', 'operations', 'cancel']
2023-02-19 21:29:26,924 DEBUG    root            Loaded Command Group: ['gcloud', 'alpha', 'logging', 'cmek_settings']
2023-02-19 21:29:26,928 DEBUG    root            Loaded Command Group: ['gcloud', 'alpha', 'logging', 'cmek-settings', 'update']
2023-02-19 21:29:26,977 DEBUG    root            Loaded Command Group: ['gcloud', 'alpha', 'logging', 'cmek-settings', 'describe']
2023-02-19 21:29:26,979 DEBUG    root            Loaded Command Group: ['gcloud', 'alpha', 'logging', 'settings']
2023-02-19 21:29:26,981 DEBUG    root            Loaded Command Group: ['gcloud', 'alpha', 'logging', 'settings', 'update']
2023-02-19 21:29:26,998 DEBUG    root            Loaded Command Group: ['gcloud', 'alpha', 'logging', 'settings', 'describe']
2023-02-19 21:29:27,000 DEBUG    root            Loaded Command Group: ['gcloud', 'alpha', 'logging', 'views']
2023-02-19 21:29:27,002 DEBUG    root            Loaded Command Group: ['gcloud', 'alpha', 'logging', 'views', 'delete']
2023-02-19 21:29:27,003 DEBUG    root            Loaded Command Group: ['gcloud', 'alpha', 'logging', 'views', 'update']
2023-02-19 21:29:27,006 DEBUG    root            Loaded Command Group: ['gcloud', 'alpha', 'logging', 'views', 'describe']
2023-02-19 21:29:27,008 DEBUG    root            Loaded Command Group: ['gcloud', 'alpha', 'logging', 'views', 'create']
2023-02-19 21:29:27,010 DEBUG    root            Loaded Command Group: ['gcloud', 'alpha', 'logging', 'views', 'list']
2023-02-19 21:29:27,011 DEBUG    root            Loaded Command Group: ['gcloud', 'alpha', 'logging', 'resource_descriptors']
2023-02-19 21:29:27,013 DEBUG    root            Loaded Command Group: ['gcloud', 'alpha', 'logging', 'resource-descriptors', 'list']
2023-02-19 21:29:27,015 DEBUG    root            Loaded Command Group: ['gcloud', 'alpha', 'assured']
2023-02-19 21:29:27,016 DEBUG    root            Loaded Command Group: ['gcloud', 'alpha', 'assured', 'workloads']
2023-02-19 21:29:27,018 DEBUG    root            Loaded Command Group: ['gcloud', 'alpha', 'assured', 'workloads', 'delete']
2023-02-19 21:29:27,023 DEBUG    root            Loaded Command Group: ['gcloud', 'alpha', 'assured', 'workloads', 'violations']
2023-02-19 21:29:27,026 DEBUG    root            Loaded Command Group: ['gcloud', 'alpha', 'assured', 'workloads', 'violations', 'list']
2023-02-19 21:29:27,028 DEBUG    root            Loaded Command Group: ['gcloud', 'alpha', 'assured', 'workloads', 'violations', 'describe']
2023-02-19 21:29:27,036 DEBUG    root            Loaded Command Group: ['gcloud', 'alpha', 'assured', 'workloads', 'violations', 'acknowledge']
2023-02-19 21:29:27,042 DEBUG    root            Loaded Command Group: ['gcloud', 'alpha', 'assured', 'workloads', 'update']
2023-02-19 21:29:27,045 DEBUG    root            Loaded Command Group: ['gcloud', 'alpha', 'assured', 'workloads', 'describe']
2023-02-19 21:29:27,049 DEBUG    root            Loaded Command Group: ['gcloud', 'alpha', 'assured', 'workloads', 'create']
2023-02-19 21:29:27,052 DEBUG    root            Loaded Command Group: ['gcloud', 'alpha', 'assured', 'workloads', 'list']
2023-02-19 21:29:27,053 DEBUG    root            Loaded Command Group: ['gcloud', 'alpha', 'assured', 'operations']
2023-02-19 21:29:27,055 DEBUG    root            Loaded Command Group: ['gcloud', 'alpha', 'assured', 'operations', 'describe']
2023-02-19 21:29:27,058 DEBUG    root            Loaded Command Group: ['gcloud', 'alpha', 'assured', 'operations', 'list']
2023-02-19 21:29:27,061 DEBUG    root            Loaded Command Group: ['gcloud', 'alpha', 'workload_certificate']
2023-02-19 21:29:27,071 DEBUG    root            Loaded Command Group: ['gcloud', 'alpha', 'workload-certificate', 'describe']
2023-02-19 21:29:27,074 DEBUG    root            Loaded Command Group: ['gcloud', 'alpha', 'workload-certificate', 'enable']
2023-02-19 21:29:27,077 DEBUG    root            Loaded Command Group: ['gcloud', 'alpha', 'workload-certificate', 'disable']
2023-02-19 21:29:27,081 DEBUG    root            Loaded Command Group: ['gcloud', 'alpha', 'app']
2023-02-19 21:29:27,200 DEBUG    root            No implementation for release track [ALPHA] for element: [/Users/auxia/Library/Application Support/cloud-code/installer/google-cloud-sdk/lib/surface/app/open_console]
2023-02-19 21:29:27,202 DEBUG    root            No implementation for release track [ALPHA] for element: [/Users/auxia/Library/Application Support/cloud-code/installer/google-cloud-sdk/lib/surface/app/describe]
2023-02-19 21:29:27,204 DEBUG    root            No implementation for release track [ALPHA] for element: [/Users/auxia/Library/Application Support/cloud-code/installer/google-cloud-sdk/lib/surface/app/gen_repo_info_file]
2023-02-19 21:29:27,205 DEBUG    root            No implementation for release track [ALPHA] for element: [/Users/auxia/Library/Application Support/cloud-code/installer/google-cloud-sdk/lib/surface/app/logs]
2023-02-19 21:29:27,319 DEBUG    root            No implementation for release track [ALPHA] for element: [/Users/auxia/Library/Application Support/cloud-code/installer/google-cloud-sdk/lib/surface/app/deploy]
2023-02-19 21:29:27,320 DEBUG    root            No implementation for release track [ALPHA] for element: [/Users/auxia/Library/Application Support/cloud-code/installer/google-cloud-sdk/lib/surface/app/regions]
2023-02-19 21:29:27,321 DEBUG    root            No implementation for release track [ALPHA] for element: [/Users/auxia/Library/Application Support/cloud-code/installer/google-cloud-sdk/lib/surface/app/firewall_rules]
2023-02-19 21:29:27,322 DEBUG    root            Loaded Command Group: ['gcloud', 'alpha', 'app', 'domain_mappings']
2023-02-19 21:29:27,329 DEBUG    root            Loaded Command Group: ['gcloud', 'alpha', 'app', 'domain-mappings', 'delete']
2023-02-19 21:29:27,331 DEBUG    root            Loaded Command Group: ['gcloud', 'alpha', 'app', 'domain-mappings', 'update']
2023-02-19 21:29:27,334 DEBUG    root            Loaded Command Group: ['gcloud', 'alpha', 'app', 'domain-mappings', 'describe']
2023-02-19 21:29:27,346 DEBUG    root            Loaded Command Group: ['gcloud', 'alpha', 'app', 'domain-mappings', 'create']
2023-02-19 21:29:27,349 DEBUG    root            Loaded Command Group: ['gcloud', 'alpha', 'app', 'domain-mappings', 'list']
2023-02-19 21:29:27,351 DEBUG    root            No implementation for release track [ALPHA] for element: [/Users/auxia/Library/Application Support/cloud-code/installer/google-cloud-sdk/lib/surface/app/services]
2023-02-19 21:29:27,354 DEBUG    root            No implementation for release track [ALPHA] for element: [/Users/auxia/Library/Application Support/cloud-code/installer/google-cloud-sdk/lib/surface/app/create]
2023-02-19 21:29:27,354 DEBUG    root            No implementation for release track [ALPHA] for element: [/Users/auxia/Library/Application Support/cloud-code/installer/google-cloud-sdk/lib/surface/app/instances]
2023-02-19 21:29:27,355 DEBUG    root            Loaded Command Group: ['gcloud', 'alpha', 'app', 'ssl_certificates']
2023-02-19 21:29:27,359 DEBUG    root            Loaded Command Group: ['gcloud', 'alpha', 'app', 'ssl-certificates', 'delete']
2023-02-19 21:29:27,363 DEBUG    root            Loaded Command Group: ['gcloud', 'alpha', 'app', 'ssl-certificates', 'update']
2023-02-19 21:29:27,365 DEBUG    root            Loaded Command Group: ['gcloud', 'alpha', 'app', 'ssl-certificates', 'describe']
2023-02-19 21:29:27,370 DEBUG    root            Loaded Command Group: ['gcloud', 'alpha', 'app', 'ssl-certificates', 'create']
2023-02-19 21:29:27,373 DEBUG    root            Loaded Command Group: ['gcloud', 'alpha', 'app', 'ssl-certificates', 'list']
2023-02-19 21:29:27,377 DEBUG    root            No implementation for release track [ALPHA] for element: [/Users/auxia/Library/Application Support/cloud-code/installer/google-cloud-sdk/lib/surface/app/versions]
2023-02-19 21:29:27,380 DEBUG    root            No implementation for release track [ALPHA] for element: [/Users/auxia/Library/Application Support/cloud-code/installer/google-cloud-sdk/lib/surface/app/repair]
2023-02-19 21:29:27,402 DEBUG    root            No implementation for release track [ALPHA] for element: [/Users/auxia/Library/Application Support/cloud-code/installer/google-cloud-sdk/lib/surface/app/gen_config]
2023-02-19 21:29:27,402 DEBUG    root            No implementation for release track [ALPHA] for element: [/Users/auxia/Library/Application Support/cloud-code/installer/google-cloud-sdk/lib/surface/app/operations]
2023-02-19 21:29:27,407 DEBUG    root            Loaded Command Group: ['gcloud', 'alpha', 'app', 'update']
2023-02-19 21:29:27,410 DEBUG    root            No implementation for release track [ALPHA] for element: [/Users/auxia/Library/Application Support/cloud-code/installer/google-cloud-sdk/lib/surface/app/browse]
2023-02-19 21:29:27,411 DEBUG    root            No implementation for release track [ALPHA] for element: [/Users/auxia/Library/Application Support/cloud-code/installer/google-cloud-sdk/lib/surface/app/migrate_config]
2023-02-19 21:29:27,419 DEBUG    root            Loaded Command Group: ['gcloud', 'alpha', 'functions']
2023-02-19 21:29:27,445 DEBUG    root            Loaded Command Group: ['gcloud', 'alpha', 'functions', 'delete']
2023-02-19 21:29:27,475 DEBUG    root            Loaded Command Group: ['gcloud', 'alpha', 'functions', 'add_iam_policy_binding']
2023-02-19 21:29:27,482 DEBUG    root            Loaded Command Group: ['gcloud', 'alpha', 'functions', 'runtimes']
2023-02-19 21:29:27,489 DEBUG    root            Loaded Command Group: ['gcloud', 'alpha', 'functions', 'runtimes', 'list']
2023-02-19 21:29:27,501 DEBUG    root            Loaded Command Group: ['gcloud', 'alpha', 'functions', 'get_iam_policy']
2023-02-19 21:29:27,512 DEBUG    root            Loaded Command Group: ['gcloud', 'alpha', 'functions', 'describe']
2023-02-19 21:29:27,524 DEBUG    root            Loaded Command Group: ['gcloud', 'alpha', 'functions', 'remove_iam_policy_binding']
2023-02-19 21:29:27,536 DEBUG    root            Loaded Command Group: ['gcloud', 'alpha', 'functions', 'list']
2023-02-19 21:29:27,618 DEBUG    root            Loaded Command Group: ['gcloud', 'alpha', 'functions', 'remove_invoker_policy_binding']
2023-02-19 21:29:27,623 DEBUG    root            Loaded Command Group: ['gcloud', 'alpha', 'functions', 'logs']
2023-02-19 21:29:27,631 DEBUG    root            Loaded Command Group: ['gcloud', 'alpha', 'functions', 'logs', 'read']
2023-02-19 21:29:27,638 DEBUG    root            Loaded Command Group: ['gcloud', 'alpha', 'functions', 'set_iam_policy']
2023-02-19 21:29:27,642 DEBUG    root            Loaded Command Group: ['gcloud', 'alpha', 'functions', 'regions']
2023-02-19 21:29:27,649 DEBUG    root            Loaded Command Group: ['gcloud', 'alpha', 'functions', 'regions', 'list']
2023-02-19 21:29:27,656 DEBUG    root            Loaded Command Group: ['gcloud', 'alpha', 'functions', 'call']
2023-02-19 21:29:27,676 DEBUG    root            Loaded Command Group: ['gcloud', 'alpha', 'functions', 'deploy']
2023-02-19 21:29:27,695 DEBUG    root            Loaded Command Group: ['gcloud', 'alpha', 'functions', 'add_invoker_policy_binding']
2023-02-19 21:29:27,702 DEBUG    root            Loaded Command Group: ['gcloud', 'alpha', 'functions', 'event_types']
2023-02-19 21:29:27,714 DEBUG    root            Loaded Command Group: ['gcloud', 'alpha', 'functions', 'event-types', 'list']
2023-02-19 21:29:27,716 DEBUG    root            Loaded Command Group: ['gcloud', 'alpha', 'tasks']
2023-02-19 21:29:27,723 DEBUG    root            Loaded Command Group: ['gcloud', 'alpha', 'tasks', 'create_pull_task']
2023-02-19 21:29:27,725 DEBUG    root            Loaded Command Group: ['gcloud', 'alpha', 'tasks', 'locations']
2023-02-19 21:29:27,727 DEBUG    root            Loaded Command Group: ['gcloud', 'alpha', 'tasks', 'locations', 'describe']
2023-02-19 21:29:27,733 DEBUG    root            Loaded Command Group: ['gcloud', 'alpha', 'tasks', 'locations', 'list']
2023-02-19 21:29:27,735 DEBUG    root            Loaded Command Group: ['gcloud', 'alpha', 'tasks', 'queues']
2023-02-19 21:29:27,766 DEBUG    root            Loaded Command Group: ['gcloud', 'alpha', 'tasks', 'queues', 'add_iam_policy_binding']
2023-02-19 21:29:27,771 DEBUG    root            Loaded Command Group: ['gcloud', 'alpha', 'tasks', 'queues', 'describe']
2023-02-19 21:29:27,792 DEBUG    root            Loaded Command Group: ['gcloud', 'alpha', 'tasks', 'queues', 'set_iam_policy']
2023-02-19 21:29:27,796 DEBUG    root            Loaded Command Group: ['gcloud', 'alpha', 'tasks', 'queues', 'update_pull_queue']
2023-02-19 21:29:27,799 DEBUG    root            Loaded Command Group: ['gcloud', 'alpha', 'tasks', 'queues', 'create_pull_queue']
2023-02-19 21:29:27,802 DEBUG    root            Loaded Command Group: ['gcloud', 'alpha', 'tasks', 'queues', 'pause']
2023-02-19 21:29:27,804 DEBUG    root            Loaded Command Group: ['gcloud', 'alpha', 'tasks', 'queues', 'create']
2023-02-19 21:29:27,807 DEBUG    root            Loaded Command Group: ['gcloud', 'alpha', 'tasks', 'queues', 'delete']
2023-02-19 21:29:27,810 DEBUG    root            Loaded Command Group: ['gcloud', 'alpha', 'tasks', 'queues', 'purge']
2023-02-19 21:29:27,813 DEBUG    root            Loaded Command Group: ['gcloud', 'alpha', 'tasks', 'queues', 'update_app_engine_queue']
2023-02-19 21:29:27,819 DEBUG    root            Loaded Command Group: ['gcloud', 'alpha', 'tasks', 'queues', 'create_app_engine_queue']
2023-02-19 21:29:27,830 DEBUG    root            Loaded Command Group: ['gcloud', 'alpha', 'tasks', 'queues', 'get_iam_policy']
2023-02-19 21:29:27,845 DEBUG    root            Loaded Command Group: ['gcloud', 'alpha', 'tasks', 'queues', 'remove_iam_policy_binding']
2023-02-19 21:29:27,849 DEBUG    root            Loaded Command Group: ['gcloud', 'alpha', 'tasks', 'queues', 'list']
2023-02-19 21:29:27,852 DEBUG    root            Loaded Command Group: ['gcloud', 'alpha', 'tasks', 'queues', 'update']
2023-02-19 21:29:27,856 DEBUG    root            Loaded Command Group: ['gcloud', 'alpha', 'tasks', 'queues', 'resume']
2023-02-19 21:29:27,860 DEBUG    root            Loaded Command Group: ['gcloud', 'alpha', 'tasks', 'renew_lease']
2023-02-19 21:29:27,864 DEBUG    root            Loaded Command Group: ['gcloud', 'alpha', 'tasks', 'create_http_task']
2023-02-19 21:29:27,871 DEBUG    root            Loaded Command Group: ['gcloud', 'alpha', 'tasks', 'create_app_engine_task']
2023-02-19 21:29:27,874 DEBUG    root            Loaded Command Group: ['gcloud', 'alpha', 'tasks', 'buffer']
2023-02-19 21:29:27,883 DEBUG    root            Loaded Command Group: ['gcloud', 'alpha', 'tasks', 'describe']
2023-02-19 21:29:27,886 DEBUG    root            Loaded Command Group: ['gcloud', 'alpha', 'tasks', 'list']
2023-02-19 21:29:27,889 DEBUG    root            Loaded Command Group: ['gcloud', 'alpha', 'tasks', 'acknowledge']
2023-02-19 21:29:27,891 DEBUG    root            Loaded Command Group: ['gcloud', 'alpha', 'tasks', 'run']
2023-02-19 21:29:27,893 DEBUG    root            Loaded Command Group: ['gcloud', 'alpha', 'tasks', 'delete']
2023-02-19 21:29:27,895 DEBUG    root            Loaded Command Group: ['gcloud', 'alpha', 'tasks', 'cancel_lease']
2023-02-19 21:29:27,898 DEBUG    root            Loaded Command Group: ['gcloud', 'alpha', 'tasks', 'lease']
2023-02-19 21:29:27,900 DEBUG    root            Loaded Command Group: ['gcloud', 'alpha', 'firebase']
2023-02-19 21:29:27,909 DEBUG    root            Loaded Command Group: ['gcloud', 'alpha', 'firebase', 'test']
2023-02-19 21:29:27,914 DEBUG    root            Loaded Command Group: ['gcloud', 'alpha', 'firebase', 'test', 'android']
2023-02-19 21:29:27,917 DEBUG    root            Loaded Command Group: ['gcloud', 'alpha', 'firebase', 'test', 'android', 'versions']
2023-02-19 21:29:27,919 DEBUG    root            Loaded Command Group: ['gcloud', 'alpha', 'firebase', 'test', 'android', 'versions', 'describe']
2023-02-19 21:29:27,922 DEBUG    root            Loaded Command Group: ['gcloud', 'alpha', 'firebase', 'test', 'android', 'versions', 'list']
2023-02-19 21:29:27,940 DEBUG    root            Loaded Command Group: ['gcloud', 'alpha', 'firebase', 'test', 'android', 'run']
2023-02-19 21:29:27,946 DEBUG    root            No implementation for release track [ALPHA] for element: [/Users/auxia/Library/Application Support/cloud-code/installer/google-cloud-sdk/lib/surface/firebase/test/android/list_device_capacities]
2023-02-19 21:29:27,947 DEBUG    root            Loaded Command Group: ['gcloud', 'alpha', 'firebase', 'test', 'android', 'models']
2023-02-19 21:29:27,949 DEBUG    root            Loaded Command Group: ['gcloud', 'alpha', 'firebase', 'test', 'android', 'models', 'describe']
2023-02-19 21:29:27,951 DEBUG    root            Loaded Command Group: ['gcloud', 'alpha', 'firebase', 'test', 'android', 'models', 'list']
2023-02-19 21:29:27,953 DEBUG    root            Loaded Command Group: ['gcloud', 'alpha', 'firebase', 'test', 'android', 'locales']
2023-02-19 21:29:27,955 DEBUG    root            Loaded Command Group: ['gcloud', 'alpha', 'firebase', 'test', 'android', 'locales', 'describe']
2023-02-19 21:29:27,957 DEBUG    root            Loaded Command Group: ['gcloud', 'alpha', 'firebase', 'test', 'android', 'locales', 'list']
2023-02-19 21:29:27,959 DEBUG    root            Loaded Command Group: ['gcloud', 'alpha', 'firebase', 'test', 'network_profiles']
2023-02-19 21:29:27,962 DEBUG    root            Loaded Command Group: ['gcloud', 'alpha', 'firebase', 'test', 'network-profiles', 'describe']
2023-02-19 21:29:27,964 DEBUG    root            Loaded Command Group: ['gcloud', 'alpha', 'firebase', 'test', 'network-profiles', 'list']
2023-02-19 21:29:27,966 DEBUG    root            Loaded Command Group: ['gcloud', 'alpha', 'firebase', 'test', 'ios']
2023-02-19 21:29:27,970 DEBUG    root            Loaded Command Group: ['gcloud', 'alpha', 'firebase', 'test', 'ios', 'versions']
2023-02-19 21:29:27,972 DEBUG    root            Loaded Command Group: ['gcloud', 'alpha', 'firebase', 'test', 'ios', 'versions', 'describe']
2023-02-19 21:29:27,974 DEBUG    root            Loaded Command Group: ['gcloud', 'alpha', 'firebase', 'test', 'ios', 'versions', 'list']
2023-02-19 21:29:27,979 DEBUG    root            Loaded Command Group: ['gcloud', 'alpha', 'firebase', 'test', 'ios', 'run']
2023-02-19 21:29:27,982 DEBUG    root            No implementation for release track [ALPHA] for element: [/Users/auxia/Library/Application Support/cloud-code/installer/google-cloud-sdk/lib/surface/firebase/test/ios/list_device_capacities]
2023-02-19 21:29:27,982 DEBUG    root            Loaded Command Group: ['gcloud', 'alpha', 'firebase', 'test', 'ios', 'models']
2023-02-19 21:29:27,984 DEBUG    root            Loaded Command Group: ['gcloud', 'alpha', 'firebase', 'test', 'ios', 'models', 'describe']
2023-02-19 21:29:27,986 DEBUG    root            Loaded Command Group: ['gcloud', 'alpha', 'firebase', 'test', 'ios', 'models', 'list']
2023-02-19 21:29:27,987 DEBUG    root            Loaded Command Group: ['gcloud', 'alpha', 'firebase', 'test', 'ios', 'locales']
2023-02-19 21:29:27,989 DEBUG    root            Loaded Command Group: ['gcloud', 'alpha', 'firebase', 'test', 'ios', 'locales', 'describe']
2023-02-19 21:29:27,991 DEBUG    root            Loaded Command Group: ['gcloud', 'alpha', 'firebase', 'test', 'ios', 'locales', 'list']
2023-02-19 21:29:27,992 DEBUG    root            Loaded Command Group: ['gcloud', 'alpha', 'firebase', 'test', 'ip_blocks']
2023-02-19 21:29:27,994 DEBUG    root            Loaded Command Group: ['gcloud', 'alpha', 'firebase', 'test', 'ip-blocks', 'list']
2023-02-19 21:29:27,996 DEBUG    root            Loaded Command Group: ['gcloud', 'alpha', 'certificate_manager']
2023-02-19 21:29:27,999 DEBUG    root            Loaded Command Group: ['gcloud', 'alpha', 'certificate-manager', 'certificates']
2023-02-19 21:29:28,008 DEBUG    root            Loaded Command Group: ['gcloud', 'alpha', 'certificate-manager', 'certificates', 'delete']
2023-02-19 21:29:28,026 DEBUG    root            Loaded Command Group: ['gcloud', 'alpha', 'certificate-manager', 'certificates', 'update']
2023-02-19 21:29:28,057 DEBUG    root            Loaded Command Group: ['gcloud', 'alpha', 'certificate-manager', 'certificates', 'describe']
2023-02-19 21:29:28,089 DEBUG    root            Loaded Command Group: ['gcloud', 'alpha', 'certificate-manager', 'certificates', 'create']
2023-02-19 21:29:28,093 DEBUG    root            Loaded Command Group: ['gcloud', 'alpha', 'certificate-manager', 'certificates', 'list']
2023-02-19 21:29:28,096 DEBUG    root            Loaded Command Group: ['gcloud', 'alpha', 'certificate-manager', 'trust_configs']
2023-02-19 21:29:28,115 DEBUG    root            Loaded Command Group: ['gcloud', 'alpha', 'certificate-manager', 'trust-configs', 'export']
2023-02-19 21:29:28,128 DEBUG    root            Loaded Command Group: ['gcloud', 'alpha', 'certificate-manager', 'trust-configs', 'import']
2023-02-19 21:29:28,139 DEBUG    root            Loaded Command Group: ['gcloud', 'alpha', 'certificate-manager', 'trust-configs', 'describe']
2023-02-19 21:29:28,151 DEBUG    root            Loaded Command Group: ['gcloud', 'alpha', 'certificate-manager', 'trust-configs', 'delete']
2023-02-19 21:29:28,162 DEBUG    root            Loaded Command Group: ['gcloud', 'alpha', 'certificate-manager', 'trust-configs', 'list']
2023-02-19 21:29:28,165 DEBUG    root            Loaded Command Group: ['gcloud', 'alpha', 'certificate-manager', 'maps']
2023-02-19 21:29:28,170 DEBUG    root            Loaded Command Group: ['gcloud', 'alpha', 'certificate-manager', 'maps', 'delete']
2023-02-19 21:29:28,178 DEBUG    root            Loaded Command Group: ['gcloud', 'alpha', 'certificate-manager', 'maps', 'update']
2023-02-19 21:29:28,186 DEBUG    root            Loaded Command Group: ['gcloud', 'alpha', 'certificate-manager', 'maps', 'describe']
2023-02-19 21:29:28,193 DEBUG    root            Loaded Command Group: ['gcloud', 'alpha', 'certificate-manager', 'maps', 'create']
2023-02-19 21:29:28,201 DEBUG    root            Loaded Command Group: ['gcloud', 'alpha', 'certificate-manager', 'maps', 'list']
2023-02-19 21:29:28,204 DEBUG    root            Loaded Command Group: ['gcloud', 'alpha', 'certificate-manager', 'maps', 'entries']
2023-02-19 21:29:28,207 DEBUG    root            Loaded Command Group: ['gcloud', 'alpha', 'certificate-manager', 'maps', 'entries', 'delete']
2023-02-19 21:29:28,217 DEBUG    root            Loaded Command Group: ['gcloud', 'alpha', 'certificate-manager', 'maps', 'entries', 'update']
2023-02-19 21:29:28,231 DEBUG    root            Loaded Command Group: ['gcloud', 'alpha', 'certificate-manager', 'maps', 'entries', 'describe']
2023-02-19 21:29:28,241 DEBUG    root            Loaded Command Group: ['gcloud', 'alpha', 'certificate-manager', 'maps', 'entries', 'create']
2023-02-19 21:29:28,254 DEBUG    root            Loaded Command Group: ['gcloud', 'alpha', 'certificate-manager', 'maps', 'entries', 'list']
2023-02-19 21:29:28,261 DEBUG    root            Loaded Command Group: ['gcloud', 'alpha', 'certificate-manager', 'operations']
2023-02-19 21:29:28,275 DEBUG    root            Loaded Command Group: ['gcloud', 'alpha', 'certificate-manager', 'operations', 'describe']
2023-02-19 21:29:28,286 DEBUG    root            Loaded Command Group: ['gcloud', 'alpha', 'certificate-manager', 'operations', 'list']
2023-02-19 21:29:28,338 DEBUG    root            Loaded Command Group: ['gcloud', 'alpha', 'certificate-manager', 'issuance_configs']
2023-02-19 21:29:28,350 DEBUG    root            Loaded Command Group: ['gcloud', 'alpha', 'certificate-manager', 'issuance-configs', 'delete']
2023-02-19 21:29:28,361 DEBUG    root            Loaded Command Group: ['gcloud', 'alpha', 'certificate-manager', 'issuance-configs', 'describe']
2023-02-19 21:29:28,405 DEBUG    root            Loaded Command Group: ['gcloud', 'alpha', 'certificate-manager', 'issuance-configs', 'create']
2023-02-19 21:29:28,417 DEBUG    root            Loaded Command Group: ['gcloud', 'alpha', 'certificate-manager', 'issuance-configs', 'list']
2023-02-19 21:29:28,422 DEBUG    root            Loaded Command Group: ['gcloud', 'alpha', 'certificate-manager', 'dns_authorizations']
2023-02-19 21:29:28,436 DEBUG    root            Loaded Command Group: ['gcloud', 'alpha', 'certificate-manager', 'dns-authorizations', 'delete']
2023-02-19 21:29:28,450 DEBUG    root            Loaded Command Group: ['gcloud', 'alpha', 'certificate-manager', 'dns-authorizations', 'update']
2023-02-19 21:29:28,461 DEBUG    root            Loaded Command Group: ['gcloud', 'alpha', 'certificate-manager', 'dns-authorizations', 'describe']
2023-02-19 21:29:28,475 DEBUG    root            Loaded Command Group: ['gcloud', 'alpha', 'certificate-manager', 'dns-authorizations', 'create']
2023-02-19 21:29:28,489 DEBUG    root            Loaded Command Group: ['gcloud', 'alpha', 'certificate-manager', 'dns-authorizations', 'list']
2023-02-19 21:29:28,494 DEBUG    root            Loaded Command Group: ['gcloud', 'alpha', 'notebooks']
2023-02-19 21:29:28,498 DEBUG    root            Loaded Command Group: ['gcloud', 'alpha', 'notebooks', 'locations']
2023-02-19 21:29:28,505 DEBUG    root            Loaded Command Group: ['gcloud', 'alpha', 'notebooks', 'locations', 'list']
2023-02-19 21:29:28,507 DEBUG    root            Loaded Command Group: ['gcloud', 'alpha', 'notebooks', 'environments']
2023-02-19 21:29:28,535 DEBUG    root            Loaded Command Group: ['gcloud', 'alpha', 'notebooks', 'environments', 'delete']
2023-02-19 21:29:28,565 DEBUG    root            Loaded Command Group: ['gcloud', 'alpha', 'notebooks', 'environments', 'describe']
2023-02-19 21:29:28,572 DEBUG    root            Loaded Command Group: ['gcloud', 'alpha', 'notebooks', 'environments', 'create']
2023-02-19 21:29:28,578 DEBUG    root            Loaded Command Group: ['gcloud', 'alpha', 'notebooks', 'environments', 'list']
2023-02-19 21:29:28,581 DEBUG    root            Loaded Command Group: ['gcloud', 'alpha', 'notebooks', 'instances']
2023-02-19 21:29:28,602 DEBUG    root            Loaded Command Group: ['gcloud', 'alpha', 'notebooks', 'instances', 'add_iam_policy_binding']
2023-02-19 21:29:28,613 DEBUG    root            Loaded Command Group: ['gcloud', 'alpha', 'notebooks', 'instances', 'start']
2023-02-19 21:29:28,621 DEBUG    root            Loaded Command Group: ['gcloud', 'alpha', 'notebooks', 'instances', 'describe']
2023-02-19 21:29:28,640 DEBUG    root            Loaded Command Group: ['gcloud', 'alpha', 'notebooks', 'instances', 'stop']
2023-02-19 21:29:28,656 DEBUG    root            Loaded Command Group: ['gcloud', 'alpha', 'notebooks', 'instances', 'register']
2023-02-19 21:29:28,683 DEBUG    root            Loaded Command Group: ['gcloud', 'alpha', 'notebooks', 'instances', 'set_iam_policy']
2023-02-19 21:29:28,696 DEBUG    root            Loaded Command Group: ['gcloud', 'alpha', 'notebooks', 'instances', 'diagnose']
2023-02-19 21:29:28,709 DEBUG    root            No implementation for release track [ALPHA] for element: [/Users/auxia/Library/Application Support/cloud-code/installer/google-cloud-sdk/lib/surface/notebooks/instances/rollback]
2023-02-19 21:29:28,710 DEBUG    root            Loaded Command Group: ['gcloud', 'alpha', 'notebooks', 'instances', 'reset']
2023-02-19 21:29:28,720 DEBUG    root            Loaded Command Group: ['gcloud', 'alpha', 'notebooks', 'instances', 'create']
2023-02-19 21:29:28,775 DEBUG    root            Loaded Command Group: ['gcloud', 'alpha', 'notebooks', 'instances', 'delete']
2023-02-19 21:29:28,791 DEBUG    root            Loaded Command Group: ['gcloud', 'alpha', 'notebooks', 'instances', 'upgrade']
2023-02-19 21:29:28,811 DEBUG    root            Loaded Command Group: ['gcloud', 'alpha', 'notebooks', 'instances', 'get_iam_policy']
2023-02-19 21:29:28,829 DEBUG    root            Loaded Command Group: ['gcloud', 'alpha', 'notebooks', 'instances', 'remove_iam_policy_binding']
2023-02-19 21:29:28,843 DEBUG    root            No implementation for release track [ALPHA] for element: [/Users/auxia/Library/Application Support/cloud-code/installer/google-cloud-sdk/lib/surface/notebooks/instances/get_health]
2023-02-19 21:29:28,845 DEBUG    root            Loaded Command Group: ['gcloud', 'alpha', 'notebooks', 'instances', 'list']
2023-02-19 21:29:28,848 DEBUG    root            Loaded Command Group: ['gcloud', 'alpha', 'notebooks', 'instances', 'is_upgradeable']
2023-02-19 21:29:28,859 DEBUG    root            Loaded Command Group: ['gcloud', 'alpha', 'notebooks', 'instances', 'update']
2023-02-19 21:29:28,867 DEBUG    root            No implementation for release track [ALPHA] for element: [/Users/auxia/Library/Application Support/cloud-code/installer/google-cloud-sdk/lib/surface/notebooks/runtimes]
2023-02-19 21:29:28,868 DEBUG    root            Loaded Command Group: ['gcloud', 'alpha', 'monitoring']
2023-02-19 21:29:28,873 DEBUG    root            Loaded Command Group: ['gcloud', 'alpha', 'monitoring', 'channels']
2023-02-19 21:29:28,914 DEBUG    root            Loaded Command Group: ['gcloud', 'alpha', 'monitoring', 'channels', 'delete']
2023-02-19 21:29:28,918 DEBUG    root            Loaded Command Group: ['gcloud', 'alpha', 'monitoring', 'channels', 'config']
2023-02-19 21:29:28,926 DEBUG    root            Loaded Command Group: ['gcloud', 'alpha', 'monitoring', 'channels', 'config', 'export']
2023-02-19 21:29:28,937 DEBUG    root            Loaded Command Group: ['gcloud', 'alpha', 'monitoring', 'channels', 'update']
2023-02-19 21:29:28,949 DEBUG    root            Loaded Command Group: ['gcloud', 'alpha', 'monitoring', 'channels', 'describe']
2023-02-19 21:29:28,953 DEBUG    root            Loaded Command Group: ['gcloud', 'alpha', 'monitoring', 'channels', 'create']
2023-02-19 21:29:28,969 DEBUG    root            Loaded Command Group: ['gcloud', 'alpha', 'monitoring', 'channels', 'list']
2023-02-19 21:29:28,972 DEBUG    root            Loaded Command Group: ['gcloud', 'alpha', 'monitoring', 'dashboards']
2023-02-19 21:29:28,993 DEBUG    root            Loaded Command Group: ['gcloud', 'alpha', 'monitoring', 'dashboards', 'delete']
2023-02-19 21:29:29,012 DEBUG    root            Loaded Command Group: ['gcloud', 'alpha', 'monitoring', 'dashboards', 'update']
2023-02-19 21:29:29,023 DEBUG    root            Loaded Command Group: ['gcloud', 'alpha', 'monitoring', 'dashboards', 'describe']
2023-02-19 21:29:29,042 DEBUG    root            Loaded Command Group: ['gcloud', 'alpha', 'monitoring', 'dashboards', 'create']
2023-02-19 21:29:29,053 DEBUG    root            Loaded Command Group: ['gcloud', 'alpha', 'monitoring', 'dashboards', 'list']
2023-02-19 21:29:29,055 DEBUG    root            Loaded Command Group: ['gcloud', 'alpha', 'monitoring', 'policies']
2023-02-19 21:29:29,070 DEBUG    root            Loaded Command Group: ['gcloud', 'alpha', 'monitoring', 'policies', 'delete']
2023-02-19 21:29:29,073 DEBUG    root            Loaded Command Group: ['gcloud', 'alpha', 'monitoring', 'policies', 'config']
2023-02-19 21:29:29,083 DEBUG    root            Loaded Command Group: ['gcloud', 'alpha', 'monitoring', 'policies', 'config', 'export']
2023-02-19 21:29:29,089 DEBUG    root            Loaded Command Group: ['gcloud', 'alpha', 'monitoring', 'policies', 'update']
2023-02-19 21:29:29,102 DEBUG    root            Loaded Command Group: ['gcloud', 'alpha', 'monitoring', 'policies', 'describe']
2023-02-19 21:29:29,107 DEBUG    root            Loaded Command Group: ['gcloud', 'alpha', 'monitoring', 'policies', 'create']
2023-02-19 21:29:29,120 DEBUG    root            Loaded Command Group: ['gcloud', 'alpha', 'monitoring', 'policies', 'list']
2023-02-19 21:29:29,122 DEBUG    root            Loaded Command Group: ['gcloud', 'alpha', 'monitoring', 'policies', 'conditions']
2023-02-19 21:29:29,126 DEBUG    root            Loaded Command Group: ['gcloud', 'alpha', 'monitoring', 'policies', 'conditions', 'delete']
2023-02-19 21:29:29,132 DEBUG    root            Loaded Command Group: ['gcloud', 'alpha', 'monitoring', 'policies', 'conditions', 'update']
2023-02-19 21:29:29,138 DEBUG    root            Loaded Command Group: ['gcloud', 'alpha', 'monitoring', 'policies', 'conditions', 'describe']
2023-02-19 21:29:29,143 DEBUG    root            Loaded Command Group: ['gcloud', 'alpha', 'monitoring', 'policies', 'conditions', 'create']
2023-02-19 21:29:29,147 DEBUG    root            Loaded Command Group: ['gcloud', 'alpha', 'monitoring', 'metrics_scopes']
2023-02-19 21:29:29,152 DEBUG    root            Loaded Command Group: ['gcloud', 'alpha', 'monitoring', 'metrics-scopes', 'delete']
2023-02-19 21:29:29,161 DEBUG    root            Loaded Command Group: ['gcloud', 'alpha', 'monitoring', 'metrics-scopes', 'describe']
2023-02-19 21:29:29,164 DEBUG    root            Loaded Command Group: ['gcloud', 'alpha', 'monitoring', 'metrics-scopes', 'create']
2023-02-19 21:29:29,168 DEBUG    root            Loaded Command Group: ['gcloud', 'alpha', 'monitoring', 'metrics-scopes', 'list']
2023-02-19 21:29:29,171 DEBUG    root            Loaded Command Group: ['gcloud', 'alpha', 'monitoring', 'channel_descriptors']
2023-02-19 21:29:29,181 DEBUG    root            Loaded Command Group: ['gcloud', 'alpha', 'monitoring', 'channel-descriptors', 'describe']
2023-02-19 21:29:29,192 DEBUG    root            Loaded Command Group: ['gcloud', 'alpha', 'monitoring', 'channel-descriptors', 'list']
2023-02-19 21:29:29,202 DEBUG    root            Loaded Command Group: ['gcloud', 'alpha', 'survey']
2023-02-19 21:29:29,204 DEBUG    root            Loaded Command Group: ['gcloud', 'alpha', 'genomics']
2023-02-19 21:29:29,208 DEBUG    root            Loaded Command Group: ['gcloud', 'alpha', 'genomics', 'pipelines']
2023-02-19 21:29:29,212 DEBUG    root            Loaded Command Group: ['gcloud', 'alpha', 'genomics', 'pipelines', 'run']
2023-02-19 21:29:29,214 DEBUG    root            Loaded Command Group: ['gcloud', 'alpha', 'genomics', 'operations']
2023-02-19 21:29:29,217 DEBUG    root            Loaded Command Group: ['gcloud', 'alpha', 'genomics', 'operations', 'list']
2023-02-19 21:29:29,222 DEBUG    root            Loaded Command Group: ['gcloud', 'alpha', 'genomics', 'operations', 'wait']
2023-02-19 21:29:29,224 DEBUG    root            Loaded Command Group: ['gcloud', 'alpha', 'genomics', 'operations', 'describe']
2023-02-19 21:29:29,226 DEBUG    root            Loaded Command Group: ['gcloud', 'alpha', 'genomics', 'operations', 'cancel']
2023-02-19 21:29:29,228 DEBUG    root            Loaded Command Group: ['gcloud', 'alpha', 'spanner']
2023-02-19 21:29:29,232 DEBUG    root            Loaded Command Group: ['gcloud', 'alpha', 'spanner', 'instance_configs']
2023-02-19 21:29:29,244 DEBUG    root            Loaded Command Group: ['gcloud', 'alpha', 'spanner', 'instance-configs', 'delete']
2023-02-19 21:29:29,248 DEBUG    root            Loaded Command Group: ['gcloud', 'alpha', 'spanner', 'instance-configs', 'update']
2023-02-19 21:29:29,250 DEBUG    root            Loaded Command Group: ['gcloud', 'alpha', 'spanner', 'instance-configs', 'describe']
2023-02-19 21:29:29,252 DEBUG    root            Loaded Command Group: ['gcloud', 'alpha', 'spanner', 'instance-configs', 'create']
2023-02-19 21:29:29,255 DEBUG    root            Loaded Command Group: ['gcloud', 'alpha', 'spanner', 'instance-configs', 'list']
2023-02-19 21:29:29,256 DEBUG    root            Loaded Command Group: ['gcloud', 'alpha', 'spanner', 'instances']
2023-02-19 21:29:29,260 DEBUG    root            Loaded Command Group: ['gcloud', 'alpha', 'spanner', 'instances', 'delete']
2023-02-19 21:29:29,299 DEBUG    root            Loaded Command Group: ['gcloud', 'alpha', 'spanner', 'instances', 'add_iam_policy_binding']
2023-02-19 21:29:29,304 DEBUG    root            Loaded Command Group: ['gcloud', 'alpha', 'spanner', 'instances', 'config']
2023-02-19 21:29:29,311 DEBUG    root            Loaded Command Group: ['gcloud', 'alpha', 'spanner', 'instances', 'config', 'export']
2023-02-19 21:29:29,322 DEBUG    root            Loaded Command Group: ['gcloud', 'alpha', 'spanner', 'instances', 'get_iam_policy']
2023-02-19 21:29:29,328 DEBUG    root            Loaded Command Group: ['gcloud', 'alpha', 'spanner', 'instances', 'describe']
2023-02-19 21:29:29,339 DEBUG    root            Loaded Command Group: ['gcloud', 'alpha', 'spanner', 'instances', 'remove_iam_policy_binding']
2023-02-19 21:29:29,344 DEBUG    root            Loaded Command Group: ['gcloud', 'alpha', 'spanner', 'instances', 'list']
2023-02-19 21:29:29,354 DEBUG    root            Loaded Command Group: ['gcloud', 'alpha', 'spanner', 'instances', 'set_iam_policy']
2023-02-19 21:29:29,361 DEBUG    root            Loaded Command Group: ['gcloud', 'alpha', 'spanner', 'instances', 'update']
2023-02-19 21:29:29,364 DEBUG    root            Loaded Command Group: ['gcloud', 'alpha', 'spanner', 'instances', 'get_locations']
2023-02-19 21:29:29,366 DEBUG    root            Loaded Command Group: ['gcloud', 'alpha', 'spanner', 'instances', 'create']
2023-02-19 21:29:29,367 DEBUG    root            Loaded Command Group: ['gcloud', 'alpha', 'spanner', 'backups']
2023-02-19 21:29:29,378 DEBUG    root            Loaded Command Group: ['gcloud', 'alpha', 'spanner', 'backups', 'add_iam_policy_binding']
2023-02-19 21:29:29,392 DEBUG    root            Loaded Command Group: ['gcloud', 'alpha', 'spanner', 'backups', 'get_iam_policy']
2023-02-19 21:29:29,407 DEBUG    root            Loaded Command Group: ['gcloud', 'alpha', 'spanner', 'backups', 'describe']
2023-02-19 21:29:29,423 DEBUG    root            Loaded Command Group: ['gcloud', 'alpha', 'spanner', 'backups', 'remove_iam_policy_binding']
2023-02-19 21:29:29,440 DEBUG    root            Loaded Command Group: ['gcloud', 'alpha', 'spanner', 'backups', 'list']
2023-02-19 21:29:29,456 DEBUG    root            Loaded Command Group: ['gcloud', 'alpha', 'spanner', 'backups', 'update_metadata']
2023-02-19 21:29:29,472 DEBUG    root            Loaded Command Group: ['gcloud', 'alpha', 'spanner', 'backups', 'set_iam_policy']
2023-02-19 21:29:29,480 DEBUG    root            Loaded Command Group: ['gcloud', 'alpha', 'spanner', 'backups', 'copy']
2023-02-19 21:29:29,488 DEBUG    root            Loaded Command Group: ['gcloud', 'alpha', 'spanner', 'backups', 'create']
2023-02-19 21:29:29,499 DEBUG    root            Loaded Command Group: ['gcloud', 'alpha', 'spanner', 'backups', 'delete']
2023-02-19 21:29:29,508 DEBUG    root            Loaded Command Group: ['gcloud', 'alpha', 'spanner', 'rows']
2023-02-19 21:29:29,549 DEBUG    root            Loaded Command Group: ['gcloud', 'alpha', 'spanner', 'rows', 'update']
2023-02-19 21:29:29,554 DEBUG    root            Loaded Command Group: ['gcloud', 'alpha', 'spanner', 'rows', 'delete']
2023-02-19 21:29:29,559 DEBUG    root            Loaded Command Group: ['gcloud', 'alpha', 'spanner', 'rows', 'insert']
2023-02-19 21:29:29,564 DEBUG    root            Loaded Command Group: ['gcloud', 'alpha', 'spanner', 'databases']
2023-02-19 21:29:29,568 DEBUG    root            Loaded Command Group: ['gcloud', 'alpha', 'spanner', 'databases', 'delete']
2023-02-19 21:29:29,583 DEBUG    root            Loaded Command Group: ['gcloud', 'alpha', 'spanner', 'databases', 'add_iam_policy_binding']
2023-02-19 21:29:29,590 DEBUG    root            Loaded Command Group: ['gcloud', 'alpha', 'spanner', 'databases', 'config']
2023-02-19 21:29:29,600 DEBUG    root            Loaded Command Group: ['gcloud', 'alpha', 'spanner', 'databases', 'config', 'export']
2023-02-19 21:29:29,611 DEBUG    root            Loaded Command Group: ['gcloud', 'alpha', 'spanner', 'databases', 'sessions']
2023-02-19 21:29:29,615 DEBUG    root            Loaded Command Group: ['gcloud', 'alpha', 'spanner', 'databases', 'sessions', 'delete']
2023-02-19 21:29:29,621 DEBUG    root            Loaded Command Group: ['gcloud', 'alpha', 'spanner', 'databases', 'sessions', 'list']
2023-02-19 21:29:29,624 DEBUG    root            Loaded Command Group: ['gcloud', 'alpha', 'spanner', 'databases', 'roles']
2023-02-19 21:29:29,630 DEBUG    root            Loaded Command Group: ['gcloud', 'alpha', 'spanner', 'databases', 'roles', 'list']
2023-02-19 21:29:29,644 DEBUG    root            Loaded Command Group: ['gcloud', 'alpha', 'spanner', 'databases', 'get_iam_policy']
2023-02-19 21:29:29,652 DEBUG    root            Loaded Command Group: ['gcloud', 'alpha', 'spanner', 'databases', 'describe']
2023-02-19 21:29:29,667 DEBUG    root            Loaded Command Group: ['gcloud', 'alpha', 'spanner', 'databases', 'remove_iam_policy_binding']
2023-02-19 21:29:29,678 DEBUG    root            Loaded Command Group: ['gcloud', 'alpha', 'spanner', 'databases', 'list']
2023-02-19 21:29:29,683 DEBUG    root            Loaded Command Group: ['gcloud', 'alpha', 'spanner', 'databases', 'set_iam_policy']
2023-02-19 21:29:29,761 DEBUG    root            Loaded Command Group: ['gcloud', 'alpha', 'spanner', 'databases', 'restore']
2023-02-19 21:29:29,768 DEBUG    root            Loaded Command Group: ['gcloud', 'alpha', 'spanner', 'databases', 'ddl']
2023-02-19 21:29:29,771 DEBUG    root            Loaded Command Group: ['gcloud', 'alpha', 'spanner', 'databases', 'ddl', 'update']
2023-02-19 21:29:29,776 DEBUG    root            Loaded Command Group: ['gcloud', 'alpha', 'spanner', 'databases', 'ddl', 'describe']
2023-02-19 21:29:29,781 DEBUG    root            Loaded Command Group: ['gcloud', 'alpha', 'spanner', 'databases', 'create']
2023-02-19 21:29:29,787 DEBUG    root            Loaded Command Group: ['gcloud', 'alpha', 'spanner', 'databases', 'execute_sql']
2023-02-19 21:29:29,791 DEBUG    root            Loaded Command Group: ['gcloud', 'alpha', 'spanner', 'operations']
2023-02-19 21:29:29,794 DEBUG    root            Loaded Command Group: ['gcloud', 'alpha', 'spanner', 'operations', 'list']
2023-02-19 21:29:29,797 DEBUG    root            Loaded Command Group: ['gcloud', 'alpha', 'spanner', 'operations', 'describe']
2023-02-19 21:29:29,800 DEBUG    root            Loaded Command Group: ['gcloud', 'alpha', 'spanner', 'operations', 'cancel']
2023-02-19 21:29:29,803 DEBUG    root            Loaded Command Group: ['gcloud', 'alpha', 'spanner', 'samples']
2023-02-19 21:29:29,814 DEBUG    root            Loaded Command Group: ['gcloud', 'alpha', 'spanner', 'samples', 'run']
2023-02-19 21:29:29,817 DEBUG    root            Loaded Command Group: ['gcloud', 'alpha', 'spanner', 'samples', 'workload']
2023-02-19 21:29:29,819 DEBUG    root            Loaded Command Group: ['gcloud', 'alpha', 'spanner', 'samples', 'init']
2023-02-19 21:29:29,821 DEBUG    root            Loaded Command Group: ['gcloud', 'alpha', 'spanner', 'samples', 'list']
2023-02-19 21:29:29,823 DEBUG    root            Loaded Command Group: ['gcloud', 'alpha', 'spanner', 'samples', 'backend']
2023-02-19 21:29:29,825 DEBUG    root            Loaded Command Group: ['gcloud', 'alpha', 'spanner', 'migration']
2023-02-19 21:29:29,830 DEBUG    root            Loaded Command Group: ['gcloud', 'alpha', 'spanner', 'migration', 'schema_and_data']
2023-02-19 21:29:29,832 DEBUG    root            Loaded Command Group: ['gcloud', 'alpha', 'spanner', 'migration', 'data']
2023-02-19 21:29:29,835 DEBUG    root            Loaded Command Group: ['gcloud', 'alpha', 'spanner', 'migration', 'schema']
2023-02-19 21:29:29,839 DEBUG    root            Loaded Command Group: ['gcloud', 'alpha', 'spanner', 'migration', 'web']
2023-02-19 21:29:29,841 DEBUG    root            Loaded Command Group: ['gcloud', 'alpha', 'beyondcorp']
2023-02-19 21:29:29,844 DEBUG    root            Loaded Command Group: ['gcloud', 'alpha', 'beyondcorp', 'app']
2023-02-19 21:29:29,847 DEBUG    root            Loaded Command Group: ['gcloud', 'alpha', 'beyondcorp', 'app', 'legacy']
2023-02-19 21:29:29,850 DEBUG    root            Loaded Command Group: ['gcloud', 'alpha', 'beyondcorp', 'app', 'legacy', 'connections']
2023-02-19 21:29:29,896 DEBUG    root            Loaded Command Group: ['gcloud', 'alpha', 'beyondcorp', 'app', 'legacy', 'connections', 'delete']
2023-02-19 21:29:29,956 DEBUG    root            Loaded Command Group: ['gcloud', 'alpha', 'beyondcorp', 'app', 'legacy', 'connections', 'update']
2023-02-19 21:29:29,974 DEBUG    root            Loaded Command Group: ['gcloud', 'alpha', 'beyondcorp', 'app', 'legacy', 'connections', 'describe']
2023-02-19 21:29:29,996 DEBUG    root            Loaded Command Group: ['gcloud', 'alpha', 'beyondcorp', 'app', 'legacy', 'connections', 'create']
2023-02-19 21:29:30,011 DEBUG    root            Loaded Command Group: ['gcloud', 'alpha', 'beyondcorp', 'app', 'legacy', 'connections', 'list']
2023-02-19 21:29:30,016 DEBUG    root            Loaded Command Group: ['gcloud', 'alpha', 'beyondcorp', 'app', 'legacy', 'connectors']
2023-02-19 21:29:30,026 DEBUG    root            Loaded Command Group: ['gcloud', 'alpha', 'beyondcorp', 'app', 'legacy', 'connectors', 'delete']
2023-02-19 21:29:30,053 DEBUG    root            Loaded Command Group: ['gcloud', 'alpha', 'beyondcorp', 'app', 'legacy', 'connectors', 'update']
2023-02-19 21:29:30,069 DEBUG    root            Loaded Command Group: ['gcloud', 'alpha', 'beyondcorp', 'app', 'legacy', 'connectors', 'describe']
2023-02-19 21:29:30,085 DEBUG    root            Loaded Command Group: ['gcloud', 'alpha', 'beyondcorp', 'app', 'legacy', 'connectors', 'create']
2023-02-19 21:29:30,102 DEBUG    root            Loaded Command Group: ['gcloud', 'alpha', 'beyondcorp', 'app', 'legacy', 'connectors', 'list']
2023-02-19 21:29:30,107 DEBUG    root            Loaded Command Group: ['gcloud', 'alpha', 'beyondcorp', 'app', 'operations']
2023-02-19 21:29:30,115 DEBUG    root            Loaded Command Group: ['gcloud', 'alpha', 'beyondcorp', 'app', 'operations', 'describe']
2023-02-19 21:29:30,129 DEBUG    root            Loaded Command Group: ['gcloud', 'alpha', 'beyondcorp', 'app', 'operations', 'list']
2023-02-19 21:29:30,133 DEBUG    root            Loaded Command Group: ['gcloud', 'alpha', 'beyondcorp', 'app', 'connections']
2023-02-19 21:29:30,143 DEBUG    root            Loaded Command Group: ['gcloud', 'alpha', 'beyondcorp', 'app', 'connections', 'delete']
2023-02-19 21:29:30,164 DEBUG    root            Loaded Command Group: ['gcloud', 'alpha', 'beyondcorp', 'app', 'connections', 'update']
2023-02-19 21:29:30,181 DEBUG    root            Loaded Command Group: ['gcloud', 'alpha', 'beyondcorp', 'app', 'connections', 'describe']
2023-02-19 21:29:30,210 DEBUG    root            Loaded Command Group: ['gcloud', 'alpha', 'beyondcorp', 'app', 'connections', 'create']
2023-02-19 21:29:30,227 DEBUG    root            Loaded Command Group: ['gcloud', 'alpha', 'beyondcorp', 'app', 'connections', 'list']
2023-02-19 21:29:30,232 DEBUG    root            No implementation for release track [ALPHA] for element: [/Users/auxia/Library/Application Support/cloud-code/installer/google-cloud-sdk/lib/surface/beyondcorp/app/gateways]
2023-02-19 21:29:30,234 DEBUG    root            Loaded Command Group: ['gcloud', 'alpha', 'beyondcorp', 'app', 'connectors']
2023-02-19 21:29:30,245 DEBUG    root            Loaded Command Group: ['gcloud', 'alpha', 'beyondcorp', 'app', 'connectors', 'delete']
2023-02-19 21:29:30,266 DEBUG    root            Loaded Command Group: ['gcloud', 'alpha', 'beyondcorp', 'app', 'connectors', 'update']
2023-02-19 21:29:30,286 DEBUG    root            Loaded Command Group: ['gcloud', 'alpha', 'beyondcorp', 'app', 'connectors', 'describe']
2023-02-19 21:29:30,308 DEBUG    root            Loaded Command Group: ['gcloud', 'alpha', 'beyondcorp', 'app', 'connectors', 'create']
2023-02-19 21:29:30,332 DEBUG    root            Loaded Command Group: ['gcloud', 'alpha', 'beyondcorp', 'app', 'connectors', 'list']
2023-02-19 21:29:30,336 DEBUG    root            Loaded Command Group: ['gcloud', 'alpha', 'beyondcorp', 'client_connector']
2023-02-19 21:29:30,341 DEBUG    root            Loaded Command Group: ['gcloud', 'alpha', 'beyondcorp', 'client-connector', 'gateways']
2023-02-19 21:29:30,364 DEBUG    root            Loaded Command Group: ['gcloud', 'alpha', 'beyondcorp', 'client-connector', 'gateways', 'delete']
2023-02-19 21:29:30,383 DEBUG    root            Loaded Command Group: ['gcloud', 'alpha', 'beyondcorp', 'client-connector', 'gateways', 'set_iam_policy']
2023-02-19 21:29:30,400 DEBUG    root            Loaded Command Group: ['gcloud', 'alpha', 'beyondcorp', 'client-connector', 'gateways', 'get_iam_policy']
2023-02-19 21:29:30,415 DEBUG    root            Loaded Command Group: ['gcloud', 'alpha', 'beyondcorp', 'client-connector', 'gateways', 'describe']
2023-02-19 21:29:30,439 DEBUG    root            Loaded Command Group: ['gcloud', 'alpha', 'beyondcorp', 'client-connector', 'gateways', 'create']
2023-02-19 21:29:30,456 DEBUG    root            Loaded Command Group: ['gcloud', 'alpha', 'beyondcorp', 'client-connector', 'gateways', 'list']
2023-02-19 21:29:30,460 DEBUG    root            Loaded Command Group: ['gcloud', 'alpha', 'beyondcorp', 'client-connector', 'services']
2023-02-19 21:29:30,472 DEBUG    root            Loaded Command Group: ['gcloud', 'alpha', 'beyondcorp', 'client-connector', 'services', 'delete']
2023-02-19 21:29:30,491 DEBUG    root            Loaded Command Group: ['gcloud', 'alpha', 'beyondcorp', 'client-connector', 'services', 'set_iam_policy']
2023-02-19 21:29:30,506 DEBUG    root            Loaded Command Group: ['gcloud', 'alpha', 'beyondcorp', 'client-connector', 'services', 'get_iam_policy']
2023-02-19 21:29:30,522 DEBUG    root            Loaded Command Group: ['gcloud', 'alpha', 'beyondcorp', 'client-connector', 'services', 'describe']
2023-02-19 21:29:30,553 DEBUG    root            Loaded Command Group: ['gcloud', 'alpha', 'beyondcorp', 'client-connector', 'services', 'create']
2023-02-19 21:29:30,571 DEBUG    root            Loaded Command Group: ['gcloud', 'alpha', 'beyondcorp', 'client-connector', 'services', 'list']
2023-02-19 21:29:30,588 DEBUG    root            Loaded Command Group: ['gcloud', 'alpha', 'beyondcorp', 'client-connector', 'services', 'update']
2023-02-19 21:29:30,596 DEBUG    root            Loaded Command Group: ['gcloud', 'alpha', 'beyondcorp', 'client-connector', 'operations']
2023-02-19 21:29:30,606 DEBUG    root            Loaded Command Group: ['gcloud', 'alpha', 'beyondcorp', 'client-connector', 'operations', 'describe']
2023-02-19 21:29:30,624 DEBUG    root            Loaded Command Group: ['gcloud', 'alpha', 'beyondcorp', 'client-connector', 'operations', 'list']
2023-02-19 21:29:30,630 DEBUG    root            Loaded Command Group: ['gcloud', 'alpha', 'service_directory']
2023-02-19 21:29:30,633 DEBUG    root            Loaded Command Group: ['gcloud', 'alpha', 'service-directory', 'locations']
2023-02-19 21:29:30,643 DEBUG    root            Loaded Command Group: ['gcloud', 'alpha', 'service-directory', 'locations', 'describe']
2023-02-19 21:29:30,653 DEBUG    root            Loaded Command Group: ['gcloud', 'alpha', 'service-directory', 'locations', 'list']
2023-02-19 21:29:30,656 DEBUG    root            Loaded Command Group: ['gcloud', 'alpha', 'service-directory', 'endpoints']
2023-02-19 21:29:30,660 DEBUG    root            Loaded Command Group: ['gcloud', 'alpha', 'service-directory', 'endpoints', 'delete']
2023-02-19 21:29:30,673 DEBUG    root            Loaded Command Group: ['gcloud', 'alpha', 'service-directory', 'endpoints', 'update']
2023-02-19 21:29:30,685 DEBUG    root            Loaded Command Group: ['gcloud', 'alpha', 'service-directory', 'endpoints', 'describe']
2023-02-19 21:29:30,695 DEBUG    root            Loaded Command Group: ['gcloud', 'alpha', 'service-directory', 'endpoints', 'create']
2023-02-19 21:29:30,707 DEBUG    root            Loaded Command Group: ['gcloud', 'alpha', 'service-directory', 'endpoints', 'list']
2023-02-19 21:29:30,714 DEBUG    root            Loaded Command Group: ['gcloud', 'alpha', 'service-directory', 'namespaces']
2023-02-19 21:29:30,719 DEBUG    root            Loaded Command Group: ['gcloud', 'alpha', 'service-directory', 'namespaces', 'add_iam_policy_binding']
2023-02-19 21:29:30,725 DEBUG    root            Loaded Command Group: ['gcloud', 'alpha', 'service-directory', 'namespaces', 'get_iam_policy']
2023-02-19 21:29:30,732 DEBUG    root            Loaded Command Group: ['gcloud', 'alpha', 'service-directory', 'namespaces', 'describe']
2023-02-19 21:29:30,737 DEBUG    root            Loaded Command Group: ['gcloud', 'alpha', 'service-directory', 'namespaces', 'remove_iam_policy_binding']
2023-02-19 21:29:30,744 DEBUG    root            Loaded Command Group: ['gcloud', 'alpha', 'service-directory', 'namespaces', 'list']
2023-02-19 21:29:30,749 DEBUG    root            Loaded Command Group: ['gcloud', 'alpha', 'service-directory', 'namespaces', 'set_iam_policy']
2023-02-19 21:29:30,754 DEBUG    root            Loaded Command Group: ['gcloud', 'alpha', 'service-directory', 'namespaces', 'create']
2023-02-19 21:29:30,759 DEBUG    root            Loaded Command Group: ['gcloud', 'alpha', 'service-directory', 'namespaces', 'update']
2023-02-19 21:29:30,764 DEBUG    root            Loaded Command Group: ['gcloud', 'alpha', 'service-directory', 'namespaces', 'delete']
2023-02-19 21:29:30,769 DEBUG    root            Loaded Command Group: ['gcloud', 'alpha', 'service-directory', 'services']
2023-02-19 21:29:30,775 DEBUG    root            Loaded Command Group: ['gcloud', 'alpha', 'service-directory', 'services', 'add_iam_policy_binding']
2023-02-19 21:29:30,783 DEBUG    root            Loaded Command Group: ['gcloud', 'alpha', 'service-directory', 'services', 'get_iam_policy']
2023-02-19 21:29:30,790 DEBUG    root            Loaded Command Group: ['gcloud', 'alpha', 'service-directory', 'services', 'describe']
2023-02-19 21:29:30,797 DEBUG    root            Loaded Command Group: ['gcloud', 'alpha', 'service-directory', 'services', 'remove_iam_policy_binding']
2023-02-19 21:29:30,807 DEBUG    root            Loaded Command Group: ['gcloud', 'alpha', 'service-directory', 'services', 'list']
2023-02-19 21:29:30,812 DEBUG    root            Loaded Command Group: ['gcloud', 'alpha', 'service-directory', 'services', 'update']
2023-02-19 21:29:30,822 DEBUG    root            Loaded Command Group: ['gcloud', 'alpha', 'service-directory', 'services', 'set_iam_policy']
2023-02-19 21:29:30,830 DEBUG    root            Loaded Command Group: ['gcloud', 'alpha', 'service-directory', 'services', 'create']
2023-02-19 21:29:30,839 DEBUG    root            Loaded Command Group: ['gcloud', 'alpha', 'service-directory', 'services', 'resolve']
2023-02-19 21:29:30,845 DEBUG    root            Loaded Command Group: ['gcloud', 'alpha', 'service-directory', 'services', 'delete']
2023-02-19 21:29:30,853 DEBUG    root            Loaded Command Group: ['gcloud', 'alpha', 'service-directory', 'registration_policies']
2023-02-19 21:29:30,856 DEBUG    root            Loaded Command Group: ['gcloud', 'alpha', 'service-directory', 'registration-policies', 'delete']
2023-02-19 21:29:30,864 DEBUG    root            Loaded Command Group: ['gcloud', 'alpha', 'service-directory', 'registration-policies', 'update']
2023-02-19 21:29:30,867 DEBUG    root            Loaded Command Group: ['gcloud', 'alpha', 'service-directory', 'registration-policies', 'describe']
2023-02-19 21:29:30,873 DEBUG    root            Loaded Command Group: ['gcloud', 'alpha', 'service-directory', 'registration-policies', 'create']
2023-02-19 21:29:30,876 DEBUG    root            Loaded Command Group: ['gcloud', 'alpha', 'service-directory', 'registration-policies', 'list']
2023-02-19 21:29:30,886 DEBUG    root            Loaded Command Group: ['gcloud', 'alpha', 'container', 'node_pools']
2023-02-19 21:29:30,889 DEBUG    root            Loaded Command Group: ['gcloud', 'alpha', 'container', 'node-pools', 'delete']
2023-02-19 21:29:30,890 DEBUG    root            Loaded Command Group: ['gcloud', 'alpha', 'container', 'node-pools', 'config']
2023-02-19 21:29:30,906 DEBUG    root            Loaded Command Group: ['gcloud', 'alpha', 'container', 'node-pools', 'config', 'export']
2023-02-19 21:29:30,913 DEBUG    root            Loaded Command Group: ['gcloud', 'alpha', 'container', 'node-pools', 'describe']
2023-02-19 21:29:30,915 DEBUG    root            Loaded Command Group: ['gcloud', 'alpha', 'container', 'node-pools', 'list']
2023-02-19 21:29:30,917 DEBUG    root            Loaded Command Group: ['gcloud', 'alpha', 'container', 'node-pools', 'complete_upgrade']
2023-02-19 21:29:30,920 DEBUG    root            Loaded Command Group: ['gcloud', 'alpha', 'container', 'node-pools', 'rollback']
2023-02-19 21:29:30,923 DEBUG    root            Loaded Command Group: ['gcloud', 'alpha', 'container', 'node-pools', 'update']
2023-02-19 21:29:30,930 DEBUG    root            Loaded Command Group: ['gcloud', 'alpha', 'container', 'node-pools', 'create']
2023-02-19 21:29:30,989 DEBUG    root            Loaded Command Group: ['gcloud', 'alpha', 'container', 'images']
2023-02-19 21:29:31,059 DEBUG    root            Loaded Command Group: ['gcloud', 'alpha', 'container', 'images', 'list_tags']
2023-02-19 21:29:31,063 DEBUG    root            Loaded Command Group: ['gcloud', 'alpha', 'container', 'images', 'describe']
2023-02-19 21:29:31,066 DEBUG    root            Loaded Command Group: ['gcloud', 'alpha', 'container', 'images', 'delete']
2023-02-19 21:29:31,069 DEBUG    root            Loaded Command Group: ['gcloud', 'alpha', 'container', 'images', 'list']
2023-02-19 21:29:31,072 DEBUG    root            Loaded Command Group: ['gcloud', 'alpha', 'container', 'images', 'untag']
2023-02-19 21:29:31,075 DEBUG    root            Loaded Command Group: ['gcloud', 'alpha', 'container', 'images', 'add_tag']
2023-02-19 21:29:31,078 DEBUG    root            Loaded Command Group: ['gcloud', 'alpha', 'container', 'fleet']
2023-02-19 21:29:31,085 DEBUG    root            Loaded Command Group: ['gcloud', 'alpha', 'container', 'fleet', 'anthosobservability']
2023-02-19 21:29:31,099 DEBUG    root            Loaded Command Group: ['gcloud', 'alpha', 'container', 'fleet', 'anthosobservability', 'update']
2023-02-19 21:29:31,109 DEBUG    root            Loaded Command Group: ['gcloud', 'alpha', 'container', 'fleet', 'anthosobservability', 'describe']
2023-02-19 21:29:31,111 DEBUG    root            Loaded Command Group: ['gcloud', 'alpha', 'container', 'fleet', 'anthosobservability', 'enable']
2023-02-19 21:29:31,113 DEBUG    root            Loaded Command Group: ['gcloud', 'alpha', 'container', 'fleet', 'anthosobservability', 'disable']
2023-02-19 21:29:31,115 DEBUG    root            Loaded Command Group: ['gcloud', 'alpha', 'container', 'fleet', 'namespaces']
2023-02-19 21:29:31,118 DEBUG    root            Loaded Command Group: ['gcloud', 'alpha', 'container', 'fleet', 'namespaces', 'delete']
2023-02-19 21:29:31,120 DEBUG    root            Loaded Command Group: ['gcloud', 'alpha', 'container', 'fleet', 'namespaces', 'list']
2023-02-19 21:29:31,122 DEBUG    root            Loaded Command Group: ['gcloud', 'alpha', 'container', 'fleet', 'namespaces', 'update']
2023-02-19 21:29:31,123 DEBUG    root            Loaded Command Group: ['gcloud', 'alpha', 'container', 'fleet', 'namespaces', 'describe']
2023-02-19 21:29:31,125 DEBUG    root            Loaded Command Group: ['gcloud', 'alpha', 'container', 'fleet', 'namespaces', 'create']
2023-02-19 21:29:31,138 DEBUG    root            Loaded Command Group: ['gcloud', 'alpha', 'container', 'fleet', 'namespaces', 'get_credentials']
2023-02-19 21:29:31,140 DEBUG    root            Loaded Command Group: ['gcloud', 'alpha', 'container', 'fleet', 'namespaces', 'rbacrolebindings']
2023-02-19 21:29:31,143 DEBUG    root            Loaded Command Group: ['gcloud', 'alpha', 'container', 'fleet', 'namespaces', 'rbacrolebindings', 'delete']
2023-02-19 21:29:31,151 DEBUG    root            Loaded Command Group: ['gcloud', 'alpha', 'container', 'fleet', 'namespaces', 'rbacrolebindings', 'update']
2023-02-19 21:29:31,158 DEBUG    root            Loaded Command Group: ['gcloud', 'alpha', 'container', 'fleet', 'namespaces', 'rbacrolebindings', 'describe']
2023-02-19 21:29:31,167 DEBUG    root            Loaded Command Group: ['gcloud', 'alpha', 'container', 'fleet', 'namespaces', 'rbacrolebindings', 'create']
2023-02-19 21:29:31,175 DEBUG    root            Loaded Command Group: ['gcloud', 'alpha', 'container', 'fleet', 'namespaces', 'rbacrolebindings', 'list']
2023-02-19 21:29:31,177 DEBUG    root            Loaded Command Group: ['gcloud', 'alpha', 'container', 'fleet', 'describe']
2023-02-19 21:29:31,179 DEBUG    root            Loaded Command Group: ['gcloud', 'alpha', 'container', 'fleet', 'update']
2023-02-19 21:29:31,182 DEBUG    root            Loaded Command Group: ['gcloud', 'alpha', 'container', 'fleet', 'ingress']
2023-02-19 21:29:31,184 DEBUG    root            Loaded Command Group: ['gcloud', 'alpha', 'container', 'fleet', 'ingress', 'update']
2023-02-19 21:29:31,190 DEBUG    root            Loaded Command Group: ['gcloud', 'alpha', 'container', 'fleet', 'ingress', 'describe']
2023-02-19 21:29:31,192 DEBUG    root            Loaded Command Group: ['gcloud', 'alpha', 'container', 'fleet', 'ingress', 'enable']
2023-02-19 21:29:31,197 DEBUG    root            Loaded Command Group: ['gcloud', 'alpha', 'container', 'fleet', 'ingress', 'disable']
2023-02-19 21:29:31,199 DEBUG    root            Loaded Command Group: ['gcloud', 'alpha', 'container', 'fleet', 'identity_service']
2023-02-19 21:29:31,202 DEBUG    root            Loaded Command Group: ['gcloud', 'alpha', 'container', 'fleet', 'identity-service', 'disable']
2023-02-19 21:29:31,209 DEBUG    root            Loaded Command Group: ['gcloud', 'alpha', 'container', 'fleet', 'identity-service', 'enable']
2023-02-19 21:29:31,210 DEBUG    root            Loaded Command Group: ['gcloud', 'alpha', 'container', 'fleet', 'identity-service', 'apply']
2023-02-19 21:29:31,318 DEBUG    root            Loaded Command Group: ['gcloud', 'alpha', 'container', 'fleet', 'identity-service', 'delete']
2023-02-19 21:29:31,323 DEBUG    root            Loaded Command Group: ['gcloud', 'alpha', 'container', 'fleet', 'identity-service', 'describe']
2023-02-19 21:29:31,324 DEBUG    root            Loaded Command Group: ['gcloud', 'alpha', 'container', 'fleet', 'mesh']
2023-02-19 21:29:31,327 DEBUG    root            Loaded Command Group: ['gcloud', 'alpha', 'container', 'fleet', 'mesh', 'update']
2023-02-19 21:29:31,332 DEBUG    root            Loaded Command Group: ['gcloud', 'alpha', 'container', 'fleet', 'mesh', 'describe']
2023-02-19 21:29:31,334 DEBUG    root            Loaded Command Group: ['gcloud', 'alpha', 'container', 'fleet', 'mesh', 'enable']
2023-02-19 21:29:31,336 DEBUG    root            Loaded Command Group: ['gcloud', 'alpha', 'container', 'fleet', 'mesh', 'disable']
2023-02-19 21:29:31,337 DEBUG    root            Loaded Command Group: ['gcloud', 'alpha', 'container', 'fleet', 'features']
2023-02-19 21:29:31,340 DEBUG    root            Loaded Command Group: ['gcloud', 'alpha', 'container', 'fleet', 'features', 'describe']
2023-02-19 21:29:31,387 DEBUG    root            Loaded Command Group: ['gcloud', 'alpha', 'container', 'fleet', 'features', 'list']
2023-02-19 21:29:31,391 DEBUG    root            Loaded Command Group: ['gcloud', 'alpha', 'container', 'fleet', 'features', 'enable']
2023-02-19 21:29:31,392 DEBUG    root            Loaded Command Group: ['gcloud', 'alpha', 'container', 'fleet', 'features', 'disable']
2023-02-19 21:29:31,394 DEBUG    root            Loaded Command Group: ['gcloud', 'alpha', 'container', 'fleet', 'workload_migration']
2023-02-19 21:29:31,395 DEBUG    root            Loaded Command Group: ['gcloud', 'alpha', 'container', 'fleet', 'workload-migration', 'describe']
2023-02-19 21:29:31,397 DEBUG    root            Loaded Command Group: ['gcloud', 'alpha', 'container', 'fleet', 'workload-migration', 'enable']
2023-02-19 21:29:31,398 DEBUG    root            Loaded Command Group: ['gcloud', 'alpha', 'container', 'fleet', 'workload-migration', 'disable']
2023-02-19 21:29:31,399 DEBUG    root            Loaded Command Group: ['gcloud', 'alpha', 'container', 'fleet', 'policycontroller']
2023-02-19 21:29:31,404 DEBUG    root            Loaded Command Group: ['gcloud', 'alpha', 'container', 'fleet', 'policycontroller', 'status']
2023-02-19 21:29:31,409 DEBUG    root            Loaded Command Group: ['gcloud', 'alpha', 'container', 'fleet', 'policycontroller', 'disable']
2023-02-19 21:29:31,413 DEBUG    root            Loaded Command Group: ['gcloud', 'alpha', 'container', 'fleet', 'policycontroller', 'describe']
2023-02-19 21:29:31,418 DEBUG    root            Loaded Command Group: ['gcloud', 'alpha', 'container', 'fleet', 'policycontroller', 'templates']
2023-02-19 21:29:31,421 DEBUG    root            Loaded Command Group: ['gcloud', 'alpha', 'container', 'fleet', 'policycontroller', 'templates', 'describe']
2023-02-19 21:29:31,447 DEBUG    root            Loaded Command Group: ['gcloud', 'alpha', 'container', 'fleet', 'policycontroller', 'templates', 'list']
2023-02-19 21:29:31,452 DEBUG    root            Loaded Command Group: ['gcloud', 'alpha', 'container', 'fleet', 'policycontroller', 'violations']
2023-02-19 21:29:31,458 DEBUG    root            Loaded Command Group: ['gcloud', 'alpha', 'container', 'fleet', 'policycontroller', 'violations', 'describe']
2023-02-19 21:29:31,463 DEBUG    root            Loaded Command Group: ['gcloud', 'alpha', 'container', 'fleet', 'policycontroller', 'violations', 'list']
2023-02-19 21:29:31,469 DEBUG    root            Loaded Command Group: ['gcloud', 'alpha', 'container', 'fleet', 'policycontroller', 'update']
2023-02-19 21:29:31,476 DEBUG    root            Loaded Command Group: ['gcloud', 'alpha', 'container', 'fleet', 'policycontroller', 'constraints']
2023-02-19 21:29:31,479 DEBUG    root            Loaded Command Group: ['gcloud', 'alpha', 'container', 'fleet', 'policycontroller', 'constraints', 'describe']
2023-02-19 21:29:31,484 DEBUG    root            Loaded Command Group: ['gcloud', 'alpha', 'container', 'fleet', 'policycontroller', 'constraints', 'list']
2023-02-19 21:29:31,489 DEBUG    root            Loaded Command Group: ['gcloud', 'alpha', 'container', 'fleet', 'policycontroller', 'enable']
2023-02-19 21:29:31,495 DEBUG    root            Loaded Command Group: ['gcloud', 'alpha', 'container', 'fleet', 'create']
2023-02-19 21:29:31,497 DEBUG    root            Loaded Command Group: ['gcloud', 'alpha', 'container', 'fleet', 'delete']
2023-02-19 21:29:31,498 DEBUG    root            Loaded Command Group: ['gcloud', 'alpha', 'container', 'fleet', 'build']
2023-02-19 21:29:31,500 DEBUG    root            Loaded Command Group: ['gcloud', 'alpha', 'container', 'fleet', 'build', 'describe']
2023-02-19 21:29:31,502 DEBUG    root            Loaded Command Group: ['gcloud', 'alpha', 'container', 'fleet', 'build', 'enable']
2023-02-19 21:29:31,505 DEBUG    root            Loaded Command Group: ['gcloud', 'alpha', 'container', 'fleet', 'build', 'disable']
2023-02-19 21:29:31,507 DEBUG    root            Loaded Command Group: ['gcloud', 'alpha', 'container', 'fleet', 'list']
2023-02-19 21:29:31,508 DEBUG    root            Loaded Command Group: ['gcloud', 'alpha', 'container', 'fleet', 'multi_cluster_services']
2023-02-19 21:29:31,510 DEBUG    root            Loaded Command Group: ['gcloud', 'alpha', 'container', 'fleet', 'multi-cluster-services', 'describe']
2023-02-19 21:29:31,512 DEBUG    root            Loaded Command Group: ['gcloud', 'alpha', 'container', 'fleet', 'multi-cluster-services', 'enable']
2023-02-19 21:29:31,514 DEBUG    root            Loaded Command Group: ['gcloud', 'alpha', 'container', 'fleet', 'multi-cluster-services', 'disable']
2023-02-19 21:29:31,515 DEBUG    root            Loaded Command Group: ['gcloud', 'alpha', 'container', 'fleet', 'service_directory']
2023-02-19 21:29:31,517 DEBUG    root            Loaded Command Group: ['gcloud', 'alpha', 'container', 'fleet', 'service-directory', 'describe']
2023-02-19 21:29:31,519 DEBUG    root            Loaded Command Group: ['gcloud', 'alpha', 'container', 'fleet', 'service-directory', 'enable']
2023-02-19 21:29:31,521 DEBUG    root            Loaded Command Group: ['gcloud', 'alpha', 'container', 'fleet', 'service-directory', 'disable']
2023-02-19 21:29:31,523 DEBUG    root            Loaded Command Group: ['gcloud', 'alpha', 'container', 'fleet', 'memberships']
2023-02-19 21:29:31,544 DEBUG    root            Loaded Command Group: ['gcloud', 'alpha', 'container', 'fleet', 'memberships', 'delete']
