2023-02-19 22:56:42,673 DEBUG    root            Loaded Command Group: ['gcloud', 'components']
2023-02-19 22:56:42,674 DEBUG    root            Loaded Command Group: ['gcloud', 'components', 'install']
2023-02-19 22:56:42,675 DEBUG    root            Running [gcloud.components.install] with arguments: [--quiet: "True", COMPONENT-IDS:7: "['alpha', 'beta', 'gke-gcloud-auth-plugin', 'kubectl', 'skaffold', 'minikube', 'gsutil']"]
2023-02-19 22:56:42,681 DEBUG    urllib3.connectionpool Starting new HTTPS connection (1): dl.google.com:443
2023-02-19 22:56:42,860 DEBUG    urllib3.connectionpool https://dl.google.com:443 "GET /dl/cloudsdk/channels/rapid/components-v418.0.0.json HTTP/1.1" 200 206156
2023-02-19 22:56:43,318 INFO     ___FILE_ONLY___ 

2023-02-19 22:56:43,319 INFO     ___FILE_ONLY___ 
Your current Google Cloud CLI version is: 418.0.0

2023-02-19 22:56:43,319 INFO     ___FILE_ONLY___ Installing components from version: 418.0.0

2023-02-19 22:56:43,319 INFO     ___FILE_ONLY___ 

2023-02-19 22:56:43,319 DEBUG    root            Chosen display Format:table[box,title="These components will be removed."](details.display_name:label=Name:align=left,version.version_string:label=Version:align=right,data.size.size(zero="",min=1048576):label=Size:align=right)
2023-02-19 22:56:43,319 DEBUG    root            Chosen display Format:table[box,title="These components will be updated."](details.display_name:label=Name:align=left,version.version_string:label=Version:align=right,data.size.size(zero="",min=1048576):label=Size:align=right)
2023-02-19 22:56:43,320 DEBUG    root            Chosen display Format:table[box,title="These components will be installed."](details.display_name:label=Name:align=left,version.version_string:label=Version:align=right,data.size.size(zero="",min=1048576):label=Size:align=right)
2023-02-19 22:56:43,322 INFO     ___FILE_ONLY___ ┌─────────────────────────────────────────────────┐
2023-02-19 22:56:43,322 INFO     ___FILE_ONLY___ 

2023-02-19 22:56:43,322 INFO     ___FILE_ONLY___ │       These components will be installed.       │
2023-02-19 22:56:43,322 INFO     ___FILE_ONLY___ 

2023-02-19 22:56:43,322 INFO     ___FILE_ONLY___ ├─────────────────────────┬────────────┬──────────┤
2023-02-19 22:56:43,322 INFO     ___FILE_ONLY___ 

2023-02-19 22:56:43,322 INFO     ___FILE_ONLY___ │           Name          │  Version   │   Size   │
2023-02-19 22:56:43,322 INFO     ___FILE_ONLY___ 

2023-02-19 22:56:43,322 INFO     ___FILE_ONLY___ ├─────────────────────────┼────────────┼──────────┤
2023-02-19 22:56:43,322 INFO     ___FILE_ONLY___ 

2023-02-19 22:56:43,322 INFO     ___FILE_ONLY___ │ 
2023-02-19 22:56:43,322 INFO     ___FILE_ONLY___ Minikube               
2023-02-19 22:56:43,322 INFO     ___FILE_ONLY___  
2023-02-19 22:56:43,322 INFO     ___FILE_ONLY___ │ 
2023-02-19 22:56:43,322 INFO     ___FILE_ONLY___     1.29.0
2023-02-19 22:56:43,322 INFO     ___FILE_ONLY___  
2023-02-19 22:56:43,322 INFO     ___FILE_ONLY___ │ 
2023-02-19 22:56:43,322 INFO     ___FILE_ONLY___ 31.3 MiB
2023-02-19 22:56:43,322 INFO     ___FILE_ONLY___  
2023-02-19 22:56:43,322 INFO     ___FILE_ONLY___ │
2023-02-19 22:56:43,323 INFO     ___FILE_ONLY___ 

2023-02-19 22:56:43,323 INFO     ___FILE_ONLY___ │ 
2023-02-19 22:56:43,323 INFO     ___FILE_ONLY___ Skaffold               
2023-02-19 22:56:43,323 INFO     ___FILE_ONLY___  
2023-02-19 22:56:43,323 INFO     ___FILE_ONLY___ │ 
2023-02-19 22:56:43,323 INFO     ___FILE_ONLY___      2.1.0
2023-02-19 22:56:43,323 INFO     ___FILE_ONLY___  
2023-02-19 22:56:43,323 INFO     ___FILE_ONLY___ │ 
2023-02-19 22:56:43,323 INFO     ___FILE_ONLY___ 20.0 MiB
2023-02-19 22:56:43,323 INFO     ___FILE_ONLY___  
2023-02-19 22:56:43,323 INFO     ___FILE_ONLY___ │
2023-02-19 22:56:43,323 INFO     ___FILE_ONLY___ 

2023-02-19 22:56:43,323 INFO     ___FILE_ONLY___ │ 
2023-02-19 22:56:43,323 INFO     ___FILE_ONLY___ gcloud Alpha Commands  
2023-02-19 22:56:43,323 INFO     ___FILE_ONLY___  
2023-02-19 22:56:43,323 INFO     ___FILE_ONLY___ │ 
2023-02-19 22:56:43,323 INFO     ___FILE_ONLY___ 2023.02.13
2023-02-19 22:56:43,323 INFO     ___FILE_ONLY___  
2023-02-19 22:56:43,323 INFO     ___FILE_ONLY___ │ 
2023-02-19 22:56:43,323 INFO     ___FILE_ONLY___  < 1 MiB
2023-02-19 22:56:43,323 INFO     ___FILE_ONLY___  
2023-02-19 22:56:43,323 INFO     ___FILE_ONLY___ │
2023-02-19 22:56:43,323 INFO     ___FILE_ONLY___ 

2023-02-19 22:56:43,323 INFO     ___FILE_ONLY___ │ 
2023-02-19 22:56:43,323 INFO     ___FILE_ONLY___ gcloud Beta Commands   
2023-02-19 22:56:43,323 INFO     ___FILE_ONLY___  
2023-02-19 22:56:43,323 INFO     ___FILE_ONLY___ │ 
2023-02-19 22:56:43,323 INFO     ___FILE_ONLY___ 2023.02.13
2023-02-19 22:56:43,323 INFO     ___FILE_ONLY___  
2023-02-19 22:56:43,323 INFO     ___FILE_ONLY___ │ 
2023-02-19 22:56:43,323 INFO     ___FILE_ONLY___  < 1 MiB
2023-02-19 22:56:43,323 INFO     ___FILE_ONLY___  
2023-02-19 22:56:43,323 INFO     ___FILE_ONLY___ │
2023-02-19 22:56:43,323 INFO     ___FILE_ONLY___ 

2023-02-19 22:56:43,324 INFO     ___FILE_ONLY___ │ 
2023-02-19 22:56:43,324 INFO     ___FILE_ONLY___ gcloud cli dependencies
2023-02-19 22:56:43,324 INFO     ___FILE_ONLY___  
2023-02-19 22:56:43,324 INFO     ___FILE_ONLY___ │ 
2023-02-19 22:56:43,324 INFO     ___FILE_ONLY___ 2021.04.16
2023-02-19 22:56:43,324 INFO     ___FILE_ONLY___  
2023-02-19 22:56:43,324 INFO     ___FILE_ONLY___ │ 
2023-02-19 22:56:43,324 INFO     ___FILE_ONLY___  < 1 MiB
2023-02-19 22:56:43,324 INFO     ___FILE_ONLY___  
2023-02-19 22:56:43,324 INFO     ___FILE_ONLY___ │
2023-02-19 22:56:43,324 INFO     ___FILE_ONLY___ 

2023-02-19 22:56:43,324 INFO     ___FILE_ONLY___ │ 
2023-02-19 22:56:43,324 INFO     ___FILE_ONLY___ gke-gcloud-auth-plugin 
2023-02-19 22:56:43,324 INFO     ___FILE_ONLY___  
2023-02-19 22:56:43,324 INFO     ___FILE_ONLY___ │ 
2023-02-19 22:56:43,324 INFO     ___FILE_ONLY___      0.4.0
2023-02-19 22:56:43,324 INFO     ___FILE_ONLY___  
2023-02-19 22:56:43,324 INFO     ___FILE_ONLY___ │ 
2023-02-19 22:56:43,324 INFO     ___FILE_ONLY___  7.1 MiB
2023-02-19 22:56:43,324 INFO     ___FILE_ONLY___  
2023-02-19 22:56:43,324 INFO     ___FILE_ONLY___ │
2023-02-19 22:56:43,324 INFO     ___FILE_ONLY___ 

2023-02-19 22:56:43,324 INFO     ___FILE_ONLY___ │ 
2023-02-19 22:56:43,324 INFO     ___FILE_ONLY___ kubectl                
2023-02-19 22:56:43,324 INFO     ___FILE_ONLY___  
2023-02-19 22:56:43,324 INFO     ___FILE_ONLY___ │ 
2023-02-19 22:56:43,324 INFO     ___FILE_ONLY___    1.24.10
2023-02-19 22:56:43,324 INFO     ___FILE_ONLY___  
2023-02-19 22:56:43,324 INFO     ___FILE_ONLY___ │ 
2023-02-19 22:56:43,324 INFO     ___FILE_ONLY___ 92.8 MiB
2023-02-19 22:56:43,324 INFO     ___FILE_ONLY___  
2023-02-19 22:56:43,325 INFO     ___FILE_ONLY___ │
2023-02-19 22:56:43,325 INFO     ___FILE_ONLY___ 

2023-02-19 22:56:43,325 INFO     ___FILE_ONLY___ │ 
2023-02-19 22:56:43,325 INFO     ___FILE_ONLY___ kubectl                
2023-02-19 22:56:43,325 INFO     ___FILE_ONLY___  
2023-02-19 22:56:43,325 INFO     ___FILE_ONLY___ │ 
2023-02-19 22:56:43,325 INFO     ___FILE_ONLY___    1.24.10
2023-02-19 22:56:43,325 INFO     ___FILE_ONLY___  
2023-02-19 22:56:43,325 INFO     ___FILE_ONLY___ │ 
2023-02-19 22:56:43,325 INFO     ___FILE_ONLY___  < 1 MiB
2023-02-19 22:56:43,325 INFO     ___FILE_ONLY___  
2023-02-19 22:56:43,325 INFO     ___FILE_ONLY___ │
2023-02-19 22:56:43,325 INFO     ___FILE_ONLY___ 

2023-02-19 22:56:43,325 INFO     ___FILE_ONLY___ └─────────────────────────┴────────────┴──────────┘
2023-02-19 22:56:43,325 INFO     ___FILE_ONLY___ 

2023-02-19 22:56:43,325 INFO     ___FILE_ONLY___ 

2023-02-19 22:56:43,328 DEBUG    urllib3.connectionpool Starting new HTTPS connection (1): dl.google.com:443
2023-02-19 22:56:43,525 DEBUG    urllib3.connectionpool https://dl.google.com:443 "GET /dl/cloudsdk/channels/rapid/RELEASE_NOTES HTTP/1.1" 200 951663
2023-02-19 22:56:45,568 INFO     ___FILE_ONLY___ For the latest full release notes, please visit:
  https://cloud.google.com/sdk/release_notes


2023-02-19 22:56:45,574 INFO     ___FILE_ONLY___ ╔════════════════════════════════════════════════════════════╗

2023-02-19 22:56:45,574 INFO     ___FILE_ONLY___ ╠═ Creating update staging area                             ═╣

2023-02-19 22:56:45,574 INFO     ___FILE_ONLY___ ╚
2023-02-19 22:56:45,574 INFO     ___FILE_ONLY___ ══════
2023-02-19 22:56:48,403 INFO     ___FILE_ONLY___ ══════
2023-02-19 22:56:48,403 INFO     ___FILE_ONLY___ ══════
2023-02-19 22:56:48,790 INFO     ___FILE_ONLY___ ═
2023-02-19 22:56:48,960 INFO     ___FILE_ONLY___ ═
2023-02-19 22:56:49,096 INFO     ___FILE_ONLY___ ═
2023-02-19 22:56:49,328 INFO     ___FILE_ONLY___ ═
2023-02-19 22:56:49,499 INFO     ___FILE_ONLY___ ═
2023-02-19 22:56:49,645 INFO     ___FILE_ONLY___ ═
2023-02-19 22:56:49,816 INFO     ___FILE_ONLY___ ═
2023-02-19 22:56:50,026 INFO     ___FILE_ONLY___ ═
2023-02-19 22:56:50,250 INFO     ___FILE_ONLY___ ═
2023-02-19 22:56:50,409 INFO     ___FILE_ONLY___ ═
2023-02-19 22:56:50,565 INFO     ___FILE_ONLY___ ═
2023-02-19 22:56:50,735 INFO     ___FILE_ONLY___ ═
2023-02-19 22:56:50,854 INFO     ___FILE_ONLY___ ═
2023-02-19 22:56:50,982 INFO     ___FILE_ONLY___ ═
2023-02-19 22:56:51,103 INFO     ___FILE_ONLY___ ═
2023-02-19 22:56:51,402 INFO     ___FILE_ONLY___ ═
2023-02-19 22:56:51,525 INFO     ___FILE_ONLY___ ═
2023-02-19 22:56:51,664 INFO     ___FILE_ONLY___ ═
2023-02-19 22:56:51,781 INFO     ___FILE_ONLY___ ═
2023-02-19 22:56:51,872 INFO     ___FILE_ONLY___ ═
2023-02-19 22:56:51,968 INFO     ___FILE_ONLY___ ═
2023-02-19 22:56:52,049 INFO     ___FILE_ONLY___ ═
2023-02-19 22:56:52,175 INFO     ___FILE_ONLY___ ═
2023-02-19 22:56:52,297 INFO     ___FILE_ONLY___ ═
2023-02-19 22:56:52,448 INFO     ___FILE_ONLY___ ═
2023-02-19 22:56:52,594 INFO     ___FILE_ONLY___ ═
2023-02-19 22:56:52,733 INFO     ___FILE_ONLY___ ═
2023-02-19 22:56:52,868 INFO     ___FILE_ONLY___ ═
2023-02-19 22:56:53,019 INFO     ___FILE_ONLY___ ═
2023-02-19 22:56:53,159 INFO     ___FILE_ONLY___ ═
2023-02-19 22:56:53,328 INFO     ___FILE_ONLY___ ═
2023-02-19 22:56:53,513 INFO     ___FILE_ONLY___ ═
2023-02-19 22:56:53,660 INFO     ___FILE_ONLY___ ═
2023-02-19 22:56:53,774 INFO     ___FILE_ONLY___ ═
2023-02-19 22:56:53,914 INFO     ___FILE_ONLY___ ═
2023-02-19 22:56:54,005 INFO     ___FILE_ONLY___ ═
2023-02-19 22:56:54,135 INFO     ___FILE_ONLY___ ═
2023-02-19 22:56:54,232 INFO     ___FILE_ONLY___ ═
2023-02-19 22:56:54,363 INFO     ___FILE_ONLY___ ═
2023-02-19 22:56:54,475 INFO     ___FILE_ONLY___ ═
2023-02-19 22:56:54,586 INFO     ___FILE_ONLY___ ═
2023-02-19 22:56:54,674 INFO     ___FILE_ONLY___ ═
2023-02-19 22:56:54,674 INFO     ___FILE_ONLY___ ╝

2023-02-19 22:56:58,178 INFO     ___FILE_ONLY___ ╔════════════════════════════════════════════════════════════╗

2023-02-19 22:56:58,178 INFO     ___FILE_ONLY___ ╠═ Installing: Minikube                                     ═╣

2023-02-19 22:56:58,178 INFO     ___FILE_ONLY___ ╚
2023-02-19 22:56:58,181 DEBUG    urllib3.connectionpool Starting new HTTPS connection (1): dl.google.com:443
2023-02-19 22:56:58,370 DEBUG    urllib3.connectionpool https://dl.google.com:443 "GET /dl/cloudsdk/channels/rapid/components/google-cloud-sdk-minikube-darwin-arm-20230130152419.tar.gz HTTP/1.1" 200 32825665
2023-02-19 22:58:31,425 INFO     ___FILE_ONLY___ ═
2023-02-19 22:58:31,426 INFO     ___FILE_ONLY___ ═
2023-02-19 22:58:31,426 INFO     ___FILE_ONLY___ ═
2023-02-19 22:58:31,427 INFO     ___FILE_ONLY___ ═
2023-02-19 22:58:31,428 INFO     ___FILE_ONLY___ ═
2023-02-19 22:58:31,428 INFO     ___FILE_ONLY___ ═
2023-02-19 22:58:31,429 INFO     ___FILE_ONLY___ ═
2023-02-19 22:58:31,430 INFO     ___FILE_ONLY___ ═
2023-02-19 22:58:31,431 INFO     ___FILE_ONLY___ ═
2023-02-19 22:58:31,431 INFO     ___FILE_ONLY___ ═
2023-02-19 22:58:31,432 INFO     ___FILE_ONLY___ ═
2023-02-19 22:58:31,433 INFO     ___FILE_ONLY___ ═
2023-02-19 22:58:31,434 INFO     ___FILE_ONLY___ ═
2023-02-19 22:58:31,434 INFO     ___FILE_ONLY___ ═
2023-02-19 22:58:31,435 INFO     ___FILE_ONLY___ ═
2023-02-19 22:58:31,436 INFO     ___FILE_ONLY___ ═
2023-02-19 22:58:31,437 INFO     ___FILE_ONLY___ ═
2023-02-19 22:58:31,437 INFO     ___FILE_ONLY___ ═
2023-02-19 22:58:31,438 INFO     ___FILE_ONLY___ ═
2023-02-19 22:58:31,439 INFO     ___FILE_ONLY___ ═
2023-02-19 22:58:31,439 INFO     ___FILE_ONLY___ ═
2023-02-19 22:58:31,440 INFO     ___FILE_ONLY___ ═
2023-02-19 22:58:31,441 INFO     ___FILE_ONLY___ ═
2023-02-19 22:58:31,442 INFO     ___FILE_ONLY___ ═
2023-02-19 22:58:31,442 INFO     ___FILE_ONLY___ ═
2023-02-19 22:58:31,443 INFO     ___FILE_ONLY___ ═
2023-02-19 22:58:31,444 INFO     ___FILE_ONLY___ ═
2023-02-19 22:58:31,444 INFO     ___FILE_ONLY___ ═
2023-02-19 22:58:31,445 INFO     ___FILE_ONLY___ ═
2023-02-19 22:58:31,446 INFO     ___FILE_ONLY___ ═
2023-02-19 22:58:31,947 INFO     ___FILE_ONLY___ ══════════════════════════════
2023-02-19 22:58:31,947 INFO     ___FILE_ONLY___ ╝

2023-02-19 22:58:31,955 INFO     ___FILE_ONLY___ ╔════════════════════════════════════════════════════════════╗

2023-02-19 22:58:31,955 INFO     ___FILE_ONLY___ ╠═ Installing: Minikube                                     ═╣

2023-02-19 22:58:31,956 INFO     ___FILE_ONLY___ ╚
2023-02-19 22:58:31,957 INFO     ___FILE_ONLY___ ════════════════════════════════════════════════════════════
2023-02-19 22:58:31,957 INFO     ___FILE_ONLY___ ╝

2023-02-19 22:58:31,961 INFO     ___FILE_ONLY___ ╔════════════════════════════════════════════════════════════╗

2023-02-19 22:58:31,962 INFO     ___FILE_ONLY___ ╠═ Installing: Skaffold                                     ═╣

2023-02-19 22:58:31,962 INFO     ___FILE_ONLY___ ╚
2023-02-19 22:58:31,964 DEBUG    urllib3.connectionpool Starting new HTTPS connection (1): dl.google.com:443
2023-02-19 22:58:32,246 DEBUG    urllib3.connectionpool https://dl.google.com:443 "GET /dl/cloudsdk/channels/rapid/components/google-cloud-sdk-skaffold-darwin-arm-20230130152419.tar.gz HTTP/1.1" 200 20943763
2023-02-19 22:59:36,314 INFO     ___FILE_ONLY___ ═
2023-02-19 22:59:36,315 INFO     ___FILE_ONLY___ ═
2023-02-19 22:59:36,316 INFO     ___FILE_ONLY___ ═
2023-02-19 22:59:36,318 INFO     ___FILE_ONLY___ ═
2023-02-19 22:59:36,319 INFO     ___FILE_ONLY___ ═
2023-02-19 22:59:36,320 INFO     ___FILE_ONLY___ ═
2023-02-19 22:59:36,321 INFO     ___FILE_ONLY___ ═
2023-02-19 22:59:36,322 INFO     ___FILE_ONLY___ ═
2023-02-19 22:59:36,323 INFO     ___FILE_ONLY___ ═
2023-02-19 22:59:36,324 INFO     ___FILE_ONLY___ ═
2023-02-19 22:59:36,325 INFO     ___FILE_ONLY___ ═
2023-02-19 22:59:36,325 INFO     ___FILE_ONLY___ ═
2023-02-19 22:59:36,326 INFO     ___FILE_ONLY___ ═
2023-02-19 22:59:36,327 INFO     ___FILE_ONLY___ ═
2023-02-19 22:59:36,327 INFO     ___FILE_ONLY___ ═
2023-02-19 22:59:36,328 INFO     ___FILE_ONLY___ ═
2023-02-19 22:59:36,328 INFO     ___FILE_ONLY___ ═
2023-02-19 22:59:36,329 INFO     ___FILE_ONLY___ ═
2023-02-19 22:59:36,329 INFO     ___FILE_ONLY___ ═
2023-02-19 22:59:36,330 INFO     ___FILE_ONLY___ ═
2023-02-19 22:59:36,331 INFO     ___FILE_ONLY___ ═
2023-02-19 22:59:36,331 INFO     ___FILE_ONLY___ ═
2023-02-19 22:59:36,332 INFO     ___FILE_ONLY___ ═
2023-02-19 22:59:36,332 INFO     ___FILE_ONLY___ ═
2023-02-19 22:59:36,333 INFO     ___FILE_ONLY___ ═
2023-02-19 22:59:36,334 INFO     ___FILE_ONLY___ ═
2023-02-19 22:59:36,334 INFO     ___FILE_ONLY___ ═
2023-02-19 22:59:36,335 INFO     ___FILE_ONLY___ ═
2023-02-19 22:59:36,336 INFO     ___FILE_ONLY___ ═
2023-02-19 22:59:36,336 INFO     ___FILE_ONLY___ ═
2023-02-19 22:59:36,817 INFO     ___FILE_ONLY___ ══════════════════════════════
2023-02-19 22:59:36,817 INFO     ___FILE_ONLY___ ╝

2023-02-19 22:59:36,824 INFO     ___FILE_ONLY___ ╔════════════════════════════════════════════════════════════╗

2023-02-19 22:59:36,825 INFO     ___FILE_ONLY___ ╠═ Installing: Skaffold                                     ═╣

2023-02-19 22:59:36,825 INFO     ___FILE_ONLY___ ╚
2023-02-19 22:59:36,827 INFO     ___FILE_ONLY___ ════════════════════════════════════════════════════════════
2023-02-19 22:59:36,827 INFO     ___FILE_ONLY___ ╝

2023-02-19 22:59:36,830 INFO     ___FILE_ONLY___ ╔════════════════════════════════════════════════════════════╗

2023-02-19 22:59:36,830 INFO     ___FILE_ONLY___ ╠═ Installing: gcloud Alpha Commands                        ═╣

2023-02-19 22:59:36,830 INFO     ___FILE_ONLY___ ╚
2023-02-19 22:59:36,832 DEBUG    urllib3.connectionpool Starting new HTTPS connection (1): dl.google.com:443
2023-02-19 22:59:37,024 DEBUG    urllib3.connectionpool https://dl.google.com:443 "GET /dl/cloudsdk/channels/rapid/components/google-cloud-sdk-alpha-20230213205029.tar.gz HTTP/1.1" 200 800
2023-02-19 22:59:37,025 INFO     ___FILE_ONLY___ ══════════════════════════════
2023-02-19 22:59:37,026 INFO     ___FILE_ONLY___ ══════════════════════════════
2023-02-19 22:59:37,026 INFO     ___FILE_ONLY___ ╝

2023-02-19 22:59:37,042 INFO     ___FILE_ONLY___ ╔════════════════════════════════════════════════════════════╗

2023-02-19 22:59:37,043 INFO     ___FILE_ONLY___ ╠═ Installing: gcloud Beta Commands                         ═╣

2023-02-19 22:59:37,043 INFO     ___FILE_ONLY___ ╚
2023-02-19 22:59:37,047 DEBUG    urllib3.connectionpool Starting new HTTPS connection (1): dl.google.com:443
2023-02-19 22:59:37,230 DEBUG    urllib3.connectionpool https://dl.google.com:443 "GET /dl/cloudsdk/channels/rapid/components/google-cloud-sdk-beta-20230213205029.tar.gz HTTP/1.1" 200 797
2023-02-19 22:59:37,231 INFO     ___FILE_ONLY___ ══════════════════════════════
2023-02-19 22:59:37,235 INFO     ___FILE_ONLY___ ══════════════════════════════
2023-02-19 22:59:37,236 INFO     ___FILE_ONLY___ ╝

2023-02-19 22:59:37,257 INFO     ___FILE_ONLY___ ╔════════════════════════════════════════════════════════════╗

2023-02-19 22:59:37,257 INFO     ___FILE_ONLY___ ╠═ Installing: gcloud cli dependencies                      ═╣

2023-02-19 22:59:37,257 INFO     ___FILE_ONLY___ ╚
2023-02-19 22:59:37,262 DEBUG    urllib3.connectionpool Starting new HTTPS connection (1): dl.google.com:443
2023-02-19 22:59:37,451 DEBUG    urllib3.connectionpool https://dl.google.com:443 "GET /dl/cloudsdk/channels/rapid/components/google-cloud-sdk-gcloud-deps-darwin-x86_64-20210416153011.tar.gz HTTP/1.1" 200 105
2023-02-19 22:59:37,453 INFO     ___FILE_ONLY___ ══════════════════════════════
2023-02-19 22:59:37,454 INFO     ___FILE_ONLY___ ══════════════════════════════
2023-02-19 22:59:37,454 INFO     ___FILE_ONLY___ ╝

2023-02-19 22:59:37,472 INFO     ___FILE_ONLY___ ╔════════════════════════════════════════════════════════════╗

2023-02-19 22:59:37,473 INFO     ___FILE_ONLY___ ╠═ Installing: gke-gcloud-auth-plugin                       ═╣

2023-02-19 22:59:37,473 INFO     ___FILE_ONLY___ ╚
2023-02-19 22:59:37,475 INFO     ___FILE_ONLY___ ════════════════════════════════════════════════════════════
2023-02-19 22:59:37,475 INFO     ___FILE_ONLY___ ╝

2023-02-19 22:59:37,479 INFO     ___FILE_ONLY___ ╔════════════════════════════════════════════════════════════╗

2023-02-19 22:59:37,479 INFO     ___FILE_ONLY___ ╠═ Installing: gke-gcloud-auth-plugin                       ═╣

2023-02-19 22:59:37,479 INFO     ___FILE_ONLY___ ╚
2023-02-19 22:59:37,482 DEBUG    urllib3.connectionpool Starting new HTTPS connection (1): dl.google.com:443
2023-02-19 22:59:37,672 DEBUG    urllib3.connectionpool https://dl.google.com:443 "GET /dl/cloudsdk/channels/rapid/components/google-cloud-sdk-gke-gcloud-auth-plugin-darwin-arm-20221014224505.tar.gz HTTP/1.1" 200 7477444
2023-02-19 22:59:58,001 INFO     ___FILE_ONLY___ ═
2023-02-19 22:59:58,001 INFO     ___FILE_ONLY___ ═
2023-02-19 22:59:58,002 INFO     ___FILE_ONLY___ ═
2023-02-19 22:59:58,002 INFO     ___FILE_ONLY___ ═
2023-02-19 22:59:58,003 INFO     ___FILE_ONLY___ ═
2023-02-19 22:59:58,004 INFO     ___FILE_ONLY___ ═
2023-02-19 22:59:58,005 INFO     ___FILE_ONLY___ ═
2023-02-19 22:59:58,005 INFO     ___FILE_ONLY___ ═
2023-02-19 22:59:58,006 INFO     ___FILE_ONLY___ ═
2023-02-19 22:59:58,007 INFO     ___FILE_ONLY___ ═
2023-02-19 22:59:58,007 INFO     ___FILE_ONLY___ ═
2023-02-19 22:59:58,007 INFO     ___FILE_ONLY___ ═
2023-02-19 22:59:58,008 INFO     ___FILE_ONLY___ ═
2023-02-19 22:59:58,008 INFO     ___FILE_ONLY___ ═
2023-02-19 22:59:58,009 INFO     ___FILE_ONLY___ ═
2023-02-19 22:59:58,009 INFO     ___FILE_ONLY___ ═
2023-02-19 22:59:58,010 INFO     ___FILE_ONLY___ ═
2023-02-19 22:59:58,010 INFO     ___FILE_ONLY___ ═
2023-02-19 22:59:58,010 INFO     ___FILE_ONLY___ ═
2023-02-19 22:59:58,011 INFO     ___FILE_ONLY___ ═
2023-02-19 22:59:58,012 INFO     ___FILE_ONLY___ ═
2023-02-19 22:59:58,013 INFO     ___FILE_ONLY___ ═
2023-02-19 22:59:58,015 INFO     ___FILE_ONLY___ ═
2023-02-19 22:59:58,015 INFO     ___FILE_ONLY___ ═
2023-02-19 22:59:58,016 INFO     ___FILE_ONLY___ ═
2023-02-19 22:59:58,016 INFO     ___FILE_ONLY___ ═
2023-02-19 22:59:58,017 INFO     ___FILE_ONLY___ ═
2023-02-19 22:59:58,017 INFO     ___FILE_ONLY___ ═
2023-02-19 22:59:58,017 INFO     ___FILE_ONLY___ ═
2023-02-19 22:59:58,018 INFO     ___FILE_ONLY___ ═
2023-02-19 22:59:58,147 INFO     ___FILE_ONLY___ ══════════════════════════════
2023-02-19 22:59:58,147 INFO     ___FILE_ONLY___ ╝

2023-02-19 22:59:58,159 INFO     ___FILE_ONLY___ ╔════════════════════════════════════════════════════════════╗

2023-02-19 22:59:58,159 INFO     ___FILE_ONLY___ ╠═ Installing: kubectl                                      ═╣

2023-02-19 22:59:58,159 INFO     ___FILE_ONLY___ ╚
2023-02-19 22:59:58,161 DEBUG    urllib3.connectionpool Starting new HTTPS connection (1): dl.google.com:443
2023-02-19 22:59:58,374 DEBUG    urllib3.connectionpool https://dl.google.com:443 "GET /dl/cloudsdk/channels/rapid/components/google-cloud-sdk-kubectl-darwin-arm-20230130152419.tar.gz HTTP/1.1" 200 97288783
2023-02-19 23:04:53,721 INFO     ___FILE_ONLY___ ═
2023-02-19 23:04:53,724 INFO     ___FILE_ONLY___ ═
2023-02-19 23:04:53,726 INFO     ___FILE_ONLY___ ═
2023-02-19 23:04:53,728 INFO     ___FILE_ONLY___ ═
2023-02-19 23:04:53,729 INFO     ___FILE_ONLY___ ═
2023-02-19 23:04:53,732 INFO     ___FILE_ONLY___ ═
2023-02-19 23:04:53,734 INFO     ___FILE_ONLY___ ═
2023-02-19 23:04:53,736 INFO     ___FILE_ONLY___ ═
2023-02-19 23:04:53,737 INFO     ___FILE_ONLY___ ═
2023-02-19 23:04:53,739 INFO     ___FILE_ONLY___ ═
2023-02-19 23:04:53,741 INFO     ___FILE_ONLY___ ═
2023-02-19 23:04:53,743 INFO     ___FILE_ONLY___ ═
2023-02-19 23:04:53,745 INFO     ___FILE_ONLY___ ═
2023-02-19 23:04:53,747 INFO     ___FILE_ONLY___ ═
2023-02-19 23:04:53,748 INFO     ___FILE_ONLY___ ═
2023-02-19 23:04:53,751 INFO     ___FILE_ONLY___ ═
2023-02-19 23:04:53,753 INFO     ___FILE_ONLY___ ═
2023-02-19 23:04:53,755 INFO     ___FILE_ONLY___ ═
2023-02-19 23:04:53,757 INFO     ___FILE_ONLY___ ═
2023-02-19 23:04:53,759 INFO     ___FILE_ONLY___ ═
2023-02-19 23:04:53,761 INFO     ___FILE_ONLY___ ═
2023-02-19 23:04:53,764 INFO     ___FILE_ONLY___ ═
2023-02-19 23:04:53,765 INFO     ___FILE_ONLY___ ═
2023-02-19 23:04:53,768 INFO     ___FILE_ONLY___ ═
2023-02-19 23:04:53,769 INFO     ___FILE_ONLY___ ═
2023-02-19 23:04:53,771 INFO     ___FILE_ONLY___ ═
2023-02-19 23:04:53,773 INFO     ___FILE_ONLY___ ═
2023-02-19 23:04:53,775 INFO     ___FILE_ONLY___ ═
2023-02-19 23:04:53,777 INFO     ___FILE_ONLY___ ═
2023-02-19 23:04:53,779 INFO     ___FILE_ONLY___ ═
2023-02-19 23:04:54,924 INFO     ___FILE_ONLY___ ════
2023-02-19 23:04:55,089 INFO     ___FILE_ONLY___ ════
2023-02-19 23:04:55,255 INFO     ___FILE_ONLY___ ════
2023-02-19 23:04:55,418 INFO     ___FILE_ONLY___ ═════
2023-02-19 23:04:55,583 INFO     ___FILE_ONLY___ ════
2023-02-19 23:04:55,749 INFO     ___FILE_ONLY___ ════
2023-02-19 23:04:55,930 INFO     ___FILE_ONLY___ ═════
2023-02-19 23:04:55,930 INFO     ___FILE_ONLY___ ╝

2023-02-19 23:04:55,942 INFO     ___FILE_ONLY___ ╔════════════════════════════════════════════════════════════╗

2023-02-19 23:04:55,943 INFO     ___FILE_ONLY___ ╠═ Installing: kubectl                                      ═╣

2023-02-19 23:04:55,943 INFO     ___FILE_ONLY___ ╚
2023-02-19 23:04:55,949 DEBUG    urllib3.connectionpool Starting new HTTPS connection (1): dl.google.com:443
2023-02-19 23:04:56,132 DEBUG    urllib3.connectionpool https://dl.google.com:443 "GET /dl/cloudsdk/channels/rapid/components/google-cloud-sdk-kubectl-20230130152419.tar.gz HTTP/1.1" 200 35452
2023-02-19 23:04:56,212 INFO     ___FILE_ONLY___ ═════════════
2023-02-19 23:04:56,213 INFO     ___FILE_ONLY___ ══════════════
2023-02-19 23:04:56,213 INFO     ___FILE_ONLY___ ═══
2023-02-19 23:04:56,223 INFO     ___FILE_ONLY___ ══════════════════════════════
2023-02-19 23:04:56,223 INFO     ___FILE_ONLY___ ╝

2023-02-19 23:04:56,239 INFO     ___FILE_ONLY___ ╔════════════════════════════════════════════════════════════╗

2023-02-19 23:04:56,239 INFO     ___FILE_ONLY___ ╠═ Creating backup and activating new installation          ═╣

2023-02-19 23:04:56,239 INFO     ___FILE_ONLY___ ╚
2023-02-19 23:04:56,239 DEBUG    root            Attempting to move directory [/Users/auxia/Library/Application Support/cloud-code/installer/google-cloud-sdk] to [/Users/auxia/Library/Application Support/cloud-code/installer/google-cloud-sdk.staging/.install/.backup]
2023-02-19 23:04:56,239 INFO     ___FILE_ONLY___ ══════════════════════════════
2023-02-19 23:04:56,239 DEBUG    root            Attempting to move directory [/Users/auxia/Library/Application Support/cloud-code/installer/google-cloud-sdk.staging] to [/Users/auxia/Library/Application Support/cloud-code/installer/google-cloud-sdk]
2023-02-19 23:04:56,239 INFO     ___FILE_ONLY___ ══════════════════════════════
2023-02-19 23:04:56,240 INFO     ___FILE_ONLY___ ╝

2023-02-19 23:04:56,244 DEBUG    root            Updating notification cache...
2023-02-19 23:04:56,245 INFO     ___FILE_ONLY___ 

2023-02-19 23:04:56,249 INFO     ___FILE_ONLY___ Performing post processing steps...
2023-02-19 23:04:56,250 DEBUG    root            Executing command: ['/Users/auxia/miniconda3/bin/python3', '-S', '/Users/auxia/Library/Application Support/cloud-code/installer/google-cloud-sdk/lib/gcloud.py', 'components', 'post-process']
2023-02-19 23:05:08,717 DEBUG    ___FILE_ONLY___ 
2023-02-19 23:05:08,718 DEBUG    ___FILE_ONLY___ 
2023-02-19 23:05:08,924 INFO     ___FILE_ONLY___ 
Update done!


2023-02-19 23:05:08,942 WARNING  root              There are other instances of Google Cloud tools on your system PATH.
  Please remove the following to avoid confusion or accidental invocation:

  /Applications/Docker.app/Contents/Resources/bin/kubectl

  
2023-02-19 23:05:08,951 DEBUG    root            Chosen display Format:none
2023-02-19 23:05:08,952 INFO     root            Display format: "none"
