2023-03-13 19:38:11,160 DEBUG    root            Loaded Command Group: ['gcloud', 'auth']
2023-03-13 19:38:11,161 DEBUG    root            Loaded Command Group: ['gcloud', 'version']
2023-03-13 19:38:11,162 DEBUG    root            Loaded Command Group: ['gcloud', 'auth', 'list']
2023-03-13 19:38:11,162 DEBUG    root            Running [gcloud.version] with arguments: [--format: "json"]
2023-03-13 19:38:11,163 DEBUG    root            Running [gcloud.auth.list] with arguments: [--filter: "status=ACTIVE", --format: "value(account)", --quiet: "True", --verbosity: "warning"]
2023-03-13 19:38:11,164 DEBUG    root            Chosen display Format:    table[title='Credentialed Accounts'](
        status.yesno(yes='*', no=''):label=ACTIVE,
        account
    ) value(account)
2023-03-13 19:38:11,164 INFO     root            Display format: "    table[title='Credentialed Accounts'](
        status.yesno(yes='*', no=''):label=ACTIVE,
        account
    ) value(account)"
2023-03-13 19:38:11,165 WARNING  root            The following filter keys were not present in any resource : status
2023-03-13 19:38:11,169 DEBUG    root            Chosen display Format:flattened[no-pad,separator=" "] json
2023-03-13 19:38:11,169 INFO     root            Display format: "flattened[no-pad,separator=" "] json"
2023-03-13 19:38:11,169 INFO     ___FILE_ONLY___ {
  "Google Cloud SDK": "421.0.0",
  "alpha": "2023.03.03",
  "beta": "2023.03.03",
  "bq": "2.0.87",
  "core": "2023.03.03",
  "gcloud-crc32c": "1.0.0",
  "gke-gcloud-auth-plugin": "0.5.0",
  "gsutil": "5.21",
  "kubectl": "1.24.11",
  "minikube": "1.29.0",
  "skaffold": "2.1.0"
}
2023-03-13 19:38:11,169 INFO     ___FILE_ONLY___ 

