2023-02-27 08:44:17,870 DEBUG    root            Loaded Command Group: ['gcloud', 'auth']
2023-02-27 08:44:17,870 DEBUG    root            Loaded Command Group: ['gcloud', 'auth']
2023-02-27 08:44:17,873 DEBUG    root            Loaded Command Group: ['gcloud', 'auth', 'list']
2023-02-27 08:44:17,873 DEBUG    root            Loaded Command Group: ['gcloud', 'auth', 'list']
2023-02-27 08:44:17,873 DEBUG    root            Running [gcloud.auth.list] with arguments: [--filter: "status=ACTIVE", --format: "value(account)", --quiet: "True", --verbosity: "warning"]
2023-02-27 08:44:17,874 DEBUG    root            Running [gcloud.auth.list] with arguments: [--filter: "status=ACTIVE", --format: "value(account)", --quiet: "True", --verbosity: "warning"]
2023-02-27 08:44:17,903 DEBUG    root            Chosen display Format:    table[title='Credentialed Accounts'](
        status.yesno(yes='*', no=''):label=ACTIVE,
        account
    ) value(account)
2023-02-27 08:44:17,903 DEBUG    root            Chosen display Format:    table[title='Credentialed Accounts'](
        status.yesno(yes='*', no=''):label=ACTIVE,
        account
    ) value(account)
2023-02-27 08:44:17,903 INFO     root            Display format: "    table[title='Credentialed Accounts'](
        status.yesno(yes='*', no=''):label=ACTIVE,
        account
    ) value(account)"
2023-02-27 08:44:17,903 INFO     root            Display format: "    table[title='Credentialed Accounts'](
        status.yesno(yes='*', no=''):label=ACTIVE,
        account
    ) value(account)"
2023-02-27 08:44:17,904 WARNING  root            The following filter keys were not present in any resource : status
2023-02-27 08:44:17,904 WARNING  root            The following filter keys were not present in any resource : status
2023-02-27 08:44:17,904 DEBUG    root            Checking for updates...
2023-02-27 08:44:17,904 DEBUG    root            Checking for updates...
2023-02-27 08:44:17,913 DEBUG    urllib3.connectionpool Starting new HTTPS connection (1): dl.google.com:443
2023-02-27 08:44:17,913 DEBUG    urllib3.connectionpool Starting new HTTPS connection (1): dl.google.com:443
2023-02-27 08:44:17,986 DEBUG    urllib3.connectionpool https://dl.google.com:443 "GET /dl/cloudsdk/channels/rapid/components-2.json HTTP/1.1" 200 206156
2023-02-27 08:44:17,997 DEBUG    urllib3.connectionpool https://dl.google.com:443 "GET /dl/cloudsdk/channels/rapid/components-2.json HTTP/1.1" 200 206156
