2023-02-27 11:15:51,803 DEBUG    root            Loaded Command Group: ['gcloud', 'auth']
2023-02-27 11:15:51,803 DEBUG    root            Loaded Command Group: ['gcloud', 'auth']
2023-02-27 11:15:51,804 DEBUG    root            Loaded Command Group: ['gcloud', 'auth', 'list']
2023-02-27 11:15:51,804 DEBUG    root            Loaded Command Group: ['gcloud', 'auth', 'list']
2023-02-27 11:15:51,805 DEBUG    root            Running [gcloud.auth.list] with arguments: [--filter: "status=ACTIVE", --format: "value(account)", --quiet: "True", --verbosity: "warning"]
2023-02-27 11:15:51,805 DEBUG    root            Running [gcloud.auth.list] with arguments: [--filter: "status=ACTIVE", --format: "value(account)", --quiet: "True", --verbosity: "warning"]
2023-02-27 11:15:51,822 DEBUG    root            Chosen display Format:    table[title='Credentialed Accounts'](
        status.yesno(yes='*', no=''):label=ACTIVE,
        account
    ) value(account)
2023-02-27 11:15:51,822 DEBUG    root            Chosen display Format:    table[title='Credentialed Accounts'](
        status.yesno(yes='*', no=''):label=ACTIVE,
        account
    ) value(account)
2023-02-27 11:15:51,822 INFO     root            Display format: "    table[title='Credentialed Accounts'](
        status.yesno(yes='*', no=''):label=ACTIVE,
        account
    ) value(account)"
2023-02-27 11:15:51,822 INFO     root            Display format: "    table[title='Credentialed Accounts'](
        status.yesno(yes='*', no=''):label=ACTIVE,
        account
    ) value(account)"
2023-02-27 11:15:51,822 WARNING  root            The following filter keys were not present in any resource : status
2023-02-27 11:15:51,822 WARNING  root            The following filter keys were not present in any resource : status
