2023-02-27 11:46:18,025 DEBUG    root            Loaded Command Group: ['gcloud', 'auth']
2023-02-27 11:46:18,025 DEBUG    root            Loaded Command Group: ['gcloud', 'auth']
2023-02-27 11:46:18,028 DEBUG    root            Loaded Command Group: ['gcloud', 'auth', 'list']
2023-02-27 11:46:18,028 DEBUG    root            Loaded Command Group: ['gcloud', 'auth', 'list']
2023-02-27 11:46:18,029 DEBUG    root            Running [gcloud.auth.list] with arguments: [--filter: "status=ACTIVE", --format: "value(account)", --quiet: "True", --verbosity: "warning"]
2023-02-27 11:46:18,029 DEBUG    root            Running [gcloud.auth.list] with arguments: [--filter: "status=ACTIVE", --format: "value(account)", --quiet: "True", --verbosity: "warning"]
2023-02-27 11:46:18,038 DEBUG    root            Chosen display Format:    table[title='Credentialed Accounts'](
        status.yesno(yes='*', no=''):label=ACTIVE,
        account
    ) value(account)
2023-02-27 11:46:18,038 DEBUG    root            Chosen display Format:    table[title='Credentialed Accounts'](
        status.yesno(yes='*', no=''):label=ACTIVE,
        account
    ) value(account)
2023-02-27 11:46:18,038 INFO     root            Display format: "    table[title='Credentialed Accounts'](
        status.yesno(yes='*', no=''):label=ACTIVE,
        account
    ) value(account)"
2023-02-27 11:46:18,038 INFO     root            Display format: "    table[title='Credentialed Accounts'](
        status.yesno(yes='*', no=''):label=ACTIVE,
        account
    ) value(account)"
2023-02-27 11:46:18,039 WARNING  root            The following filter keys were not present in any resource : status
2023-02-27 11:46:18,039 WARNING  root            The following filter keys were not present in any resource : status
