2023-03-08 17:35:13,478 DEBUG    root            Loaded Command Group: ['gcloud', 'auth']
2023-03-08 17:35:13,478 DEBUG    root            Loaded Command Group: ['gcloud', 'auth']
2023-03-08 17:35:13,480 DEBUG    root            Loaded Command Group: ['gcloud', 'auth', 'list']
2023-03-08 17:35:13,480 DEBUG    root            Loaded Command Group: ['gcloud', 'auth', 'list']
2023-03-08 17:35:13,480 DEBUG    root            Running [gcloud.auth.list] with arguments: [--filter: "status=ACTIVE", --format: "value(account)", --quiet: "True", --verbosity: "warning"]
2023-03-08 17:35:13,480 DEBUG    root            Running [gcloud.auth.list] with arguments: [--filter: "status=ACTIVE", --format: "value(account)", --quiet: "True", --verbosity: "warning"]
2023-03-08 17:35:19,102 DEBUG    root            Chosen display Format:    table[title='Credentialed Accounts'](
        status.yesno(yes='*', no=''):label=ACTIVE,
        account
    ) value(account)
2023-03-08 17:35:19,104 DEBUG    root            Chosen display Format:    table[title='Credentialed Accounts'](
        status.yesno(yes='*', no=''):label=ACTIVE,
        account
    ) value(account)
2023-03-08 17:35:19,106 INFO     root            Display format: "    table[title='Credentialed Accounts'](
        status.yesno(yes='*', no=''):label=ACTIVE,
        account
    ) value(account)"
2023-03-08 17:35:19,106 WARNING  root            The following filter keys were not present in any resource : status
2023-03-08 17:35:19,108 INFO     root            Display format: "    table[title='Credentialed Accounts'](
        status.yesno(yes='*', no=''):label=ACTIVE,
        account
    ) value(account)"
2023-03-08 17:35:19,108 WARNING  root            The following filter keys were not present in any resource : status
