2023-03-08 19:35:30,197 DEBUG    root            Loaded Command Group: ['gcloud', 'auth']
2023-03-08 19:35:30,197 DEBUG    root            Loaded Command Group: ['gcloud', 'auth']
2023-03-08 19:35:30,199 DEBUG    root            Loaded Command Group: ['gcloud', 'auth', 'list']
2023-03-08 19:35:30,199 DEBUG    root            Loaded Command Group: ['gcloud', 'auth', 'list']
2023-03-08 19:35:30,200 DEBUG    root            Running [gcloud.auth.list] with arguments: [--filter: "status=ACTIVE", --format: "value(account)", --quiet: "True", --verbosity: "warning"]
2023-03-08 19:35:30,200 DEBUG    root            Running [gcloud.auth.list] with arguments: [--filter: "status=ACTIVE", --format: "value(account)", --quiet: "True", --verbosity: "warning"]
2023-03-08 19:35:36,547 DEBUG    root            Chosen display Format:    table[title='Credentialed Accounts'](
        status.yesno(yes='*', no=''):label=ACTIVE,
        account
    ) value(account)
2023-03-08 19:35:36,547 DEBUG    root            Chosen display Format:    table[title='Credentialed Accounts'](
        status.yesno(yes='*', no=''):label=ACTIVE,
        account
    ) value(account)
2023-03-08 19:35:36,550 INFO     root            Display format: "    table[title='Credentialed Accounts'](
        status.yesno(yes='*', no=''):label=ACTIVE,
        account
    ) value(account)"
2023-03-08 19:35:36,550 INFO     root            Display format: "    table[title='Credentialed Accounts'](
        status.yesno(yes='*', no=''):label=ACTIVE,
        account
    ) value(account)"
2023-03-08 19:35:36,551 WARNING  root            The following filter keys were not present in any resource : status
2023-03-08 19:35:36,551 WARNING  root            The following filter keys were not present in any resource : status
