2023-03-04 01:43:37,895 DEBUG    root            Loaded Command Group: ['gcloud', 'components']
2023-03-04 01:43:37,898 DEBUG    root            Loaded Command Group: ['gcloud', 'components', 'update']
2023-03-04 01:43:37,899 DEBUG    root            Running [gcloud.components.update] with arguments: [--quiet: "True"]
2023-03-04 01:43:37,900 INFO     ___FILE_ONLY___ Beginning update. This process may take several minutes.

2023-03-04 01:43:37,907 DEBUG    urllib3.connectionpool Starting new HTTPS connection (1): dl.google.com:443
2023-03-04 01:43:37,987 DEBUG    urllib3.connectionpool https://dl.google.com:443 "GET /dl/cloudsdk/channels/rapid/components-2.json HTTP/1.1" 200 206156
2023-03-04 01:43:38,048 INFO     ___FILE_ONLY___ 

2023-03-04 01:43:38,049 INFO     ___FILE_ONLY___ 
Your current Google Cloud CLI version is: 419.0.0

2023-03-04 01:43:38,049 INFO     ___FILE_ONLY___ You will be upgraded to version: 420.0.0

2023-03-04 01:43:38,049 INFO     ___FILE_ONLY___ 

2023-03-04 01:43:38,049 DEBUG    root            Chosen display Format:table[box,title="These components will be removed."](details.display_name:label=Name:align=left,version.version_string:label=Version:align=right,data.size.size(zero="",min=1048576):label=Size:align=right)
2023-03-04 01:43:38,049 DEBUG    root            Chosen display Format:table[box,title="These components will be updated."](details.display_name:label=Name:align=left,version.version_string:label=Version:align=right,data.size.size(zero="",min=1048576):label=Size:align=right)
2023-03-04 01:43:38,050 INFO     ___FILE_ONLY___ â”Œâ”€â”€â”€â”€â”€â”€â”€â”€â”€â”€â”€â”€â”€â”€â”€â”€â”€â”€â”€â”€â”€â”€â”€â”€â”€â”€â”€â”€â”€â”€â”€â”€â”€â”€â”€â”€â”€â”€â”€â”€â”€â”€â”€â”€â”€â”€â”€â”€â”€â”€â”€â”€â”€â”€â”€â”€â”€â”
2023-03-04 01:43:38,050 INFO     ___FILE_ONLY___ 

2023-03-04 01:43:38,050 INFO     ___FILE_ONLY___ â”‚            These components will be updated.            â”‚
2023-03-04 01:43:38,050 INFO     ___FILE_ONLY___ 

2023-03-04 01:43:38,050 INFO     ___FILE_ONLY___ â”œâ”€â”€â”€â”€â”€â”€â”€â”€â”€â”€â”€â”€â”€â”€â”€â”€â”€â”€â”€â”€â”€â”€â”€â”€â”€â”€â”€â”€â”€â”€â”€â”€â”€â”¬â”€â”€â”€â”€â”€â”€â”€â”€â”€â”€â”€â”€â”¬â”€â”€â”€â”€â”€â”€â”€â”€â”€â”€â”¤
2023-03-04 01:43:38,050 INFO     ___FILE_ONLY___ 

2023-03-04 01:43:38,050 INFO     ___FILE_ONLY___ â”‚               Name              â”‚  Version   â”‚   Size   â”‚
2023-03-04 01:43:38,050 INFO     ___FILE_ONLY___ 

2023-03-04 01:43:38,050 INFO     ___FILE_ONLY___ â”œâ”€â”€â”€â”€â”€â”€â”€â”€â”€â”€â”€â”€â”€â”€â”€â”€â”€â”€â”€â”€â”€â”€â”€â”€â”€â”€â”€â”€â”€â”€â”€â”€â”€â”¼â”€â”€â”€â”€â”€â”€â”€â”€â”€â”€â”€â”€â”¼â”€â”€â”€â”€â”€â”€â”€â”€â”€â”€â”¤
2023-03-04 01:43:38,050 INFO     ___FILE_ONLY___ 

2023-03-04 01:43:38,050 INFO     ___FILE_ONLY___ â”‚ 
2023-03-04 01:43:38,050 INFO     ___FILE_ONLY___ BigQuery Command Line Tool     
2023-03-04 01:43:38,051 INFO     ___FILE_ONLY___  
2023-03-04 01:43:38,051 INFO     ___FILE_ONLY___ â”‚ 
2023-03-04 01:43:38,051 INFO     ___FILE_ONLY___     2.0.86
2023-03-04 01:43:38,051 INFO     ___FILE_ONLY___  
2023-03-04 01:43:38,051 INFO     ___FILE_ONLY___ â”‚ 
2023-03-04 01:43:38,051 INFO     ___FILE_ONLY___  1.6 MiB
2023-03-04 01:43:38,051 INFO     ___FILE_ONLY___  
2023-03-04 01:43:38,051 INFO     ___FILE_ONLY___ â”‚
2023-03-04 01:43:38,051 INFO     ___FILE_ONLY___ 

2023-03-04 01:43:38,051 INFO     ___FILE_ONLY___ â”‚ 
2023-03-04 01:43:38,051 INFO     ___FILE_ONLY___ Google Cloud CLI Core Libraries
2023-03-04 01:43:38,051 INFO     ___FILE_ONLY___  
2023-03-04 01:43:38,051 INFO     ___FILE_ONLY___ â”‚ 
2023-03-04 01:43:38,051 INFO     ___FILE_ONLY___ 2023.02.24
2023-03-04 01:43:38,051 INFO     ___FILE_ONLY___  
2023-03-04 01:43:38,051 INFO     ___FILE_ONLY___ â”‚ 
2023-03-04 01:43:38,051 INFO     ___FILE_ONLY___ 26.7 MiB
2023-03-04 01:43:38,051 INFO     ___FILE_ONLY___  
2023-03-04 01:43:38,051 INFO     ___FILE_ONLY___ â”‚
2023-03-04 01:43:38,051 INFO     ___FILE_ONLY___ 

2023-03-04 01:43:38,051 INFO     ___FILE_ONLY___ â”‚ 
2023-03-04 01:43:38,051 INFO     ___FILE_ONLY___ gcloud Alpha Commands          
2023-03-04 01:43:38,051 INFO     ___FILE_ONLY___  
2023-03-04 01:43:38,051 INFO     ___FILE_ONLY___ â”‚ 
2023-03-04 01:43:38,051 INFO     ___FILE_ONLY___ 2023.02.24
2023-03-04 01:43:38,051 INFO     ___FILE_ONLY___  
2023-03-04 01:43:38,051 INFO     ___FILE_ONLY___ â”‚ 
2023-03-04 01:43:38,051 INFO     ___FILE_ONLY___  < 1 MiB
2023-03-04 01:43:38,051 INFO     ___FILE_ONLY___  
2023-03-04 01:43:38,051 INFO     ___FILE_ONLY___ â”‚
2023-03-04 01:43:38,051 INFO     ___FILE_ONLY___ 

2023-03-04 01:43:38,051 INFO     ___FILE_ONLY___ â”‚ 
2023-03-04 01:43:38,051 INFO     ___FILE_ONLY___ gcloud Beta Commands           
2023-03-04 01:43:38,051 INFO     ___FILE_ONLY___  
2023-03-04 01:43:38,051 INFO     ___FILE_ONLY___ â”‚ 
2023-03-04 01:43:38,051 INFO     ___FILE_ONLY___ 2023.02.24
2023-03-04 01:43:38,051 INFO     ___FILE_ONLY___  
2023-03-04 01:43:38,051 INFO     ___FILE_ONLY___ â”‚ 
2023-03-04 01:43:38,051 INFO     ___FILE_ONLY___  < 1 MiB
2023-03-04 01:43:38,051 INFO     ___FILE_ONLY___  
2023-03-04 01:43:38,051 INFO     ___FILE_ONLY___ â”‚
2023-03-04 01:43:38,051 INFO     ___FILE_ONLY___ 

2023-03-04 01:43:38,051 INFO     ___FILE_ONLY___ â”‚ 
2023-03-04 01:43:38,051 INFO     ___FILE_ONLY___ gcloud cli dependencies        
2023-03-04 01:43:38,051 INFO     ___FILE_ONLY___  
2023-03-04 01:43:38,052 INFO     ___FILE_ONLY___ â”‚ 
2023-03-04 01:43:38,052 INFO     ___FILE_ONLY___ 2023.02.24
2023-03-04 01:43:38,052 INFO     ___FILE_ONLY___  
2023-03-04 01:43:38,052 INFO     ___FILE_ONLY___ â”‚ 
2023-03-04 01:43:38,052 INFO     ___FILE_ONLY___ 11.2 MiB
2023-03-04 01:43:38,052 INFO     ___FILE_ONLY___  
2023-03-04 01:43:38,052 INFO     ___FILE_ONLY___ â”‚
2023-03-04 01:43:38,052 INFO     ___FILE_ONLY___ 

2023-03-04 01:43:38,052 INFO     ___FILE_ONLY___ â””â”€â”€â”€â”€â”€â”€â”€â”€â”€â”€â”€â”€â”€â”€â”€â”€â”€â”€â”€â”€â”€â”€â”€â”€â”€â”€â”€â”€â”€â”€â”€â”€â”€â”´â”€â”€â”€â”€â”€â”€â”€â”€â”€â”€â”€â”€â”´â”€â”€â”€â”€â”€â”€â”€â”€â”€â”€â”˜
2023-03-04 01:43:38,052 INFO     ___FILE_ONLY___ 

2023-03-04 01:43:38,052 DEBUG    root            Chosen display Format:table[box,title="These components will be installed."](details.display_name:label=Name:align=left,version.version_string:label=Version:align=right,data.size.size(zero="",min=1048576):label=Size:align=right)
2023-03-04 01:43:38,052 INFO     ___FILE_ONLY___ 

2023-03-04 01:43:38,054 DEBUG    urllib3.connectionpool Starting new HTTPS connection (1): dl.google.com:443
2023-03-04 01:43:38,124 DEBUG    urllib3.connectionpool https://dl.google.com:443 "GET /dl/cloudsdk/channels/rapid/RELEASE_NOTES HTTP/1.1" 200 950549
2023-03-04 01:43:38,263 INFO     ___FILE_ONLY___ The following release notes are new in this upgrade.
Please read carefully for information about new features, breaking changes,
and bugs fixed.  The latest full release notes can be viewed at:
  https://cloud.google.com/sdk/release_notes


2023-03-04 01:43:38,263 INFO     ___FILE_ONLY___ [m
2023-03-04 01:43:38,263 INFO     ___FILE_ONLY___ [1m420.0.0 (2023-02-28)[m

2023-03-04 01:43:38,263 INFO     ___FILE_ONLY___ [m
2023-03-04 01:43:38,263 INFO     ___FILE_ONLY___   
2023-03-04 01:43:38,263 INFO     ___FILE_ONLY___ [1mBreaking Changes[m

2023-03-04 01:43:38,263 INFO     ___FILE_ONLY___       â–ª
2023-03-04 01:43:38,264 INFO     ___FILE_ONLY___  
2023-03-04 01:43:38,264 INFO     ___FILE_ONLY___ **(Cloud
2023-03-04 01:43:38,264 INFO     ___FILE_ONLY___  
2023-03-04 01:43:38,264 INFO     ___FILE_ONLY___ Firestore)**
2023-03-04 01:43:38,264 INFO     ___FILE_ONLY___  
2023-03-04 01:43:38,264 INFO     ___FILE_ONLY___ Switched
2023-03-04 01:43:38,264 INFO     ___FILE_ONLY___  
2023-03-04 01:43:38,264 INFO     ___FILE_ONLY___ [1mfirestore
2023-03-04 01:43:38,264 INFO     ___FILE_ONLY___  
2023-03-04 01:43:38,264 INFO     ___FILE_ONLY___ beta
2023-03-04 01:43:38,264 INFO     ___FILE_ONLY___  
2023-03-04 01:43:38,264 INFO     ___FILE_ONLY___ database
2023-03-04 01:43:38,264 INFO     ___FILE_ONLY___  
2023-03-04 01:43:38,264 INFO     ___FILE_ONLY___ create[m
2023-03-04 01:43:38,264 INFO     ___FILE_ONLY___  
2023-03-04 01:43:38,264 INFO     ___FILE_ONLY___ to
2023-03-04 01:43:38,264 INFO     ___FILE_ONLY___  
2023-03-04 01:43:38,264 INFO     ___FILE_ONLY___ use
2023-03-04 01:43:38,264 INFO     ___FILE_ONLY___ 

2023-03-04 01:43:38,264 INFO     ___FILE_ONLY___         
2023-03-04 01:43:38,264 INFO     ___FILE_ONLY___ Firestore
2023-03-04 01:43:38,264 INFO     ___FILE_ONLY___  
2023-03-04 01:43:38,264 INFO     ___FILE_ONLY___ API.
2023-03-04 01:43:38,264 INFO     ___FILE_ONLY___ 

2023-03-04 01:43:38,264 INFO     ___FILE_ONLY___       â–ª
2023-03-04 01:43:38,264 INFO     ___FILE_ONLY___  
2023-03-04 01:43:38,264 INFO     ___FILE_ONLY___ **(Cloud
2023-03-04 01:43:38,264 INFO     ___FILE_ONLY___  
2023-03-04 01:43:38,264 INFO     ___FILE_ONLY___ Firestore)**
2023-03-04 01:43:38,264 INFO     ___FILE_ONLY___  
2023-03-04 01:43:38,264 INFO     ___FILE_ONLY___ Added
2023-03-04 01:43:38,264 INFO     ___FILE_ONLY___  
2023-03-04 01:43:38,264 INFO     ___FILE_ONLY___ [1m--type[m,
2023-03-04 01:43:38,264 INFO     ___FILE_ONLY___  
2023-03-04 01:43:38,264 INFO     ___FILE_ONLY___ [1m--location[m
2023-03-04 01:43:38,264 INFO     ___FILE_ONLY___  
2023-03-04 01:43:38,264 INFO     ___FILE_ONLY___ and
2023-03-04 01:43:38,264 INFO     ___FILE_ONLY___  
2023-03-04 01:43:38,264 INFO     ___FILE_ONLY___ [1m--database[m
2023-03-04 01:43:38,264 INFO     ___FILE_ONLY___  
2023-03-04 01:43:38,265 INFO     ___FILE_ONLY___ to
2023-03-04 01:43:38,265 INFO     ___FILE_ONLY___ 

2023-03-04 01:43:38,265 INFO     ___FILE_ONLY___         
2023-03-04 01:43:38,265 INFO     ___FILE_ONLY___ [1mgcloud
2023-03-04 01:43:38,265 INFO     ___FILE_ONLY___  
2023-03-04 01:43:38,265 INFO     ___FILE_ONLY___ beta
2023-03-04 01:43:38,265 INFO     ___FILE_ONLY___  
2023-03-04 01:43:38,265 INFO     ___FILE_ONLY___ firestore
2023-03-04 01:43:38,265 INFO     ___FILE_ONLY___  
2023-03-04 01:43:38,265 INFO     ___FILE_ONLY___ database
2023-03-04 01:43:38,265 INFO     ___FILE_ONLY___  
2023-03-04 01:43:38,265 INFO     ___FILE_ONLY___ create[m.
2023-03-04 01:43:38,265 INFO     ___FILE_ONLY___ 

2023-03-04 01:43:38,265 INFO     ___FILE_ONLY___       â–ª
2023-03-04 01:43:38,265 INFO     ___FILE_ONLY___  
2023-03-04 01:43:38,265 INFO     ___FILE_ONLY___ **(Cloud
2023-03-04 01:43:38,265 INFO     ___FILE_ONLY___  
2023-03-04 01:43:38,265 INFO     ___FILE_ONLY___ Firestore)**
2023-03-04 01:43:38,265 INFO     ___FILE_ONLY___  
2023-03-04 01:43:38,265 INFO     ___FILE_ONLY___ Removed
2023-03-04 01:43:38,265 INFO     ___FILE_ONLY___  
2023-03-04 01:43:38,265 INFO     ___FILE_ONLY___ [1m--region[m
2023-03-04 01:43:38,265 INFO     ___FILE_ONLY___  
2023-03-04 01:43:38,265 INFO     ___FILE_ONLY___ in
2023-03-04 01:43:38,265 INFO     ___FILE_ONLY___  
2023-03-04 01:43:38,265 INFO     ___FILE_ONLY___ [1mgcloud
2023-03-04 01:43:38,265 INFO     ___FILE_ONLY___  
2023-03-04 01:43:38,265 INFO     ___FILE_ONLY___ beta
2023-03-04 01:43:38,265 INFO     ___FILE_ONLY___  
2023-03-04 01:43:38,265 INFO     ___FILE_ONLY___ firestore
2023-03-04 01:43:38,265 INFO     ___FILE_ONLY___ 

2023-03-04 01:43:38,265 INFO     ___FILE_ONLY___         
2023-03-04 01:43:38,265 INFO     ___FILE_ONLY___ database
2023-03-04 01:43:38,265 INFO     ___FILE_ONLY___  
2023-03-04 01:43:38,265 INFO     ___FILE_ONLY___ create[m.
2023-03-04 01:43:38,265 INFO     ___FILE_ONLY___  
2023-03-04 01:43:38,265 INFO     ___FILE_ONLY___ Use
2023-03-04 01:43:38,265 INFO     ___FILE_ONLY___  
2023-03-04 01:43:38,265 INFO     ___FILE_ONLY___ [1m--location[m
2023-03-04 01:43:38,265 INFO     ___FILE_ONLY___  
2023-03-04 01:43:38,265 INFO     ___FILE_ONLY___ instead.
2023-03-04 01:43:38,265 INFO     ___FILE_ONLY___ 

2023-03-04 01:43:38,265 INFO     ___FILE_ONLY___ 

2023-03-04 01:43:38,266 INFO     ___FILE_ONLY___ [m
2023-03-04 01:43:38,266 INFO     ___FILE_ONLY___   
2023-03-04 01:43:38,266 INFO     ___FILE_ONLY___ [1mApp Engine[m

2023-03-04 01:43:38,266 INFO     ___FILE_ONLY___       â–ª
2023-03-04 01:43:38,266 INFO     ___FILE_ONLY___  
2023-03-04 01:43:38,266 INFO     ___FILE_ONLY___ Added
2023-03-04 01:43:38,266 INFO     ___FILE_ONLY___  
2023-03-04 01:43:38,266 INFO     ___FILE_ONLY___ support
2023-03-04 01:43:38,266 INFO     ___FILE_ONLY___  
2023-03-04 01:43:38,266 INFO     ___FILE_ONLY___ for
2023-03-04 01:43:38,266 INFO     ___FILE_ONLY___  
2023-03-04 01:43:38,266 INFO     ___FILE_ONLY___ App
2023-03-04 01:43:38,266 INFO     ___FILE_ONLY___  
2023-03-04 01:43:38,266 INFO     ___FILE_ONLY___ Engine
2023-03-04 01:43:38,266 INFO     ___FILE_ONLY___  
2023-03-04 01:43:38,266 INFO     ___FILE_ONLY___ go
2023-03-04 01:43:38,266 INFO     ___FILE_ONLY___  
2023-03-04 01:43:38,266 INFO     ___FILE_ONLY___ runtime
2023-03-04 01:43:38,266 INFO     ___FILE_ONLY___  
2023-03-04 01:43:38,266 INFO     ___FILE_ONLY___ versions
2023-03-04 01:43:38,266 INFO     ___FILE_ONLY___  
2023-03-04 01:43:38,266 INFO     ___FILE_ONLY___ 116,
2023-03-04 01:43:38,266 INFO     ___FILE_ONLY___  
2023-03-04 01:43:38,266 INFO     ___FILE_ONLY___ 117,
2023-03-04 01:43:38,266 INFO     ___FILE_ONLY___  
2023-03-04 01:43:38,266 INFO     ___FILE_ONLY___ 118,
2023-03-04 01:43:38,266 INFO     ___FILE_ONLY___  
2023-03-04 01:43:38,266 INFO     ___FILE_ONLY___ 119,
2023-03-04 01:43:38,266 INFO     ___FILE_ONLY___ 

2023-03-04 01:43:38,266 INFO     ___FILE_ONLY___         
2023-03-04 01:43:38,266 INFO     ___FILE_ONLY___ 120.
2023-03-04 01:43:38,266 INFO     ___FILE_ONLY___ 

2023-03-04 01:43:38,266 INFO     ___FILE_ONLY___ 

2023-03-04 01:43:38,266 INFO     ___FILE_ONLY___ [m
2023-03-04 01:43:38,266 INFO     ___FILE_ONLY___   
2023-03-04 01:43:38,266 INFO     ___FILE_ONLY___ [1mBigQuery[m

2023-03-04 01:43:38,266 INFO     ___FILE_ONLY___       â–ª
2023-03-04 01:43:38,266 INFO     ___FILE_ONLY___  
2023-03-04 01:43:38,266 INFO     ___FILE_ONLY___ Updated
2023-03-04 01:43:38,266 INFO     ___FILE_ONLY___  
2023-03-04 01:43:38,266 INFO     ___FILE_ONLY___ messaging
2023-03-04 01:43:38,266 INFO     ___FILE_ONLY___  
2023-03-04 01:43:38,266 INFO     ___FILE_ONLY___ for
2023-03-04 01:43:38,267 INFO     ___FILE_ONLY___  
2023-03-04 01:43:38,267 INFO     ___FILE_ONLY___ the
2023-03-04 01:43:38,267 INFO     ___FILE_ONLY___  
2023-03-04 01:43:38,267 INFO     ___FILE_ONLY___ [1muse_legacy_sql[m
2023-03-04 01:43:38,267 INFO     ___FILE_ONLY___  
2023-03-04 01:43:38,267 INFO     ___FILE_ONLY___ flag.
2023-03-04 01:43:38,267 INFO     ___FILE_ONLY___ 

2023-03-04 01:43:38,267 INFO     ___FILE_ONLY___       â–ª
2023-03-04 01:43:38,267 INFO     ___FILE_ONLY___  
2023-03-04 01:43:38,267 INFO     ___FILE_ONLY___ Added
2023-03-04 01:43:38,267 INFO     ___FILE_ONLY___  
2023-03-04 01:43:38,267 INFO     ___FILE_ONLY___ stack
2023-03-04 01:43:38,267 INFO     ___FILE_ONLY___  
2023-03-04 01:43:38,267 INFO     ___FILE_ONLY___ trace
2023-03-04 01:43:38,267 INFO     ___FILE_ONLY___  
2023-03-04 01:43:38,267 INFO     ___FILE_ONLY___ logging
2023-03-04 01:43:38,267 INFO     ___FILE_ONLY___  
2023-03-04 01:43:38,267 INFO     ___FILE_ONLY___ for
2023-03-04 01:43:38,267 INFO     ___FILE_ONLY___  
2023-03-04 01:43:38,267 INFO     ___FILE_ONLY___ errors
2023-03-04 01:43:38,267 INFO     ___FILE_ONLY___  
2023-03-04 01:43:38,267 INFO     ___FILE_ONLY___ when
2023-03-04 01:43:38,267 INFO     ___FILE_ONLY___  
2023-03-04 01:43:38,267 INFO     ___FILE_ONLY___ the
2023-03-04 01:43:38,267 INFO     ___FILE_ONLY___  
2023-03-04 01:43:38,267 INFO     ___FILE_ONLY___ [1mapilog[m
2023-03-04 01:43:38,267 INFO     ___FILE_ONLY___  
2023-03-04 01:43:38,267 INFO     ___FILE_ONLY___ flag
2023-03-04 01:43:38,267 INFO     ___FILE_ONLY___  
2023-03-04 01:43:38,267 INFO     ___FILE_ONLY___ is
2023-03-04 01:43:38,267 INFO     ___FILE_ONLY___  
2023-03-04 01:43:38,267 INFO     ___FILE_ONLY___ used.
2023-03-04 01:43:38,267 INFO     ___FILE_ONLY___ 

2023-03-04 01:43:38,267 INFO     ___FILE_ONLY___       â–ª
2023-03-04 01:43:38,267 INFO     ___FILE_ONLY___  
2023-03-04 01:43:38,267 INFO     ___FILE_ONLY___ Removed
2023-03-04 01:43:38,267 INFO     ___FILE_ONLY___  
2023-03-04 01:43:38,267 INFO     ___FILE_ONLY___ unnecessary
2023-03-04 01:43:38,267 INFO     ___FILE_ONLY___  
2023-03-04 01:43:38,268 INFO     ___FILE_ONLY___ fetches
2023-03-04 01:43:38,268 INFO     ___FILE_ONLY___  
2023-03-04 01:43:38,268 INFO     ___FILE_ONLY___ for
2023-03-04 01:43:38,268 INFO     ___FILE_ONLY___  
2023-03-04 01:43:38,268 INFO     ___FILE_ONLY___ data
2023-03-04 01:43:38,268 INFO     ___FILE_ONLY___  
2023-03-04 01:43:38,268 INFO     ___FILE_ONLY___ transfer
2023-03-04 01:43:38,268 INFO     ___FILE_ONLY___  
2023-03-04 01:43:38,268 INFO     ___FILE_ONLY___ commands.
2023-03-04 01:43:38,268 INFO     ___FILE_ONLY___ 

2023-03-04 01:43:38,268 INFO     ___FILE_ONLY___ 

2023-03-04 01:43:38,268 INFO     ___FILE_ONLY___ [m
2023-03-04 01:43:38,268 INFO     ___FILE_ONLY___   
2023-03-04 01:43:38,268 INFO     ___FILE_ONLY___ [1mCertificate Authority Service[m

2023-03-04 01:43:38,268 INFO     ___FILE_ONLY___       â–ª
2023-03-04 01:43:38,268 INFO     ___FILE_ONLY___  
2023-03-04 01:43:38,268 INFO     ___FILE_ONLY___ Added
2023-03-04 01:43:38,268 INFO     ___FILE_ONLY___  
2023-03-04 01:43:38,268 INFO     ___FILE_ONLY___ name
2023-03-04 01:43:38,268 INFO     ___FILE_ONLY___  
2023-03-04 01:43:38,268 INFO     ___FILE_ONLY___ constraints
2023-03-04 01:43:38,268 INFO     ___FILE_ONLY___  
2023-03-04 01:43:38,268 INFO     ___FILE_ONLY___ arguments
2023-03-04 01:43:38,268 INFO     ___FILE_ONLY___  
2023-03-04 01:43:38,268 INFO     ___FILE_ONLY___ to
2023-03-04 01:43:38,268 INFO     ___FILE_ONLY___  
2023-03-04 01:43:38,268 INFO     ___FILE_ONLY___ [1mgcloud
2023-03-04 01:43:38,268 INFO     ___FILE_ONLY___  
2023-03-04 01:43:38,268 INFO     ___FILE_ONLY___ privateca
2023-03-04 01:43:38,268 INFO     ___FILE_ONLY___  
2023-03-04 01:43:38,268 INFO     ___FILE_ONLY___ roots
2023-03-04 01:43:38,268 INFO     ___FILE_ONLY___  
2023-03-04 01:43:38,268 INFO     ___FILE_ONLY___ create[m
2023-03-04 01:43:38,268 INFO     ___FILE_ONLY___  
2023-03-04 01:43:38,268 INFO     ___FILE_ONLY___ to
2023-03-04 01:43:38,268 INFO     ___FILE_ONLY___ 

2023-03-04 01:43:38,268 INFO     ___FILE_ONLY___         
2023-03-04 01:43:38,268 INFO     ___FILE_ONLY___ allow
2023-03-04 01:43:38,268 INFO     ___FILE_ONLY___  
2023-03-04 01:43:38,268 INFO     ___FILE_ONLY___ configuring
2023-03-04 01:43:38,268 INFO     ___FILE_ONLY___  
2023-03-04 01:43:38,268 INFO     ___FILE_ONLY___ certificate
2023-03-04 01:43:38,269 INFO     ___FILE_ONLY___  
2023-03-04 01:43:38,269 INFO     ___FILE_ONLY___ authorities
2023-03-04 01:43:38,269 INFO     ___FILE_ONLY___  
2023-03-04 01:43:38,269 INFO     ___FILE_ONLY___ with
2023-03-04 01:43:38,269 INFO     ___FILE_ONLY___  
2023-03-04 01:43:38,269 INFO     ___FILE_ONLY___ name
2023-03-04 01:43:38,269 INFO     ___FILE_ONLY___  
2023-03-04 01:43:38,269 INFO     ___FILE_ONLY___ constraints.
2023-03-04 01:43:38,269 INFO     ___FILE_ONLY___ 

2023-03-04 01:43:38,269 INFO     ___FILE_ONLY___       â–ª
2023-03-04 01:43:38,269 INFO     ___FILE_ONLY___  
2023-03-04 01:43:38,269 INFO     ___FILE_ONLY___ Added
2023-03-04 01:43:38,269 INFO     ___FILE_ONLY___  
2023-03-04 01:43:38,269 INFO     ___FILE_ONLY___ name
2023-03-04 01:43:38,269 INFO     ___FILE_ONLY___  
2023-03-04 01:43:38,269 INFO     ___FILE_ONLY___ constraints
2023-03-04 01:43:38,269 INFO     ___FILE_ONLY___  
2023-03-04 01:43:38,269 INFO     ___FILE_ONLY___ arguments
2023-03-04 01:43:38,269 INFO     ___FILE_ONLY___  
2023-03-04 01:43:38,269 INFO     ___FILE_ONLY___ to
2023-03-04 01:43:38,269 INFO     ___FILE_ONLY___  
2023-03-04 01:43:38,269 INFO     ___FILE_ONLY___ [1mgcloud
2023-03-04 01:43:38,269 INFO     ___FILE_ONLY___  
2023-03-04 01:43:38,269 INFO     ___FILE_ONLY___ privateca
2023-03-04 01:43:38,269 INFO     ___FILE_ONLY___  
2023-03-04 01:43:38,269 INFO     ___FILE_ONLY___ subordinates
2023-03-04 01:43:38,269 INFO     ___FILE_ONLY___ 

2023-03-04 01:43:38,269 INFO     ___FILE_ONLY___         
2023-03-04 01:43:38,269 INFO     ___FILE_ONLY___ create[m
2023-03-04 01:43:38,269 INFO     ___FILE_ONLY___  
2023-03-04 01:43:38,269 INFO     ___FILE_ONLY___ to
2023-03-04 01:43:38,269 INFO     ___FILE_ONLY___  
2023-03-04 01:43:38,269 INFO     ___FILE_ONLY___ allow
2023-03-04 01:43:38,269 INFO     ___FILE_ONLY___  
2023-03-04 01:43:38,269 INFO     ___FILE_ONLY___ configuring
2023-03-04 01:43:38,269 INFO     ___FILE_ONLY___  
2023-03-04 01:43:38,269 INFO     ___FILE_ONLY___ certificate
2023-03-04 01:43:38,269 INFO     ___FILE_ONLY___  
2023-03-04 01:43:38,269 INFO     ___FILE_ONLY___ authorities
2023-03-04 01:43:38,269 INFO     ___FILE_ONLY___  
2023-03-04 01:43:38,269 INFO     ___FILE_ONLY___ with
2023-03-04 01:43:38,269 INFO     ___FILE_ONLY___  
2023-03-04 01:43:38,270 INFO     ___FILE_ONLY___ name
2023-03-04 01:43:38,270 INFO     ___FILE_ONLY___ 

2023-03-04 01:43:38,270 INFO     ___FILE_ONLY___         
2023-03-04 01:43:38,270 INFO     ___FILE_ONLY___ constraints.
2023-03-04 01:43:38,270 INFO     ___FILE_ONLY___ 

2023-03-04 01:43:38,270 INFO     ___FILE_ONLY___       â–ª
2023-03-04 01:43:38,270 INFO     ___FILE_ONLY___  
2023-03-04 01:43:38,270 INFO     ___FILE_ONLY___ Added
2023-03-04 01:43:38,270 INFO     ___FILE_ONLY___  
2023-03-04 01:43:38,270 INFO     ___FILE_ONLY___ name
2023-03-04 01:43:38,270 INFO     ___FILE_ONLY___  
2023-03-04 01:43:38,270 INFO     ___FILE_ONLY___ constraints
2023-03-04 01:43:38,270 INFO     ___FILE_ONLY___  
2023-03-04 01:43:38,270 INFO     ___FILE_ONLY___ arguments
2023-03-04 01:43:38,270 INFO     ___FILE_ONLY___  
2023-03-04 01:43:38,270 INFO     ___FILE_ONLY___ to
2023-03-04 01:43:38,270 INFO     ___FILE_ONLY___  
2023-03-04 01:43:38,270 INFO     ___FILE_ONLY___ [1mgcloud
2023-03-04 01:43:38,270 INFO     ___FILE_ONLY___  
2023-03-04 01:43:38,270 INFO     ___FILE_ONLY___ privateca
2023-03-04 01:43:38,270 INFO     ___FILE_ONLY___  
2023-03-04 01:43:38,270 INFO     ___FILE_ONLY___ certificates
2023-03-04 01:43:38,270 INFO     ___FILE_ONLY___ 

2023-03-04 01:43:38,270 INFO     ___FILE_ONLY___         
2023-03-04 01:43:38,270 INFO     ___FILE_ONLY___ create[m
2023-03-04 01:43:38,270 INFO     ___FILE_ONLY___  
2023-03-04 01:43:38,270 INFO     ___FILE_ONLY___ to
2023-03-04 01:43:38,270 INFO     ___FILE_ONLY___  
2023-03-04 01:43:38,270 INFO     ___FILE_ONLY___ allow
2023-03-04 01:43:38,270 INFO     ___FILE_ONLY___  
2023-03-04 01:43:38,270 INFO     ___FILE_ONLY___ configuring
2023-03-04 01:43:38,270 INFO     ___FILE_ONLY___  
2023-03-04 01:43:38,270 INFO     ___FILE_ONLY___ certificate
2023-03-04 01:43:38,270 INFO     ___FILE_ONLY___  
2023-03-04 01:43:38,270 INFO     ___FILE_ONLY___ authorities
2023-03-04 01:43:38,270 INFO     ___FILE_ONLY___  
2023-03-04 01:43:38,270 INFO     ___FILE_ONLY___ with
2023-03-04 01:43:38,270 INFO     ___FILE_ONLY___  
2023-03-04 01:43:38,270 INFO     ___FILE_ONLY___ name
2023-03-04 01:43:38,270 INFO     ___FILE_ONLY___ 

2023-03-04 01:43:38,270 INFO     ___FILE_ONLY___         
2023-03-04 01:43:38,270 INFO     ___FILE_ONLY___ constraints.
2023-03-04 01:43:38,270 INFO     ___FILE_ONLY___ 

2023-03-04 01:43:38,270 INFO     ___FILE_ONLY___ 

2023-03-04 01:43:38,271 INFO     ___FILE_ONLY___ [m
2023-03-04 01:43:38,271 INFO     ___FILE_ONLY___   
2023-03-04 01:43:38,271 INFO     ___FILE_ONLY___ [1mCloud Composer[m

2023-03-04 01:43:38,271 INFO     ___FILE_ONLY___       â–ª
2023-03-04 01:43:38,271 INFO     ___FILE_ONLY___  
2023-03-04 01:43:38,271 INFO     ___FILE_ONLY___ Update
2023-03-04 01:43:38,271 INFO     ___FILE_ONLY___  
2023-03-04 01:43:38,271 INFO     ___FILE_ONLY___ warning
2023-03-04 01:43:38,271 INFO     ___FILE_ONLY___  
2023-03-04 01:43:38,271 INFO     ___FILE_ONLY___ message
2023-03-04 01:43:38,271 INFO     ___FILE_ONLY___  
2023-03-04 01:43:38,271 INFO     ___FILE_ONLY___ when
2023-03-04 01:43:38,271 INFO     ___FILE_ONLY___  
2023-03-04 01:43:38,271 INFO     ___FILE_ONLY___ running
2023-03-04 01:43:38,271 INFO     ___FILE_ONLY___  
2023-03-04 01:43:38,271 INFO     ___FILE_ONLY___ commands
2023-03-04 01:43:38,271 INFO     ___FILE_ONLY___  
2023-03-04 01:43:38,271 INFO     ___FILE_ONLY___ that
2023-03-04 01:43:38,271 INFO     ___FILE_ONLY___  
2023-03-04 01:43:38,271 INFO     ___FILE_ONLY___ use
2023-03-04 01:43:38,271 INFO     ___FILE_ONLY___  
2023-03-04 01:43:38,271 INFO     ___FILE_ONLY___ the
2023-03-04 01:43:38,271 INFO     ___FILE_ONLY___  
2023-03-04 01:43:38,271 INFO     ___FILE_ONLY___ default
2023-03-04 01:43:38,271 INFO     ___FILE_ONLY___ 

2023-03-04 01:43:38,271 INFO     ___FILE_ONLY___         
2023-03-04 01:43:38,271 INFO     ___FILE_ONLY___ Cloud
2023-03-04 01:43:38,271 INFO     ___FILE_ONLY___  
2023-03-04 01:43:38,271 INFO     ___FILE_ONLY___ Composer
2023-03-04 01:43:38,271 INFO     ___FILE_ONLY___  
2023-03-04 01:43:38,271 INFO     ___FILE_ONLY___ version,
2023-03-04 01:43:38,271 INFO     ___FILE_ONLY___  
2023-03-04 01:43:38,271 INFO     ___FILE_ONLY___ which
2023-03-04 01:43:38,271 INFO     ___FILE_ONLY___  
2023-03-04 01:43:38,271 INFO     ___FILE_ONLY___ was
2023-03-04 01:43:38,271 INFO     ___FILE_ONLY___  
2023-03-04 01:43:38,271 INFO     ___FILE_ONLY___ changed
2023-03-04 01:43:38,271 INFO     ___FILE_ONLY___  
2023-03-04 01:43:38,271 INFO     ___FILE_ONLY___ recently
2023-03-04 01:43:38,271 INFO     ___FILE_ONLY___  
2023-03-04 01:43:38,271 INFO     ___FILE_ONLY___ from
2023-03-04 01:43:38,271 INFO     ___FILE_ONLY___  
2023-03-04 01:43:38,271 INFO     ___FILE_ONLY___ 1
2023-03-04 01:43:38,272 INFO     ___FILE_ONLY___  
2023-03-04 01:43:38,272 INFO     ___FILE_ONLY___ to
2023-03-04 01:43:38,272 INFO     ___FILE_ONLY___  
2023-03-04 01:43:38,272 INFO     ___FILE_ONLY___ 2.
2023-03-04 01:43:38,272 INFO     ___FILE_ONLY___ 

2023-03-04 01:43:38,272 INFO     ___FILE_ONLY___ 

2023-03-04 01:43:38,272 INFO     ___FILE_ONLY___ [m
2023-03-04 01:43:38,272 INFO     ___FILE_ONLY___   
2023-03-04 01:43:38,272 INFO     ___FILE_ONLY___ [1mCloud Functions[m

2023-03-04 01:43:38,272 INFO     ___FILE_ONLY___       â–ª
2023-03-04 01:43:38,272 INFO     ___FILE_ONLY___  
2023-03-04 01:43:38,272 INFO     ___FILE_ONLY___ Fixed
2023-03-04 01:43:38,272 INFO     ___FILE_ONLY___  
2023-03-04 01:43:38,272 INFO     ___FILE_ONLY___ issue
2023-03-04 01:43:38,272 INFO     ___FILE_ONLY___  
2023-03-04 01:43:38,272 INFO     ___FILE_ONLY___ where
2023-03-04 01:43:38,272 INFO     ___FILE_ONLY___  
2023-03-04 01:43:38,272 INFO     ___FILE_ONLY___ [1mgcloud
2023-03-04 01:43:38,272 INFO     ___FILE_ONLY___  
2023-03-04 01:43:38,272 INFO     ___FILE_ONLY___ functions
2023-03-04 01:43:38,272 INFO     ___FILE_ONLY___  
2023-03-04 01:43:38,272 INFO     ___FILE_ONLY___ deploy[m
2023-03-04 01:43:38,272 INFO     ___FILE_ONLY___  
2023-03-04 01:43:38,272 INFO     ___FILE_ONLY___ would
2023-03-04 01:43:38,272 INFO     ___FILE_ONLY___  
2023-03-04 01:43:38,272 INFO     ___FILE_ONLY___ crash
2023-03-04 01:43:38,272 INFO     ___FILE_ONLY___  
2023-03-04 01:43:38,272 INFO     ___FILE_ONLY___ on
2023-03-04 01:43:38,272 INFO     ___FILE_ONLY___  
2023-03-04 01:43:38,272 INFO     ___FILE_ONLY___ updating
2023-03-04 01:43:38,272 INFO     ___FILE_ONLY___  
2023-03-04 01:43:38,272 INFO     ___FILE_ONLY___ an
2023-03-04 01:43:38,272 INFO     ___FILE_ONLY___ 

2023-03-04 01:43:38,272 INFO     ___FILE_ONLY___         
2023-03-04 01:43:38,272 INFO     ___FILE_ONLY___ existing
2023-03-04 01:43:38,272 INFO     ___FILE_ONLY___  
2023-03-04 01:43:38,272 INFO     ___FILE_ONLY___ function
2023-03-04 01:43:38,272 INFO     ___FILE_ONLY___  
2023-03-04 01:43:38,272 INFO     ___FILE_ONLY___ with
2023-03-04 01:43:38,272 INFO     ___FILE_ONLY___  
2023-03-04 01:43:38,272 INFO     ___FILE_ONLY___ VPC
2023-03-04 01:43:38,272 INFO     ___FILE_ONLY___  
2023-03-04 01:43:38,272 INFO     ___FILE_ONLY___ Connector
2023-03-04 01:43:38,273 INFO     ___FILE_ONLY___  
2023-03-04 01:43:38,273 INFO     ___FILE_ONLY___ when
2023-03-04 01:43:38,273 INFO     ___FILE_ONLY___  
2023-03-04 01:43:38,273 INFO     ___FILE_ONLY___ [1m--egress-settings[m
2023-03-04 01:43:38,273 INFO     ___FILE_ONLY___  
2023-03-04 01:43:38,273 INFO     ___FILE_ONLY___ flag
2023-03-04 01:43:38,273 INFO     ___FILE_ONLY___  
2023-03-04 01:43:38,273 INFO     ___FILE_ONLY___ was
2023-03-04 01:43:38,273 INFO     ___FILE_ONLY___ 

2023-03-04 01:43:38,273 INFO     ___FILE_ONLY___         
2023-03-04 01:43:38,273 INFO     ___FILE_ONLY___ specified.
2023-03-04 01:43:38,273 INFO     ___FILE_ONLY___ 

2023-03-04 01:43:38,273 INFO     ___FILE_ONLY___       â–ª
2023-03-04 01:43:38,273 INFO     ___FILE_ONLY___  
2023-03-04 01:43:38,273 INFO     ___FILE_ONLY___ Added
2023-03-04 01:43:38,273 INFO     ___FILE_ONLY___  
2023-03-04 01:43:38,273 INFO     ___FILE_ONLY___ warning
2023-03-04 01:43:38,273 INFO     ___FILE_ONLY___  
2023-03-04 01:43:38,273 INFO     ___FILE_ONLY___ and
2023-03-04 01:43:38,273 INFO     ___FILE_ONLY___  
2023-03-04 01:43:38,273 INFO     ___FILE_ONLY___ prompting
2023-03-04 01:43:38,273 INFO     ___FILE_ONLY___  
2023-03-04 01:43:38,273 INFO     ___FILE_ONLY___ to
2023-03-04 01:43:38,273 INFO     ___FILE_ONLY___  
2023-03-04 01:43:38,273 INFO     ___FILE_ONLY___ [1mgcloud
2023-03-04 01:43:38,273 INFO     ___FILE_ONLY___  
2023-03-04 01:43:38,273 INFO     ___FILE_ONLY___ functions
2023-03-04 01:43:38,273 INFO     ___FILE_ONLY___ 

2023-03-04 01:43:38,273 INFO     ___FILE_ONLY___         
2023-03-04 01:43:38,273 INFO     ___FILE_ONLY___ add-iam-policy-binding[m
2023-03-04 01:43:38,273 INFO     ___FILE_ONLY___  
2023-03-04 01:43:38,273 INFO     ___FILE_ONLY___ about
2023-03-04 01:43:38,273 INFO     ___FILE_ONLY___  
2023-03-04 01:43:38,273 INFO     ___FILE_ONLY___ needing
2023-03-04 01:43:38,273 INFO     ___FILE_ONLY___  
2023-03-04 01:43:38,273 INFO     ___FILE_ONLY___ to
2023-03-04 01:43:38,273 INFO     ___FILE_ONLY___  
2023-03-04 01:43:38,273 INFO     ___FILE_ONLY___ bind
2023-03-04 01:43:38,273 INFO     ___FILE_ONLY___  
2023-03-04 01:43:38,273 INFO     ___FILE_ONLY___ the
2023-03-04 01:43:38,274 INFO     ___FILE_ONLY___  
2023-03-04 01:43:38,274 INFO     ___FILE_ONLY___ [1mroles/run.invoker[m
2023-03-04 01:43:38,274 INFO     ___FILE_ONLY___  
2023-03-04 01:43:38,274 INFO     ___FILE_ONLY___ role
2023-03-04 01:43:38,274 INFO     ___FILE_ONLY___ 

2023-03-04 01:43:38,274 INFO     ___FILE_ONLY___         
2023-03-04 01:43:38,274 INFO     ___FILE_ONLY___ for
2023-03-04 01:43:38,274 INFO     ___FILE_ONLY___  
2023-03-04 01:43:38,274 INFO     ___FILE_ONLY___ 2nd
2023-03-04 01:43:38,274 INFO     ___FILE_ONLY___  
2023-03-04 01:43:38,274 INFO     ___FILE_ONLY___ gen
2023-03-04 01:43:38,274 INFO     ___FILE_ONLY___  
2023-03-04 01:43:38,274 INFO     ___FILE_ONLY___ functions.
2023-03-04 01:43:38,274 INFO     ___FILE_ONLY___ 

2023-03-04 01:43:38,274 INFO     ___FILE_ONLY___ 

2023-03-04 01:43:38,274 INFO     ___FILE_ONLY___ [m
2023-03-04 01:43:38,274 INFO     ___FILE_ONLY___   
2023-03-04 01:43:38,274 INFO     ___FILE_ONLY___ [1mCloud Key Management Service[m

2023-03-04 01:43:38,274 INFO     ___FILE_ONLY___       â–ª
2023-03-04 01:43:38,274 INFO     ___FILE_ONLY___  
2023-03-04 01:43:38,274 INFO     ___FILE_ONLY___ Added
2023-03-04 01:43:38,274 INFO     ___FILE_ONLY___  
2023-03-04 01:43:38,274 INFO     ___FILE_ONLY___ [1mgcloud
2023-03-04 01:43:38,274 INFO     ___FILE_ONLY___  
2023-03-04 01:43:38,274 INFO     ___FILE_ONLY___ beta
2023-03-04 01:43:38,274 INFO     ___FILE_ONLY___  
2023-03-04 01:43:38,274 INFO     ___FILE_ONLY___ kms
2023-03-04 01:43:38,274 INFO     ___FILE_ONLY___  
2023-03-04 01:43:38,274 INFO     ___FILE_ONLY___ inventory[m
2023-03-04 01:43:38,274 INFO     ___FILE_ONLY___  
2023-03-04 01:43:38,274 INFO     ___FILE_ONLY___ which
2023-03-04 01:43:38,274 INFO     ___FILE_ONLY___  
2023-03-04 01:43:38,274 INFO     ___FILE_ONLY___ allows
2023-03-04 01:43:38,274 INFO     ___FILE_ONLY___  
2023-03-04 01:43:38,274 INFO     ___FILE_ONLY___ viewing
2023-03-04 01:43:38,274 INFO     ___FILE_ONLY___  
2023-03-04 01:43:38,274 INFO     ___FILE_ONLY___ and
2023-03-04 01:43:38,274 INFO     ___FILE_ONLY___  
2023-03-04 01:43:38,274 INFO     ___FILE_ONLY___ tracking
2023-03-04 01:43:38,274 INFO     ___FILE_ONLY___  
2023-03-04 01:43:38,274 INFO     ___FILE_ONLY___ of
2023-03-04 01:43:38,274 INFO     ___FILE_ONLY___ 

2023-03-04 01:43:38,274 INFO     ___FILE_ONLY___         
2023-03-04 01:43:38,275 INFO     ___FILE_ONLY___ keys
2023-03-04 01:43:38,275 INFO     ___FILE_ONLY___  
2023-03-04 01:43:38,275 INFO     ___FILE_ONLY___ across
2023-03-04 01:43:38,275 INFO     ___FILE_ONLY___  
2023-03-04 01:43:38,275 INFO     ___FILE_ONLY___ cloud
2023-03-04 01:43:38,275 INFO     ___FILE_ONLY___  
2023-03-04 01:43:38,275 INFO     ___FILE_ONLY___ resources.
2023-03-04 01:43:38,275 INFO     ___FILE_ONLY___ 

2023-03-04 01:43:38,275 INFO     ___FILE_ONLY___ 

2023-03-04 01:43:38,275 INFO     ___FILE_ONLY___ [m
2023-03-04 01:43:38,275 INFO     ___FILE_ONLY___   
2023-03-04 01:43:38,275 INFO     ___FILE_ONLY___ [1mCloud Logging[m

2023-03-04 01:43:38,275 INFO     ___FILE_ONLY___       â–ª
2023-03-04 01:43:38,275 INFO     ___FILE_ONLY___  
2023-03-04 01:43:38,275 INFO     ___FILE_ONLY___ Promoted
2023-03-04 01:43:38,275 INFO     ___FILE_ONLY___  
2023-03-04 01:43:38,275 INFO     ___FILE_ONLY___ [1mbuckets
2023-03-04 01:43:38,275 INFO     ___FILE_ONLY___  
2023-03-04 01:43:38,275 INFO     ___FILE_ONLY___ create
2023-03-04 01:43:38,275 INFO     ___FILE_ONLY___  
2023-03-04 01:43:38,275 INFO     ___FILE_ONLY___ --enable-analytics[m
2023-03-04 01:43:38,275 INFO     ___FILE_ONLY___  
2023-03-04 01:43:38,275 INFO     ___FILE_ONLY___ to
2023-03-04 01:43:38,275 INFO     ___FILE_ONLY___  
2023-03-04 01:43:38,275 INFO     ___FILE_ONLY___ GA.
2023-03-04 01:43:38,275 INFO     ___FILE_ONLY___ 

2023-03-04 01:43:38,275 INFO     ___FILE_ONLY___       â–ª
2023-03-04 01:43:38,275 INFO     ___FILE_ONLY___  
2023-03-04 01:43:38,275 INFO     ___FILE_ONLY___ Added
2023-03-04 01:43:38,275 INFO     ___FILE_ONLY___  
2023-03-04 01:43:38,275 INFO     ___FILE_ONLY___ [1mbuckets
2023-03-04 01:43:38,275 INFO     ___FILE_ONLY___  
2023-03-04 01:43:38,275 INFO     ___FILE_ONLY___ update
2023-03-04 01:43:38,275 INFO     ___FILE_ONLY___  
2023-03-04 01:43:38,276 INFO     ___FILE_ONLY___ --enable-analytics[m
2023-03-04 01:43:38,276 INFO     ___FILE_ONLY___  
2023-03-04 01:43:38,276 INFO     ___FILE_ONLY___ to
2023-03-04 01:43:38,276 INFO     ___FILE_ONLY___  
2023-03-04 01:43:38,276 INFO     ___FILE_ONLY___ GA
2023-03-04 01:43:38,276 INFO     ___FILE_ONLY___  
2023-03-04 01:43:38,276 INFO     ___FILE_ONLY___ track.
2023-03-04 01:43:38,276 INFO     ___FILE_ONLY___ 

2023-03-04 01:43:38,276 INFO     ___FILE_ONLY___       â–ª
2023-03-04 01:43:38,276 INFO     ___FILE_ONLY___  
2023-03-04 01:43:38,276 INFO     ___FILE_ONLY___ Removed
2023-03-04 01:43:38,276 INFO     ___FILE_ONLY___  
2023-03-04 01:43:38,276 INFO     ___FILE_ONLY___ deprecated
2023-03-04 01:43:38,276 INFO     ___FILE_ONLY___  
2023-03-04 01:43:38,276 INFO     ___FILE_ONLY___ [1mbuckets
2023-03-04 01:43:38,276 INFO     ___FILE_ONLY___  
2023-03-04 01:43:38,276 INFO     ___FILE_ONLY___ update
2023-03-04 01:43:38,276 INFO     ___FILE_ONLY___  
2023-03-04 01:43:38,276 INFO     ___FILE_ONLY___ --enable-loglink[m
2023-03-04 01:43:38,276 INFO     ___FILE_ONLY___  
2023-03-04 01:43:38,276 INFO     ___FILE_ONLY___ from
2023-03-04 01:43:38,276 INFO     ___FILE_ONLY___  
2023-03-04 01:43:38,276 INFO     ___FILE_ONLY___ ALPHA
2023-03-04 01:43:38,276 INFO     ___FILE_ONLY___  
2023-03-04 01:43:38,276 INFO     ___FILE_ONLY___ track.
2023-03-04 01:43:38,276 INFO     ___FILE_ONLY___ 

2023-03-04 01:43:38,276 INFO     ___FILE_ONLY___       â–ª
2023-03-04 01:43:38,276 INFO     ___FILE_ONLY___  
2023-03-04 01:43:38,276 INFO     ___FILE_ONLY___ Added
2023-03-04 01:43:38,276 INFO     ___FILE_ONLY___  
2023-03-04 01:43:38,276 INFO     ___FILE_ONLY___ [1m--async[m
2023-03-04 01:43:38,276 INFO     ___FILE_ONLY___  
2023-03-04 01:43:38,276 INFO     ___FILE_ONLY___ option
2023-03-04 01:43:38,276 INFO     ___FILE_ONLY___  
2023-03-04 01:43:38,276 INFO     ___FILE_ONLY___ to
2023-03-04 01:43:38,276 INFO     ___FILE_ONLY___  
2023-03-04 01:43:38,276 INFO     ___FILE_ONLY___ the
2023-03-04 01:43:38,276 INFO     ___FILE_ONLY___  
2023-03-04 01:43:38,276 INFO     ___FILE_ONLY___ [1mbuckets
2023-03-04 01:43:38,276 INFO     ___FILE_ONLY___  
2023-03-04 01:43:38,277 INFO     ___FILE_ONLY___ create[m
2023-03-04 01:43:38,277 INFO     ___FILE_ONLY___  
2023-03-04 01:43:38,277 INFO     ___FILE_ONLY___ and
2023-03-04 01:43:38,277 INFO     ___FILE_ONLY___  
2023-03-04 01:43:38,277 INFO     ___FILE_ONLY___ [1mbuckets
2023-03-04 01:43:38,277 INFO     ___FILE_ONLY___  
2023-03-04 01:43:38,277 INFO     ___FILE_ONLY___ update[m
2023-03-04 01:43:38,277 INFO     ___FILE_ONLY___ 

2023-03-04 01:43:38,277 INFO     ___FILE_ONLY___         
2023-03-04 01:43:38,277 INFO     ___FILE_ONLY___ commands.
2023-03-04 01:43:38,277 INFO     ___FILE_ONLY___ 

2023-03-04 01:43:38,277 INFO     ___FILE_ONLY___       â–ª
2023-03-04 01:43:38,277 INFO     ___FILE_ONLY___  
2023-03-04 01:43:38,277 INFO     ___FILE_ONLY___ Added
2023-03-04 01:43:38,277 INFO     ___FILE_ONLY___  
2023-03-04 01:43:38,277 INFO     ___FILE_ONLY___ [1mlinks[m
2023-03-04 01:43:38,277 INFO     ___FILE_ONLY___  
2023-03-04 01:43:38,277 INFO     ___FILE_ONLY___ command
2023-03-04 01:43:38,277 INFO     ___FILE_ONLY___  
2023-03-04 01:43:38,277 INFO     ___FILE_ONLY___ group
2023-03-04 01:43:38,277 INFO     ___FILE_ONLY___  
2023-03-04 01:43:38,277 INFO     ___FILE_ONLY___ implementation.
2023-03-04 01:43:38,277 INFO     ___FILE_ONLY___ 

2023-03-04 01:43:38,277 INFO     ___FILE_ONLY___ 

2023-03-04 01:43:38,277 INFO     ___FILE_ONLY___ [m
2023-03-04 01:43:38,277 INFO     ___FILE_ONLY___   
2023-03-04 01:43:38,277 INFO     ___FILE_ONLY___ [1mCompute Engine[m

2023-03-04 01:43:38,277 INFO     ___FILE_ONLY___       â–ª
2023-03-04 01:43:38,277 INFO     ___FILE_ONLY___  
2023-03-04 01:43:38,277 INFO     ___FILE_ONLY___ Promoted
2023-03-04 01:43:38,277 INFO     ___FILE_ONLY___  
2023-03-04 01:43:38,277 INFO     ___FILE_ONLY___ [1m--queue-count[m
2023-03-04 01:43:38,277 INFO     ___FILE_ONLY___  
2023-03-04 01:43:38,277 INFO     ___FILE_ONLY___ flag
2023-03-04 01:43:38,277 INFO     ___FILE_ONLY___  
2023-03-04 01:43:38,277 INFO     ___FILE_ONLY___ in
2023-03-04 01:43:38,277 INFO     ___FILE_ONLY___  
2023-03-04 01:43:38,277 INFO     ___FILE_ONLY___ [1m--network-interface[m
2023-03-04 01:43:38,278 INFO     ___FILE_ONLY___  
2023-03-04 01:43:38,278 INFO     ___FILE_ONLY___ of
2023-03-04 01:43:38,278 INFO     ___FILE_ONLY___  
2023-03-04 01:43:38,278 INFO     ___FILE_ONLY___ [1mgcloud
2023-03-04 01:43:38,278 INFO     ___FILE_ONLY___  
2023-03-04 01:43:38,278 INFO     ___FILE_ONLY___ compute
2023-03-04 01:43:38,278 INFO     ___FILE_ONLY___ 

2023-03-04 01:43:38,278 INFO     ___FILE_ONLY___         
2023-03-04 01:43:38,278 INFO     ___FILE_ONLY___ instances
2023-03-04 01:43:38,278 INFO     ___FILE_ONLY___  
2023-03-04 01:43:38,278 INFO     ___FILE_ONLY___ create[m
2023-03-04 01:43:38,278 INFO     ___FILE_ONLY___  
2023-03-04 01:43:38,278 INFO     ___FILE_ONLY___ to
2023-03-04 01:43:38,278 INFO     ___FILE_ONLY___  
2023-03-04 01:43:38,278 INFO     ___FILE_ONLY___ beta.
2023-03-04 01:43:38,278 INFO     ___FILE_ONLY___ 

2023-03-04 01:43:38,278 INFO     ___FILE_ONLY___       â–ª
2023-03-04 01:43:38,278 INFO     ___FILE_ONLY___  
2023-03-04 01:43:38,278 INFO     ___FILE_ONLY___ Promoted
2023-03-04 01:43:38,278 INFO     ___FILE_ONLY___  
2023-03-04 01:43:38,278 INFO     ___FILE_ONLY___ [1m--stack-type[m
2023-03-04 01:43:38,278 INFO     ___FILE_ONLY___  
2023-03-04 01:43:38,278 INFO     ___FILE_ONLY___ flag
2023-03-04 01:43:38,278 INFO     ___FILE_ONLY___  
2023-03-04 01:43:38,278 INFO     ___FILE_ONLY___ of
2023-03-04 01:43:38,278 INFO     ___FILE_ONLY___  
2023-03-04 01:43:38,278 INFO     ___FILE_ONLY___ [1mgcloud
2023-03-04 01:43:38,278 INFO     ___FILE_ONLY___  
2023-03-04 01:43:38,278 INFO     ___FILE_ONLY___ compute
2023-03-04 01:43:38,278 INFO     ___FILE_ONLY___  
2023-03-04 01:43:38,278 INFO     ___FILE_ONLY___ instances
2023-03-04 01:43:38,278 INFO     ___FILE_ONLY___  
2023-03-04 01:43:38,278 INFO     ___FILE_ONLY___ bulk
2023-03-04 01:43:38,278 INFO     ___FILE_ONLY___  
2023-03-04 01:43:38,278 INFO     ___FILE_ONLY___ create[m
2023-03-04 01:43:38,278 INFO     ___FILE_ONLY___  
2023-03-04 01:43:38,278 INFO     ___FILE_ONLY___ to
2023-03-04 01:43:38,278 INFO     ___FILE_ONLY___ 

2023-03-04 01:43:38,278 INFO     ___FILE_ONLY___         
2023-03-04 01:43:38,278 INFO     ___FILE_ONLY___ GA.
2023-03-04 01:43:38,278 INFO     ___FILE_ONLY___ 

2023-03-04 01:43:38,278 INFO     ___FILE_ONLY___       â–ª
2023-03-04 01:43:38,278 INFO     ___FILE_ONLY___  
2023-03-04 01:43:38,278 INFO     ___FILE_ONLY___ Promoted
2023-03-04 01:43:38,278 INFO     ___FILE_ONLY___  
2023-03-04 01:43:38,279 INFO     ___FILE_ONLY___ [1mgcloud
2023-03-04 01:43:38,279 INFO     ___FILE_ONLY___  
2023-03-04 01:43:38,279 INFO     ___FILE_ONLY___ compute
2023-03-04 01:43:38,279 INFO     ___FILE_ONLY___  
2023-03-04 01:43:38,279 INFO     ___FILE_ONLY___ disks
2023-03-04 01:43:38,279 INFO     ___FILE_ONLY___  
2023-03-04 01:43:38,279 INFO     ___FILE_ONLY___ update[m
2023-03-04 01:43:38,279 INFO     ___FILE_ONLY___  
2023-03-04 01:43:38,279 INFO     ___FILE_ONLY___ to
2023-03-04 01:43:38,279 INFO     ___FILE_ONLY___  
2023-03-04 01:43:38,279 INFO     ___FILE_ONLY___ GA.
2023-03-04 01:43:38,279 INFO     ___FILE_ONLY___ 

2023-03-04 01:43:38,279 INFO     ___FILE_ONLY___       â–ª
2023-03-04 01:43:38,279 INFO     ___FILE_ONLY___  
2023-03-04 01:43:38,279 INFO     ___FILE_ONLY___ Promoted
2023-03-04 01:43:38,279 INFO     ___FILE_ONLY___  
2023-03-04 01:43:38,279 INFO     ___FILE_ONLY___ [1m--provisioned-iops[m
2023-03-04 01:43:38,279 INFO     ___FILE_ONLY___  
2023-03-04 01:43:38,279 INFO     ___FILE_ONLY___ flag
2023-03-04 01:43:38,279 INFO     ___FILE_ONLY___  
2023-03-04 01:43:38,279 INFO     ___FILE_ONLY___ of
2023-03-04 01:43:38,279 INFO     ___FILE_ONLY___  
2023-03-04 01:43:38,279 INFO     ___FILE_ONLY___ [1mgcloud
2023-03-04 01:43:38,279 INFO     ___FILE_ONLY___  
2023-03-04 01:43:38,279 INFO     ___FILE_ONLY___ compute
2023-03-04 01:43:38,279 INFO     ___FILE_ONLY___  
2023-03-04 01:43:38,279 INFO     ___FILE_ONLY___ disks
2023-03-04 01:43:38,279 INFO     ___FILE_ONLY___  
2023-03-04 01:43:38,279 INFO     ___FILE_ONLY___ update[m
2023-03-04 01:43:38,279 INFO     ___FILE_ONLY___  
2023-03-04 01:43:38,279 INFO     ___FILE_ONLY___ to
2023-03-04 01:43:38,279 INFO     ___FILE_ONLY___ 

2023-03-04 01:43:38,279 INFO     ___FILE_ONLY___         
2023-03-04 01:43:38,279 INFO     ___FILE_ONLY___ GA.
2023-03-04 01:43:38,280 INFO     ___FILE_ONLY___ 

2023-03-04 01:43:38,280 INFO     ___FILE_ONLY___ 

2023-03-04 01:43:38,280 INFO     ___FILE_ONLY___ [m
2023-03-04 01:43:38,280 INFO     ___FILE_ONLY___   
2023-03-04 01:43:38,280 INFO     ___FILE_ONLY___ [1mGKE Hub[m

2023-03-04 01:43:38,280 INFO     ___FILE_ONLY___       â–ª
2023-03-04 01:43:38,280 INFO     ___FILE_ONLY___  
2023-03-04 01:43:38,280 INFO     ___FILE_ONLY___ Added
2023-03-04 01:43:38,280 INFO     ___FILE_ONLY___  
2023-03-04 01:43:38,280 INFO     ___FILE_ONLY___ [1mgcloud
2023-03-04 01:43:38,280 INFO     ___FILE_ONLY___  
2023-03-04 01:43:38,280 INFO     ___FILE_ONLY___ container
2023-03-04 01:43:38,280 INFO     ___FILE_ONLY___  
2023-03-04 01:43:38,280 INFO     ___FILE_ONLY___ fleet
2023-03-04 01:43:38,280 INFO     ___FILE_ONLY___  
2023-03-04 01:43:38,280 INFO     ___FILE_ONLY___ scopes|namespaces[m
2023-03-04 01:43:38,280 INFO     ___FILE_ONLY___  
2023-03-04 01:43:38,280 INFO     ___FILE_ONLY___ which
2023-03-04 01:43:38,280 INFO     ___FILE_ONLY___  
2023-03-04 01:43:38,280 INFO     ___FILE_ONLY___ allows
2023-03-04 01:43:38,280 INFO     ___FILE_ONLY___  
2023-03-04 01:43:38,280 INFO     ___FILE_ONLY___ users
2023-03-04 01:43:38,280 INFO     ___FILE_ONLY___  
2023-03-04 01:43:38,280 INFO     ___FILE_ONLY___ to
2023-03-04 01:43:38,280 INFO     ___FILE_ONLY___ 

2023-03-04 01:43:38,280 INFO     ___FILE_ONLY___         
2023-03-04 01:43:38,280 INFO     ___FILE_ONLY___ manage
2023-03-04 01:43:38,280 INFO     ___FILE_ONLY___  
2023-03-04 01:43:38,280 INFO     ___FILE_ONLY___ Fleet
2023-03-04 01:43:38,280 INFO     ___FILE_ONLY___  
2023-03-04 01:43:38,280 INFO     ___FILE_ONLY___ Tenancy.
2023-03-04 01:43:38,280 INFO     ___FILE_ONLY___ 

2023-03-04 01:43:38,280 INFO     ___FILE_ONLY___ 

2023-03-04 01:43:38,280 INFO     ___FILE_ONLY___ [m
2023-03-04 01:43:38,280 INFO     ___FILE_ONLY___   
2023-03-04 01:43:38,280 INFO     ___FILE_ONLY___ [1mIdentity and Access Management[m

2023-03-04 01:43:38,280 INFO     ___FILE_ONLY___       â–ª
2023-03-04 01:43:38,280 INFO     ___FILE_ONLY___  
2023-03-04 01:43:38,280 INFO     ___FILE_ONLY___ Workforce
2023-03-04 01:43:38,281 INFO     ___FILE_ONLY___  
2023-03-04 01:43:38,281 INFO     ___FILE_ONLY___ identity
2023-03-04 01:43:38,281 INFO     ___FILE_ONLY___  
2023-03-04 01:43:38,281 INFO     ___FILE_ONLY___ federation
2023-03-04 01:43:38,281 INFO     ___FILE_ONLY___  
2023-03-04 01:43:38,281 INFO     ___FILE_ONLY___ now
2023-03-04 01:43:38,281 INFO     ___FILE_ONLY___  
2023-03-04 01:43:38,281 INFO     ___FILE_ONLY___ supports
2023-03-04 01:43:38,281 INFO     ___FILE_ONLY___  
2023-03-04 01:43:38,281 INFO     ___FILE_ONLY___ browser-based
2023-03-04 01:43:38,281 INFO     ___FILE_ONLY___  
2023-03-04 01:43:38,281 INFO     ___FILE_ONLY___ sign-in
2023-03-04 01:43:38,281 INFO     ___FILE_ONLY___  
2023-03-04 01:43:38,281 INFO     ___FILE_ONLY___ when
2023-03-04 01:43:38,281 INFO     ___FILE_ONLY___ 

2023-03-04 01:43:38,281 INFO     ___FILE_ONLY___         
2023-03-04 01:43:38,281 INFO     ___FILE_ONLY___ authenticating
2023-03-04 01:43:38,281 INFO     ___FILE_ONLY___  
2023-03-04 01:43:38,281 INFO     ___FILE_ONLY___ with
2023-03-04 01:43:38,281 INFO     ___FILE_ONLY___  
2023-03-04 01:43:38,281 INFO     ___FILE_ONLY___ the
2023-03-04 01:43:38,281 INFO     ___FILE_ONLY___  
2023-03-04 01:43:38,281 INFO     ___FILE_ONLY___ Google
2023-03-04 01:43:38,281 INFO     ___FILE_ONLY___  
2023-03-04 01:43:38,281 INFO     ___FILE_ONLY___ Cloud
2023-03-04 01:43:38,281 INFO     ___FILE_ONLY___  
2023-03-04 01:43:38,281 INFO     ___FILE_ONLY___ CLI
2023-03-04 01:43:38,281 INFO     ___FILE_ONLY___  
2023-03-04 01:43:38,281 INFO     ___FILE_ONLY___ via
2023-03-04 01:43:38,281 INFO     ___FILE_ONLY___  
2023-03-04 01:43:38,281 INFO     ___FILE_ONLY___ [1mgcloud
2023-03-04 01:43:38,281 INFO     ___FILE_ONLY___  
2023-03-04 01:43:38,281 INFO     ___FILE_ONLY___ auth
2023-03-04 01:43:38,281 INFO     ___FILE_ONLY___  
2023-03-04 01:43:38,281 INFO     ___FILE_ONLY___ login[m.
2023-03-04 01:43:38,281 INFO     ___FILE_ONLY___  
2023-03-04 01:43:38,281 INFO     ___FILE_ONLY___ To
2023-03-04 01:43:38,281 INFO     ___FILE_ONLY___ 

2023-03-04 01:43:38,281 INFO     ___FILE_ONLY___         
2023-03-04 01:43:38,281 INFO     ___FILE_ONLY___ learn
2023-03-04 01:43:38,281 INFO     ___FILE_ONLY___  
2023-03-04 01:43:38,281 INFO     ___FILE_ONLY___ more,
2023-03-04 01:43:38,281 INFO     ___FILE_ONLY___  
2023-03-04 01:43:38,281 INFO     ___FILE_ONLY___ see
2023-03-04 01:43:38,282 INFO     ___FILE_ONLY___  
2023-03-04 01:43:38,282 INFO     ___FILE_ONLY___ Obtain
2023-03-04 01:43:38,282 INFO     ___FILE_ONLY___  
2023-03-04 01:43:38,282 INFO     ___FILE_ONLY___ short-lived
2023-03-04 01:43:38,282 INFO     ___FILE_ONLY___  
2023-03-04 01:43:38,282 INFO     ___FILE_ONLY___ tokens
2023-03-04 01:43:38,282 INFO     ___FILE_ONLY___  
2023-03-04 01:43:38,282 INFO     ___FILE_ONLY___ for
2023-03-04 01:43:38,282 INFO     ___FILE_ONLY___  
2023-03-04 01:43:38,282 INFO     ___FILE_ONLY___ workforce
2023-03-04 01:43:38,282 INFO     ___FILE_ONLY___  
2023-03-04 01:43:38,282 INFO     ___FILE_ONLY___ identity
2023-03-04 01:43:38,282 INFO     ___FILE_ONLY___ 

2023-03-04 01:43:38,282 INFO     ___FILE_ONLY___         
2023-03-04 01:43:38,282 INFO     ___FILE_ONLY___ federation
2023-03-04 01:43:38,282 INFO     ___FILE_ONLY___  
2023-03-04 01:43:38,282 INFO     ___FILE_ONLY___ or
2023-03-04 01:43:38,282 INFO     ___FILE_ONLY___  
2023-03-04 01:43:38,282 INFO     ___FILE_ONLY___ the
2023-03-04 01:43:38,282 INFO     ___FILE_ONLY___  
2023-03-04 01:43:38,282 INFO     ___FILE_ONLY___ Azure
2023-03-04 01:43:38,282 INFO     ___FILE_ONLY___  
2023-03-04 01:43:38,282 INFO     ___FILE_ONLY___ AD
2023-03-04 01:43:38,282 INFO     ___FILE_ONLY___  
2023-03-04 01:43:38,282 INFO     ___FILE_ONLY___ or
2023-03-04 01:43:38,282 INFO     ___FILE_ONLY___  
2023-03-04 01:43:38,282 INFO     ___FILE_ONLY___ Okta-specific
2023-03-04 01:43:38,282 INFO     ___FILE_ONLY___  
2023-03-04 01:43:38,282 INFO     ___FILE_ONLY___ [1mgcloud[m
2023-03-04 01:43:38,282 INFO     ___FILE_ONLY___  
2023-03-04 01:43:38,282 INFO     ___FILE_ONLY___ CLI
2023-03-04 01:43:38,282 INFO     ___FILE_ONLY___  
2023-03-04 01:43:38,282 INFO     ___FILE_ONLY___ sign-in
2023-03-04 01:43:38,282 INFO     ___FILE_ONLY___ 

2023-03-04 01:43:38,282 INFO     ___FILE_ONLY___         
2023-03-04 01:43:38,282 INFO     ___FILE_ONLY___ instructions.
2023-03-04 01:43:38,282 INFO     ___FILE_ONLY___ 

2023-03-04 01:43:38,282 INFO     ___FILE_ONLY___ 

2023-03-04 01:43:38,282 INFO     ___FILE_ONLY___ [m
2023-03-04 01:43:38,282 INFO     ___FILE_ONLY___   
2023-03-04 01:43:38,282 INFO     ___FILE_ONLY___ [1mPubsub Emulator[m

2023-03-04 01:43:38,282 INFO     ___FILE_ONLY___       â–ª
2023-03-04 01:43:38,282 INFO     ___FILE_ONLY___  
2023-03-04 01:43:38,282 INFO     ___FILE_ONLY___ Added
2023-03-04 01:43:38,282 INFO     ___FILE_ONLY___  
2023-03-04 01:43:38,282 INFO     ___FILE_ONLY___ support
2023-03-04 01:43:38,283 INFO     ___FILE_ONLY___  
2023-03-04 01:43:38,283 INFO     ___FILE_ONLY___ for
2023-03-04 01:43:38,283 INFO     ___FILE_ONLY___  
2023-03-04 01:43:38,283 INFO     ___FILE_ONLY___ updating
2023-03-04 01:43:38,283 INFO     ___FILE_ONLY___  
2023-03-04 01:43:38,283 INFO     ___FILE_ONLY___ schemas.
2023-03-04 01:43:38,283 INFO     ___FILE_ONLY___ 

2023-03-04 01:43:38,283 INFO     ___FILE_ONLY___       â–ª
2023-03-04 01:43:38,283 INFO     ___FILE_ONLY___  
2023-03-04 01:43:38,283 INFO     ___FILE_ONLY___ Fixed
2023-03-04 01:43:38,283 INFO     ___FILE_ONLY___  
2023-03-04 01:43:38,283 INFO     ___FILE_ONLY___ the
2023-03-04 01:43:38,283 INFO     ___FILE_ONLY___  
2023-03-04 01:43:38,283 INFO     ___FILE_ONLY___ inability
2023-03-04 01:43:38,283 INFO     ___FILE_ONLY___  
2023-03-04 01:43:38,283 INFO     ___FILE_ONLY___ to
2023-03-04 01:43:38,283 INFO     ___FILE_ONLY___  
2023-03-04 01:43:38,283 INFO     ___FILE_ONLY___ create
2023-03-04 01:43:38,283 INFO     ___FILE_ONLY___  
2023-03-04 01:43:38,283 INFO     ___FILE_ONLY___ topics,
2023-03-04 01:43:38,283 INFO     ___FILE_ONLY___  
2023-03-04 01:43:38,283 INFO     ___FILE_ONLY___ subscriptions,
2023-03-04 01:43:38,283 INFO     ___FILE_ONLY___  
2023-03-04 01:43:38,283 INFO     ___FILE_ONLY___ and
2023-03-04 01:43:38,283 INFO     ___FILE_ONLY___  
2023-03-04 01:43:38,283 INFO     ___FILE_ONLY___ schemas
2023-03-04 01:43:38,283 INFO     ___FILE_ONLY___  
2023-03-04 01:43:38,283 INFO     ___FILE_ONLY___ when
2023-03-04 01:43:38,283 INFO     ___FILE_ONLY___ 

2023-03-04 01:43:38,283 INFO     ___FILE_ONLY___         
2023-03-04 01:43:38,283 INFO     ___FILE_ONLY___ using
2023-03-04 01:43:38,283 INFO     ___FILE_ONLY___  
2023-03-04 01:43:38,283 INFO     ___FILE_ONLY___ the
2023-03-04 01:43:38,283 INFO     ___FILE_ONLY___  
2023-03-04 01:43:38,283 INFO     ___FILE_ONLY___ [1mgcloud[m
2023-03-04 01:43:38,283 INFO     ___FILE_ONLY___  
2023-03-04 01:43:38,283 INFO     ___FILE_ONLY___ CLI.
2023-03-04 01:43:38,283 INFO     ___FILE_ONLY___ 

2023-03-04 01:43:38,283 INFO     ___FILE_ONLY___ 

2023-03-04 01:43:38,283 INFO     ___FILE_ONLY___    
2023-03-04 01:43:38,283 INFO     ___FILE_ONLY___  
2023-03-04 01:43:38,283 INFO     ___FILE_ONLY___ Subscribe
2023-03-04 01:43:38,283 INFO     ___FILE_ONLY___  
2023-03-04 01:43:38,283 INFO     ___FILE_ONLY___ to
2023-03-04 01:43:38,283 INFO     ___FILE_ONLY___  
2023-03-04 01:43:38,283 INFO     ___FILE_ONLY___ these
2023-03-04 01:43:38,284 INFO     ___FILE_ONLY___  
2023-03-04 01:43:38,284 INFO     ___FILE_ONLY___ release
2023-03-04 01:43:38,284 INFO     ___FILE_ONLY___  
2023-03-04 01:43:38,284 INFO     ___FILE_ONLY___ notes
2023-03-04 01:43:38,284 INFO     ___FILE_ONLY___  
2023-03-04 01:43:38,284 INFO     ___FILE_ONLY___ at
2023-03-04 01:43:38,284 INFO     ___FILE_ONLY___ 

2023-03-04 01:43:38,284 INFO     ___FILE_ONLY___     
2023-03-04 01:43:38,284 INFO     ___FILE_ONLY___ https://groups.google.com/forum/#!forum/google-cloud-sdk-announce
2023-03-04 01:43:38,284 INFO     ___FILE_ONLY___ 

2023-03-04 01:43:38,284 INFO     ___FILE_ONLY___     
2023-03-04 01:43:38,284 INFO     ___FILE_ONLY___ (https://groups.google.com/forum/#!forum/google-cloud-sdk-announce).
2023-03-04 01:43:38,284 INFO     ___FILE_ONLY___ 

2023-03-04 01:43:38,284 INFO     ___FILE_ONLY___ [m
2023-03-04 01:43:38,284 INFO     ___FILE_ONLY___ 

2023-03-04 01:43:38,295 INFO     ___FILE_ONLY___ â•”â•â•â•â•â•â•â•â•â•â•â•â•â•â•â•â•â•â•â•â•â•â•â•â•â•â•â•â•â•â•â•â•â•â•â•â•â•â•â•â•â•â•â•â•â•â•â•â•â•â•â•â•â•â•â•â•â•â•â•â•â•—

2023-03-04 01:43:38,295 INFO     ___FILE_ONLY___ â• â• Creating update staging area                             â•â•£

2023-03-04 01:43:38,295 INFO     ___FILE_ONLY___ â•š
2023-03-04 01:43:38,295 INFO     ___FILE_ONLY___ â•â•â•â•â•â•
2023-03-04 01:43:41,326 INFO     ___FILE_ONLY___ â•â•â•â•â•â•
2023-03-04 01:43:41,327 INFO     ___FILE_ONLY___ â•â•â•â•â•â•
2023-03-04 01:43:42,281 INFO     ___FILE_ONLY___ â•
2023-03-04 01:43:42,470 INFO     ___FILE_ONLY___ â•
2023-03-04 01:43:42,646 INFO     ___FILE_ONLY___ â•
2023-03-04 01:43:42,893 INFO     ___FILE_ONLY___ â•
2023-03-04 01:43:43,119 INFO     ___FILE_ONLY___ â•
2023-03-04 01:43:43,314 INFO     ___FILE_ONLY___ â•
2023-03-04 01:43:43,525 INFO     ___FILE_ONLY___ â•
2023-03-04 01:43:43,776 INFO     ___FILE_ONLY___ â•
2023-03-04 01:43:44,181 INFO     ___FILE_ONLY___ â•
2023-03-04 01:43:44,356 INFO     ___FILE_ONLY___ â•
2023-03-04 01:43:44,547 INFO     ___FILE_ONLY___ â•
2023-03-04 01:43:44,810 INFO     ___FILE_ONLY___ â•
2023-03-04 01:43:44,949 INFO     ___FILE_ONLY___ â•
2023-03-04 01:43:45,109 INFO     ___FILE_ONLY___ â•
2023-03-04 01:43:45,323 INFO     ___FILE_ONLY___ â•
2023-03-04 01:43:45,706 INFO     ___FILE_ONLY___ â•
2023-03-04 01:43:45,865 INFO     ___FILE_ONLY___ â•
2023-03-04 01:43:46,007 INFO     ___FILE_ONLY___ â•
2023-03-04 01:43:46,225 INFO     ___FILE_ONLY___ â•
2023-03-04 01:43:46,379 INFO     ___FILE_ONLY___ â•
2023-03-04 01:43:46,504 INFO     ___FILE_ONLY___ â•
2023-03-04 01:43:46,630 INFO     ___FILE_ONLY___ â•
2023-03-04 01:43:46,712 INFO     ___FILE_ONLY___ â•
2023-03-04 01:43:46,876 INFO     ___FILE_ONLY___ â•
2023-03-04 01:43:47,003 INFO     ___FILE_ONLY___ â•
2023-03-04 01:43:47,176 INFO     ___FILE_ONLY___ â•
2023-03-04 01:43:47,365 INFO     ___FILE_ONLY___ â•
2023-03-04 01:43:47,564 INFO     ___FILE_ONLY___ â•
2023-03-04 01:43:47,715 INFO     ___FILE_ONLY___ â•
2023-03-04 01:43:47,863 INFO     ___FILE_ONLY___ â•
2023-03-04 01:43:48,005 INFO     ___FILE_ONLY___ â•
2023-03-04 01:43:48,179 INFO     ___FILE_ONLY___ â•
2023-03-04 01:43:48,334 INFO     ___FILE_ONLY___ â•
2023-03-04 01:43:48,504 INFO     ___FILE_ONLY___ â•
2023-03-04 01:43:48,654 INFO     ___FILE_ONLY___ â•
2023-03-04 01:43:48,825 INFO     ___FILE_ONLY___ â•
2023-03-04 01:43:49,041 INFO     ___FILE_ONLY___ â•
2023-03-04 01:43:49,162 INFO     ___FILE_ONLY___ â•
2023-03-04 01:43:49,343 INFO     ___FILE_ONLY___ â•
2023-03-04 01:43:49,462 INFO     ___FILE_ONLY___ â•
2023-03-04 01:43:49,636 INFO     ___FILE_ONLY___ â•
2023-03-04 01:43:49,767 INFO     ___FILE_ONLY___ â•
2023-03-04 01:43:49,767 INFO     ___FILE_ONLY___ â•

2023-03-04 01:43:55,169 INFO     ___FILE_ONLY___ â•”â•â•â•â•â•â•â•â•â•â•â•â•â•â•â•â•â•â•â•â•â•â•â•â•â•â•â•â•â•â•â•â•â•â•â•â•â•â•â•â•â•â•â•â•â•â•â•â•â•â•â•â•â•â•â•â•â•â•â•â•â•—

2023-03-04 01:43:55,169 INFO     ___FILE_ONLY___ â• â• Uninstalling: BigQuery Command Line Tool                 â•â•£

2023-03-04 01:43:55,169 INFO     ___FILE_ONLY___ â•š
2023-03-04 01:43:55,170 INFO     ___FILE_ONLY___ â•
2023-03-04 01:43:55,171 INFO     ___FILE_ONLY___ â•
2023-03-04 01:43:55,171 INFO     ___FILE_ONLY___ â•
2023-03-04 01:43:55,172 INFO     ___FILE_ONLY___ â•
2023-03-04 01:43:55,172 INFO     ___FILE_ONLY___ â•
2023-03-04 01:43:55,173 INFO     ___FILE_ONLY___ â•
2023-03-04 01:43:55,173 INFO     ___FILE_ONLY___ â•
2023-03-04 01:43:55,174 INFO     ___FILE_ONLY___ â•
2023-03-04 01:43:55,174 INFO     ___FILE_ONLY___ â•
2023-03-04 01:43:55,175 INFO     ___FILE_ONLY___ â•
2023-03-04 01:43:55,175 INFO     ___FILE_ONLY___ â•
2023-03-04 01:43:55,176 INFO     ___FILE_ONLY___ â•
2023-03-04 01:43:55,177 INFO     ___FILE_ONLY___ â•
2023-03-04 01:43:55,177 INFO     ___FILE_ONLY___ â•
2023-03-04 01:43:55,178 INFO     ___FILE_ONLY___ â•
2023-03-04 01:43:55,178 INFO     ___FILE_ONLY___ â•
2023-03-04 01:43:55,179 INFO     ___FILE_ONLY___ â•
2023-03-04 01:43:55,179 INFO     ___FILE_ONLY___ â•
2023-03-04 01:43:55,180 INFO     ___FILE_ONLY___ â•
2023-03-04 01:43:55,181 INFO     ___FILE_ONLY___ â•
2023-03-04 01:43:55,182 INFO     ___FILE_ONLY___ â•
2023-03-04 01:43:55,183 INFO     ___FILE_ONLY___ â•
2023-03-04 01:43:55,184 INFO     ___FILE_ONLY___ â•
2023-03-04 01:43:55,184 INFO     ___FILE_ONLY___ â•
2023-03-04 01:43:55,185 INFO     ___FILE_ONLY___ â•
2023-03-04 01:43:55,186 INFO     ___FILE_ONLY___ â•
2023-03-04 01:43:55,186 INFO     ___FILE_ONLY___ â•
2023-03-04 01:43:55,187 INFO     ___FILE_ONLY___ â•
2023-03-04 01:43:55,188 INFO     ___FILE_ONLY___ â•
2023-03-04 01:43:55,189 INFO     ___FILE_ONLY___ â•
2023-03-04 01:43:55,190 INFO     ___FILE_ONLY___ â•
2023-03-04 01:43:55,191 INFO     ___FILE_ONLY___ â•
2023-03-04 01:43:55,191 INFO     ___FILE_ONLY___ â•
2023-03-04 01:43:55,192 INFO     ___FILE_ONLY___ â•
2023-03-04 01:43:55,193 INFO     ___FILE_ONLY___ â•
2023-03-04 01:43:55,194 INFO     ___FILE_ONLY___ â•
2023-03-04 01:43:55,194 INFO     ___FILE_ONLY___ â•
2023-03-04 01:43:55,195 INFO     ___FILE_ONLY___ â•
2023-03-04 01:43:55,195 INFO     ___FILE_ONLY___ â•
2023-03-04 01:43:55,198 INFO     ___FILE_ONLY___ â•
2023-03-04 01:43:55,199 INFO     ___FILE_ONLY___ â•
2023-03-04 01:43:55,199 INFO     ___FILE_ONLY___ â•
2023-03-04 01:43:55,205 INFO     ___FILE_ONLY___ â•
2023-03-04 01:43:55,206 INFO     ___FILE_ONLY___ â•
2023-03-04 01:43:55,206 INFO     ___FILE_ONLY___ â•
2023-03-04 01:43:55,207 INFO     ___FILE_ONLY___ â•
2023-03-04 01:43:55,208 INFO     ___FILE_ONLY___ â•
2023-03-04 01:43:55,208 INFO     ___FILE_ONLY___ â•
2023-03-04 01:43:55,209 INFO     ___FILE_ONLY___ â•
2023-03-04 01:43:55,210 INFO     ___FILE_ONLY___ â•
2023-03-04 01:43:55,210 INFO     ___FILE_ONLY___ â•
2023-03-04 01:43:55,210 INFO     ___FILE_ONLY___ â•
2023-03-04 01:43:55,211 INFO     ___FILE_ONLY___ â•
2023-03-04 01:43:55,211 INFO     ___FILE_ONLY___ â•
2023-03-04 01:43:55,212 INFO     ___FILE_ONLY___ â•
2023-03-04 01:43:55,212 INFO     ___FILE_ONLY___ â•
2023-03-04 01:43:55,213 INFO     ___FILE_ONLY___ â•
2023-03-04 01:43:55,213 INFO     ___FILE_ONLY___ â•
2023-03-04 01:43:55,214 INFO     ___FILE_ONLY___ â•
2023-03-04 01:43:55,214 INFO     ___FILE_ONLY___ â•
2023-03-04 01:43:55,214 INFO     ___FILE_ONLY___ â•

2023-03-04 01:43:55,248 INFO     ___FILE_ONLY___ â•”â•â•â•â•â•â•â•â•â•â•â•â•â•â•â•â•â•â•â•â•â•â•â•â•â•â•â•â•â•â•â•â•â•â•â•â•â•â•â•â•â•â•â•â•â•â•â•â•â•â•â•â•â•â•â•â•â•â•â•â•â•—

2023-03-04 01:43:55,248 INFO     ___FILE_ONLY___ â• â• Uninstalling: Google Cloud CLI Core Libraries            â•â•£

2023-03-04 01:43:55,248 INFO     ___FILE_ONLY___ â•š
2023-03-04 01:43:55,269 INFO     ___FILE_ONLY___ â•
2023-03-04 01:43:55,283 INFO     ___FILE_ONLY___ â•
2023-03-04 01:43:55,296 INFO     ___FILE_ONLY___ â•
2023-03-04 01:43:55,307 INFO     ___FILE_ONLY___ â•
2023-03-04 01:43:55,320 INFO     ___FILE_ONLY___ â•
2023-03-04 01:43:55,334 INFO     ___FILE_ONLY___ â•
2023-03-04 01:43:55,347 INFO     ___FILE_ONLY___ â•
2023-03-04 01:43:55,359 INFO     ___FILE_ONLY___ â•
2023-03-04 01:43:55,371 INFO     ___FILE_ONLY___ â•
2023-03-04 01:43:55,386 INFO     ___FILE_ONLY___ â•
2023-03-04 01:43:55,401 INFO     ___FILE_ONLY___ â•
2023-03-04 01:43:55,415 INFO     ___FILE_ONLY___ â•
2023-03-04 01:43:55,427 INFO     ___FILE_ONLY___ â•
2023-03-04 01:43:55,439 INFO     ___FILE_ONLY___ â•
2023-03-04 01:43:55,455 INFO     ___FILE_ONLY___ â•
2023-03-04 01:43:55,470 INFO     ___FILE_ONLY___ â•
2023-03-04 01:43:55,483 INFO     ___FILE_ONLY___ â•
2023-03-04 01:43:55,496 INFO     ___FILE_ONLY___ â•
2023-03-04 01:43:55,510 INFO     ___FILE_ONLY___ â•
2023-03-04 01:43:55,540 INFO     ___FILE_ONLY___ â•
2023-03-04 01:43:55,560 INFO     ___FILE_ONLY___ â•
2023-03-04 01:43:55,573 INFO     ___FILE_ONLY___ â•
2023-03-04 01:43:55,585 INFO     ___FILE_ONLY___ â•
2023-03-04 01:43:55,601 INFO     ___FILE_ONLY___ â•
2023-03-04 01:43:55,615 INFO     ___FILE_ONLY___ â•
2023-03-04 01:43:55,626 INFO     ___FILE_ONLY___ â•
2023-03-04 01:43:55,641 INFO     ___FILE_ONLY___ â•
2023-03-04 01:43:55,655 INFO     ___FILE_ONLY___ â•
2023-03-04 01:43:55,673 INFO     ___FILE_ONLY___ â•
2023-03-04 01:43:55,692 INFO     ___FILE_ONLY___ â•
2023-03-04 01:43:55,710 INFO     ___FILE_ONLY___ â•
2023-03-04 01:43:55,725 INFO     ___FILE_ONLY___ â•
2023-03-04 01:43:55,747 INFO     ___FILE_ONLY___ â•
2023-03-04 01:43:55,778 INFO     ___FILE_ONLY___ â•
2023-03-04 01:43:55,794 INFO     ___FILE_ONLY___ â•
2023-03-04 01:43:55,810 INFO     ___FILE_ONLY___ â•
2023-03-04 01:43:55,829 INFO     ___FILE_ONLY___ â•
2023-03-04 01:43:55,843 INFO     ___FILE_ONLY___ â•
2023-03-04 01:43:55,858 INFO     ___FILE_ONLY___ â•
2023-03-04 01:43:55,872 INFO     ___FILE_ONLY___ â•
2023-03-04 01:43:55,886 INFO     ___FILE_ONLY___ â•
2023-03-04 01:43:55,903 INFO     ___FILE_ONLY___ â•
2023-03-04 01:43:55,918 INFO     ___FILE_ONLY___ â•
2023-03-04 01:43:55,934 INFO     ___FILE_ONLY___ â•
2023-03-04 01:43:55,951 INFO     ___FILE_ONLY___ â•
2023-03-04 01:43:55,969 INFO     ___FILE_ONLY___ â•
2023-03-04 01:43:55,986 INFO     ___FILE_ONLY___ â•
2023-03-04 01:43:56,001 INFO     ___FILE_ONLY___ â•
2023-03-04 01:43:56,017 INFO     ___FILE_ONLY___ â•
2023-03-04 01:43:56,034 INFO     ___FILE_ONLY___ â•
2023-03-04 01:43:56,049 INFO     ___FILE_ONLY___ â•
2023-03-04 01:43:56,065 INFO     ___FILE_ONLY___ â•
2023-03-04 01:43:56,080 INFO     ___FILE_ONLY___ â•
2023-03-04 01:43:56,098 INFO     ___FILE_ONLY___ â•
2023-03-04 01:43:56,113 INFO     ___FILE_ONLY___ â•
2023-03-04 01:43:56,125 INFO     ___FILE_ONLY___ â•
2023-03-04 01:43:56,138 INFO     ___FILE_ONLY___ â•
2023-03-04 01:43:56,150 INFO     ___FILE_ONLY___ â•
2023-03-04 01:43:56,163 INFO     ___FILE_ONLY___ â•
2023-03-04 01:43:56,176 INFO     ___FILE_ONLY___ â•
2023-03-04 01:43:56,176 INFO     ___FILE_ONLY___ â•

2023-03-04 01:43:57,127 INFO     ___FILE_ONLY___ â•”â•â•â•â•â•â•â•â•â•â•â•â•â•â•â•â•â•â•â•â•â•â•â•â•â•â•â•â•â•â•â•â•â•â•â•â•â•â•â•â•â•â•â•â•â•â•â•â•â•â•â•â•â•â•â•â•â•â•â•â•â•—

2023-03-04 01:43:57,127 INFO     ___FILE_ONLY___ â• â• Uninstalling: gcloud Alpha Commands                      â•â•£

2023-03-04 01:43:57,127 INFO     ___FILE_ONLY___ â•š
2023-03-04 01:43:57,127 INFO     ___FILE_ONLY___ â•â•â•â•â•â•â•â•â•â•â•â•â•â•â•â•â•â•â•â•â•â•â•â•â•â•â•â•â•â•â•â•â•â•â•â•â•â•â•â•â•â•â•â•â•â•â•â•â•â•â•â•â•â•â•â•â•â•â•â•
2023-03-04 01:43:57,128 INFO     ___FILE_ONLY___ â•

2023-03-04 01:43:57,137 INFO     ___FILE_ONLY___ â•”â•â•â•â•â•â•â•â•â•â•â•â•â•â•â•â•â•â•â•â•â•â•â•â•â•â•â•â•â•â•â•â•â•â•â•â•â•â•â•â•â•â•â•â•â•â•â•â•â•â•â•â•â•â•â•â•â•â•â•â•â•—

2023-03-04 01:43:57,137 INFO     ___FILE_ONLY___ â• â• Uninstalling: gcloud Beta Commands                       â•â•£

2023-03-04 01:43:57,137 INFO     ___FILE_ONLY___ â•š
2023-03-04 01:43:57,137 INFO     ___FILE_ONLY___ â•â•â•â•â•â•â•â•â•â•â•â•â•â•â•â•â•â•â•â•â•â•â•â•â•â•â•â•â•â•â•â•â•â•â•â•â•â•â•â•â•â•â•â•â•â•â•â•â•â•â•â•â•â•â•â•â•â•â•â•
2023-03-04 01:43:57,137 INFO     ___FILE_ONLY___ â•

2023-03-04 01:43:57,143 INFO     ___FILE_ONLY___ â•”â•â•â•â•â•â•â•â•â•â•â•â•â•â•â•â•â•â•â•â•â•â•â•â•â•â•â•â•â•â•â•â•â•â•â•â•â•â•â•â•â•â•â•â•â•â•â•â•â•â•â•â•â•â•â•â•â•â•â•â•â•—

2023-03-04 01:43:57,144 INFO     ___FILE_ONLY___ â• â• Uninstalling: gcloud cli dependencies                    â•â•£

2023-03-04 01:43:57,144 INFO     ___FILE_ONLY___ â•š
2023-03-04 01:43:57,149 INFO     ___FILE_ONLY___ â•
2023-03-04 01:43:57,153 INFO     ___FILE_ONLY___ â•
2023-03-04 01:43:57,156 INFO     ___FILE_ONLY___ â•
2023-03-04 01:43:57,162 INFO     ___FILE_ONLY___ â•
2023-03-04 01:43:57,167 INFO     ___FILE_ONLY___ â•
2023-03-04 01:43:57,171 INFO     ___FILE_ONLY___ â•
2023-03-04 01:43:57,175 INFO     ___FILE_ONLY___ â•
2023-03-04 01:43:57,179 INFO     ___FILE_ONLY___ â•
2023-03-04 01:43:57,184 INFO     ___FILE_ONLY___ â•
2023-03-04 01:43:57,188 INFO     ___FILE_ONLY___ â•
2023-03-04 01:43:57,193 INFO     ___FILE_ONLY___ â•
2023-03-04 01:43:57,198 INFO     ___FILE_ONLY___ â•
2023-03-04 01:43:57,203 INFO     ___FILE_ONLY___ â•
2023-03-04 01:43:57,209 INFO     ___FILE_ONLY___ â•
2023-03-04 01:43:57,213 INFO     ___FILE_ONLY___ â•
2023-03-04 01:43:57,219 INFO     ___FILE_ONLY___ â•
2023-03-04 01:43:57,225 INFO     ___FILE_ONLY___ â•
2023-03-04 01:43:57,229 INFO     ___FILE_ONLY___ â•
2023-03-04 01:43:57,234 INFO     ___FILE_ONLY___ â•
2023-03-04 01:43:57,241 INFO     ___FILE_ONLY___ â•
2023-03-04 01:43:57,246 INFO     ___FILE_ONLY___ â•
2023-03-04 01:43:57,252 INFO     ___FILE_ONLY___ â•
2023-03-04 01:43:57,258 INFO     ___FILE_ONLY___ â•
2023-03-04 01:43:57,263 INFO     ___FILE_ONLY___ â•
2023-03-04 01:43:57,269 INFO     ___FILE_ONLY___ â•
2023-03-04 01:43:57,275 INFO     ___FILE_ONLY___ â•
2023-03-04 01:43:57,281 INFO     ___FILE_ONLY___ â•
2023-03-04 01:43:57,286 INFO     ___FILE_ONLY___ â•
2023-03-04 01:43:57,291 INFO     ___FILE_ONLY___ â•
2023-03-04 01:43:57,297 INFO     ___FILE_ONLY___ â•
2023-03-04 01:43:57,301 INFO     ___FILE_ONLY___ â•
2023-03-04 01:43:57,306 INFO     ___FILE_ONLY___ â•
2023-03-04 01:43:57,312 INFO     ___FILE_ONLY___ â•
2023-03-04 01:43:57,318 INFO     ___FILE_ONLY___ â•
2023-03-04 01:43:57,322 INFO     ___FILE_ONLY___ â•
2023-03-04 01:43:57,327 INFO     ___FILE_ONLY___ â•
2023-03-04 01:43:57,333 INFO     ___FILE_ONLY___ â•
2023-03-04 01:43:57,338 INFO     ___FILE_ONLY___ â•
2023-03-04 01:43:57,344 INFO     ___FILE_ONLY___ â•
2023-03-04 01:43:57,351 INFO     ___FILE_ONLY___ â•
2023-03-04 01:43:57,355 INFO     ___FILE_ONLY___ â•
2023-03-04 01:43:57,361 INFO     ___FILE_ONLY___ â•
2023-03-04 01:43:57,366 INFO     ___FILE_ONLY___ â•
2023-03-04 01:43:57,371 INFO     ___FILE_ONLY___ â•
2023-03-04 01:43:57,377 INFO     ___FILE_ONLY___ â•
2023-03-04 01:43:57,383 INFO     ___FILE_ONLY___ â•
2023-03-04 01:43:57,387 INFO     ___FILE_ONLY___ â•
2023-03-04 01:43:57,392 INFO     ___FILE_ONLY___ â•
2023-03-04 01:43:57,396 INFO     ___FILE_ONLY___ â•
2023-03-04 01:43:57,401 INFO     ___FILE_ONLY___ â•
2023-03-04 01:43:57,405 INFO     ___FILE_ONLY___ â•
2023-03-04 01:43:57,410 INFO     ___FILE_ONLY___ â•
2023-03-04 01:43:57,414 INFO     ___FILE_ONLY___ â•
2023-03-04 01:43:57,419 INFO     ___FILE_ONLY___ â•
2023-03-04 01:43:57,423 INFO     ___FILE_ONLY___ â•
2023-03-04 01:43:57,428 INFO     ___FILE_ONLY___ â•
2023-03-04 01:43:57,432 INFO     ___FILE_ONLY___ â•
2023-03-04 01:43:57,436 INFO     ___FILE_ONLY___ â•
2023-03-04 01:43:57,442 INFO     ___FILE_ONLY___ â•
2023-03-04 01:43:57,448 INFO     ___FILE_ONLY___ â•
2023-03-04 01:43:57,448 INFO     ___FILE_ONLY___ â•

2023-03-04 01:43:57,666 INFO     ___FILE_ONLY___ â•”â•â•â•â•â•â•â•â•â•â•â•â•â•â•â•â•â•â•â•â•â•â•â•â•â•â•â•â•â•â•â•â•â•â•â•â•â•â•â•â•â•â•â•â•â•â•â•â•â•â•â•â•â•â•â•â•â•â•â•â•â•—

2023-03-04 01:43:57,666 INFO     ___FILE_ONLY___ â• â• Installing: BigQuery Command Line Tool                   â•â•£

2023-03-04 01:43:57,666 INFO     ___FILE_ONLY___ â•š
2023-03-04 01:43:57,670 DEBUG    urllib3.connectionpool Starting new HTTPS connection (1): dl.google.com:443
2023-03-04 01:43:57,737 DEBUG    urllib3.connectionpool https://dl.google.com:443 "GET /dl/cloudsdk/channels/rapid/components/google-cloud-sdk-bq-20230224152814.tar.gz HTTP/1.1" 200 1699999
2023-03-04 01:43:57,932 INFO     ___FILE_ONLY___ â•
2023-03-04 01:43:57,932 INFO     ___FILE_ONLY___ â•
2023-03-04 01:43:57,932 INFO     ___FILE_ONLY___ â•
2023-03-04 01:43:57,932 INFO     ___FILE_ONLY___ â•
2023-03-04 01:43:57,932 INFO     ___FILE_ONLY___ â•
2023-03-04 01:43:57,932 INFO     ___FILE_ONLY___ â•
2023-03-04 01:43:57,933 INFO     ___FILE_ONLY___ â•
2023-03-04 01:43:57,933 INFO     ___FILE_ONLY___ â•
2023-03-04 01:43:57,933 INFO     ___FILE_ONLY___ â•
2023-03-04 01:43:57,933 INFO     ___FILE_ONLY___ â•
2023-03-04 01:43:57,933 INFO     ___FILE_ONLY___ â•
2023-03-04 01:43:57,933 INFO     ___FILE_ONLY___ â•
2023-03-04 01:43:57,933 INFO     ___FILE_ONLY___ â•
2023-03-04 01:43:57,933 INFO     ___FILE_ONLY___ â•
2023-03-04 01:43:57,933 INFO     ___FILE_ONLY___ â•
2023-03-04 01:43:57,933 INFO     ___FILE_ONLY___ â•
2023-03-04 01:43:57,933 INFO     ___FILE_ONLY___ â•
2023-03-04 01:43:57,934 INFO     ___FILE_ONLY___ â•
2023-03-04 01:43:57,934 INFO     ___FILE_ONLY___ â•
2023-03-04 01:43:57,934 INFO     ___FILE_ONLY___ â•
2023-03-04 01:43:57,934 INFO     ___FILE_ONLY___ â•
2023-03-04 01:43:57,934 INFO     ___FILE_ONLY___ â•
2023-03-04 01:43:57,934 INFO     ___FILE_ONLY___ â•
2023-03-04 01:43:57,934 INFO     ___FILE_ONLY___ â•
2023-03-04 01:43:57,934 INFO     ___FILE_ONLY___ â•
2023-03-04 01:43:57,934 INFO     ___FILE_ONLY___ â•
2023-03-04 01:43:57,934 INFO     ___FILE_ONLY___ â•
2023-03-04 01:43:57,934 INFO     ___FILE_ONLY___ â•
2023-03-04 01:43:57,934 INFO     ___FILE_ONLY___ â•
2023-03-04 01:43:57,934 INFO     ___FILE_ONLY___ â•
2023-03-04 01:43:57,990 INFO     ___FILE_ONLY___ â•
2023-03-04 01:43:57,993 INFO     ___FILE_ONLY___ â•
2023-03-04 01:43:57,995 INFO     ___FILE_ONLY___ â•
2023-03-04 01:43:57,999 INFO     ___FILE_ONLY___ â•
2023-03-04 01:43:58,001 INFO     ___FILE_ONLY___ â•
2023-03-04 01:43:58,003 INFO     ___FILE_ONLY___ â•
2023-03-04 01:43:58,006 INFO     ___FILE_ONLY___ â•
2023-03-04 01:43:58,011 INFO     ___FILE_ONLY___ â•
2023-03-04 01:43:58,015 INFO     ___FILE_ONLY___ â•
2023-03-04 01:43:58,019 INFO     ___FILE_ONLY___ â•
2023-03-04 01:43:58,022 INFO     ___FILE_ONLY___ â•
2023-03-04 01:43:58,026 INFO     ___FILE_ONLY___ â•
2023-03-04 01:43:58,030 INFO     ___FILE_ONLY___ â•
2023-03-04 01:43:58,035 INFO     ___FILE_ONLY___ â•
2023-03-04 01:43:58,037 INFO     ___FILE_ONLY___ â•
2023-03-04 01:43:58,040 INFO     ___FILE_ONLY___ â•
2023-03-04 01:43:58,042 INFO     ___FILE_ONLY___ â•
2023-03-04 01:43:58,044 INFO     ___FILE_ONLY___ â•
2023-03-04 01:43:58,047 INFO     ___FILE_ONLY___ â•
2023-03-04 01:43:58,050 INFO     ___FILE_ONLY___ â•
2023-03-04 01:43:58,053 INFO     ___FILE_ONLY___ â•
2023-03-04 01:43:58,056 INFO     ___FILE_ONLY___ â•
2023-03-04 01:43:58,058 INFO     ___FILE_ONLY___ â•
2023-03-04 01:43:58,062 INFO     ___FILE_ONLY___ â•
2023-03-04 01:43:58,065 INFO     ___FILE_ONLY___ â•
2023-03-04 01:43:58,068 INFO     ___FILE_ONLY___ â•
2023-03-04 01:43:58,070 INFO     ___FILE_ONLY___ â•
2023-03-04 01:43:58,072 INFO     ___FILE_ONLY___ â•
2023-03-04 01:43:58,075 INFO     ___FILE_ONLY___ â•
2023-03-04 01:43:58,077 INFO     ___FILE_ONLY___ â•
2023-03-04 01:43:58,077 INFO     ___FILE_ONLY___ â•

2023-03-04 01:43:58,090 INFO     ___FILE_ONLY___ â•”â•â•â•â•â•â•â•â•â•â•â•â•â•â•â•â•â•â•â•â•â•â•â•â•â•â•â•â•â•â•â•â•â•â•â•â•â•â•â•â•â•â•â•â•â•â•â•â•â•â•â•â•â•â•â•â•â•â•â•â•â•—

2023-03-04 01:43:58,090 INFO     ___FILE_ONLY___ â• â• Installing: Google Cloud CLI Core Libraries              â•â•£

2023-03-04 01:43:58,090 INFO     ___FILE_ONLY___ â•š
2023-03-04 01:43:58,092 DEBUG    urllib3.connectionpool Starting new HTTPS connection (1): dl.google.com:443
2023-03-04 01:43:58,164 DEBUG    urllib3.connectionpool https://dl.google.com:443 "GET /dl/cloudsdk/channels/rapid/components/google-cloud-sdk-core-20230224152814.tar.gz HTTP/1.1" 200 27975166
2023-03-04 01:44:01,231 INFO     ___FILE_ONLY___ â•
2023-03-04 01:44:01,231 INFO     ___FILE_ONLY___ â•
2023-03-04 01:44:01,232 INFO     ___FILE_ONLY___ â•
2023-03-04 01:44:01,232 INFO     ___FILE_ONLY___ â•
2023-03-04 01:44:01,233 INFO     ___FILE_ONLY___ â•
2023-03-04 01:44:01,233 INFO     ___FILE_ONLY___ â•
2023-03-04 01:44:01,234 INFO     ___FILE_ONLY___ â•
2023-03-04 01:44:01,234 INFO     ___FILE_ONLY___ â•
2023-03-04 01:44:01,235 INFO     ___FILE_ONLY___ â•
2023-03-04 01:44:01,236 INFO     ___FILE_ONLY___ â•
2023-03-04 01:44:01,236 INFO     ___FILE_ONLY___ â•
2023-03-04 01:44:01,237 INFO     ___FILE_ONLY___ â•
2023-03-04 01:44:01,237 INFO     ___FILE_ONLY___ â•
2023-03-04 01:44:01,238 INFO     ___FILE_ONLY___ â•
2023-03-04 01:44:01,238 INFO     ___FILE_ONLY___ â•
2023-03-04 01:44:01,239 INFO     ___FILE_ONLY___ â•
2023-03-04 01:44:01,239 INFO     ___FILE_ONLY___ â•
2023-03-04 01:44:01,240 INFO     ___FILE_ONLY___ â•
2023-03-04 01:44:01,240 INFO     ___FILE_ONLY___ â•
2023-03-04 01:44:01,241 INFO     ___FILE_ONLY___ â•
2023-03-04 01:44:01,242 INFO     ___FILE_ONLY___ â•
2023-03-04 01:44:01,242 INFO     ___FILE_ONLY___ â•
2023-03-04 01:44:01,243 INFO     ___FILE_ONLY___ â•
2023-03-04 01:44:01,243 INFO     ___FILE_ONLY___ â•
2023-03-04 01:44:01,244 INFO     ___FILE_ONLY___ â•
2023-03-04 01:44:01,244 INFO     ___FILE_ONLY___ â•
2023-03-04 01:44:01,245 INFO     ___FILE_ONLY___ â•
2023-03-04 01:44:01,246 INFO     ___FILE_ONLY___ â•
2023-03-04 01:44:01,246 INFO     ___FILE_ONLY___ â•
2023-03-04 01:44:01,247 INFO     ___FILE_ONLY___ â•
2023-03-04 01:44:02,379 INFO     ___FILE_ONLY___ â•
2023-03-04 01:44:02,475 INFO     ___FILE_ONLY___ â•
2023-03-04 01:44:02,548 INFO     ___FILE_ONLY___ â•
2023-03-04 01:44:02,632 INFO     ___FILE_ONLY___ â•
2023-03-04 01:44:02,707 INFO     ___FILE_ONLY___ â•
2023-03-04 01:44:02,785 INFO     ___FILE_ONLY___ â•
2023-03-04 01:44:02,867 INFO     ___FILE_ONLY___ â•
2023-03-04 01:44:02,984 INFO     ___FILE_ONLY___ â•
2023-03-04 01:44:03,142 INFO     ___FILE_ONLY___ â•
2023-03-04 01:44:03,328 INFO     ___FILE_ONLY___ â•
2023-03-04 01:44:03,467 INFO     ___FILE_ONLY___ â•
2023-03-04 01:44:03,585 INFO     ___FILE_ONLY___ â•
2023-03-04 01:44:03,674 INFO     ___FILE_ONLY___ â•
2023-03-04 01:44:03,739 INFO     ___FILE_ONLY___ â•
2023-03-04 01:44:03,786 INFO     ___FILE_ONLY___ â•
2023-03-04 01:44:03,833 INFO     ___FILE_ONLY___ â•
2023-03-04 01:44:03,885 INFO     ___FILE_ONLY___ â•
2023-03-04 01:44:03,961 INFO     ___FILE_ONLY___ â•
2023-03-04 01:44:04,026 INFO     ___FILE_ONLY___ â•
2023-03-04 01:44:04,089 INFO     ___FILE_ONLY___ â•
2023-03-04 01:44:04,151 INFO     ___FILE_ONLY___ â•
2023-03-04 01:44:04,215 INFO     ___FILE_ONLY___ â•
2023-03-04 01:44:04,317 INFO     ___FILE_ONLY___ â•
2023-03-04 01:44:04,387 INFO     ___FILE_ONLY___ â•
2023-03-04 01:44:04,456 INFO     ___FILE_ONLY___ â•
2023-03-04 01:44:04,509 INFO     ___FILE_ONLY___ â•
2023-03-04 01:44:04,555 INFO     ___FILE_ONLY___ â•
2023-03-04 01:44:04,611 INFO     ___FILE_ONLY___ â•
2023-03-04 01:44:04,669 INFO     ___FILE_ONLY___ â•
2023-03-04 01:44:04,747 INFO     ___FILE_ONLY___ â•
2023-03-04 01:44:04,748 INFO     ___FILE_ONLY___ â•

2023-03-04 01:44:04,802 INFO     ___FILE_ONLY___ â•”â•â•â•â•â•â•â•â•â•â•â•â•â•â•â•â•â•â•â•â•â•â•â•â•â•â•â•â•â•â•â•â•â•â•â•â•â•â•â•â•â•â•â•â•â•â•â•â•â•â•â•â•â•â•â•â•â•â•â•â•â•—

2023-03-04 01:44:04,802 INFO     ___FILE_ONLY___ â• â• Installing: gcloud Alpha Commands                        â•â•£

2023-03-04 01:44:04,802 INFO     ___FILE_ONLY___ â•š
2023-03-04 01:44:04,806 DEBUG    urllib3.connectionpool Starting new HTTPS connection (1): dl.google.com:443
2023-03-04 01:44:04,876 DEBUG    urllib3.connectionpool https://dl.google.com:443 "GET /dl/cloudsdk/channels/rapid/components/google-cloud-sdk-alpha-20230224152814.tar.gz HTTP/1.1" 200 800
2023-03-04 01:44:04,877 INFO     ___FILE_ONLY___ â•â•â•â•â•â•â•â•â•â•â•â•â•â•â•â•â•â•â•â•â•â•â•â•â•â•â•â•â•â•
2023-03-04 01:44:04,878 INFO     ___FILE_ONLY___ â•â•â•â•â•â•â•â•â•â•â•â•â•â•â•â•â•â•â•â•â•â•â•â•â•â•â•â•â•â•
2023-03-04 01:44:04,878 INFO     ___FILE_ONLY___ â•

2023-03-04 01:44:04,888 INFO     ___FILE_ONLY___ â•”â•â•â•â•â•â•â•â•â•â•â•â•â•â•â•â•â•â•â•â•â•â•â•â•â•â•â•â•â•â•â•â•â•â•â•â•â•â•â•â•â•â•â•â•â•â•â•â•â•â•â•â•â•â•â•â•â•â•â•â•â•—

2023-03-04 01:44:04,888 INFO     ___FILE_ONLY___ â• â• Installing: gcloud Beta Commands                         â•â•£

2023-03-04 01:44:04,888 INFO     ___FILE_ONLY___ â•š
2023-03-04 01:44:04,891 DEBUG    urllib3.connectionpool Starting new HTTPS connection (1): dl.google.com:443
2023-03-04 01:44:04,958 DEBUG    urllib3.connectionpool https://dl.google.com:443 "GET /dl/cloudsdk/channels/rapid/components/google-cloud-sdk-beta-20230224152814.tar.gz HTTP/1.1" 200 797
2023-03-04 01:44:04,959 INFO     ___FILE_ONLY___ â•â•â•â•â•â•â•â•â•â•â•â•â•â•â•â•â•â•â•â•â•â•â•â•â•â•â•â•â•â•
2023-03-04 01:44:04,959 INFO     ___FILE_ONLY___ â•â•â•â•â•â•â•â•â•â•â•â•â•â•â•â•â•â•â•â•â•â•â•â•â•â•â•â•â•â•
2023-03-04 01:44:04,959 INFO     ___FILE_ONLY___ â•

2023-03-04 01:44:04,969 INFO     ___FILE_ONLY___ â•”â•â•â•â•â•â•â•â•â•â•â•â•â•â•â•â•â•â•â•â•â•â•â•â•â•â•â•â•â•â•â•â•â•â•â•â•â•â•â•â•â•â•â•â•â•â•â•â•â•â•â•â•â•â•â•â•â•â•â•â•â•—

2023-03-04 01:44:04,970 INFO     ___FILE_ONLY___ â• â• Installing: gcloud cli dependencies                      â•â•£

2023-03-04 01:44:04,970 INFO     ___FILE_ONLY___ â•š
2023-03-04 01:44:04,972 DEBUG    urllib3.connectionpool Starting new HTTPS connection (1): dl.google.com:443
2023-03-04 01:44:05,044 DEBUG    urllib3.connectionpool https://dl.google.com:443 "GET /dl/cloudsdk/channels/rapid/components/google-cloud-sdk-gcloud-deps-20230224152814.tar.gz HTTP/1.1" 200 11784358
2023-03-04 01:44:06,116 INFO     ___FILE_ONLY___ â•
2023-03-04 01:44:06,116 INFO     ___FILE_ONLY___ â•
2023-03-04 01:44:06,116 INFO     ___FILE_ONLY___ â•
2023-03-04 01:44:06,116 INFO     ___FILE_ONLY___ â•
2023-03-04 01:44:06,117 INFO     ___FILE_ONLY___ â•
2023-03-04 01:44:06,117 INFO     ___FILE_ONLY___ â•
2023-03-04 01:44:06,117 INFO     ___FILE_ONLY___ â•
2023-03-04 01:44:06,117 INFO     ___FILE_ONLY___ â•
2023-03-04 01:44:06,117 INFO     ___FILE_ONLY___ â•
2023-03-04 01:44:06,118 INFO     ___FILE_ONLY___ â•
2023-03-04 01:44:06,118 INFO     ___FILE_ONLY___ â•
2023-03-04 01:44:06,118 INFO     ___FILE_ONLY___ â•
2023-03-04 01:44:06,118 INFO     ___FILE_ONLY___ â•
2023-03-04 01:44:06,118 INFO     ___FILE_ONLY___ â•
2023-03-04 01:44:06,119 INFO     ___FILE_ONLY___ â•
2023-03-04 01:44:06,119 INFO     ___FILE_ONLY___ â•
2023-03-04 01:44:06,119 INFO     ___FILE_ONLY___ â•
2023-03-04 01:44:06,119 INFO     ___FILE_ONLY___ â•
2023-03-04 01:44:06,119 INFO     ___FILE_ONLY___ â•
2023-03-04 01:44:06,120 INFO     ___FILE_ONLY___ â•
2023-03-04 01:44:06,120 INFO     ___FILE_ONLY___ â•
2023-03-04 01:44:06,120 INFO     ___FILE_ONLY___ â•
2023-03-04 01:44:06,120 INFO     ___FILE_ONLY___ â•
2023-03-04 01:44:06,121 INFO     ___FILE_ONLY___ â•
2023-03-04 01:44:06,121 INFO     ___FILE_ONLY___ â•
2023-03-04 01:44:06,121 INFO     ___FILE_ONLY___ â•
2023-03-04 01:44:06,121 INFO     ___FILE_ONLY___ â•
2023-03-04 01:44:06,121 INFO     ___FILE_ONLY___ â•
2023-03-04 01:44:06,122 INFO     ___FILE_ONLY___ â•
2023-03-04 01:44:06,122 INFO     ___FILE_ONLY___ â•
2023-03-04 01:44:06,501 INFO     ___FILE_ONLY___ â•
2023-03-04 01:44:06,548 INFO     ___FILE_ONLY___ â•
2023-03-04 01:44:06,618 INFO     ___FILE_ONLY___ â•
2023-03-04 01:44:06,668 INFO     ___FILE_ONLY___ â•
2023-03-04 01:44:06,717 INFO     ___FILE_ONLY___ â•
2023-03-04 01:44:06,767 INFO     ___FILE_ONLY___ â•
2023-03-04 01:44:06,800 INFO     ___FILE_ONLY___ â•
2023-03-04 01:44:06,825 INFO     ___FILE_ONLY___ â•
2023-03-04 01:44:06,849 INFO     ___FILE_ONLY___ â•
2023-03-04 01:44:06,891 INFO     ___FILE_ONLY___ â•
2023-03-04 01:44:06,927 INFO     ___FILE_ONLY___ â•
2023-03-04 01:44:06,955 INFO     ___FILE_ONLY___ â•
2023-03-04 01:44:06,986 INFO     ___FILE_ONLY___ â•
2023-03-04 01:44:07,010 INFO     ___FILE_ONLY___ â•
2023-03-04 01:44:07,037 INFO     ___FILE_ONLY___ â•
2023-03-04 01:44:07,074 INFO     ___FILE_ONLY___ â•
2023-03-04 01:44:07,102 INFO     ___FILE_ONLY___ â•
2023-03-04 01:44:07,132 INFO     ___FILE_ONLY___ â•
2023-03-04 01:44:07,166 INFO     ___FILE_ONLY___ â•
2023-03-04 01:44:07,193 INFO     ___FILE_ONLY___ â•
2023-03-04 01:44:07,224 INFO     ___FILE_ONLY___ â•
2023-03-04 01:44:07,249 INFO     ___FILE_ONLY___ â•
2023-03-04 01:44:07,271 INFO     ___FILE_ONLY___ â•
2023-03-04 01:44:07,294 INFO     ___FILE_ONLY___ â•
2023-03-04 01:44:07,321 INFO     ___FILE_ONLY___ â•
2023-03-04 01:44:07,344 INFO     ___FILE_ONLY___ â•
2023-03-04 01:44:07,387 INFO     ___FILE_ONLY___ â•
2023-03-04 01:44:07,417 INFO     ___FILE_ONLY___ â•
2023-03-04 01:44:07,446 INFO     ___FILE_ONLY___ â•
2023-03-04 01:44:07,474 INFO     ___FILE_ONLY___ â•
2023-03-04 01:44:07,474 INFO     ___FILE_ONLY___ â•

2023-03-04 01:44:07,500 INFO     ___FILE_ONLY___ â•”â•â•â•â•â•â•â•â•â•â•â•â•â•â•â•â•â•â•â•â•â•â•â•â•â•â•â•â•â•â•â•â•â•â•â•â•â•â•â•â•â•â•â•â•â•â•â•â•â•â•â•â•â•â•â•â•â•â•â•â•â•—

2023-03-04 01:44:07,501 INFO     ___FILE_ONLY___ â• â• Creating backup and activating new installation          â•â•£

2023-03-04 01:44:07,501 INFO     ___FILE_ONLY___ â•š
2023-03-04 01:44:07,501 DEBUG    root            Attempting to move directory [/Users/auxia/Library/Application Support/cloud-code/installer/google-cloud-sdk] to [/Users/auxia/Library/Application Support/cloud-code/installer/google-cloud-sdk.staging/.install/.backup]
2023-03-04 01:44:07,501 INFO     ___FILE_ONLY___ â•â•â•â•â•â•â•â•â•â•â•â•â•â•â•â•â•â•â•â•â•â•â•â•â•â•â•â•â•â•
2023-03-04 01:44:07,501 DEBUG    root            Attempting to move directory [/Users/auxia/Library/Application Support/cloud-code/installer/google-cloud-sdk.staging] to [/Users/auxia/Library/Application Support/cloud-code/installer/google-cloud-sdk]
2023-03-04 01:44:07,501 INFO     ___FILE_ONLY___ â•â•â•â•â•â•â•â•â•â•â•â•â•â•â•â•â•â•â•â•â•â•â•â•â•â•â•â•â•â•
2023-03-04 01:44:07,501 INFO     ___FILE_ONLY___ â•

2023-03-04 01:44:07,505 DEBUG    root            Updating notification cache...
2023-03-04 01:44:07,506 INFO     ___FILE_ONLY___ 

2023-03-04 01:44:07,513 INFO     ___FILE_ONLY___ Performing post processing steps...
2023-03-04 01:44:07,513 DEBUG    root            Executing command: ['/Users/auxia/miniconda3/bin/python3', '-S', '/Users/auxia/Library/Application Support/cloud-code/installer/google-cloud-sdk/lib/gcloud.py', 'components', 'post-process']
2023-03-04 01:44:21,045 DEBUG    ___FILE_ONLY___ 
2023-03-04 01:44:21,046 DEBUG    ___FILE_ONLY___ 
2023-03-04 01:44:21,235 INFO     ___FILE_ONLY___ 
Update done!


2023-03-04 01:44:21,235 INFO     ___FILE_ONLY___ To revert your CLI to the previously installed version, you may run:
  $ gcloud components update --version 419.0.0


2023-03-04 01:44:21,242 WARNING  root              There are other instances of Google Cloud tools on your system PATH.
  Please remove the following to avoid confusion or accidental invocation:

  /Applications/Docker.app/Contents/Resources/bin/kubectl

  
2023-03-04 01:44:21,249 DEBUG    root            Chosen display Format:none
2023-03-04 01:44:21,249 INFO     root            Display format: "none"
