2023-03-04 15:31:24,452 DEBUG    root            Loaded Command Group: ['gcloud', 'components']
2023-03-04 15:31:24,454 DEBUG    root            Loaded Command Group: ['gcloud', 'components', 'install']
2023-03-04 15:31:24,455 DEBUG    root            Running [gcloud.components.install] with arguments: [--quiet: "True", COMPONENT-IDS:7: "['alpha', 'beta', 'gke-gcloud-auth-plugin', 'kubectl', 'skaffold', 'minikube', 'gsutil']"]
2023-03-04 15:31:24,462 DEBUG    urllib3.connectionpool Starting new HTTPS connection (1): dl.google.com:443
2023-03-04 15:31:24,527 DEBUG    urllib3.connectionpool https://dl.google.com:443 "GET /dl/cloudsdk/channels/rapid/components-v420.0.0.json HTTP/1.1" 200 206156
2023-03-04 15:31:24,595 INFO     ___FILE_ONLY___ 

2023-03-04 15:31:24,596 INFO     ___FILE_ONLY___ 
Your current Google Cloud CLI version is: 420.0.0

2023-03-04 15:31:24,596 INFO     ___FILE_ONLY___ Installing components from version: 420.0.0

2023-03-04 15:31:24,596 INFO     ___FILE_ONLY___ 

2023-03-04 15:31:24,596 DEBUG    root            Chosen display Format:table[box,title="These components will be removed."](details.display_name:label=Name:align=left,version.version_string:label=Version:align=right,data.size.size(zero="",min=1048576):label=Size:align=right)
2023-03-04 15:31:24,596 DEBUG    root            Chosen display Format:table[box,title="These components will be updated."](details.display_name:label=Name:align=left,version.version_string:label=Version:align=right,data.size.size(zero="",min=1048576):label=Size:align=right)
2023-03-04 15:31:24,597 DEBUG    root            Chosen display Format:table[box,title="These components will be installed."](details.display_name:label=Name:align=left,version.version_string:label=Version:align=right,data.size.size(zero="",min=1048576):label=Size:align=right)
2023-03-04 15:31:24,598 INFO     ___FILE_ONLY___ ┌─────────────────────────────────────────────────┐
2023-03-04 15:31:24,598 INFO     ___FILE_ONLY___ 

2023-03-04 15:31:24,599 INFO     ___FILE_ONLY___ │       These components will be installed.       │
2023-03-04 15:31:24,599 INFO     ___FILE_ONLY___ 

2023-03-04 15:31:24,599 INFO     ___FILE_ONLY___ ├─────────────────────────┬────────────┬──────────┤
2023-03-04 15:31:24,599 INFO     ___FILE_ONLY___ 

2023-03-04 15:31:24,599 INFO     ___FILE_ONLY___ │           Name          │  Version   │   Size   │
2023-03-04 15:31:24,599 INFO     ___FILE_ONLY___ 

2023-03-04 15:31:24,599 INFO     ___FILE_ONLY___ ├─────────────────────────┼────────────┼──────────┤
2023-03-04 15:31:24,599 INFO     ___FILE_ONLY___ 

2023-03-04 15:31:24,599 INFO     ___FILE_ONLY___ │ 
2023-03-04 15:31:24,599 INFO     ___FILE_ONLY___ Minikube               
2023-03-04 15:31:24,599 INFO     ___FILE_ONLY___  
2023-03-04 15:31:24,599 INFO     ___FILE_ONLY___ │ 
2023-03-04 15:31:24,599 INFO     ___FILE_ONLY___     1.29.0
2023-03-04 15:31:24,599 INFO     ___FILE_ONLY___  
2023-03-04 15:31:24,599 INFO     ___FILE_ONLY___ │ 
2023-03-04 15:31:24,599 INFO     ___FILE_ONLY___ 31.3 MiB
2023-03-04 15:31:24,599 INFO     ___FILE_ONLY___  
2023-03-04 15:31:24,599 INFO     ___FILE_ONLY___ │
2023-03-04 15:31:24,599 INFO     ___FILE_ONLY___ 

2023-03-04 15:31:24,599 INFO     ___FILE_ONLY___ │ 
2023-03-04 15:31:24,599 INFO     ___FILE_ONLY___ Skaffold               
2023-03-04 15:31:24,599 INFO     ___FILE_ONLY___  
2023-03-04 15:31:24,599 INFO     ___FILE_ONLY___ │ 
2023-03-04 15:31:24,599 INFO     ___FILE_ONLY___      2.1.0
2023-03-04 15:31:24,599 INFO     ___FILE_ONLY___  
2023-03-04 15:31:24,599 INFO     ___FILE_ONLY___ │ 
2023-03-04 15:31:24,599 INFO     ___FILE_ONLY___ 20.0 MiB
2023-03-04 15:31:24,599 INFO     ___FILE_ONLY___  
2023-03-04 15:31:24,599 INFO     ___FILE_ONLY___ │
2023-03-04 15:31:24,599 INFO     ___FILE_ONLY___ 

2023-03-04 15:31:24,599 INFO     ___FILE_ONLY___ │ 
2023-03-04 15:31:24,599 INFO     ___FILE_ONLY___ gcloud Alpha Commands  
2023-03-04 15:31:24,599 INFO     ___FILE_ONLY___  
2023-03-04 15:31:24,599 INFO     ___FILE_ONLY___ │ 
2023-03-04 15:31:24,599 INFO     ___FILE_ONLY___ 2023.02.24
2023-03-04 15:31:24,599 INFO     ___FILE_ONLY___  
2023-03-04 15:31:24,599 INFO     ___FILE_ONLY___ │ 
2023-03-04 15:31:24,600 INFO     ___FILE_ONLY___  < 1 MiB
2023-03-04 15:31:24,600 INFO     ___FILE_ONLY___  
2023-03-04 15:31:24,600 INFO     ___FILE_ONLY___ │
2023-03-04 15:31:24,600 INFO     ___FILE_ONLY___ 

2023-03-04 15:31:24,600 INFO     ___FILE_ONLY___ │ 
2023-03-04 15:31:24,600 INFO     ___FILE_ONLY___ gcloud Beta Commands   
2023-03-04 15:31:24,600 INFO     ___FILE_ONLY___  
2023-03-04 15:31:24,600 INFO     ___FILE_ONLY___ │ 
2023-03-04 15:31:24,600 INFO     ___FILE_ONLY___ 2023.02.24
2023-03-04 15:31:24,600 INFO     ___FILE_ONLY___  
2023-03-04 15:31:24,600 INFO     ___FILE_ONLY___ │ 
2023-03-04 15:31:24,600 INFO     ___FILE_ONLY___  < 1 MiB
2023-03-04 15:31:24,600 INFO     ___FILE_ONLY___  
2023-03-04 15:31:24,600 INFO     ___FILE_ONLY___ │
2023-03-04 15:31:24,600 INFO     ___FILE_ONLY___ 

2023-03-04 15:31:24,600 INFO     ___FILE_ONLY___ │ 
2023-03-04 15:31:24,600 INFO     ___FILE_ONLY___ gcloud cli dependencies
2023-03-04 15:31:24,600 INFO     ___FILE_ONLY___  
2023-03-04 15:31:24,600 INFO     ___FILE_ONLY___ │ 
2023-03-04 15:31:24,600 INFO     ___FILE_ONLY___ 2021.04.16
2023-03-04 15:31:24,600 INFO     ___FILE_ONLY___  
2023-03-04 15:31:24,600 INFO     ___FILE_ONLY___ │ 
2023-03-04 15:31:24,600 INFO     ___FILE_ONLY___  < 1 MiB
2023-03-04 15:31:24,600 INFO     ___FILE_ONLY___  
2023-03-04 15:31:24,600 INFO     ___FILE_ONLY___ │
2023-03-04 15:31:24,600 INFO     ___FILE_ONLY___ 

2023-03-04 15:31:24,600 INFO     ___FILE_ONLY___ │ 
2023-03-04 15:31:24,600 INFO     ___FILE_ONLY___ gke-gcloud-auth-plugin 
2023-03-04 15:31:24,600 INFO     ___FILE_ONLY___  
2023-03-04 15:31:24,600 INFO     ___FILE_ONLY___ │ 
2023-03-04 15:31:24,600 INFO     ___FILE_ONLY___      0.4.0
2023-03-04 15:31:24,600 INFO     ___FILE_ONLY___  
2023-03-04 15:31:24,600 INFO     ___FILE_ONLY___ │ 
2023-03-04 15:31:24,600 INFO     ___FILE_ONLY___  7.1 MiB
2023-03-04 15:31:24,600 INFO     ___FILE_ONLY___  
2023-03-04 15:31:24,600 INFO     ___FILE_ONLY___ │
2023-03-04 15:31:24,600 INFO     ___FILE_ONLY___ 

2023-03-04 15:31:24,600 INFO     ___FILE_ONLY___ │ 
2023-03-04 15:31:24,600 INFO     ___FILE_ONLY___ kubectl                
2023-03-04 15:31:24,600 INFO     ___FILE_ONLY___  
2023-03-04 15:31:24,600 INFO     ___FILE_ONLY___ │ 
2023-03-04 15:31:24,601 INFO     ___FILE_ONLY___    1.24.10
2023-03-04 15:31:24,601 INFO     ___FILE_ONLY___  
2023-03-04 15:31:24,601 INFO     ___FILE_ONLY___ │ 
2023-03-04 15:31:24,601 INFO     ___FILE_ONLY___ 92.8 MiB
2023-03-04 15:31:24,601 INFO     ___FILE_ONLY___  
2023-03-04 15:31:24,601 INFO     ___FILE_ONLY___ │
2023-03-04 15:31:24,601 INFO     ___FILE_ONLY___ 

2023-03-04 15:31:24,601 INFO     ___FILE_ONLY___ │ 
2023-03-04 15:31:24,601 INFO     ___FILE_ONLY___ kubectl                
2023-03-04 15:31:24,601 INFO     ___FILE_ONLY___  
2023-03-04 15:31:24,601 INFO     ___FILE_ONLY___ │ 
2023-03-04 15:31:24,601 INFO     ___FILE_ONLY___    1.24.10
2023-03-04 15:31:24,601 INFO     ___FILE_ONLY___  
2023-03-04 15:31:24,601 INFO     ___FILE_ONLY___ │ 
2023-03-04 15:31:24,601 INFO     ___FILE_ONLY___  < 1 MiB
2023-03-04 15:31:24,601 INFO     ___FILE_ONLY___  
2023-03-04 15:31:24,601 INFO     ___FILE_ONLY___ │
2023-03-04 15:31:24,601 INFO     ___FILE_ONLY___ 

2023-03-04 15:31:24,601 INFO     ___FILE_ONLY___ └─────────────────────────┴────────────┴──────────┘
2023-03-04 15:31:24,601 INFO     ___FILE_ONLY___ 

2023-03-04 15:31:24,601 INFO     ___FILE_ONLY___ 

2023-03-04 15:31:24,603 DEBUG    urllib3.connectionpool Starting new HTTPS connection (1): dl.google.com:443
2023-03-04 15:31:24,666 DEBUG    urllib3.connectionpool https://dl.google.com:443 "GET /dl/cloudsdk/channels/rapid/RELEASE_NOTES HTTP/1.1" 200 950549
2023-03-04 15:31:24,817 INFO     ___FILE_ONLY___ For the latest full release notes, please visit:
  https://cloud.google.com/sdk/release_notes


2023-03-04 15:31:24,829 INFO     ___FILE_ONLY___ ╔════════════════════════════════════════════════════════════╗

2023-03-04 15:31:24,830 INFO     ___FILE_ONLY___ ╠═ Creating update staging area                             ═╣

2023-03-04 15:31:24,830 INFO     ___FILE_ONLY___ ╚
2023-03-04 15:31:24,830 INFO     ___FILE_ONLY___ ══════
2023-03-04 15:31:27,466 INFO     ___FILE_ONLY___ ══════
2023-03-04 15:31:27,466 INFO     ___FILE_ONLY___ ══════
2023-03-04 15:31:27,969 INFO     ___FILE_ONLY___ ═
2023-03-04 15:31:28,174 INFO     ___FILE_ONLY___ ═
2023-03-04 15:31:28,353 INFO     ___FILE_ONLY___ ═
2023-03-04 15:31:28,644 INFO     ___FILE_ONLY___ ═
2023-03-04 15:31:28,863 INFO     ___FILE_ONLY___ ═
2023-03-04 15:31:29,040 INFO     ___FILE_ONLY___ ═
2023-03-04 15:31:29,219 INFO     ___FILE_ONLY___ ═
2023-03-04 15:31:29,449 INFO     ___FILE_ONLY___ ═
2023-03-04 15:31:29,765 INFO     ___FILE_ONLY___ ═
2023-03-04 15:31:29,950 INFO     ___FILE_ONLY___ ═
2023-03-04 15:31:30,126 INFO     ___FILE_ONLY___ ═
2023-03-04 15:31:30,346 INFO     ___FILE_ONLY___ ═
2023-03-04 15:31:30,501 INFO     ___FILE_ONLY___ ═
2023-03-04 15:31:30,717 INFO     ___FILE_ONLY___ ═
2023-03-04 15:31:30,850 INFO     ___FILE_ONLY___ ═
2023-03-04 15:31:31,167 INFO     ___FILE_ONLY___ ═
2023-03-04 15:31:31,290 INFO     ___FILE_ONLY___ ═
2023-03-04 15:31:31,448 INFO     ___FILE_ONLY___ ═
2023-03-04 15:31:31,600 INFO     ___FILE_ONLY___ ═
2023-03-04 15:31:31,698 INFO     ___FILE_ONLY___ ═
2023-03-04 15:31:31,788 INFO     ___FILE_ONLY___ ═
2023-03-04 15:31:31,889 INFO     ___FILE_ONLY___ ═
2023-03-04 15:31:31,959 INFO     ___FILE_ONLY___ ═
2023-03-04 15:31:32,076 INFO     ___FILE_ONLY___ ═
2023-03-04 15:31:32,182 INFO     ___FILE_ONLY___ ═
2023-03-04 15:31:32,310 INFO     ___FILE_ONLY___ ═
2023-03-04 15:31:32,444 INFO     ___FILE_ONLY___ ═
2023-03-04 15:31:32,580 INFO     ___FILE_ONLY___ ═
2023-03-04 15:31:32,704 INFO     ___FILE_ONLY___ ═
2023-03-04 15:31:32,831 INFO     ___FILE_ONLY___ ═
2023-03-04 15:31:32,952 INFO     ___FILE_ONLY___ ═
2023-03-04 15:31:33,138 INFO     ___FILE_ONLY___ ═
2023-03-04 15:31:33,282 INFO     ___FILE_ONLY___ ═
2023-03-04 15:31:33,415 INFO     ___FILE_ONLY___ ═
2023-03-04 15:31:33,540 INFO     ___FILE_ONLY___ ═
2023-03-04 15:31:33,696 INFO     ___FILE_ONLY___ ═
2023-03-04 15:31:33,851 INFO     ___FILE_ONLY___ ═
2023-03-04 15:31:33,961 INFO     ___FILE_ONLY___ ═
2023-03-04 15:31:34,119 INFO     ___FILE_ONLY___ ═
2023-03-04 15:31:34,229 INFO     ___FILE_ONLY___ ═
2023-03-04 15:31:34,333 INFO     ___FILE_ONLY___ ═
2023-03-04 15:31:34,462 INFO     ___FILE_ONLY___ ═
2023-03-04 15:31:34,462 INFO     ___FILE_ONLY___ ╝

2023-03-04 15:31:39,382 INFO     ___FILE_ONLY___ ╔════════════════════════════════════════════════════════════╗

2023-03-04 15:31:39,382 INFO     ___FILE_ONLY___ ╠═ Installing: Minikube                                     ═╣

2023-03-04 15:31:39,382 INFO     ___FILE_ONLY___ ╚
2023-03-04 15:31:39,386 DEBUG    urllib3.connectionpool Starting new HTTPS connection (1): dl.google.com:443
2023-03-04 15:31:39,479 DEBUG    urllib3.connectionpool https://dl.google.com:443 "GET /dl/cloudsdk/channels/rapid/components/google-cloud-sdk-minikube-darwin-arm-20230130152419.tar.gz HTTP/1.1" 200 32825665
2023-03-04 15:31:42,059 INFO     ___FILE_ONLY___ ═
2023-03-04 15:31:42,063 INFO     ___FILE_ONLY___ ═
2023-03-04 15:31:42,067 INFO     ___FILE_ONLY___ ═
2023-03-04 15:31:42,070 INFO     ___FILE_ONLY___ ═
2023-03-04 15:31:42,072 INFO     ___FILE_ONLY___ ═
2023-03-04 15:31:42,074 INFO     ___FILE_ONLY___ ═
2023-03-04 15:31:42,077 INFO     ___FILE_ONLY___ ═
2023-03-04 15:31:42,078 INFO     ___FILE_ONLY___ ═
2023-03-04 15:31:42,079 INFO     ___FILE_ONLY___ ═
2023-03-04 15:31:42,080 INFO     ___FILE_ONLY___ ═
2023-03-04 15:31:42,081 INFO     ___FILE_ONLY___ ═
2023-03-04 15:31:42,081 INFO     ___FILE_ONLY___ ═
2023-03-04 15:31:42,082 INFO     ___FILE_ONLY___ ═
2023-03-04 15:31:42,083 INFO     ___FILE_ONLY___ ═
2023-03-04 15:31:42,084 INFO     ___FILE_ONLY___ ═
2023-03-04 15:31:42,085 INFO     ___FILE_ONLY___ ═
2023-03-04 15:31:42,086 INFO     ___FILE_ONLY___ ═
2023-03-04 15:31:42,086 INFO     ___FILE_ONLY___ ═
2023-03-04 15:31:42,087 INFO     ___FILE_ONLY___ ═
2023-03-04 15:31:42,088 INFO     ___FILE_ONLY___ ═
2023-03-04 15:31:42,089 INFO     ___FILE_ONLY___ ═
2023-03-04 15:31:42,089 INFO     ___FILE_ONLY___ ═
2023-03-04 15:31:42,090 INFO     ___FILE_ONLY___ ═
2023-03-04 15:31:42,091 INFO     ___FILE_ONLY___ ═
2023-03-04 15:31:42,092 INFO     ___FILE_ONLY___ ═
2023-03-04 15:31:42,092 INFO     ___FILE_ONLY___ ═
2023-03-04 15:31:42,093 INFO     ___FILE_ONLY___ ═
2023-03-04 15:31:42,094 INFO     ___FILE_ONLY___ ═
2023-03-04 15:31:42,094 INFO     ___FILE_ONLY___ ═
2023-03-04 15:31:42,095 INFO     ___FILE_ONLY___ ═
2023-03-04 15:31:42,576 INFO     ___FILE_ONLY___ ══════════════════════════════
2023-03-04 15:31:42,576 INFO     ___FILE_ONLY___ ╝

2023-03-04 15:31:42,586 INFO     ___FILE_ONLY___ ╔════════════════════════════════════════════════════════════╗

2023-03-04 15:31:42,586 INFO     ___FILE_ONLY___ ╠═ Installing: Minikube                                     ═╣

2023-03-04 15:31:42,586 INFO     ___FILE_ONLY___ ╚
2023-03-04 15:31:42,588 INFO     ___FILE_ONLY___ ════════════════════════════════════════════════════════════
2023-03-04 15:31:42,588 INFO     ___FILE_ONLY___ ╝

2023-03-04 15:31:42,595 INFO     ___FILE_ONLY___ ╔════════════════════════════════════════════════════════════╗

2023-03-04 15:31:42,595 INFO     ___FILE_ONLY___ ╠═ Installing: Skaffold                                     ═╣

2023-03-04 15:31:42,595 INFO     ___FILE_ONLY___ ╚
2023-03-04 15:31:42,597 INFO     ___FILE_ONLY___ ════════════════════════════════════════════════════════════
2023-03-04 15:31:42,597 INFO     ___FILE_ONLY___ ╝

2023-03-04 15:31:42,604 INFO     ___FILE_ONLY___ ╔════════════════════════════════════════════════════════════╗

2023-03-04 15:31:42,605 INFO     ___FILE_ONLY___ ╠═ Installing: Skaffold                                     ═╣

2023-03-04 15:31:42,605 INFO     ___FILE_ONLY___ ╚
2023-03-04 15:31:42,607 DEBUG    urllib3.connectionpool Starting new HTTPS connection (1): dl.google.com:443
2023-03-04 15:31:42,744 DEBUG    urllib3.connectionpool https://dl.google.com:443 "GET /dl/cloudsdk/channels/rapid/components/google-cloud-sdk-skaffold-darwin-arm-20230130152419.tar.gz HTTP/1.1" 200 20943763
