2023-03-07 22:24:28,197 DEBUG    root            Loaded Command Group: ['gcloud', 'meta']
2023-03-07 22:24:28,201 DEBUG    root            Loaded Command Group: ['gcloud', 'meta', 'list_commands']
2023-03-07 22:24:28,202 DEBUG    root            Running [gcloud.meta.list-commands] with arguments: []
2023-03-07 22:24:28,203 DEBUG    root            Loaded Command Group: ['gcloud', 'access_context_manager']
2023-03-07 22:24:28,204 DEBUG    root            Loaded Command Group: ['gcloud', 'access-context-manager', 'levels']
2023-03-07 22:24:28,230 DEBUG    root            Loaded Command Group: ['gcloud', 'access-context-manager', 'levels', 'create']
2023-03-07 22:24:28,239 DEBUG    root            Loaded Command Group: ['gcloud', 'access-context-manager', 'levels', 'replace_all']
2023-03-07 22:24:28,245 DEBUG    root            Loaded Command Group: ['gcloud', 'access-context-manager', 'levels', 'describe']
2023-03-07 22:24:28,246 DEBUG    root            Loaded Command Group: ['gcloud', 'access-context-manager', 'levels', 'update']
2023-03-07 22:24:28,248 DEBUG    root            No implementation for release track [GA] for element: [/Users/auxia/Library/Application Support/cloud-code/installer/google-cloud-sdk/lib/surface/access_context_manager/levels/config]
2023-03-07 22:24:28,248 DEBUG    root            Loaded Command Group: ['gcloud', 'access-context-manager', 'levels', 'conditions']
2023-03-07 22:24:28,253 DEBUG    root            Loaded Command Group: ['gcloud', 'access-context-manager', 'levels', 'conditions', 'list']
2023-03-07 22:24:28,258 DEBUG    root            Loaded Command Group: ['gcloud', 'access-context-manager', 'levels', 'delete']
2023-03-07 22:24:28,262 DEBUG    root            Loaded Command Group: ['gcloud', 'access-context-manager', 'levels', 'list']
2023-03-07 22:24:28,263 DEBUG    root            Loaded Command Group: ['gcloud', 'access-context-manager', 'cloud_bindings']
2023-03-07 22:24:28,274 DEBUG    root            Loaded Command Group: ['gcloud', 'access-context-manager', 'cloud-bindings', 'create']
2023-03-07 22:24:28,278 DEBUG    root            Loaded Command Group: ['gcloud', 'access-context-manager', 'cloud-bindings', 'describe']
2023-03-07 22:24:28,282 DEBUG    root            Loaded Command Group: ['gcloud', 'access-context-manager', 'cloud-bindings', 'delete']
2023-03-07 22:24:28,289 DEBUG    root            Loaded Command Group: ['gcloud', 'access-context-manager', 'cloud-bindings', 'update']
2023-03-07 22:24:28,294 DEBUG    root            Loaded Command Group: ['gcloud', 'access-context-manager', 'cloud-bindings', 'list']
2023-03-07 22:24:28,295 DEBUG    root            Loaded Command Group: ['gcloud', 'access-context-manager', 'policies']
2023-03-07 22:24:28,302 DEBUG    root            Loaded Command Group: ['gcloud', 'access-context-manager', 'policies', 'create']
2023-03-07 22:24:28,305 DEBUG    root            Loaded Command Group: ['gcloud', 'access-context-manager', 'policies', 'describe']
2023-03-07 22:24:28,311 DEBUG    root            Loaded Command Group: ['gcloud', 'access-context-manager', 'policies', 'remove_iam_policy_binding']
2023-03-07 22:24:28,317 DEBUG    root            Loaded Command Group: ['gcloud', 'access-context-manager', 'policies', 'set_iam_policy']
2023-03-07 22:24:28,318 DEBUG    root            Loaded Command Group: ['gcloud', 'access-context-manager', 'policies', 'update']
2023-03-07 22:24:28,319 DEBUG    root            No implementation for release track [GA] for element: [/Users/auxia/Library/Application Support/cloud-code/installer/google-cloud-sdk/lib/surface/access_context_manager/policies/config]
2023-03-07 22:24:28,322 DEBUG    root            Loaded Command Group: ['gcloud', 'access-context-manager', 'policies', 'delete']
2023-03-07 22:24:28,327 DEBUG    root            Loaded Command Group: ['gcloud', 'access-context-manager', 'policies', 'add_iam_policy_binding']
2023-03-07 22:24:28,332 DEBUG    root            Loaded Command Group: ['gcloud', 'access-context-manager', 'policies', 'list']
2023-03-07 22:24:28,337 DEBUG    root            Loaded Command Group: ['gcloud', 'access-context-manager', 'policies', 'get_iam_policy']
2023-03-07 22:24:28,338 DEBUG    root            Loaded Command Group: ['gcloud', 'access-context-manager', 'authorized_orgs']
2023-03-07 22:24:28,345 DEBUG    root            Loaded Command Group: ['gcloud', 'access-context-manager', 'authorized-orgs', 'create']
2023-03-07 22:24:28,349 DEBUG    root            Loaded Command Group: ['gcloud', 'access-context-manager', 'authorized-orgs', 'describe']
2023-03-07 22:24:28,354 DEBUG    root            Loaded Command Group: ['gcloud', 'access-context-manager', 'authorized-orgs', 'delete']
2023-03-07 22:24:28,356 DEBUG    root            Loaded Command Group: ['gcloud', 'access-context-manager', 'authorized-orgs', 'update']
2023-03-07 22:24:28,361 DEBUG    root            Loaded Command Group: ['gcloud', 'access-context-manager', 'authorized-orgs', 'list']
2023-03-07 22:24:28,363 DEBUG    root            Loaded Command Group: ['gcloud', 'access-context-manager', 'perimeters']
2023-03-07 22:24:28,379 DEBUG    root            Loaded Command Group: ['gcloud', 'access-context-manager', 'perimeters', 'create']
2023-03-07 22:24:28,388 DEBUG    root            Loaded Command Group: ['gcloud', 'access-context-manager', 'perimeters', 'replace_all']
2023-03-07 22:24:28,393 DEBUG    root            Loaded Command Group: ['gcloud', 'access-context-manager', 'perimeters', 'describe']
2023-03-07 22:24:28,394 DEBUG    root            Loaded Command Group: ['gcloud', 'access-context-manager', 'perimeters', 'dry_run']
2023-03-07 22:24:28,396 DEBUG    root            Loaded Command Group: ['gcloud', 'access-context-manager', 'perimeters', 'dry-run', 'create']
2023-03-07 22:24:28,397 DEBUG    root            Loaded Command Group: ['gcloud', 'access-context-manager', 'perimeters', 'dry-run', 'describe']
2023-03-07 22:24:28,399 DEBUG    root            Loaded Command Group: ['gcloud', 'access-context-manager', 'perimeters', 'dry-run', 'enforce']
2023-03-07 22:24:28,400 DEBUG    root            Loaded Command Group: ['gcloud', 'access-context-manager', 'perimeters', 'dry-run', 'enforce_all']
2023-03-07 22:24:28,401 DEBUG    root            Loaded Command Group: ['gcloud', 'access-context-manager', 'perimeters', 'dry-run', 'update']
2023-03-07 22:24:28,403 DEBUG    root            Loaded Command Group: ['gcloud', 'access-context-manager', 'perimeters', 'dry-run', 'delete']
2023-03-07 22:24:28,404 DEBUG    root            Loaded Command Group: ['gcloud', 'access-context-manager', 'perimeters', 'dry-run', 'drop']
2023-03-07 22:24:28,405 DEBUG    root            Loaded Command Group: ['gcloud', 'access-context-manager', 'perimeters', 'dry-run', 'list']
2023-03-07 22:24:28,406 DEBUG    root            Loaded Command Group: ['gcloud', 'access-context-manager', 'perimeters', 'update']
2023-03-07 22:24:28,408 DEBUG    root            No implementation for release track [GA] for element: [/Users/auxia/Library/Application Support/cloud-code/installer/google-cloud-sdk/lib/surface/access_context_manager/perimeters/config]
2023-03-07 22:24:28,413 DEBUG    root            Loaded Command Group: ['gcloud', 'access-context-manager', 'perimeters', 'delete']
2023-03-07 22:24:28,419 DEBUG    root            Loaded Command Group: ['gcloud', 'access-context-manager', 'perimeters', 'list']
2023-03-07 22:24:28,420 DEBUG    root            Loaded Command Group: ['gcloud', 'dataproc']
2023-03-07 22:24:28,422 DEBUG    root            Loaded Command Group: ['gcloud', 'dataproc', 'operations']
2023-03-07 22:24:28,426 DEBUG    root            Loaded Command Group: ['gcloud', 'dataproc', 'operations', 'delete']
2023-03-07 22:24:28,430 DEBUG    root            Loaded Command Group: ['gcloud', 'dataproc', 'operations', 'describe']
2023-03-07 22:24:28,450 DEBUG    root            Loaded Command Group: ['gcloud', 'dataproc', 'operations', 'set_iam_policy']
2023-03-07 22:24:28,451 DEBUG    root            Loaded Command Group: ['gcloud', 'dataproc', 'operations', 'cancel']
2023-03-07 22:24:28,468 DEBUG    root            Loaded Command Group: ['gcloud', 'dataproc', 'operations', 'list']
2023-03-07 22:24:28,469 DEBUG    root            Loaded Command Group: ['gcloud', 'dataproc', 'operations', 'get_iam_policy']
2023-03-07 22:24:28,472 DEBUG    root            Loaded Command Group: ['gcloud', 'dataproc', 'clusters']
2023-03-07 22:24:28,508 DEBUG    root            Loaded Command Group: ['gcloud', 'dataproc', 'clusters', 'create']
2023-03-07 22:24:28,539 DEBUG    root            Loaded Command Group: ['gcloud', 'dataproc', 'clusters', 'repair']
2023-03-07 22:24:28,543 DEBUG    root            Loaded Command Group: ['gcloud', 'dataproc', 'clusters', 'describe']
2023-03-07 22:24:28,545 DEBUG    root            Loaded Command Group: ['gcloud', 'dataproc', 'clusters', 'diagnose']
2023-03-07 22:24:28,547 DEBUG    root            Loaded Command Group: ['gcloud', 'dataproc', 'clusters', 'set_iam_policy']
2023-03-07 22:24:28,549 DEBUG    root            Loaded Command Group: ['gcloud', 'dataproc', 'clusters', 'stop']
2023-03-07 22:24:28,550 DEBUG    root            Loaded Command Group: ['gcloud', 'dataproc', 'clusters', 'update']
2023-03-07 22:24:28,554 DEBUG    root            Loaded Command Group: ['gcloud', 'dataproc', 'clusters', 'gke']
2023-03-07 22:24:28,555 DEBUG    root            Loaded Command Group: ['gcloud', 'dataproc', 'clusters', 'gke', 'create']
2023-03-07 22:24:28,562 DEBUG    root            No implementation for release track [GA] for element: [/Users/auxia/Library/Application Support/cloud-code/installer/google-cloud-sdk/lib/surface/dataproc/clusters/create_from_file]
2023-03-07 22:24:28,563 DEBUG    root            Loaded Command Group: ['gcloud', 'dataproc', 'clusters', 'delete']
2023-03-07 22:24:28,564 DEBUG    root            Loaded Command Group: ['gcloud', 'dataproc', 'clusters', 'list']
2023-03-07 22:24:28,565 DEBUG    root            Loaded Command Group: ['gcloud', 'dataproc', 'clusters', 'enable_personal_auth_session']
2023-03-07 22:24:28,566 DEBUG    root            Loaded Command Group: ['gcloud', 'dataproc', 'clusters', 'import']
2023-03-07 22:24:28,568 DEBUG    root            Loaded Command Group: ['gcloud', 'dataproc', 'clusters', 'export']
2023-03-07 22:24:28,569 DEBUG    root            Loaded Command Group: ['gcloud', 'dataproc', 'clusters', 'start']
2023-03-07 22:24:28,571 DEBUG    root            Loaded Command Group: ['gcloud', 'dataproc', 'clusters', 'get_iam_policy']
2023-03-07 22:24:28,572 DEBUG    root            Loaded Command Group: ['gcloud', 'dataproc', 'autoscaling_policies']
2023-03-07 22:24:28,573 DEBUG    root            Loaded Command Group: ['gcloud', 'dataproc', 'autoscaling-policies', 'delete']
2023-03-07 22:24:28,575 DEBUG    root            Loaded Command Group: ['gcloud', 'dataproc', 'autoscaling-policies', 'describe']
2023-03-07 22:24:28,576 DEBUG    root            Loaded Command Group: ['gcloud', 'dataproc', 'autoscaling-policies', 'set_iam_policy']
2023-03-07 22:24:28,578 DEBUG    root            Loaded Command Group: ['gcloud', 'dataproc', 'autoscaling-policies', 'import']
2023-03-07 22:24:28,579 DEBUG    root            Loaded Command Group: ['gcloud', 'dataproc', 'autoscaling-policies', 'export']
2023-03-07 22:24:28,581 DEBUG    root            Loaded Command Group: ['gcloud', 'dataproc', 'autoscaling-policies', 'list']
2023-03-07 22:24:28,581 DEBUG    root            Loaded Command Group: ['gcloud', 'dataproc', 'autoscaling-policies', 'get_iam_policy']
2023-03-07 22:24:28,583 DEBUG    root            Loaded Command Group: ['gcloud', 'dataproc', 'jobs']
2023-03-07 22:24:28,584 DEBUG    root            Loaded Command Group: ['gcloud', 'dataproc', 'jobs', 'kill']
2023-03-07 22:24:28,586 DEBUG    root            Loaded Command Group: ['gcloud', 'dataproc', 'jobs', 'describe']
2023-03-07 22:24:28,587 DEBUG    root            Loaded Command Group: ['gcloud', 'dataproc', 'jobs', 'submit']
2023-03-07 22:24:28,589 DEBUG    root            Loaded Command Group: ['gcloud', 'dataproc', 'jobs', 'submit', 'trino']
2023-03-07 22:24:28,590 DEBUG    root            Loaded Command Group: ['gcloud', 'dataproc', 'jobs', 'submit', 'presto']
2023-03-07 22:24:28,591 DEBUG    root            Loaded Command Group: ['gcloud', 'dataproc', 'jobs', 'submit', 'spark_r']
2023-03-07 22:24:28,592 DEBUG    root            Loaded Command Group: ['gcloud', 'dataproc', 'jobs', 'submit', 'pyspark']
2023-03-07 22:24:28,593 DEBUG    root            Loaded Command Group: ['gcloud', 'dataproc', 'jobs', 'submit', 'hadoop']
2023-03-07 22:24:28,594 DEBUG    root            Loaded Command Group: ['gcloud', 'dataproc', 'jobs', 'submit', 'spark_sql']
2023-03-07 22:24:28,595 DEBUG    root            Loaded Command Group: ['gcloud', 'dataproc', 'jobs', 'submit', 'hive']
2023-03-07 22:24:28,596 DEBUG    root            Loaded Command Group: ['gcloud', 'dataproc', 'jobs', 'submit', 'spark']
2023-03-07 22:24:28,597 DEBUG    root            Loaded Command Group: ['gcloud', 'dataproc', 'jobs', 'submit', 'pig']
2023-03-07 22:24:28,598 DEBUG    root            Loaded Command Group: ['gcloud', 'dataproc', 'jobs', 'set_iam_policy']
2023-03-07 22:24:28,599 DEBUG    root            Loaded Command Group: ['gcloud', 'dataproc', 'jobs', 'update']
2023-03-07 22:24:28,601 DEBUG    root            Loaded Command Group: ['gcloud', 'dataproc', 'jobs', 'wait']
2023-03-07 22:24:28,602 DEBUG    root            Loaded Command Group: ['gcloud', 'dataproc', 'jobs', 'delete']
2023-03-07 22:24:28,604 DEBUG    root            Loaded Command Group: ['gcloud', 'dataproc', 'jobs', 'list']
2023-03-07 22:24:28,605 DEBUG    root            Loaded Command Group: ['gcloud', 'dataproc', 'jobs', 'get_iam_policy']
2023-03-07 22:24:28,607 DEBUG    root            No implementation for release track [GA] for element: [/Users/auxia/Library/Application Support/cloud-code/installer/google-cloud-sdk/lib/surface/dataproc/sessions]
2023-03-07 22:24:28,607 DEBUG    root            Loaded Command Group: ['gcloud', 'dataproc', 'workflow_templates']
2023-03-07 22:24:28,608 DEBUG    root            Loaded Command Group: ['gcloud', 'dataproc', 'workflow-templates', 'create']
2023-03-07 22:24:28,610 DEBUG    root            Loaded Command Group: ['gcloud', 'dataproc', 'workflow-templates', 'describe']
2023-03-07 22:24:28,612 DEBUG    root            Loaded Command Group: ['gcloud', 'dataproc', 'workflow-templates', 'remove_dag_timeout']
2023-03-07 22:24:28,614 DEBUG    root            Loaded Command Group: ['gcloud', 'dataproc', 'workflow-templates', 'set_iam_policy']
2023-03-07 22:24:28,615 DEBUG    root            Loaded Command Group: ['gcloud', 'dataproc', 'workflow-templates', 'delete']
2023-03-07 22:24:28,616 DEBUG    root            Loaded Command Group: ['gcloud', 'dataproc', 'workflow-templates', 'set_dag_timeout']
2023-03-07 22:24:28,618 DEBUG    root            Loaded Command Group: ['gcloud', 'dataproc', 'workflow-templates', 'list']
2023-03-07 22:24:28,618 DEBUG    root            Loaded Command Group: ['gcloud', 'dataproc', 'workflow-templates', 'remove_job']
2023-03-07 22:24:28,620 DEBUG    root            Loaded Command Group: ['gcloud', 'dataproc', 'workflow-templates', 'set_managed_cluster']
2023-03-07 22:24:28,628 DEBUG    root            Loaded Command Group: ['gcloud', 'dataproc', 'workflow-templates', 'instantiate_from_file']
2023-03-07 22:24:28,629 DEBUG    root            No implementation for release track [GA] for element: [/Users/auxia/Library/Application Support/cloud-code/installer/google-cloud-sdk/lib/surface/dataproc/workflow_templates/run]
2023-03-07 22:24:28,629 DEBUG    root            Loaded Command Group: ['gcloud', 'dataproc', 'workflow-templates', 'instantiate']
2023-03-07 22:24:28,631 DEBUG    root            Loaded Command Group: ['gcloud', 'dataproc', 'workflow-templates', 'import']
2023-03-07 22:24:28,632 DEBUG    root            Loaded Command Group: ['gcloud', 'dataproc', 'workflow-templates', 'export']
2023-03-07 22:24:28,633 DEBUG    root            Loaded Command Group: ['gcloud', 'dataproc', 'workflow-templates', 'set_cluster_selector']
2023-03-07 22:24:28,635 DEBUG    root            Loaded Command Group: ['gcloud', 'dataproc', 'workflow-templates', 'add_job']
2023-03-07 22:24:28,636 DEBUG    root            Loaded Command Group: ['gcloud', 'dataproc', 'workflow-templates', 'add-job', 'trino']
2023-03-07 22:24:28,638 DEBUG    root            Loaded Command Group: ['gcloud', 'dataproc', 'workflow-templates', 'add-job', 'presto']
2023-03-07 22:24:28,640 DEBUG    root            Loaded Command Group: ['gcloud', 'dataproc', 'workflow-templates', 'add-job', 'spark_r']
2023-03-07 22:24:28,642 DEBUG    root            Loaded Command Group: ['gcloud', 'dataproc', 'workflow-templates', 'add-job', 'pyspark']
2023-03-07 22:24:28,644 DEBUG    root            Loaded Command Group: ['gcloud', 'dataproc', 'workflow-templates', 'add-job', 'hadoop']
2023-03-07 22:24:28,645 DEBUG    root            Loaded Command Group: ['gcloud', 'dataproc', 'workflow-templates', 'add-job', 'spark_sql']
2023-03-07 22:24:28,647 DEBUG    root            Loaded Command Group: ['gcloud', 'dataproc', 'workflow-templates', 'add-job', 'hive']
2023-03-07 22:24:28,649 DEBUG    root            Loaded Command Group: ['gcloud', 'dataproc', 'workflow-templates', 'add-job', 'spark']
2023-03-07 22:24:28,651 DEBUG    root            Loaded Command Group: ['gcloud', 'dataproc', 'workflow-templates', 'add-job', 'pig']
2023-03-07 22:24:28,653 DEBUG    root            Loaded Command Group: ['gcloud', 'dataproc', 'workflow-templates', 'get_iam_policy']
2023-03-07 22:24:28,654 DEBUG    root            Loaded Command Group: ['gcloud', 'dataproc', 'batches']
2023-03-07 22:24:28,655 DEBUG    root            Loaded Command Group: ['gcloud', 'dataproc', 'batches', 'describe']
2023-03-07 22:24:28,659 DEBUG    root            Loaded Command Group: ['gcloud', 'dataproc', 'batches', 'submit']
2023-03-07 22:24:28,662 DEBUG    root            Loaded Command Group: ['gcloud', 'dataproc', 'batches', 'submit', 'spark_r']
2023-03-07 22:24:28,663 DEBUG    root            Loaded Command Group: ['gcloud', 'dataproc', 'batches', 'submit', 'pyspark']
2023-03-07 22:24:28,664 DEBUG    root            Loaded Command Group: ['gcloud', 'dataproc', 'batches', 'submit', 'spark_sql']
2023-03-07 22:24:28,665 DEBUG    root            Loaded Command Group: ['gcloud', 'dataproc', 'batches', 'submit', 'spark']
2023-03-07 22:24:28,666 DEBUG    root            Loaded Command Group: ['gcloud', 'dataproc', 'batches', 'delete']
2023-03-07 22:24:28,667 DEBUG    root            Loaded Command Group: ['gcloud', 'dataproc', 'batches', 'cancel']
2023-03-07 22:24:28,669 DEBUG    root            Loaded Command Group: ['gcloud', 'dataproc', 'batches', 'list']
2023-03-07 22:24:28,670 DEBUG    root            Loaded Command Group: ['gcloud', 'dataproc', 'batches', 'wait']
2023-03-07 22:24:28,671 DEBUG    root            Loaded Command Group: ['gcloud', 'dataproc', 'node_groups']
2023-03-07 22:24:28,694 DEBUG    root            Loaded Command Group: ['gcloud', 'dataproc', 'node-groups', 'describe']
2023-03-07 22:24:28,696 DEBUG    root            Loaded Command Group: ['gcloud', 'dataproc', 'node-groups', 'resize']
2023-03-07 22:24:28,699 DEBUG    root            Loaded Command Group: ['gcloud', 'network_security']
2023-03-07 22:24:28,701 DEBUG    root            No implementation for release track [GA] for element: [/Users/auxia/Library/Application Support/cloud-code/installer/google-cloud-sdk/lib/surface/network_security/gateway_security_policies]
2023-03-07 22:24:28,701 DEBUG    root            No implementation for release track [GA] for element: [/Users/auxia/Library/Application Support/cloud-code/installer/google-cloud-sdk/lib/surface/network_security/url_lists]
2023-03-07 22:24:28,701 DEBUG    root            Loaded Command Group: ['gcloud', 'network-security', 'client_tls_policies']
2023-03-07 22:24:28,717 DEBUG    root            Loaded Command Group: ['gcloud', 'network-security', 'client-tls-policies', 'delete']
2023-03-07 22:24:28,723 DEBUG    root            Loaded Command Group: ['gcloud', 'network-security', 'client-tls-policies', 'import']
2023-03-07 22:24:28,728 DEBUG    root            Loaded Command Group: ['gcloud', 'network-security', 'client-tls-policies', 'export']
2023-03-07 22:24:28,732 DEBUG    root            Loaded Command Group: ['gcloud', 'network-security', 'client-tls-policies', 'list']
2023-03-07 22:24:28,733 DEBUG    root            No implementation for release track [GA] for element: [/Users/auxia/Library/Application Support/cloud-code/installer/google-cloud-sdk/lib/surface/network_security/org_address_groups]
2023-03-07 22:24:28,734 DEBUG    root            No implementation for release track [GA] for element: [/Users/auxia/Library/Application Support/cloud-code/installer/google-cloud-sdk/lib/surface/network_security/tls_inspection_policies]
2023-03-07 22:24:28,734 DEBUG    root            Loaded Command Group: ['gcloud', 'network-security', 'authorization_policies']
2023-03-07 22:24:28,737 DEBUG    root            Loaded Command Group: ['gcloud', 'network-security', 'authorization-policies', 'delete']
2023-03-07 22:24:28,742 DEBUG    root            Loaded Command Group: ['gcloud', 'network-security', 'authorization-policies', 'import']
2023-03-07 22:24:28,746 DEBUG    root            Loaded Command Group: ['gcloud', 'network-security', 'authorization-policies', 'export']
2023-03-07 22:24:28,751 DEBUG    root            Loaded Command Group: ['gcloud', 'network-security', 'authorization-policies', 'list']
2023-03-07 22:24:28,752 DEBUG    root            No implementation for release track [GA] for element: [/Users/auxia/Library/Application Support/cloud-code/installer/google-cloud-sdk/lib/surface/network_security/address_groups]
2023-03-07 22:24:28,752 DEBUG    root            Loaded Command Group: ['gcloud', 'network-security', 'server_tls_policies']
2023-03-07 22:24:28,756 DEBUG    root            Loaded Command Group: ['gcloud', 'network-security', 'server-tls-policies', 'delete']
2023-03-07 22:24:28,761 DEBUG    root            Loaded Command Group: ['gcloud', 'network-security', 'server-tls-policies', 'import']
2023-03-07 22:24:28,766 DEBUG    root            Loaded Command Group: ['gcloud', 'network-security', 'server-tls-policies', 'export']
2023-03-07 22:24:28,771 DEBUG    root            Loaded Command Group: ['gcloud', 'network-security', 'server-tls-policies', 'list']
2023-03-07 22:24:28,772 DEBUG    root            No implementation for release track [GA] for element: [/Users/auxia/Library/Application Support/cloud-code/installer/google-cloud-sdk/lib/surface/remote_build_execution]
2023-03-07 22:24:28,772 DEBUG    root            Loaded Command Group: ['gcloud', 'filestore']
2023-03-07 22:24:28,774 DEBUG    root            Loaded Command Group: ['gcloud', 'filestore', 'zones']
2023-03-07 22:24:28,786 DEBUG    root            Loaded Command Group: ['gcloud', 'filestore', 'zones', 'list']
2023-03-07 22:24:28,787 DEBUG    root            Loaded Command Group: ['gcloud', 'filestore', 'locations']
2023-03-07 22:24:28,790 DEBUG    root            Loaded Command Group: ['gcloud', 'filestore', 'locations', 'describe']
2023-03-07 22:24:28,792 DEBUG    root            Loaded Command Group: ['gcloud', 'filestore', 'locations', 'list']
2023-03-07 22:24:28,793 DEBUG    root            Loaded Command Group: ['gcloud', 'filestore', 'backups']
2023-03-07 22:24:28,802 DEBUG    root            Loaded Command Group: ['gcloud', 'filestore', 'backups', 'create']
2023-03-07 22:24:28,806 DEBUG    root            Loaded Command Group: ['gcloud', 'filestore', 'backups', 'describe']
2023-03-07 22:24:28,811 DEBUG    root            Loaded Command Group: ['gcloud', 'filestore', 'backups', 'delete']
2023-03-07 22:24:28,817 DEBUG    root            Loaded Command Group: ['gcloud', 'filestore', 'backups', 'update']
2023-03-07 22:24:28,822 DEBUG    root            Loaded Command Group: ['gcloud', 'filestore', 'backups', 'list']
2023-03-07 22:24:28,822 DEBUG    root            No implementation for release track [GA] for element: [/Users/auxia/Library/Application Support/cloud-code/installer/google-cloud-sdk/lib/surface/filestore/snapshots]
2023-03-07 22:24:28,822 DEBUG    root            Loaded Command Group: ['gcloud', 'filestore', 'operations']
2023-03-07 22:24:28,824 DEBUG    root            Loaded Command Group: ['gcloud', 'filestore', 'operations', 'cancel']
2023-03-07 22:24:28,826 DEBUG    root            Loaded Command Group: ['gcloud', 'filestore', 'operations', 'describe']
2023-03-07 22:24:28,828 DEBUG    root            Loaded Command Group: ['gcloud', 'filestore', 'operations', 'list']
2023-03-07 22:24:28,830 DEBUG    root            Loaded Command Group: ['gcloud', 'filestore', 'regions']
2023-03-07 22:24:28,833 DEBUG    root            Loaded Command Group: ['gcloud', 'filestore', 'regions', 'list']
2023-03-07 22:24:28,833 DEBUG    root            Loaded Command Group: ['gcloud', 'filestore', 'instances']
2023-03-07 22:24:28,834 DEBUG    root            Loaded Command Group: ['gcloud', 'filestore', 'instances', 'create']
2023-03-07 22:24:28,840 DEBUG    root            Loaded Command Group: ['gcloud', 'filestore', 'instances', 'describe']
2023-03-07 22:24:28,844 DEBUG    root            No implementation for release track [GA] for element: [/Users/auxia/Library/Application Support/cloud-code/installer/google-cloud-sdk/lib/surface/filestore/instances/revert.yaml]
2023-03-07 22:24:28,845 DEBUG    root            Loaded Command Group: ['gcloud', 'filestore', 'instances', 'update']
2023-03-07 22:24:28,846 DEBUG    root            Loaded Command Group: ['gcloud', 'filestore', 'instances', 'snapshots']
2023-03-07 22:24:28,854 DEBUG    root            Loaded Command Group: ['gcloud', 'filestore', 'instances', 'snapshots', 'create']
2023-03-07 22:24:28,860 DEBUG    root            Loaded Command Group: ['gcloud', 'filestore', 'instances', 'snapshots', 'describe']
2023-03-07 22:24:28,866 DEBUG    root            Loaded Command Group: ['gcloud', 'filestore', 'instances', 'snapshots', 'delete']
2023-03-07 22:24:28,873 DEBUG    root            Loaded Command Group: ['gcloud', 'filestore', 'instances', 'snapshots', 'update']
2023-03-07 22:24:28,879 DEBUG    root            Loaded Command Group: ['gcloud', 'filestore', 'instances', 'snapshots', 'list']
2023-03-07 22:24:28,880 DEBUG    root            Loaded Command Group: ['gcloud', 'filestore', 'instances', 'delete']
2023-03-07 22:24:28,893 DEBUG    root            Loaded Command Group: ['gcloud', 'filestore', 'instances', 'restore']
2023-03-07 22:24:28,896 DEBUG    root            Loaded Command Group: ['gcloud', 'filestore', 'instances', 'list']
2023-03-07 22:24:28,907 DEBUG    root            Loaded Command Group: ['gcloud', 'api_gateway']
2023-03-07 22:24:28,909 DEBUG    root            Loaded Command Group: ['gcloud', 'api-gateway', 'gateways']
2023-03-07 22:24:28,914 DEBUG    root            Loaded Command Group: ['gcloud', 'api-gateway', 'gateways', 'create']
2023-03-07 22:24:28,920 DEBUG    root            Loaded Command Group: ['gcloud', 'api-gateway', 'gateways', 'describe']
2023-03-07 22:24:28,921 DEBUG    root            Loaded Command Group: ['gcloud', 'api-gateway', 'gateways', 'remove_iam_policy_binding']
2023-03-07 22:24:28,923 DEBUG    root            Loaded Command Group: ['gcloud', 'api-gateway', 'gateways', 'update']
2023-03-07 22:24:28,926 DEBUG    root            Loaded Command Group: ['gcloud', 'api-gateway', 'gateways', 'delete']
2023-03-07 22:24:28,928 DEBUG    root            Loaded Command Group: ['gcloud', 'api-gateway', 'gateways', 'add_iam_policy_binding']
2023-03-07 22:24:28,930 DEBUG    root            Loaded Command Group: ['gcloud', 'api-gateway', 'gateways', 'list']
2023-03-07 22:24:28,932 DEBUG    root            Loaded Command Group: ['gcloud', 'api-gateway', 'gateways', 'get_iam_policy']
2023-03-07 22:24:28,933 DEBUG    root            Loaded Command Group: ['gcloud', 'api-gateway', 'apis']
2023-03-07 22:24:28,935 DEBUG    root            Loaded Command Group: ['gcloud', 'api-gateway', 'apis', 'create']
2023-03-07 22:24:28,936 DEBUG    root            Loaded Command Group: ['gcloud', 'api-gateway', 'apis', 'describe']
2023-03-07 22:24:28,938 DEBUG    root            Loaded Command Group: ['gcloud', 'api-gateway', 'apis', 'remove_iam_policy_binding']
2023-03-07 22:24:28,940 DEBUG    root            Loaded Command Group: ['gcloud', 'api-gateway', 'apis', 'update']
2023-03-07 22:24:28,941 DEBUG    root            Loaded Command Group: ['gcloud', 'api-gateway', 'apis', 'delete']
2023-03-07 22:24:28,943 DEBUG    root            Loaded Command Group: ['gcloud', 'api-gateway', 'apis', 'add_iam_policy_binding']
