2023-03-07 22:25:37,582 DEBUG    root            Loaded Command Group: ['gcloud', 'components']
2023-03-07 22:25:37,583 DEBUG    root            Loaded Command Group: ['gcloud', 'components', 'install']
2023-03-07 22:25:37,584 DEBUG    root            Running [gcloud.components.install] with arguments: [--quiet: "True", COMPONENT-IDS:7: "['alpha', 'beta', 'gke-gcloud-auth-plugin', 'kubectl', 'skaffold', 'minikube', 'gsutil']"]
2023-03-07 22:25:37,589 DEBUG    urllib3.connectionpool Starting new HTTPS connection (1): dl.google.com:443
2023-03-07 22:25:37,824 DEBUG    urllib3.connectionpool https://dl.google.com:443 "GET /dl/cloudsdk/channels/rapid/components-v421.0.0.json HTTP/1.1" 200 206156
2023-03-07 22:25:37,945 INFO     ___FILE_ONLY___ 

2023-03-07 22:25:37,945 INFO     ___FILE_ONLY___ 
Your current Google Cloud CLI version is: 421.0.0

2023-03-07 22:25:37,945 INFO     ___FILE_ONLY___ Installing components from version: 421.0.0

2023-03-07 22:25:37,945 INFO     ___FILE_ONLY___ 

2023-03-07 22:25:37,945 DEBUG    root            Chosen display Format:table[box,title="These components will be removed."](details.display_name:label=Name:align=left,version.version_string:label=Version:align=right,data.size.size(zero="",min=1048576):label=Size:align=right)
2023-03-07 22:25:37,946 DEBUG    root            Chosen display Format:table[box,title="These components will be updated."](details.display_name:label=Name:align=left,version.version_string:label=Version:align=right,data.size.size(zero="",min=1048576):label=Size:align=right)
2023-03-07 22:25:37,946 DEBUG    root            Chosen display Format:table[box,title="These components will be installed."](details.display_name:label=Name:align=left,version.version_string:label=Version:align=right,data.size.size(zero="",min=1048576):label=Size:align=right)
2023-03-07 22:25:37,947 INFO     ___FILE_ONLY___ ┌─────────────────────────────────────────────────┐
2023-03-07 22:25:37,947 INFO     ___FILE_ONLY___ 

2023-03-07 22:25:37,947 INFO     ___FILE_ONLY___ │       These components will be installed.       │
2023-03-07 22:25:37,947 INFO     ___FILE_ONLY___ 

2023-03-07 22:25:37,947 INFO     ___FILE_ONLY___ ├─────────────────────────┬────────────┬──────────┤
2023-03-07 22:25:37,947 INFO     ___FILE_ONLY___ 

2023-03-07 22:25:37,948 INFO     ___FILE_ONLY___ │           Name          │  Version   │   Size   │
2023-03-07 22:25:37,948 INFO     ___FILE_ONLY___ 

2023-03-07 22:25:37,948 INFO     ___FILE_ONLY___ ├─────────────────────────┼────────────┼──────────┤
2023-03-07 22:25:37,948 INFO     ___FILE_ONLY___ 

2023-03-07 22:25:37,948 INFO     ___FILE_ONLY___ │ 
2023-03-07 22:25:37,948 INFO     ___FILE_ONLY___ Minikube               
2023-03-07 22:25:37,948 INFO     ___FILE_ONLY___  
2023-03-07 22:25:37,948 INFO     ___FILE_ONLY___ │ 
2023-03-07 22:25:37,948 INFO     ___FILE_ONLY___     1.29.0
2023-03-07 22:25:37,948 INFO     ___FILE_ONLY___  
2023-03-07 22:25:37,948 INFO     ___FILE_ONLY___ │ 
2023-03-07 22:25:37,948 INFO     ___FILE_ONLY___ 31.3 MiB
2023-03-07 22:25:37,948 INFO     ___FILE_ONLY___  
2023-03-07 22:25:37,948 INFO     ___FILE_ONLY___ │
2023-03-07 22:25:37,948 INFO     ___FILE_ONLY___ 

2023-03-07 22:25:37,948 INFO     ___FILE_ONLY___ │ 
2023-03-07 22:25:37,948 INFO     ___FILE_ONLY___ Skaffold               
2023-03-07 22:25:37,948 INFO     ___FILE_ONLY___  
2023-03-07 22:25:37,948 INFO     ___FILE_ONLY___ │ 
2023-03-07 22:25:37,948 INFO     ___FILE_ONLY___      2.1.0
2023-03-07 22:25:37,948 INFO     ___FILE_ONLY___  
2023-03-07 22:25:37,948 INFO     ___FILE_ONLY___ │ 
2023-03-07 22:25:37,948 INFO     ___FILE_ONLY___ 20.0 MiB
2023-03-07 22:25:37,948 INFO     ___FILE_ONLY___  
2023-03-07 22:25:37,948 INFO     ___FILE_ONLY___ │
2023-03-07 22:25:37,948 INFO     ___FILE_ONLY___ 

2023-03-07 22:25:37,948 INFO     ___FILE_ONLY___ │ 
2023-03-07 22:25:37,948 INFO     ___FILE_ONLY___ gcloud Alpha Commands  
2023-03-07 22:25:37,948 INFO     ___FILE_ONLY___  
2023-03-07 22:25:37,948 INFO     ___FILE_ONLY___ │ 
2023-03-07 22:25:37,948 INFO     ___FILE_ONLY___ 2023.03.03
2023-03-07 22:25:37,948 INFO     ___FILE_ONLY___  
2023-03-07 22:25:37,948 INFO     ___FILE_ONLY___ │ 
2023-03-07 22:25:37,948 INFO     ___FILE_ONLY___  < 1 MiB
2023-03-07 22:25:37,948 INFO     ___FILE_ONLY___  
2023-03-07 22:25:37,948 INFO     ___FILE_ONLY___ │
2023-03-07 22:25:37,948 INFO     ___FILE_ONLY___ 

2023-03-07 22:25:37,948 INFO     ___FILE_ONLY___ │ 
2023-03-07 22:25:37,948 INFO     ___FILE_ONLY___ gcloud Beta Commands   
2023-03-07 22:25:37,948 INFO     ___FILE_ONLY___  
2023-03-07 22:25:37,948 INFO     ___FILE_ONLY___ │ 
2023-03-07 22:25:37,948 INFO     ___FILE_ONLY___ 2023.03.03
2023-03-07 22:25:37,948 INFO     ___FILE_ONLY___  
2023-03-07 22:25:37,948 INFO     ___FILE_ONLY___ │ 
2023-03-07 22:25:37,948 INFO     ___FILE_ONLY___  < 1 MiB
2023-03-07 22:25:37,949 INFO     ___FILE_ONLY___  
2023-03-07 22:25:37,949 INFO     ___FILE_ONLY___ │
2023-03-07 22:25:37,949 INFO     ___FILE_ONLY___ 

2023-03-07 22:25:37,949 INFO     ___FILE_ONLY___ │ 
2023-03-07 22:25:37,949 INFO     ___FILE_ONLY___ gcloud cli dependencies
2023-03-07 22:25:37,949 INFO     ___FILE_ONLY___  
2023-03-07 22:25:37,949 INFO     ___FILE_ONLY___ │ 
2023-03-07 22:25:37,949 INFO     ___FILE_ONLY___ 2021.04.16
2023-03-07 22:25:37,949 INFO     ___FILE_ONLY___  
2023-03-07 22:25:37,949 INFO     ___FILE_ONLY___ │ 
2023-03-07 22:25:37,949 INFO     ___FILE_ONLY___  < 1 MiB
2023-03-07 22:25:37,949 INFO     ___FILE_ONLY___  
2023-03-07 22:25:37,949 INFO     ___FILE_ONLY___ │
2023-03-07 22:25:37,949 INFO     ___FILE_ONLY___ 

2023-03-07 22:25:37,949 INFO     ___FILE_ONLY___ │ 
2023-03-07 22:25:37,949 INFO     ___FILE_ONLY___ gke-gcloud-auth-plugin 
2023-03-07 22:25:37,949 INFO     ___FILE_ONLY___  
2023-03-07 22:25:37,949 INFO     ___FILE_ONLY___ │ 
2023-03-07 22:25:37,949 INFO     ___FILE_ONLY___      0.5.0
2023-03-07 22:25:37,949 INFO     ___FILE_ONLY___  
2023-03-07 22:25:37,949 INFO     ___FILE_ONLY___ │ 
2023-03-07 22:25:37,949 INFO     ___FILE_ONLY___  7.1 MiB
2023-03-07 22:25:37,949 INFO     ___FILE_ONLY___  
2023-03-07 22:25:37,949 INFO     ___FILE_ONLY___ │
2023-03-07 22:25:37,949 INFO     ___FILE_ONLY___ 

2023-03-07 22:25:37,949 INFO     ___FILE_ONLY___ │ 
2023-03-07 22:25:37,949 INFO     ___FILE_ONLY___ kubectl                
2023-03-07 22:25:37,949 INFO     ___FILE_ONLY___  
2023-03-07 22:25:37,949 INFO     ___FILE_ONLY___ │ 
2023-03-07 22:25:37,949 INFO     ___FILE_ONLY___    1.24.11
2023-03-07 22:25:37,949 INFO     ___FILE_ONLY___  
2023-03-07 22:25:37,949 INFO     ___FILE_ONLY___ │ 
2023-03-07 22:25:37,949 INFO     ___FILE_ONLY___  < 1 MiB
2023-03-07 22:25:37,949 INFO     ___FILE_ONLY___  
2023-03-07 22:25:37,949 INFO     ___FILE_ONLY___ │
2023-03-07 22:25:37,949 INFO     ___FILE_ONLY___ 

2023-03-07 22:25:37,949 INFO     ___FILE_ONLY___ │ 
2023-03-07 22:25:37,949 INFO     ___FILE_ONLY___ kubectl                
2023-03-07 22:25:37,949 INFO     ___FILE_ONLY___  
2023-03-07 22:25:37,949 INFO     ___FILE_ONLY___ │ 
2023-03-07 22:25:37,949 INFO     ___FILE_ONLY___    1.24.11
2023-03-07 22:25:37,949 INFO     ___FILE_ONLY___  
2023-03-07 22:25:37,949 INFO     ___FILE_ONLY___ │ 
2023-03-07 22:25:37,949 INFO     ___FILE_ONLY___ 92.8 MiB
2023-03-07 22:25:37,950 INFO     ___FILE_ONLY___  
2023-03-07 22:25:37,950 INFO     ___FILE_ONLY___ │
2023-03-07 22:25:37,950 INFO     ___FILE_ONLY___ 

2023-03-07 22:25:37,950 INFO     ___FILE_ONLY___ └─────────────────────────┴────────────┴──────────┘
2023-03-07 22:25:37,950 INFO     ___FILE_ONLY___ 

2023-03-07 22:25:37,950 INFO     ___FILE_ONLY___ 

2023-03-07 22:25:37,951 DEBUG    urllib3.connectionpool Starting new HTTPS connection (1): dl.google.com:443
2023-03-07 22:25:38,174 DEBUG    urllib3.connectionpool https://dl.google.com:443 "GET /dl/cloudsdk/channels/rapid/RELEASE_NOTES HTTP/1.1" 200 956633
2023-03-07 22:25:38,626 INFO     ___FILE_ONLY___ For the latest full release notes, please visit:
  https://cloud.google.com/sdk/release_notes


2023-03-07 22:25:38,642 INFO     ___FILE_ONLY___ ╔════════════════════════════════════════════════════════════╗

2023-03-07 22:25:38,642 INFO     ___FILE_ONLY___ ╠═ Creating update staging area                             ═╣

2023-03-07 22:25:38,643 INFO     ___FILE_ONLY___ ╚
2023-03-07 22:25:38,643 INFO     ___FILE_ONLY___ ══════
2023-03-07 22:25:41,301 INFO     ___FILE_ONLY___ ══════
2023-03-07 22:25:41,301 INFO     ___FILE_ONLY___ ══════
2023-03-07 22:25:41,754 INFO     ___FILE_ONLY___ ═
2023-03-07 22:25:41,905 INFO     ___FILE_ONLY___ ═
2023-03-07 22:25:42,046 INFO     ___FILE_ONLY___ ═
2023-03-07 22:25:42,259 INFO     ___FILE_ONLY___ ═
2023-03-07 22:25:42,426 INFO     ___FILE_ONLY___ ═
2023-03-07 22:25:42,581 INFO     ___FILE_ONLY___ ═
2023-03-07 22:25:42,768 INFO     ___FILE_ONLY___ ═
2023-03-07 22:25:42,966 INFO     ___FILE_ONLY___ ═
2023-03-07 22:25:43,244 INFO     ___FILE_ONLY___ ═
2023-03-07 22:25:43,394 INFO     ___FILE_ONLY___ ═
2023-03-07 22:25:43,538 INFO     ___FILE_ONLY___ ═
2023-03-07 22:25:43,719 INFO     ___FILE_ONLY___ ═
2023-03-07 22:25:43,858 INFO     ___FILE_ONLY___ ═
2023-03-07 22:25:44,143 INFO     ___FILE_ONLY___ ═
2023-03-07 22:25:44,265 INFO     ___FILE_ONLY___ ═
2023-03-07 22:25:44,524 INFO     ___FILE_ONLY___ ═
2023-03-07 22:25:44,639 INFO     ___FILE_ONLY___ ═
2023-03-07 22:25:44,762 INFO     ___FILE_ONLY___ ═
2023-03-07 22:25:44,919 INFO     ___FILE_ONLY___ ═
2023-03-07 22:25:45,013 INFO     ___FILE_ONLY___ ═
2023-03-07 22:25:45,093 INFO     ___FILE_ONLY___ ═
2023-03-07 22:25:45,208 INFO     ___FILE_ONLY___ ═
2023-03-07 22:25:45,275 INFO     ___FILE_ONLY___ ═
2023-03-07 22:25:45,399 INFO     ___FILE_ONLY___ ═
2023-03-07 22:25:45,501 INFO     ___FILE_ONLY___ ═
2023-03-07 22:25:45,606 INFO     ___FILE_ONLY___ ═
2023-03-07 22:25:45,732 INFO     ___FILE_ONLY___ ═
2023-03-07 22:25:45,840 INFO     ___FILE_ONLY___ ═
2023-03-07 22:25:45,943 INFO     ___FILE_ONLY___ ═
2023-03-07 22:25:46,069 INFO     ___FILE_ONLY___ ═
2023-03-07 22:25:46,182 INFO     ___FILE_ONLY___ ═
2023-03-07 22:25:46,324 INFO     ___FILE_ONLY___ ═
2023-03-07 22:25:46,445 INFO     ___FILE_ONLY___ ═
2023-03-07 22:25:46,603 INFO     ___FILE_ONLY___ ═
2023-03-07 22:25:46,707 INFO     ___FILE_ONLY___ ═
2023-03-07 22:25:46,827 INFO     ___FILE_ONLY___ ═
2023-03-07 22:25:46,956 INFO     ___FILE_ONLY___ ═
2023-03-07 22:25:47,042 INFO     ___FILE_ONLY___ ═
2023-03-07 22:25:47,183 INFO     ___FILE_ONLY___ ═
2023-03-07 22:25:47,274 INFO     ___FILE_ONLY___ ═
2023-03-07 22:25:47,368 INFO     ___FILE_ONLY___ ═
2023-03-07 22:25:47,464 INFO     ___FILE_ONLY___ ═
2023-03-07 22:25:47,464 INFO     ___FILE_ONLY___ ╝

2023-03-07 22:25:51,835 INFO     ___FILE_ONLY___ ╔════════════════════════════════════════════════════════════╗

2023-03-07 22:25:51,835 INFO     ___FILE_ONLY___ ╠═ Installing: Minikube                                     ═╣

2023-03-07 22:25:51,835 INFO     ___FILE_ONLY___ ╚
2023-03-07 22:25:51,837 DEBUG    urllib3.connectionpool Starting new HTTPS connection (1): dl.google.com:443
2023-03-07 22:25:52,105 DEBUG    urllib3.connectionpool https://dl.google.com:443 "GET /dl/cloudsdk/channels/rapid/components/google-cloud-sdk-minikube-darwin-arm-20230130152419.tar.gz HTTP/1.1" 200 32825665
2023-03-07 22:26:02,307 INFO     ___FILE_ONLY___ ═
2023-03-07 22:26:02,309 INFO     ___FILE_ONLY___ ═
2023-03-07 22:26:02,310 INFO     ___FILE_ONLY___ ═
2023-03-07 22:26:02,311 INFO     ___FILE_ONLY___ ═
2023-03-07 22:26:02,312 INFO     ___FILE_ONLY___ ═
2023-03-07 22:26:02,313 INFO     ___FILE_ONLY___ ═
2023-03-07 22:26:02,314 INFO     ___FILE_ONLY___ ═
2023-03-07 22:26:02,315 INFO     ___FILE_ONLY___ ═
2023-03-07 22:26:02,316 INFO     ___FILE_ONLY___ ═
2023-03-07 22:26:02,317 INFO     ___FILE_ONLY___ ═
2023-03-07 22:26:02,318 INFO     ___FILE_ONLY___ ═
2023-03-07 22:26:02,319 INFO     ___FILE_ONLY___ ═
2023-03-07 22:26:02,320 INFO     ___FILE_ONLY___ ═
2023-03-07 22:26:02,322 INFO     ___FILE_ONLY___ ═
2023-03-07 22:26:02,323 INFO     ___FILE_ONLY___ ═
2023-03-07 22:26:02,324 INFO     ___FILE_ONLY___ ═
2023-03-07 22:26:02,326 INFO     ___FILE_ONLY___ ═
2023-03-07 22:26:02,327 INFO     ___FILE_ONLY___ ═
2023-03-07 22:26:02,328 INFO     ___FILE_ONLY___ ═
2023-03-07 22:26:02,329 INFO     ___FILE_ONLY___ ═
2023-03-07 22:26:02,330 INFO     ___FILE_ONLY___ ═
2023-03-07 22:26:02,331 INFO     ___FILE_ONLY___ ═
2023-03-07 22:26:02,333 INFO     ___FILE_ONLY___ ═
2023-03-07 22:26:02,334 INFO     ___FILE_ONLY___ ═
2023-03-07 22:26:02,335 INFO     ___FILE_ONLY___ ═
2023-03-07 22:26:02,336 INFO     ___FILE_ONLY___ ═
2023-03-07 22:26:02,337 INFO     ___FILE_ONLY___ ═
2023-03-07 22:26:02,338 INFO     ___FILE_ONLY___ ═
2023-03-07 22:26:02,339 INFO     ___FILE_ONLY___ ═
2023-03-07 22:26:02,340 INFO     ___FILE_ONLY___ ═
2023-03-07 22:26:02,832 INFO     ___FILE_ONLY___ ══════════════════════════════
2023-03-07 22:26:02,832 INFO     ___FILE_ONLY___ ╝

2023-03-07 22:26:02,845 INFO     ___FILE_ONLY___ ╔════════════════════════════════════════════════════════════╗

2023-03-07 22:26:02,845 INFO     ___FILE_ONLY___ ╠═ Installing: Minikube                                     ═╣

2023-03-07 22:26:02,845 INFO     ___FILE_ONLY___ ╚
2023-03-07 22:26:02,847 INFO     ___FILE_ONLY___ ════════════════════════════════════════════════════════════
2023-03-07 22:26:02,847 INFO     ___FILE_ONLY___ ╝

2023-03-07 22:26:02,852 INFO     ___FILE_ONLY___ ╔════════════════════════════════════════════════════════════╗

2023-03-07 22:26:02,853 INFO     ___FILE_ONLY___ ╠═ Installing: Skaffold                                     ═╣

2023-03-07 22:26:02,853 INFO     ___FILE_ONLY___ ╚
2023-03-07 22:26:02,854 INFO     ___FILE_ONLY___ ════════════════════════════════════════════════════════════
2023-03-07 22:26:02,854 INFO     ___FILE_ONLY___ ╝

2023-03-07 22:26:02,860 INFO     ___FILE_ONLY___ ╔════════════════════════════════════════════════════════════╗

2023-03-07 22:26:02,860 INFO     ___FILE_ONLY___ ╠═ Installing: Skaffold                                     ═╣

2023-03-07 22:26:02,860 INFO     ___FILE_ONLY___ ╚
2023-03-07 22:26:02,861 DEBUG    urllib3.connectionpool Starting new HTTPS connection (1): dl.google.com:443
2023-03-07 22:26:03,145 DEBUG    urllib3.connectionpool https://dl.google.com:443 "GET /dl/cloudsdk/channels/rapid/components/google-cloud-sdk-skaffold-darwin-arm-20230130152419.tar.gz HTTP/1.1" 200 20943763
2023-03-07 22:26:10,556 INFO     ___FILE_ONLY___ ═
2023-03-07 22:26:10,558 INFO     ___FILE_ONLY___ ═
2023-03-07 22:26:10,559 INFO     ___FILE_ONLY___ ═
2023-03-07 22:26:10,560 INFO     ___FILE_ONLY___ ═
2023-03-07 22:26:10,561 INFO     ___FILE_ONLY___ ═
2023-03-07 22:26:10,562 INFO     ___FILE_ONLY___ ═
2023-03-07 22:26:10,563 INFO     ___FILE_ONLY___ ═
2023-03-07 22:26:10,564 INFO     ___FILE_ONLY___ ═
2023-03-07 22:26:10,565 INFO     ___FILE_ONLY___ ═
2023-03-07 22:26:10,566 INFO     ___FILE_ONLY___ ═
2023-03-07 22:26:10,567 INFO     ___FILE_ONLY___ ═
2023-03-07 22:26:10,568 INFO     ___FILE_ONLY___ ═
2023-03-07 22:26:10,569 INFO     ___FILE_ONLY___ ═
2023-03-07 22:26:10,570 INFO     ___FILE_ONLY___ ═
2023-03-07 22:26:10,571 INFO     ___FILE_ONLY___ ═
2023-03-07 22:26:10,572 INFO     ___FILE_ONLY___ ═
2023-03-07 22:26:10,573 INFO     ___FILE_ONLY___ ═
2023-03-07 22:26:10,574 INFO     ___FILE_ONLY___ ═
2023-03-07 22:26:10,575 INFO     ___FILE_ONLY___ ═
2023-03-07 22:26:10,576 INFO     ___FILE_ONLY___ ═
2023-03-07 22:26:10,577 INFO     ___FILE_ONLY___ ═
2023-03-07 22:26:10,578 INFO     ___FILE_ONLY___ ═
2023-03-07 22:26:10,579 INFO     ___FILE_ONLY___ ═
2023-03-07 22:26:10,580 INFO     ___FILE_ONLY___ ═
2023-03-07 22:26:10,581 INFO     ___FILE_ONLY___ ═
2023-03-07 22:26:10,582 INFO     ___FILE_ONLY___ ═
2023-03-07 22:26:10,583 INFO     ___FILE_ONLY___ ═
2023-03-07 22:26:10,583 INFO     ___FILE_ONLY___ ═
2023-03-07 22:26:10,584 INFO     ___FILE_ONLY___ ═
2023-03-07 22:26:10,584 INFO     ___FILE_ONLY___ ═
2023-03-07 22:26:11,072 INFO     ___FILE_ONLY___ ══════════════════════════════
2023-03-07 22:26:11,072 INFO     ___FILE_ONLY___ ╝

2023-03-07 22:26:11,083 INFO     ___FILE_ONLY___ ╔════════════════════════════════════════════════════════════╗

2023-03-07 22:26:11,083 INFO     ___FILE_ONLY___ ╠═ Installing: gcloud Alpha Commands                        ═╣

2023-03-07 22:26:11,083 INFO     ___FILE_ONLY___ ╚
2023-03-07 22:26:11,084 DEBUG    urllib3.connectionpool Starting new HTTPS connection (1): dl.google.com:443
2023-03-07 22:26:11,302 DEBUG    urllib3.connectionpool https://dl.google.com:443 "GET /dl/cloudsdk/channels/rapid/components/google-cloud-sdk-alpha-20230303155151.tar.gz HTTP/1.1" 200 800
2023-03-07 22:26:11,306 INFO     ___FILE_ONLY___ ══════════════════════════════
2023-03-07 22:26:11,310 INFO     ___FILE_ONLY___ ══════════════════════════════
2023-03-07 22:26:11,310 INFO     ___FILE_ONLY___ ╝

2023-03-07 22:26:11,333 INFO     ___FILE_ONLY___ ╔════════════════════════════════════════════════════════════╗

2023-03-07 22:26:11,334 INFO     ___FILE_ONLY___ ╠═ Installing: gcloud Beta Commands                         ═╣

2023-03-07 22:26:11,334 INFO     ___FILE_ONLY___ ╚
2023-03-07 22:26:11,337 DEBUG    urllib3.connectionpool Starting new HTTPS connection (1): dl.google.com:443
2023-03-07 22:26:11,564 DEBUG    urllib3.connectionpool https://dl.google.com:443 "GET /dl/cloudsdk/channels/rapid/components/google-cloud-sdk-beta-20230303155151.tar.gz HTTP/1.1" 200 797
2023-03-07 22:26:11,566 INFO     ___FILE_ONLY___ ══════════════════════════════
2023-03-07 22:26:11,569 INFO     ___FILE_ONLY___ ══════════════════════════════
2023-03-07 22:26:11,569 INFO     ___FILE_ONLY___ ╝

2023-03-07 22:26:11,610 INFO     ___FILE_ONLY___ ╔════════════════════════════════════════════════════════════╗

2023-03-07 22:26:11,610 INFO     ___FILE_ONLY___ ╠═ Installing: gcloud cli dependencies                      ═╣

2023-03-07 22:26:11,610 INFO     ___FILE_ONLY___ ╚
2023-03-07 22:26:11,614 DEBUG    urllib3.connectionpool Starting new HTTPS connection (1): dl.google.com:443
2023-03-07 22:26:11,844 DEBUG    urllib3.connectionpool https://dl.google.com:443 "GET /dl/cloudsdk/channels/rapid/components/google-cloud-sdk-gcloud-deps-darwin-x86_64-20210416153011.tar.gz HTTP/1.1" 200 105
2023-03-07 22:26:11,846 INFO     ___FILE_ONLY___ ══════════════════════════════
2023-03-07 22:26:11,847 INFO     ___FILE_ONLY___ ══════════════════════════════
2023-03-07 22:26:11,849 INFO     ___FILE_ONLY___ ╝

2023-03-07 22:26:11,886 INFO     ___FILE_ONLY___ ╔════════════════════════════════════════════════════════════╗

2023-03-07 22:26:11,886 INFO     ___FILE_ONLY___ ╠═ Installing: gke-gcloud-auth-plugin                       ═╣

2023-03-07 22:26:11,886 INFO     ___FILE_ONLY___ ╚
2023-03-07 22:26:11,889 DEBUG    urllib3.connectionpool Starting new HTTPS connection (1): dl.google.com:443
2023-03-07 22:26:12,139 DEBUG    urllib3.connectionpool https://dl.google.com:443 "GET /dl/cloudsdk/channels/rapid/components/google-cloud-sdk-gke-gcloud-auth-plugin-darwin-arm-20230303155151.tar.gz HTTP/1.1" 200 7495694
2023-03-07 22:26:14,235 INFO     ___FILE_ONLY___ ═
2023-03-07 22:26:14,235 INFO     ___FILE_ONLY___ ═
2023-03-07 22:26:14,236 INFO     ___FILE_ONLY___ ═
2023-03-07 22:26:14,236 INFO     ___FILE_ONLY___ ═
2023-03-07 22:26:14,237 INFO     ___FILE_ONLY___ ═
2023-03-07 22:26:14,237 INFO     ___FILE_ONLY___ ═
2023-03-07 22:26:14,238 INFO     ___FILE_ONLY___ ═
2023-03-07 22:26:14,238 INFO     ___FILE_ONLY___ ═
2023-03-07 22:26:14,238 INFO     ___FILE_ONLY___ ═
2023-03-07 22:26:14,239 INFO     ___FILE_ONLY___ ═
2023-03-07 22:26:14,239 INFO     ___FILE_ONLY___ ═
2023-03-07 22:26:14,240 INFO     ___FILE_ONLY___ ═
2023-03-07 22:26:14,240 INFO     ___FILE_ONLY___ ═
2023-03-07 22:26:14,241 INFO     ___FILE_ONLY___ ═
2023-03-07 22:26:14,241 INFO     ___FILE_ONLY___ ═
2023-03-07 22:26:14,241 INFO     ___FILE_ONLY___ ═
2023-03-07 22:26:14,242 INFO     ___FILE_ONLY___ ═
2023-03-07 22:26:14,242 INFO     ___FILE_ONLY___ ═
2023-03-07 22:26:14,243 INFO     ___FILE_ONLY___ ═
2023-03-07 22:26:14,243 INFO     ___FILE_ONLY___ ═
2023-03-07 22:26:14,243 INFO     ___FILE_ONLY___ ═
2023-03-07 22:26:14,244 INFO     ___FILE_ONLY___ ═
2023-03-07 22:26:14,244 INFO     ___FILE_ONLY___ ═
2023-03-07 22:26:14,245 INFO     ___FILE_ONLY___ ═
2023-03-07 22:26:14,245 INFO     ___FILE_ONLY___ ═
2023-03-07 22:26:14,245 INFO     ___FILE_ONLY___ ═
2023-03-07 22:26:14,246 INFO     ___FILE_ONLY___ ═
2023-03-07 22:26:14,246 INFO     ___FILE_ONLY___ ═
2023-03-07 22:26:14,247 INFO     ___FILE_ONLY___ ═
2023-03-07 22:26:14,247 INFO     ___FILE_ONLY___ ═
2023-03-07 22:26:14,382 INFO     ___FILE_ONLY___ ══════════════════════════════
2023-03-07 22:26:14,382 INFO     ___FILE_ONLY___ ╝

2023-03-07 22:26:14,391 INFO     ___FILE_ONLY___ ╔════════════════════════════════════════════════════════════╗

2023-03-07 22:26:14,391 INFO     ___FILE_ONLY___ ╠═ Installing: gke-gcloud-auth-plugin                       ═╣

2023-03-07 22:26:14,391 INFO     ___FILE_ONLY___ ╚
2023-03-07 22:26:14,393 INFO     ___FILE_ONLY___ ════════════════════════════════════════════════════════════
2023-03-07 22:26:14,393 INFO     ___FILE_ONLY___ ╝

2023-03-07 22:26:14,399 INFO     ___FILE_ONLY___ ╔════════════════════════════════════════════════════════════╗

2023-03-07 22:26:14,399 INFO     ___FILE_ONLY___ ╠═ Installing: kubectl                                      ═╣

2023-03-07 22:26:14,399 INFO     ___FILE_ONLY___ ╚
2023-03-07 22:26:14,401 DEBUG    urllib3.connectionpool Starting new HTTPS connection (1): dl.google.com:443
2023-03-07 22:26:14,618 DEBUG    urllib3.connectionpool https://dl.google.com:443 "GET /dl/cloudsdk/channels/rapid/components/google-cloud-sdk-kubectl-20230303155151.tar.gz HTTP/1.1" 200 35450
2023-03-07 22:26:14,655 INFO     ___FILE_ONLY___ ═════════════
2023-03-07 22:26:14,655 INFO     ___FILE_ONLY___ ══════════════
2023-03-07 22:26:14,655 INFO     ___FILE_ONLY___ ═══
2023-03-07 22:26:14,662 INFO     ___FILE_ONLY___ ══════════════════════════════
2023-03-07 22:26:14,662 INFO     ___FILE_ONLY___ ╝

2023-03-07 22:26:14,688 INFO     ___FILE_ONLY___ ╔════════════════════════════════════════════════════════════╗

2023-03-07 22:26:14,688 INFO     ___FILE_ONLY___ ╠═ Installing: kubectl                                      ═╣

2023-03-07 22:26:14,688 INFO     ___FILE_ONLY___ ╚
2023-03-07 22:26:14,691 DEBUG    urllib3.connectionpool Starting new HTTPS connection (1): dl.google.com:443
2023-03-07 22:26:14,975 DEBUG    urllib3.connectionpool https://dl.google.com:443 "GET /dl/cloudsdk/channels/rapid/components/google-cloud-sdk-kubectl-darwin-arm-20230303155151.tar.gz HTTP/1.1" 200 97309494
2023-03-07 22:26:39,813 INFO     ___FILE_ONLY___ ═
2023-03-07 22:26:39,815 INFO     ___FILE_ONLY___ ═
2023-03-07 22:26:39,817 INFO     ___FILE_ONLY___ ═
2023-03-07 22:26:39,820 INFO     ___FILE_ONLY___ ═
2023-03-07 22:26:39,822 INFO     ___FILE_ONLY___ ═
2023-03-07 22:26:39,824 INFO     ___FILE_ONLY___ ═
2023-03-07 22:26:39,826 INFO     ___FILE_ONLY___ ═
2023-03-07 22:26:39,828 INFO     ___FILE_ONLY___ ═
2023-03-07 22:26:39,831 INFO     ___FILE_ONLY___ ═
2023-03-07 22:26:39,833 INFO     ___FILE_ONLY___ ═
2023-03-07 22:26:39,835 INFO     ___FILE_ONLY___ ═
2023-03-07 22:26:39,837 INFO     ___FILE_ONLY___ ═
2023-03-07 22:26:39,839 INFO     ___FILE_ONLY___ ═
2023-03-07 22:26:39,841 INFO     ___FILE_ONLY___ ═
2023-03-07 22:26:39,846 INFO     ___FILE_ONLY___ ═
2023-03-07 22:26:39,852 INFO     ___FILE_ONLY___ ═
2023-03-07 22:26:39,856 INFO     ___FILE_ONLY___ ═
2023-03-07 22:26:39,860 INFO     ___FILE_ONLY___ ═
2023-03-07 22:26:39,863 INFO     ___FILE_ONLY___ ═
2023-03-07 22:26:39,865 INFO     ___FILE_ONLY___ ═
2023-03-07 22:26:39,867 INFO     ___FILE_ONLY___ ═
2023-03-07 22:26:39,869 INFO     ___FILE_ONLY___ ═
2023-03-07 22:26:39,870 INFO     ___FILE_ONLY___ ═
2023-03-07 22:26:39,872 INFO     ___FILE_ONLY___ ═
2023-03-07 22:26:39,874 INFO     ___FILE_ONLY___ ═
2023-03-07 22:26:39,876 INFO     ___FILE_ONLY___ ═
2023-03-07 22:26:39,878 INFO     ___FILE_ONLY___ ═
2023-03-07 22:26:39,879 INFO     ___FILE_ONLY___ ═
2023-03-07 22:26:39,881 INFO     ___FILE_ONLY___ ═
2023-03-07 22:26:39,884 INFO     ___FILE_ONLY___ ═
2023-03-07 22:26:41,002 INFO     ___FILE_ONLY___ ════
2023-03-07 22:26:41,167 INFO     ___FILE_ONLY___ ════
2023-03-07 22:26:41,345 INFO     ___FILE_ONLY___ ════
2023-03-07 22:26:41,511 INFO     ___FILE_ONLY___ ═════
2023-03-07 22:26:41,686 INFO     ___FILE_ONLY___ ════
2023-03-07 22:26:41,855 INFO     ___FILE_ONLY___ ════
2023-03-07 22:26:42,027 INFO     ___FILE_ONLY___ ═════
2023-03-07 22:26:42,027 INFO     ___FILE_ONLY___ ╝

2023-03-07 22:26:42,041 INFO     ___FILE_ONLY___ ╔════════════════════════════════════════════════════════════╗

2023-03-07 22:26:42,042 INFO     ___FILE_ONLY___ ╠═ Creating backup and activating new installation          ═╣

2023-03-07 22:26:42,042 INFO     ___FILE_ONLY___ ╚
2023-03-07 22:26:42,042 DEBUG    root            Attempting to move directory [/Users/auxia/Library/Application Support/cloud-code/installer/google-cloud-sdk] to [/Users/auxia/Library/Application Support/cloud-code/installer/google-cloud-sdk.staging/.install/.backup]
2023-03-07 22:26:42,042 INFO     ___FILE_ONLY___ ══════════════════════════════
2023-03-07 22:26:42,042 DEBUG    root            Attempting to move directory [/Users/auxia/Library/Application Support/cloud-code/installer/google-cloud-sdk.staging] to [/Users/auxia/Library/Application Support/cloud-code/installer/google-cloud-sdk]
2023-03-07 22:26:42,042 INFO     ___FILE_ONLY___ ══════════════════════════════
2023-03-07 22:26:42,042 INFO     ___FILE_ONLY___ ╝

2023-03-07 22:26:42,047 DEBUG    root            Updating notification cache...
2023-03-07 22:26:42,048 INFO     ___FILE_ONLY___ 

2023-03-07 22:26:42,053 INFO     ___FILE_ONLY___ Performing post processing steps...
2023-03-07 22:26:42,054 DEBUG    root            Executing command: ['/Users/auxia/miniconda3/bin/python3', '-S', '/Users/auxia/Library/Application Support/cloud-code/installer/google-cloud-sdk/lib/gcloud.py', 'components', 'post-process']
2023-03-07 22:26:56,338 DEBUG    ___FILE_ONLY___ 
2023-03-07 22:26:56,339 DEBUG    ___FILE_ONLY___ 
2023-03-07 22:26:56,514 INFO     ___FILE_ONLY___ 
Update done!


2023-03-07 22:26:56,530 WARNING  root              There are other instances of Google Cloud tools on your system PATH.
  Please remove the following to avoid confusion or accidental invocation:

  /Applications/Docker.app/Contents/Resources/bin/kubectl

  
2023-03-07 22:26:56,539 DEBUG    root            Chosen display Format:none
2023-03-07 22:26:56,540 INFO     root            Display format: "none"
