2023-02-18 20:42:19,851 DEBUG    root            Loaded Command Group: ['gcloud', 'components']
2023-02-18 20:42:19,853 DEBUG    root            Loaded Command Group: ['gcloud', 'components', 'install']
2023-02-18 20:42:19,854 DEBUG    root            Running [gcloud.components.install] with arguments: [--quiet: "True", COMPONENT-IDS:7: "['alpha', 'beta', 'gke-gcloud-auth-plugin', 'kubectl', 'skaffold', 'minikube', 'gsutil']"]
2023-02-18 20:42:19,861 DEBUG    urllib3.connectionpool Starting new HTTPS connection (1): dl.google.com:443
2023-02-18 20:42:20,020 DEBUG    urllib3.connectionpool https://dl.google.com:443 "GET /dl/cloudsdk/channels/rapid/components-v418.0.0.json HTTP/1.1" 200 206156
2023-02-18 20:42:20,121 INFO     ___FILE_ONLY___ 

2023-02-18 20:42:20,121 INFO     ___FILE_ONLY___ 
Your current Google Cloud CLI version is: 418.0.0

2023-02-18 20:42:20,121 INFO     ___FILE_ONLY___ Installing components from version: 418.0.0

2023-02-18 20:42:20,121 INFO     ___FILE_ONLY___ 

2023-02-18 20:42:20,121 DEBUG    root            Chosen display Format:table[box,title="These components will be removed."](details.display_name:label=Name:align=left,version.version_string:label=Version:align=right,data.size.size(zero="",min=1048576):label=Size:align=right)
2023-02-18 20:42:20,122 DEBUG    root            Chosen display Format:table[box,title="These components will be updated."](details.display_name:label=Name:align=left,version.version_string:label=Version:align=right,data.size.size(zero="",min=1048576):label=Size:align=right)
2023-02-18 20:42:20,122 DEBUG    root            Chosen display Format:table[box,title="These components will be installed."](details.display_name:label=Name:align=left,version.version_string:label=Version:align=right,data.size.size(zero="",min=1048576):label=Size:align=right)
2023-02-18 20:42:20,123 INFO     ___FILE_ONLY___ ┌─────────────────────────────────────────────────┐
2023-02-18 20:42:20,123 INFO     ___FILE_ONLY___ 

2023-02-18 20:42:20,124 INFO     ___FILE_ONLY___ │       These components will be installed.       │
2023-02-18 20:42:20,124 INFO     ___FILE_ONLY___ 

2023-02-18 20:42:20,124 INFO     ___FILE_ONLY___ ├─────────────────────────┬────────────┬──────────┤
2023-02-18 20:42:20,124 INFO     ___FILE_ONLY___ 

2023-02-18 20:42:20,124 INFO     ___FILE_ONLY___ │           Name          │  Version   │   Size   │
2023-02-18 20:42:20,124 INFO     ___FILE_ONLY___ 

2023-02-18 20:42:20,124 INFO     ___FILE_ONLY___ ├─────────────────────────┼────────────┼──────────┤
2023-02-18 20:42:20,124 INFO     ___FILE_ONLY___ 

2023-02-18 20:42:20,124 INFO     ___FILE_ONLY___ │ 
2023-02-18 20:42:20,124 INFO     ___FILE_ONLY___ Minikube               
2023-02-18 20:42:20,124 INFO     ___FILE_ONLY___  
2023-02-18 20:42:20,124 INFO     ___FILE_ONLY___ │ 
2023-02-18 20:42:20,124 INFO     ___FILE_ONLY___     1.29.0
2023-02-18 20:42:20,124 INFO     ___FILE_ONLY___  
2023-02-18 20:42:20,124 INFO     ___FILE_ONLY___ │ 
2023-02-18 20:42:20,124 INFO     ___FILE_ONLY___ 31.3 MiB
2023-02-18 20:42:20,124 INFO     ___FILE_ONLY___  
2023-02-18 20:42:20,124 INFO     ___FILE_ONLY___ │
2023-02-18 20:42:20,124 INFO     ___FILE_ONLY___ 

2023-02-18 20:42:20,124 INFO     ___FILE_ONLY___ │ 
2023-02-18 20:42:20,124 INFO     ___FILE_ONLY___ Skaffold               
2023-02-18 20:42:20,124 INFO     ___FILE_ONLY___  
2023-02-18 20:42:20,124 INFO     ___FILE_ONLY___ │ 
2023-02-18 20:42:20,124 INFO     ___FILE_ONLY___      2.1.0
2023-02-18 20:42:20,124 INFO     ___FILE_ONLY___  
2023-02-18 20:42:20,124 INFO     ___FILE_ONLY___ │ 
2023-02-18 20:42:20,124 INFO     ___FILE_ONLY___ 20.0 MiB
2023-02-18 20:42:20,124 INFO     ___FILE_ONLY___  
2023-02-18 20:42:20,124 INFO     ___FILE_ONLY___ │
2023-02-18 20:42:20,124 INFO     ___FILE_ONLY___ 

2023-02-18 20:42:20,124 INFO     ___FILE_ONLY___ │ 
2023-02-18 20:42:20,124 INFO     ___FILE_ONLY___ gcloud Alpha Commands  
2023-02-18 20:42:20,124 INFO     ___FILE_ONLY___  
2023-02-18 20:42:20,124 INFO     ___FILE_ONLY___ │ 
2023-02-18 20:42:20,124 INFO     ___FILE_ONLY___ 2023.02.13
2023-02-18 20:42:20,124 INFO     ___FILE_ONLY___  
2023-02-18 20:42:20,124 INFO     ___FILE_ONLY___ │ 
2023-02-18 20:42:20,124 INFO     ___FILE_ONLY___  < 1 MiB
2023-02-18 20:42:20,124 INFO     ___FILE_ONLY___  
2023-02-18 20:42:20,124 INFO     ___FILE_ONLY___ │
2023-02-18 20:42:20,124 INFO     ___FILE_ONLY___ 

2023-02-18 20:42:20,124 INFO     ___FILE_ONLY___ │ 
2023-02-18 20:42:20,124 INFO     ___FILE_ONLY___ gcloud Beta Commands   
2023-02-18 20:42:20,124 INFO     ___FILE_ONLY___  
2023-02-18 20:42:20,124 INFO     ___FILE_ONLY___ │ 
2023-02-18 20:42:20,125 INFO     ___FILE_ONLY___ 2023.02.13
2023-02-18 20:42:20,125 INFO     ___FILE_ONLY___  
2023-02-18 20:42:20,125 INFO     ___FILE_ONLY___ │ 
2023-02-18 20:42:20,125 INFO     ___FILE_ONLY___  < 1 MiB
2023-02-18 20:42:20,125 INFO     ___FILE_ONLY___  
2023-02-18 20:42:20,125 INFO     ___FILE_ONLY___ │
2023-02-18 20:42:20,125 INFO     ___FILE_ONLY___ 

2023-02-18 20:42:20,125 INFO     ___FILE_ONLY___ │ 
2023-02-18 20:42:20,125 INFO     ___FILE_ONLY___ gcloud cli dependencies
2023-02-18 20:42:20,125 INFO     ___FILE_ONLY___  
2023-02-18 20:42:20,125 INFO     ___FILE_ONLY___ │ 
2023-02-18 20:42:20,125 INFO     ___FILE_ONLY___ 2021.04.16
2023-02-18 20:42:20,125 INFO     ___FILE_ONLY___  
2023-02-18 20:42:20,125 INFO     ___FILE_ONLY___ │ 
2023-02-18 20:42:20,125 INFO     ___FILE_ONLY___  < 1 MiB
2023-02-18 20:42:20,125 INFO     ___FILE_ONLY___  
2023-02-18 20:42:20,125 INFO     ___FILE_ONLY___ │
2023-02-18 20:42:20,125 INFO     ___FILE_ONLY___ 

2023-02-18 20:42:20,125 INFO     ___FILE_ONLY___ │ 
2023-02-18 20:42:20,125 INFO     ___FILE_ONLY___ gke-gcloud-auth-plugin 
2023-02-18 20:42:20,125 INFO     ___FILE_ONLY___  
2023-02-18 20:42:20,125 INFO     ___FILE_ONLY___ │ 
2023-02-18 20:42:20,125 INFO     ___FILE_ONLY___      0.4.0
2023-02-18 20:42:20,125 INFO     ___FILE_ONLY___  
2023-02-18 20:42:20,125 INFO     ___FILE_ONLY___ │ 
2023-02-18 20:42:20,125 INFO     ___FILE_ONLY___  7.1 MiB
2023-02-18 20:42:20,125 INFO     ___FILE_ONLY___  
2023-02-18 20:42:20,125 INFO     ___FILE_ONLY___ │
2023-02-18 20:42:20,125 INFO     ___FILE_ONLY___ 

2023-02-18 20:42:20,125 INFO     ___FILE_ONLY___ │ 
2023-02-18 20:42:20,125 INFO     ___FILE_ONLY___ kubectl                
2023-02-18 20:42:20,125 INFO     ___FILE_ONLY___  
2023-02-18 20:42:20,125 INFO     ___FILE_ONLY___ │ 
2023-02-18 20:42:20,125 INFO     ___FILE_ONLY___    1.24.10
2023-02-18 20:42:20,125 INFO     ___FILE_ONLY___  
2023-02-18 20:42:20,125 INFO     ___FILE_ONLY___ │ 
2023-02-18 20:42:20,125 INFO     ___FILE_ONLY___ 92.8 MiB
2023-02-18 20:42:20,125 INFO     ___FILE_ONLY___  
2023-02-18 20:42:20,125 INFO     ___FILE_ONLY___ │
2023-02-18 20:42:20,125 INFO     ___FILE_ONLY___ 

2023-02-18 20:42:20,125 INFO     ___FILE_ONLY___ │ 
2023-02-18 20:42:20,125 INFO     ___FILE_ONLY___ kubectl                
2023-02-18 20:42:20,125 INFO     ___FILE_ONLY___  
2023-02-18 20:42:20,125 INFO     ___FILE_ONLY___ │ 
2023-02-18 20:42:20,126 INFO     ___FILE_ONLY___    1.24.10
2023-02-18 20:42:20,126 INFO     ___FILE_ONLY___  
2023-02-18 20:42:20,126 INFO     ___FILE_ONLY___ │ 
2023-02-18 20:42:20,126 INFO     ___FILE_ONLY___  < 1 MiB
2023-02-18 20:42:20,126 INFO     ___FILE_ONLY___  
2023-02-18 20:42:20,126 INFO     ___FILE_ONLY___ │
2023-02-18 20:42:20,126 INFO     ___FILE_ONLY___ 

2023-02-18 20:42:20,126 INFO     ___FILE_ONLY___ └─────────────────────────┴────────────┴──────────┘
2023-02-18 20:42:20,126 INFO     ___FILE_ONLY___ 

2023-02-18 20:42:20,126 INFO     ___FILE_ONLY___ 

2023-02-18 20:42:20,127 DEBUG    urllib3.connectionpool Starting new HTTPS connection (1): dl.google.com:443
2023-02-18 20:42:20,313 DEBUG    urllib3.connectionpool https://dl.google.com:443 "GET /dl/cloudsdk/channels/rapid/RELEASE_NOTES HTTP/1.1" 200 951663
2023-02-18 20:42:20,519 INFO     ___FILE_ONLY___ For the latest full release notes, please visit:
  https://cloud.google.com/sdk/release_notes


2023-02-18 20:42:20,527 INFO     ___FILE_ONLY___ ╔════════════════════════════════════════════════════════════╗

2023-02-18 20:42:20,527 INFO     ___FILE_ONLY___ ╠═ Creating update staging area                             ═╣

2023-02-18 20:42:20,527 INFO     ___FILE_ONLY___ ╚
2023-02-18 20:42:20,527 INFO     ___FILE_ONLY___ ══════
2023-02-18 20:42:20,527 INFO     ___FILE_ONLY___ ══════
2023-02-18 20:42:20,527 INFO     ___FILE_ONLY___ ══════
2023-02-18 20:42:20,925 INFO     ___FILE_ONLY___ ═
2023-02-18 20:42:21,044 INFO     ___FILE_ONLY___ ═
2023-02-18 20:42:21,295 INFO     ___FILE_ONLY___ ═
2023-02-18 20:42:21,445 INFO     ___FILE_ONLY___ ═
2023-02-18 20:42:21,605 INFO     ___FILE_ONLY___ ═
2023-02-18 20:42:21,843 INFO     ___FILE_ONLY___ ═
2023-02-18 20:42:22,034 INFO     ___FILE_ONLY___ ═
2023-02-18 20:42:22,215 INFO     ___FILE_ONLY___ ═
2023-02-18 20:42:22,353 INFO     ___FILE_ONLY___ ═
2023-02-18 20:42:22,467 INFO     ___FILE_ONLY___ ═
2023-02-18 20:42:22,726 INFO     ___FILE_ONLY___ ═
2023-02-18 20:42:22,877 INFO     ___FILE_ONLY___ ═
2023-02-18 20:42:22,994 INFO     ___FILE_ONLY___ ═
2023-02-18 20:42:23,085 INFO     ___FILE_ONLY___ ═
2023-02-18 20:42:23,173 INFO     ___FILE_ONLY___ ═
2023-02-18 20:42:23,277 INFO     ___FILE_ONLY___ ═
2023-02-18 20:42:23,418 INFO     ___FILE_ONLY___ ═
2023-02-18 20:42:23,547 INFO     ___FILE_ONLY___ ═
2023-02-18 20:42:23,711 INFO     ___FILE_ONLY___ ═
2023-02-18 20:42:23,886 INFO     ___FILE_ONLY___ ═
2023-02-18 20:42:24,052 INFO     ___FILE_ONLY___ ═
2023-02-18 20:42:24,196 INFO     ___FILE_ONLY___ ═
2023-02-18 20:42:24,327 INFO     ___FILE_ONLY___ ═
2023-02-18 20:42:24,468 INFO     ___FILE_ONLY___ ═
2023-02-18 20:42:24,611 INFO     ___FILE_ONLY___ ═
2023-02-18 20:42:24,751 INFO     ___FILE_ONLY___ ═
2023-02-18 20:42:24,876 INFO     ___FILE_ONLY___ ═
2023-02-18 20:42:25,027 INFO     ___FILE_ONLY___ ═
2023-02-18 20:42:25,163 INFO     ___FILE_ONLY___ ═
2023-02-18 20:42:25,320 INFO     ___FILE_ONLY___ ═
2023-02-18 20:42:25,484 INFO     ___FILE_ONLY___ ═
2023-02-18 20:42:25,643 INFO     ___FILE_ONLY___ ═
2023-02-18 20:42:25,757 INFO     ___FILE_ONLY___ ═
2023-02-18 20:42:25,885 INFO     ___FILE_ONLY___ ═
2023-02-18 20:42:26,022 INFO     ___FILE_ONLY___ ═
2023-02-18 20:42:26,233 INFO     ___FILE_ONLY___ ═
2023-02-18 20:42:26,502 INFO     ___FILE_ONLY___ ═
2023-02-18 20:42:26,568 INFO     ___FILE_ONLY___ ═
2023-02-18 20:42:26,641 INFO     ___FILE_ONLY___ ═
2023-02-18 20:42:26,703 INFO     ___FILE_ONLY___ ═
2023-02-18 20:42:26,764 INFO     ___FILE_ONLY___ ═
2023-02-18 20:42:26,875 INFO     ___FILE_ONLY___ ═
2023-02-18 20:42:26,875 INFO     ___FILE_ONLY___ ╝

2023-02-18 20:42:27,429 INFO     ___FILE_ONLY___ ╔════════════════════════════════════════════════════════════╗

2023-02-18 20:42:27,429 INFO     ___FILE_ONLY___ ╠═ Installing: Minikube                                     ═╣

2023-02-18 20:42:27,429 INFO     ___FILE_ONLY___ ╚
2023-02-18 20:42:27,431 DEBUG    urllib3.connectionpool Starting new HTTPS connection (1): dl.google.com:443
2023-02-18 20:42:27,609 DEBUG    urllib3.connectionpool https://dl.google.com:443 "GET /dl/cloudsdk/channels/rapid/components/google-cloud-sdk-minikube-darwin-arm-20230130152419.tar.gz HTTP/1.1" 200 32825665
2023-02-18 20:42:30,836 INFO     ___FILE_ONLY___ ═
2023-02-18 20:42:30,837 INFO     ___FILE_ONLY___ ═
2023-02-18 20:42:30,838 INFO     ___FILE_ONLY___ ═
2023-02-18 20:42:30,838 INFO     ___FILE_ONLY___ ═
2023-02-18 20:42:30,839 INFO     ___FILE_ONLY___ ═
2023-02-18 20:42:30,839 INFO     ___FILE_ONLY___ ═
2023-02-18 20:42:30,840 INFO     ___FILE_ONLY___ ═
2023-02-18 20:42:30,841 INFO     ___FILE_ONLY___ ═
2023-02-18 20:42:30,841 INFO     ___FILE_ONLY___ ═
2023-02-18 20:42:30,842 INFO     ___FILE_ONLY___ ═
2023-02-18 20:42:30,842 INFO     ___FILE_ONLY___ ═
2023-02-18 20:42:30,843 INFO     ___FILE_ONLY___ ═
2023-02-18 20:42:30,843 INFO     ___FILE_ONLY___ ═
2023-02-18 20:42:30,844 INFO     ___FILE_ONLY___ ═
2023-02-18 20:42:30,844 INFO     ___FILE_ONLY___ ═
2023-02-18 20:42:30,845 INFO     ___FILE_ONLY___ ═
2023-02-18 20:42:30,845 INFO     ___FILE_ONLY___ ═
2023-02-18 20:42:30,846 INFO     ___FILE_ONLY___ ═
2023-02-18 20:42:30,846 INFO     ___FILE_ONLY___ ═
2023-02-18 20:42:30,847 INFO     ___FILE_ONLY___ ═
2023-02-18 20:42:30,848 INFO     ___FILE_ONLY___ ═
2023-02-18 20:42:30,848 INFO     ___FILE_ONLY___ ═
2023-02-18 20:42:30,849 INFO     ___FILE_ONLY___ ═
2023-02-18 20:42:30,849 INFO     ___FILE_ONLY___ ═
2023-02-18 20:42:30,850 INFO     ___FILE_ONLY___ ═
2023-02-18 20:42:30,850 INFO     ___FILE_ONLY___ ═
2023-02-18 20:42:30,851 INFO     ___FILE_ONLY___ ═
2023-02-18 20:42:30,851 INFO     ___FILE_ONLY___ ═
2023-02-18 20:42:30,852 INFO     ___FILE_ONLY___ ═
2023-02-18 20:42:30,852 INFO     ___FILE_ONLY___ ═
2023-02-18 20:42:31,346 INFO     ___FILE_ONLY___ ══════════════════════════════
2023-02-18 20:42:31,346 INFO     ___FILE_ONLY___ ╝

2023-02-18 20:42:31,357 INFO     ___FILE_ONLY___ ╔════════════════════════════════════════════════════════════╗

2023-02-18 20:42:31,357 INFO     ___FILE_ONLY___ ╠═ Installing: Minikube                                     ═╣

2023-02-18 20:42:31,357 INFO     ___FILE_ONLY___ ╚
2023-02-18 20:42:31,359 INFO     ___FILE_ONLY___ ════════════════════════════════════════════════════════════
2023-02-18 20:42:31,359 INFO     ___FILE_ONLY___ ╝

2023-02-18 20:42:31,365 INFO     ___FILE_ONLY___ ╔════════════════════════════════════════════════════════════╗

2023-02-18 20:42:31,365 INFO     ___FILE_ONLY___ ╠═ Installing: Skaffold                                     ═╣

2023-02-18 20:42:31,365 INFO     ___FILE_ONLY___ ╚
2023-02-18 20:42:31,366 INFO     ___FILE_ONLY___ ════════════════════════════════════════════════════════════
2023-02-18 20:42:31,366 INFO     ___FILE_ONLY___ ╝

2023-02-18 20:42:31,372 INFO     ___FILE_ONLY___ ╔════════════════════════════════════════════════════════════╗

2023-02-18 20:42:31,372 INFO     ___FILE_ONLY___ ╠═ Installing: Skaffold                                     ═╣

2023-02-18 20:42:31,372 INFO     ___FILE_ONLY___ ╚
2023-02-18 20:42:31,374 DEBUG    urllib3.connectionpool Starting new HTTPS connection (1): dl.google.com:443
2023-02-18 20:42:31,553 DEBUG    urllib3.connectionpool https://dl.google.com:443 "GET /dl/cloudsdk/channels/rapid/components/google-cloud-sdk-skaffold-darwin-arm-20230130152419.tar.gz HTTP/1.1" 200 20943763
2023-02-18 20:42:33,519 INFO     ___FILE_ONLY___ ═
2023-02-18 20:42:33,520 INFO     ___FILE_ONLY___ ═
2023-02-18 20:42:33,520 INFO     ___FILE_ONLY___ ═
2023-02-18 20:42:33,520 INFO     ___FILE_ONLY___ ═
2023-02-18 20:42:33,521 INFO     ___FILE_ONLY___ ═
2023-02-18 20:42:33,521 INFO     ___FILE_ONLY___ ═
2023-02-18 20:42:33,521 INFO     ___FILE_ONLY___ ═
2023-02-18 20:42:33,522 INFO     ___FILE_ONLY___ ═
2023-02-18 20:42:33,522 INFO     ___FILE_ONLY___ ═
2023-02-18 20:42:33,523 INFO     ___FILE_ONLY___ ═
2023-02-18 20:42:33,523 INFO     ___FILE_ONLY___ ═
2023-02-18 20:42:33,523 INFO     ___FILE_ONLY___ ═
2023-02-18 20:42:33,524 INFO     ___FILE_ONLY___ ═
2023-02-18 20:42:33,525 INFO     ___FILE_ONLY___ ═
2023-02-18 20:42:33,525 INFO     ___FILE_ONLY___ ═
2023-02-18 20:42:33,526 INFO     ___FILE_ONLY___ ═
2023-02-18 20:42:33,527 INFO     ___FILE_ONLY___ ═
2023-02-18 20:42:33,527 INFO     ___FILE_ONLY___ ═
2023-02-18 20:42:33,528 INFO     ___FILE_ONLY___ ═
2023-02-18 20:42:33,528 INFO     ___FILE_ONLY___ ═
2023-02-18 20:42:33,529 INFO     ___FILE_ONLY___ ═
2023-02-18 20:42:33,529 INFO     ___FILE_ONLY___ ═
2023-02-18 20:42:33,530 INFO     ___FILE_ONLY___ ═
2023-02-18 20:42:33,531 INFO     ___FILE_ONLY___ ═
2023-02-18 20:42:33,531 INFO     ___FILE_ONLY___ ═
2023-02-18 20:42:33,532 INFO     ___FILE_ONLY___ ═
2023-02-18 20:42:33,533 INFO     ___FILE_ONLY___ ═
2023-02-18 20:42:33,533 INFO     ___FILE_ONLY___ ═
2023-02-18 20:42:33,534 INFO     ___FILE_ONLY___ ═
2023-02-18 20:42:33,534 INFO     ___FILE_ONLY___ ═
2023-02-18 20:42:34,007 INFO     ___FILE_ONLY___ ══════════════════════════════
2023-02-18 20:42:34,007 INFO     ___FILE_ONLY___ ╝

2023-02-18 20:42:34,018 INFO     ___FILE_ONLY___ ╔════════════════════════════════════════════════════════════╗

2023-02-18 20:42:34,018 INFO     ___FILE_ONLY___ ╠═ Installing: gcloud Alpha Commands                        ═╣

2023-02-18 20:42:34,018 INFO     ___FILE_ONLY___ ╚
2023-02-18 20:42:34,021 DEBUG    urllib3.connectionpool Starting new HTTPS connection (1): dl.google.com:443
2023-02-18 20:42:34,212 DEBUG    urllib3.connectionpool https://dl.google.com:443 "GET /dl/cloudsdk/channels/rapid/components/google-cloud-sdk-alpha-20230213205029.tar.gz HTTP/1.1" 200 800
2023-02-18 20:42:34,212 INFO     ___FILE_ONLY___ ══════════════════════════════
2023-02-18 20:42:34,214 INFO     ___FILE_ONLY___ ══════════════════════════════
2023-02-18 20:42:34,214 INFO     ___FILE_ONLY___ ╝

2023-02-18 20:42:34,232 INFO     ___FILE_ONLY___ ╔════════════════════════════════════════════════════════════╗

2023-02-18 20:42:34,233 INFO     ___FILE_ONLY___ ╠═ Installing: gcloud Beta Commands                         ═╣

2023-02-18 20:42:34,233 INFO     ___FILE_ONLY___ ╚
2023-02-18 20:42:34,236 DEBUG    urllib3.connectionpool Starting new HTTPS connection (1): dl.google.com:443
2023-02-18 20:42:34,407 DEBUG    urllib3.connectionpool https://dl.google.com:443 "GET /dl/cloudsdk/channels/rapid/components/google-cloud-sdk-beta-20230213205029.tar.gz HTTP/1.1" 200 797
2023-02-18 20:42:34,410 INFO     ___FILE_ONLY___ ══════════════════════════════
2023-02-18 20:42:34,412 INFO     ___FILE_ONLY___ ══════════════════════════════
2023-02-18 20:42:34,412 INFO     ___FILE_ONLY___ ╝

2023-02-18 20:42:34,432 INFO     ___FILE_ONLY___ ╔════════════════════════════════════════════════════════════╗

2023-02-18 20:42:34,432 INFO     ___FILE_ONLY___ ╠═ Installing: gcloud cli dependencies                      ═╣

2023-02-18 20:42:34,432 INFO     ___FILE_ONLY___ ╚
2023-02-18 20:42:34,435 DEBUG    urllib3.connectionpool Starting new HTTPS connection (1): dl.google.com:443
2023-02-18 20:42:34,601 DEBUG    urllib3.connectionpool https://dl.google.com:443 "GET /dl/cloudsdk/channels/rapid/components/google-cloud-sdk-gcloud-deps-darwin-x86_64-20210416153011.tar.gz HTTP/1.1" 200 105
2023-02-18 20:42:34,603 INFO     ___FILE_ONLY___ ══════════════════════════════
2023-02-18 20:42:34,604 INFO     ___FILE_ONLY___ ══════════════════════════════
2023-02-18 20:42:34,604 INFO     ___FILE_ONLY___ ╝

2023-02-18 20:42:34,627 INFO     ___FILE_ONLY___ ╔════════════════════════════════════════════════════════════╗

2023-02-18 20:42:34,628 INFO     ___FILE_ONLY___ ╠═ Installing: gke-gcloud-auth-plugin                       ═╣

2023-02-18 20:42:34,628 INFO     ___FILE_ONLY___ ╚
2023-02-18 20:42:34,631 INFO     ___FILE_ONLY___ ════════════════════════════════════════════════════════════
2023-02-18 20:42:34,631 INFO     ___FILE_ONLY___ ╝

2023-02-18 20:42:34,645 INFO     ___FILE_ONLY___ ╔════════════════════════════════════════════════════════════╗

2023-02-18 20:42:34,645 INFO     ___FILE_ONLY___ ╠═ Installing: gke-gcloud-auth-plugin                       ═╣

2023-02-18 20:42:34,645 INFO     ___FILE_ONLY___ ╚
2023-02-18 20:42:34,649 DEBUG    urllib3.connectionpool Starting new HTTPS connection (1): dl.google.com:443
2023-02-18 20:42:34,835 DEBUG    urllib3.connectionpool https://dl.google.com:443 "GET /dl/cloudsdk/channels/rapid/components/google-cloud-sdk-gke-gcloud-auth-plugin-darwin-arm-20221014224505.tar.gz HTTP/1.1" 200 7477444
2023-02-18 20:42:35,572 INFO     ___FILE_ONLY___ ═
2023-02-18 20:42:35,572 INFO     ___FILE_ONLY___ ═
2023-02-18 20:42:35,573 INFO     ___FILE_ONLY___ ═
2023-02-18 20:42:35,573 INFO     ___FILE_ONLY___ ═
2023-02-18 20:42:35,573 INFO     ___FILE_ONLY___ ═
2023-02-18 20:42:35,573 INFO     ___FILE_ONLY___ ═
2023-02-18 20:42:35,573 INFO     ___FILE_ONLY___ ═
2023-02-18 20:42:35,573 INFO     ___FILE_ONLY___ ═
2023-02-18 20:42:35,574 INFO     ___FILE_ONLY___ ═
2023-02-18 20:42:35,574 INFO     ___FILE_ONLY___ ═
2023-02-18 20:42:35,574 INFO     ___FILE_ONLY___ ═
2023-02-18 20:42:35,574 INFO     ___FILE_ONLY___ ═
2023-02-18 20:42:35,574 INFO     ___FILE_ONLY___ ═
2023-02-18 20:42:35,574 INFO     ___FILE_ONLY___ ═
2023-02-18 20:42:35,574 INFO     ___FILE_ONLY___ ═
2023-02-18 20:42:35,575 INFO     ___FILE_ONLY___ ═
2023-02-18 20:42:35,575 INFO     ___FILE_ONLY___ ═
2023-02-18 20:42:35,575 INFO     ___FILE_ONLY___ ═
2023-02-18 20:42:35,575 INFO     ___FILE_ONLY___ ═
2023-02-18 20:42:35,575 INFO     ___FILE_ONLY___ ═
2023-02-18 20:42:35,575 INFO     ___FILE_ONLY___ ═
2023-02-18 20:42:35,576 INFO     ___FILE_ONLY___ ═
2023-02-18 20:42:35,576 INFO     ___FILE_ONLY___ ═
2023-02-18 20:42:35,576 INFO     ___FILE_ONLY___ ═
2023-02-18 20:42:35,576 INFO     ___FILE_ONLY___ ═
2023-02-18 20:42:35,576 INFO     ___FILE_ONLY___ ═
2023-02-18 20:42:35,576 INFO     ___FILE_ONLY___ ═
2023-02-18 20:42:35,576 INFO     ___FILE_ONLY___ ═
2023-02-18 20:42:35,577 INFO     ___FILE_ONLY___ ═
2023-02-18 20:42:35,577 INFO     ___FILE_ONLY___ ═
2023-02-18 20:42:35,688 INFO     ___FILE_ONLY___ ══════════════════════════════
2023-02-18 20:42:35,688 INFO     ___FILE_ONLY___ ╝

2023-02-18 20:42:35,700 INFO     ___FILE_ONLY___ ╔════════════════════════════════════════════════════════════╗

2023-02-18 20:42:35,700 INFO     ___FILE_ONLY___ ╠═ Installing: kubectl                                      ═╣

2023-02-18 20:42:35,700 INFO     ___FILE_ONLY___ ╚
2023-02-18 20:42:35,703 DEBUG    urllib3.connectionpool Starting new HTTPS connection (1): dl.google.com:443
2023-02-18 20:42:35,861 DEBUG    urllib3.connectionpool https://dl.google.com:443 "GET /dl/cloudsdk/channels/rapid/components/google-cloud-sdk-kubectl-darwin-arm-20230130152419.tar.gz HTTP/1.1" 200 97288783
2023-02-18 20:42:46,545 INFO     ___FILE_ONLY___ ═
2023-02-18 20:42:46,547 INFO     ___FILE_ONLY___ ═
2023-02-18 20:42:46,549 INFO     ___FILE_ONLY___ ═
2023-02-18 20:42:46,550 INFO     ___FILE_ONLY___ ═
2023-02-18 20:42:46,552 INFO     ___FILE_ONLY___ ═
2023-02-18 20:42:46,554 INFO     ___FILE_ONLY___ ═
2023-02-18 20:42:46,555 INFO     ___FILE_ONLY___ ═
2023-02-18 20:42:46,557 INFO     ___FILE_ONLY___ ═
2023-02-18 20:42:46,559 INFO     ___FILE_ONLY___ ═
2023-02-18 20:42:46,560 INFO     ___FILE_ONLY___ ═
2023-02-18 20:42:46,562 INFO     ___FILE_ONLY___ ═
2023-02-18 20:42:46,564 INFO     ___FILE_ONLY___ ═
2023-02-18 20:42:46,566 INFO     ___FILE_ONLY___ ═
2023-02-18 20:42:46,568 INFO     ___FILE_ONLY___ ═
2023-02-18 20:42:46,570 INFO     ___FILE_ONLY___ ═
2023-02-18 20:42:46,572 INFO     ___FILE_ONLY___ ═
2023-02-18 20:42:46,574 INFO     ___FILE_ONLY___ ═
2023-02-18 20:42:46,576 INFO     ___FILE_ONLY___ ═
2023-02-18 20:42:46,578 INFO     ___FILE_ONLY___ ═
2023-02-18 20:42:46,579 INFO     ___FILE_ONLY___ ═
2023-02-18 20:42:46,581 INFO     ___FILE_ONLY___ ═
2023-02-18 20:42:46,583 INFO     ___FILE_ONLY___ ═
2023-02-18 20:42:46,585 INFO     ___FILE_ONLY___ ═
2023-02-18 20:42:46,587 INFO     ___FILE_ONLY___ ═
2023-02-18 20:42:46,588 INFO     ___FILE_ONLY___ ═
2023-02-18 20:42:46,590 INFO     ___FILE_ONLY___ ═
2023-02-18 20:42:46,592 INFO     ___FILE_ONLY___ ═
2023-02-18 20:42:46,593 INFO     ___FILE_ONLY___ ═
2023-02-18 20:42:46,595 INFO     ___FILE_ONLY___ ═
2023-02-18 20:42:46,597 INFO     ___FILE_ONLY___ ═
2023-02-18 20:42:47,727 INFO     ___FILE_ONLY___ ════
2023-02-18 20:42:47,891 INFO     ___FILE_ONLY___ ════
2023-02-18 20:42:48,057 INFO     ___FILE_ONLY___ ════
2023-02-18 20:42:48,218 INFO     ___FILE_ONLY___ ═════
2023-02-18 20:42:48,394 INFO     ___FILE_ONLY___ ════
2023-02-18 20:42:48,560 INFO     ___FILE_ONLY___ ════
2023-02-18 20:42:48,735 INFO     ___FILE_ONLY___ ═════
2023-02-18 20:42:48,735 INFO     ___FILE_ONLY___ ╝

2023-02-18 20:42:48,750 INFO     ___FILE_ONLY___ ╔════════════════════════════════════════════════════════════╗

2023-02-18 20:42:48,751 INFO     ___FILE_ONLY___ ╠═ Installing: kubectl                                      ═╣

2023-02-18 20:42:48,751 INFO     ___FILE_ONLY___ ╚
2023-02-18 20:42:48,753 DEBUG    urllib3.connectionpool Starting new HTTPS connection (1): dl.google.com:443
2023-02-18 20:42:48,916 DEBUG    urllib3.connectionpool https://dl.google.com:443 "GET /dl/cloudsdk/channels/rapid/components/google-cloud-sdk-kubectl-20230130152419.tar.gz HTTP/1.1" 200 35452
2023-02-18 20:42:48,934 INFO     ___FILE_ONLY___ ═════════════
2023-02-18 20:42:48,935 INFO     ___FILE_ONLY___ ══════════════
2023-02-18 20:42:48,935 INFO     ___FILE_ONLY___ ═══
2023-02-18 20:42:48,939 INFO     ___FILE_ONLY___ ══════════════════════════════
2023-02-18 20:42:48,939 INFO     ___FILE_ONLY___ ╝

2023-02-18 20:42:48,956 INFO     ___FILE_ONLY___ ╔════════════════════════════════════════════════════════════╗

2023-02-18 20:42:48,957 INFO     ___FILE_ONLY___ ╠═ Creating backup and activating new installation          ═╣

2023-02-18 20:42:48,957 INFO     ___FILE_ONLY___ ╚
2023-02-18 20:42:48,957 DEBUG    root            Attempting to move directory [/Users/auxia/Library/Application Support/cloud-code/installer/google-cloud-sdk] to [/Users/auxia/Library/Application Support/cloud-code/installer/google-cloud-sdk.staging/.install/.backup]
2023-02-18 20:42:48,957 INFO     ___FILE_ONLY___ ══════════════════════════════
2023-02-18 20:42:48,957 DEBUG    root            Attempting to move directory [/Users/auxia/Library/Application Support/cloud-code/installer/google-cloud-sdk.staging] to [/Users/auxia/Library/Application Support/cloud-code/installer/google-cloud-sdk]
2023-02-18 20:42:48,957 INFO     ___FILE_ONLY___ ══════════════════════════════
2023-02-18 20:42:48,957 INFO     ___FILE_ONLY___ ╝

2023-02-18 20:42:48,964 DEBUG    root            Updating notification cache...
2023-02-18 20:42:48,964 INFO     ___FILE_ONLY___ 

2023-02-18 20:42:48,974 INFO     ___FILE_ONLY___ Performing post processing steps...
2023-02-18 20:42:48,974 DEBUG    root            Executing command: ['/Users/auxia/miniconda3/bin/python3', '-S', '/Users/auxia/Library/Application Support/cloud-code/installer/google-cloud-sdk/lib/gcloud.py', 'components', 'post-process']
2023-02-18 20:43:02,078 DEBUG    ___FILE_ONLY___ 
2023-02-18 20:43:02,079 DEBUG    ___FILE_ONLY___ 
2023-02-18 20:43:02,171 INFO     ___FILE_ONLY___ 
Update done!


2023-02-18 20:43:02,179 WARNING  root              There are other instances of Google Cloud tools on your system PATH.
  Please remove the following to avoid confusion or accidental invocation:

  /Applications/Docker.app/Contents/Resources/bin/kubectl

  
2023-02-18 20:43:02,185 DEBUG    root            Chosen display Format:none
2023-02-18 20:43:02,186 INFO     root            Display format: "none"
