2023-03-10 03:18:50,494 DEBUG    root            Loaded Command Group: ['gcloud', 'auth']
2023-03-10 03:18:50,494 DEBUG    root            Loaded Command Group: ['gcloud', 'auth']
2023-03-10 03:18:50,496 DEBUG    root            Loaded Command Group: ['gcloud', 'auth', 'list']
2023-03-10 03:18:50,496 DEBUG    root            Loaded Command Group: ['gcloud', 'auth', 'list']
2023-03-10 03:18:50,497 DEBUG    root            Running [gcloud.auth.list] with arguments: [--filter: "status=ACTIVE", --format: "value(account)", --quiet: "True", --verbosity: "warning"]
2023-03-10 03:18:50,497 DEBUG    root            Running [gcloud.auth.list] with arguments: [--filter: "status=ACTIVE", --format: "value(account)", --quiet: "True", --verbosity: "warning"]
2023-03-10 03:18:50,505 DEBUG    root            Chosen display Format:    table[title='Credentialed Accounts'](
        status.yesno(yes='*', no=''):label=ACTIVE,
        account
    ) value(account)
2023-03-10 03:18:50,505 DEBUG    root            Chosen display Format:    table[title='Credentialed Accounts'](
        status.yesno(yes='*', no=''):label=ACTIVE,
        account
    ) value(account)
2023-03-10 03:18:50,505 INFO     root            Display format: "    table[title='Credentialed Accounts'](
        status.yesno(yes='*', no=''):label=ACTIVE,
        account
    ) value(account)"
2023-03-10 03:18:50,505 INFO     root            Display format: "    table[title='Credentialed Accounts'](
        status.yesno(yes='*', no=''):label=ACTIVE,
        account
    ) value(account)"
2023-03-10 03:18:50,505 WARNING  root            The following filter keys were not present in any resource : status
2023-03-10 03:18:50,505 WARNING  root            The following filter keys were not present in any resource : status
