2023-02-25 22:14:09,727 DEBUG    root            Loaded Command Group: ['gcloud', 'components']
2023-02-25 22:14:09,747 DEBUG    root            Loaded Command Group: ['gcloud', 'components', 'update']
2023-02-25 22:14:09,749 DEBUG    root            Running [gcloud.components.update] with arguments: [--quiet: "True"]
2023-02-25 22:14:09,751 INFO     ___FILE_ONLY___ Beginning update. This process may take several minutes.

2023-02-25 22:14:09,811 DEBUG    urllib3.connectionpool Starting new HTTPS connection (1): dl.google.com:443
2023-02-25 22:14:10,018 DEBUG    urllib3.connectionpool https://dl.google.com:443 "GET /dl/cloudsdk/channels/rapid/components-2.json HTTP/1.1" 200 206156
2023-02-25 22:14:10,108 INFO     ___FILE_ONLY___ 

2023-02-25 22:14:10,108 INFO     ___FILE_ONLY___ 
Your current Google Cloud CLI version is: 418.0.0

2023-02-25 22:14:10,108 INFO     ___FILE_ONLY___ You will be upgraded to version: 419.0.0

2023-02-25 22:14:10,108 INFO     ___FILE_ONLY___ 

2023-02-25 22:14:10,109 DEBUG    root            Chosen display Format:table[box,title="These components will be removed."](details.display_name:label=Name:align=left,version.version_string:label=Version:align=right,data.size.size(zero="",min=1048576):label=Size:align=right)
2023-02-25 22:14:10,109 DEBUG    root            Chosen display Format:table[box,title="These components will be updated."](details.display_name:label=Name:align=left,version.version_string:label=Version:align=right,data.size.size(zero="",min=1048576):label=Size:align=right)
2023-02-25 22:14:10,110 INFO     ___FILE_ONLY___ ┌─────────────────────────────────────────────────────────┐
2023-02-25 22:14:10,110 INFO     ___FILE_ONLY___ 

2023-02-25 22:14:10,110 INFO     ___FILE_ONLY___ │            These components will be updated.            │
2023-02-25 22:14:10,110 INFO     ___FILE_ONLY___ 

2023-02-25 22:14:10,110 INFO     ___FILE_ONLY___ ├─────────────────────────────────┬────────────┬──────────┤
2023-02-25 22:14:10,110 INFO     ___FILE_ONLY___ 

2023-02-25 22:14:10,110 INFO     ___FILE_ONLY___ │               Name              │  Version   │   Size   │
2023-02-25 22:14:10,110 INFO     ___FILE_ONLY___ 

2023-02-25 22:14:10,110 INFO     ___FILE_ONLY___ ├─────────────────────────────────┼────────────┼──────────┤
2023-02-25 22:14:10,110 INFO     ___FILE_ONLY___ 

2023-02-25 22:14:10,110 INFO     ___FILE_ONLY___ │ 
2023-02-25 22:14:10,110 INFO     ___FILE_ONLY___ Google Cloud CLI Core Libraries
2023-02-25 22:14:10,110 INFO     ___FILE_ONLY___  
2023-02-25 22:14:10,110 INFO     ___FILE_ONLY___ │ 
2023-02-25 22:14:10,110 INFO     ___FILE_ONLY___ 2023.02.17
2023-02-25 22:14:10,110 INFO     ___FILE_ONLY___  
2023-02-25 22:14:10,110 INFO     ___FILE_ONLY___ │ 
2023-02-25 22:14:10,110 INFO     ___FILE_ONLY___ 26.6 MiB
2023-02-25 22:14:10,110 INFO     ___FILE_ONLY___  
2023-02-25 22:14:10,110 INFO     ___FILE_ONLY___ │
2023-02-25 22:14:10,110 INFO     ___FILE_ONLY___ 

2023-02-25 22:14:10,110 INFO     ___FILE_ONLY___ │ 
2023-02-25 22:14:10,110 INFO     ___FILE_ONLY___ gcloud Alpha Commands          
2023-02-25 22:14:10,110 INFO     ___FILE_ONLY___  
2023-02-25 22:14:10,110 INFO     ___FILE_ONLY___ │ 
2023-02-25 22:14:10,110 INFO     ___FILE_ONLY___ 2023.02.17
2023-02-25 22:14:10,110 INFO     ___FILE_ONLY___  
2023-02-25 22:14:10,110 INFO     ___FILE_ONLY___ │ 
2023-02-25 22:14:10,110 INFO     ___FILE_ONLY___  < 1 MiB
2023-02-25 22:14:10,110 INFO     ___FILE_ONLY___  
2023-02-25 22:14:10,110 INFO     ___FILE_ONLY___ │
2023-02-25 22:14:10,110 INFO     ___FILE_ONLY___ 

2023-02-25 22:14:10,110 INFO     ___FILE_ONLY___ │ 
2023-02-25 22:14:10,110 INFO     ___FILE_ONLY___ gcloud Beta Commands           
2023-02-25 22:14:10,111 INFO     ___FILE_ONLY___  
2023-02-25 22:14:10,111 INFO     ___FILE_ONLY___ │ 
2023-02-25 22:14:10,111 INFO     ___FILE_ONLY___ 2023.02.17
2023-02-25 22:14:10,111 INFO     ___FILE_ONLY___  
2023-02-25 22:14:10,111 INFO     ___FILE_ONLY___ │ 
2023-02-25 22:14:10,111 INFO     ___FILE_ONLY___  < 1 MiB
2023-02-25 22:14:10,111 INFO     ___FILE_ONLY___  
2023-02-25 22:14:10,111 INFO     ___FILE_ONLY___ │
2023-02-25 22:14:10,111 INFO     ___FILE_ONLY___ 

2023-02-25 22:14:10,111 INFO     ___FILE_ONLY___ └─────────────────────────────────┴────────────┴──────────┘
2023-02-25 22:14:10,111 INFO     ___FILE_ONLY___ 

2023-02-25 22:14:10,111 DEBUG    root            Chosen display Format:table[box,title="These components will be installed."](details.display_name:label=Name:align=left,version.version_string:label=Version:align=right,data.size.size(zero="",min=1048576):label=Size:align=right)
2023-02-25 22:14:10,111 INFO     ___FILE_ONLY___ 

2023-02-25 22:14:10,113 DEBUG    urllib3.connectionpool Starting new HTTPS connection (1): dl.google.com:443
2023-02-25 22:14:10,302 DEBUG    urllib3.connectionpool https://dl.google.com:443 "GET /dl/cloudsdk/channels/rapid/RELEASE_NOTES HTTP/1.1" 200 947210
2023-02-25 22:14:10,510 INFO     ___FILE_ONLY___ The following release notes are new in this upgrade.
Please read carefully for information about new features, breaking changes,
and bugs fixed.  The latest full release notes can be viewed at:
  https://cloud.google.com/sdk/release_notes


2023-02-25 22:14:10,510 INFO     ___FILE_ONLY___ [m
2023-02-25 22:14:10,510 INFO     ___FILE_ONLY___ [1m419.0.0 (2023-02-22)[m

2023-02-25 22:14:10,510 INFO     ___FILE_ONLY___ [m
2023-02-25 22:14:10,510 INFO     ___FILE_ONLY___   
2023-02-25 22:14:10,510 INFO     ___FILE_ONLY___ [1mApp Engine[m

2023-02-25 22:14:10,510 INFO     ___FILE_ONLY___       ▪
2023-02-25 22:14:10,510 INFO     ___FILE_ONLY___  
2023-02-25 22:14:10,510 INFO     ___FILE_ONLY___ Updated
2023-02-25 22:14:10,510 INFO     ___FILE_ONLY___  
2023-02-25 22:14:10,510 INFO     ___FILE_ONLY___ the
2023-02-25 22:14:10,510 INFO     ___FILE_ONLY___  
2023-02-25 22:14:10,510 INFO     ___FILE_ONLY___ Java
2023-02-25 22:14:10,511 INFO     ___FILE_ONLY___  
2023-02-25 22:14:10,511 INFO     ___FILE_ONLY___ SDK
2023-02-25 22:14:10,511 INFO     ___FILE_ONLY___  
2023-02-25 22:14:10,511 INFO     ___FILE_ONLY___ to
2023-02-25 22:14:10,511 INFO     ___FILE_ONLY___  
2023-02-25 22:14:10,511 INFO     ___FILE_ONLY___ version
2023-02-25 22:14:10,511 INFO     ___FILE_ONLY___  
2023-02-25 22:14:10,511 INFO     ___FILE_ONLY___ 2.0.11
2023-02-25 22:14:10,511 INFO     ___FILE_ONLY___  
2023-02-25 22:14:10,511 INFO     ___FILE_ONLY___ build
2023-02-25 22:14:10,511 INFO     ___FILE_ONLY___  
2023-02-25 22:14:10,511 INFO     ___FILE_ONLY___ from
2023-02-25 22:14:10,511 INFO     ___FILE_ONLY___  
2023-02-25 22:14:10,511 INFO     ___FILE_ONLY___ the
2023-02-25 22:14:10,511 INFO     ___FILE_ONLY___  
2023-02-25 22:14:10,511 INFO     ___FILE_ONLY___ open
2023-02-25 22:14:10,511 INFO     ___FILE_ONLY___  
2023-02-25 22:14:10,511 INFO     ___FILE_ONLY___ source
2023-02-25 22:14:10,511 INFO     ___FILE_ONLY___ 

2023-02-25 22:14:10,511 INFO     ___FILE_ONLY___         
2023-02-25 22:14:10,511 INFO     ___FILE_ONLY___ project
2023-02-25 22:14:10,511 INFO     ___FILE_ONLY___ 

2023-02-25 22:14:10,511 INFO     ___FILE_ONLY___         
2023-02-25 22:14:10,511 INFO     ___FILE_ONLY___ <https://github.com/GoogleCloudPlatform/appengine-java-standard/releases/tag/v2.0.11>.
2023-02-25 22:14:10,511 INFO     ___FILE_ONLY___ 

2023-02-25 22:14:10,511 INFO     ___FILE_ONLY___ 

2023-02-25 22:14:10,511 INFO     ___FILE_ONLY___ [m
2023-02-25 22:14:10,511 INFO     ___FILE_ONLY___   
2023-02-25 22:14:10,511 INFO     ___FILE_ONLY___ [1mArtifact Registry[m

2023-02-25 22:14:10,511 INFO     ___FILE_ONLY___       ▪
2023-02-25 22:14:10,511 INFO     ___FILE_ONLY___  
2023-02-25 22:14:10,511 INFO     ___FILE_ONLY___ Fix
2023-02-25 22:14:10,511 INFO     ___FILE_ONLY___  
2023-02-25 22:14:10,511 INFO     ___FILE_ONLY___ issue
2023-02-25 22:14:10,511 INFO     ___FILE_ONLY___  
2023-02-25 22:14:10,511 INFO     ___FILE_ONLY___ where
2023-02-25 22:14:10,511 INFO     ___FILE_ONLY___  
2023-02-25 22:14:10,511 INFO     ___FILE_ONLY___ [1martifacts
2023-02-25 22:14:10,511 INFO     ___FILE_ONLY___  
2023-02-25 22:14:10,511 INFO     ___FILE_ONLY___ repositories
2023-02-25 22:14:10,511 INFO     ___FILE_ONLY___  
2023-02-25 22:14:10,512 INFO     ___FILE_ONLY___ create[m
2023-02-25 22:14:10,512 INFO     ___FILE_ONLY___  
2023-02-25 22:14:10,512 INFO     ___FILE_ONLY___ failed
2023-02-25 22:14:10,512 INFO     ___FILE_ONLY___  
2023-02-25 22:14:10,512 INFO     ___FILE_ONLY___ unconditionally.
2023-02-25 22:14:10,512 INFO     ___FILE_ONLY___ 

2023-02-25 22:14:10,512 INFO     ___FILE_ONLY___ 

2023-02-25 22:14:10,512 INFO     ___FILE_ONLY___ [m
2023-02-25 22:14:10,512 INFO     ___FILE_ONLY___   
2023-02-25 22:14:10,512 INFO     ___FILE_ONLY___ [1mCloud Datastream[m

2023-02-25 22:14:10,512 INFO     ___FILE_ONLY___       ▪
2023-02-25 22:14:10,512 INFO     ___FILE_ONLY___  
2023-02-25 22:14:10,512 INFO     ___FILE_ONLY___ Added
2023-02-25 22:14:10,512 INFO     ___FILE_ONLY___  
2023-02-25 22:14:10,512 INFO     ___FILE_ONLY___ new
2023-02-25 22:14:10,512 INFO     ___FILE_ONLY___  
2023-02-25 22:14:10,512 INFO     ___FILE_ONLY___ [1m--full-hierarchy[m
2023-02-25 22:14:10,512 INFO     ___FILE_ONLY___  
2023-02-25 22:14:10,512 INFO     ___FILE_ONLY___ and
2023-02-25 22:14:10,512 INFO     ___FILE_ONLY___  
2023-02-25 22:14:10,512 INFO     ___FILE_ONLY___ [1m--hierarchy-depth[m
2023-02-25 22:14:10,512 INFO     ___FILE_ONLY___  
2023-02-25 22:14:10,512 INFO     ___FILE_ONLY___ flags
2023-02-25 22:14:10,512 INFO     ___FILE_ONLY___  
2023-02-25 22:14:10,512 INFO     ___FILE_ONLY___ for
2023-02-25 22:14:10,512 INFO     ___FILE_ONLY___ 

2023-02-25 22:14:10,512 INFO     ___FILE_ONLY___         
2023-02-25 22:14:10,512 INFO     ___FILE_ONLY___ connection-profiles
2023-02-25 22:14:10,512 INFO     ___FILE_ONLY___  
2023-02-25 22:14:10,512 INFO     ___FILE_ONLY___ discover.
2023-02-25 22:14:10,512 INFO     ___FILE_ONLY___ 

2023-02-25 22:14:10,512 INFO     ___FILE_ONLY___       ▪
2023-02-25 22:14:10,512 INFO     ___FILE_ONLY___  
2023-02-25 22:14:10,512 INFO     ___FILE_ONLY___ Deprecated
2023-02-25 22:14:10,512 INFO     ___FILE_ONLY___  
2023-02-25 22:14:10,512 INFO     ___FILE_ONLY___ [1m--recursive[m
2023-02-25 22:14:10,512 INFO     ___FILE_ONLY___  
2023-02-25 22:14:10,512 INFO     ___FILE_ONLY___ and
2023-02-25 22:14:10,512 INFO     ___FILE_ONLY___  
2023-02-25 22:14:10,512 INFO     ___FILE_ONLY___ [1m--recursive-depth[m
2023-02-25 22:14:10,512 INFO     ___FILE_ONLY___  
2023-02-25 22:14:10,513 INFO     ___FILE_ONLY___ flags
2023-02-25 22:14:10,513 INFO     ___FILE_ONLY___  
2023-02-25 22:14:10,513 INFO     ___FILE_ONLY___ for
2023-02-25 22:14:10,513 INFO     ___FILE_ONLY___ 

2023-02-25 22:14:10,513 INFO     ___FILE_ONLY___         
2023-02-25 22:14:10,513 INFO     ___FILE_ONLY___ connection-profiles-discover.
2023-02-25 22:14:10,513 INFO     ___FILE_ONLY___ 

2023-02-25 22:14:10,513 INFO     ___FILE_ONLY___ 

2023-02-25 22:14:10,513 INFO     ___FILE_ONLY___ [m
2023-02-25 22:14:10,513 INFO     ___FILE_ONLY___   
2023-02-25 22:14:10,513 INFO     ___FILE_ONLY___ [1mCloud Functions[m

2023-02-25 22:14:10,513 INFO     ___FILE_ONLY___       ▪
2023-02-25 22:14:10,513 INFO     ___FILE_ONLY___  
2023-02-25 22:14:10,513 INFO     ___FILE_ONLY___ Added
2023-02-25 22:14:10,513 INFO     ___FILE_ONLY___  
2023-02-25 22:14:10,513 INFO     ___FILE_ONLY___ support
2023-02-25 22:14:10,513 INFO     ___FILE_ONLY___  
2023-02-25 22:14:10,513 INFO     ___FILE_ONLY___ for
2023-02-25 22:14:10,513 INFO     ___FILE_ONLY___  
2023-02-25 22:14:10,513 INFO     ___FILE_ONLY___ Docker
2023-02-25 22:14:10,513 INFO     ___FILE_ONLY___  
2023-02-25 22:14:10,513 INFO     ___FILE_ONLY___ package
2023-02-25 22:14:10,513 INFO     ___FILE_ONLY___  
2023-02-25 22:14:10,513 INFO     ___FILE_ONLY___ format
2023-02-25 22:14:10,513 INFO     ___FILE_ONLY___ 

2023-02-25 22:14:10,513 INFO     ___FILE_ONLY___         
2023-02-25 22:14:10,513 INFO     ___FILE_ONLY___ [1m{location}-docker.pkg.dev/{project}/{repository}[m
2023-02-25 22:14:10,513 INFO     ___FILE_ONLY___  
2023-02-25 22:14:10,513 INFO     ___FILE_ONLY___ to
2023-02-25 22:14:10,513 INFO     ___FILE_ONLY___  
2023-02-25 22:14:10,513 INFO     ___FILE_ONLY___ [1m--docker-repository[m
2023-02-25 22:14:10,513 INFO     ___FILE_ONLY___ 

2023-02-25 22:14:10,513 INFO     ___FILE_ONLY___         
2023-02-25 22:14:10,513 INFO     ___FILE_ONLY___ flag
2023-02-25 22:14:10,513 INFO     ___FILE_ONLY___  
2023-02-25 22:14:10,513 INFO     ___FILE_ONLY___ of
2023-02-25 22:14:10,513 INFO     ___FILE_ONLY___  
2023-02-25 22:14:10,513 INFO     ___FILE_ONLY___ [1mgcloud
2023-02-25 22:14:10,513 INFO     ___FILE_ONLY___  
2023-02-25 22:14:10,513 INFO     ___FILE_ONLY___ functions
2023-02-25 22:14:10,513 INFO     ___FILE_ONLY___  
2023-02-25 22:14:10,513 INFO     ___FILE_ONLY___ deploy[m.
2023-02-25 22:14:10,513 INFO     ___FILE_ONLY___ 

2023-02-25 22:14:10,514 INFO     ___FILE_ONLY___       ▪
2023-02-25 22:14:10,514 INFO     ___FILE_ONLY___  
2023-02-25 22:14:10,514 INFO     ___FILE_ONLY___ Fixed
2023-02-25 22:14:10,514 INFO     ___FILE_ONLY___  
2023-02-25 22:14:10,514 INFO     ___FILE_ONLY___ issue
2023-02-25 22:14:10,514 INFO     ___FILE_ONLY___  
2023-02-25 22:14:10,514 INFO     ___FILE_ONLY___ where
2023-02-25 22:14:10,514 INFO     ___FILE_ONLY___  
2023-02-25 22:14:10,514 INFO     ___FILE_ONLY___ [1mgcloud
2023-02-25 22:14:10,514 INFO     ___FILE_ONLY___  
2023-02-25 22:14:10,514 INFO     ___FILE_ONLY___ functions
2023-02-25 22:14:10,514 INFO     ___FILE_ONLY___  
2023-02-25 22:14:10,514 INFO     ___FILE_ONLY___ deploy[m
2023-02-25 22:14:10,514 INFO     ___FILE_ONLY___  
2023-02-25 22:14:10,514 INFO     ___FILE_ONLY___ fails
2023-02-25 22:14:10,514 INFO     ___FILE_ONLY___  
2023-02-25 22:14:10,514 INFO     ___FILE_ONLY___ if
2023-02-25 22:14:10,514 INFO     ___FILE_ONLY___  
2023-02-25 22:14:10,514 INFO     ___FILE_ONLY___ the
2023-02-25 22:14:10,514 INFO     ___FILE_ONLY___  
2023-02-25 22:14:10,514 INFO     ___FILE_ONLY___ user
2023-02-25 22:14:10,514 INFO     ___FILE_ONLY___  
2023-02-25 22:14:10,514 INFO     ___FILE_ONLY___ doesn't
2023-02-25 22:14:10,514 INFO     ___FILE_ONLY___ 

2023-02-25 22:14:10,514 INFO     ___FILE_ONLY___         
2023-02-25 22:14:10,514 INFO     ___FILE_ONLY___ have
2023-02-25 22:14:10,514 INFO     ___FILE_ONLY___  
2023-02-25 22:14:10,514 INFO     ___FILE_ONLY___ the
2023-02-25 22:14:10,514 INFO     ___FILE_ONLY___  
2023-02-25 22:14:10,514 INFO     ___FILE_ONLY___ permission
2023-02-25 22:14:10,514 INFO     ___FILE_ONLY___  
2023-02-25 22:14:10,514 INFO     ___FILE_ONLY___ [1mserviceusage.services.get[m.
2023-02-25 22:14:10,514 INFO     ___FILE_ONLY___ 

2023-02-25 22:14:10,514 INFO     ___FILE_ONLY___ 

2023-02-25 22:14:10,515 INFO     ___FILE_ONLY___ [m
2023-02-25 22:14:10,515 INFO     ___FILE_ONLY___   
2023-02-25 22:14:10,515 INFO     ___FILE_ONLY___ [1mCloud Logging[m

2023-02-25 22:14:10,515 INFO     ___FILE_ONLY___       ▪
2023-02-25 22:14:10,515 INFO     ___FILE_ONLY___  
2023-02-25 22:14:10,515 INFO     ___FILE_ONLY___ Promote
2023-02-25 22:14:10,515 INFO     ___FILE_ONLY___  
2023-02-25 22:14:10,515 INFO     ___FILE_ONLY___ [1m--logging-optional[m
2023-02-25 22:14:10,515 INFO     ___FILE_ONLY___  
2023-02-25 22:14:10,515 INFO     ___FILE_ONLY___ and
2023-02-25 22:14:10,515 INFO     ___FILE_ONLY___  
2023-02-25 22:14:10,515 INFO     ___FILE_ONLY___ [1m--logging-optional-fields[m
2023-02-25 22:14:10,515 INFO     ___FILE_ONLY___  
2023-02-25 22:14:10,515 INFO     ___FILE_ONLY___ flags
2023-02-25 22:14:10,515 INFO     ___FILE_ONLY___  
2023-02-25 22:14:10,515 INFO     ___FILE_ONLY___ of
2023-02-25 22:14:10,515 INFO     ___FILE_ONLY___ 

2023-02-25 22:14:10,515 INFO     ___FILE_ONLY___         
2023-02-25 22:14:10,515 INFO     ___FILE_ONLY___ [1mgcloud
2023-02-25 22:14:10,515 INFO     ___FILE_ONLY___  
2023-02-25 22:14:10,515 INFO     ___FILE_ONLY___ compute
2023-02-25 22:14:10,515 INFO     ___FILE_ONLY___  
2023-02-25 22:14:10,515 INFO     ___FILE_ONLY___ backend-services
2023-02-25 22:14:10,515 INFO     ___FILE_ONLY___  
2023-02-25 22:14:10,515 INFO     ___FILE_ONLY___ create[m
2023-02-25 22:14:10,515 INFO     ___FILE_ONLY___  
2023-02-25 22:14:10,515 INFO     ___FILE_ONLY___ and
2023-02-25 22:14:10,515 INFO     ___FILE_ONLY___  
2023-02-25 22:14:10,515 INFO     ___FILE_ONLY___ [1mgcloud
2023-02-25 22:14:10,515 INFO     ___FILE_ONLY___  
2023-02-25 22:14:10,515 INFO     ___FILE_ONLY___ compute
2023-02-25 22:14:10,515 INFO     ___FILE_ONLY___ 

2023-02-25 22:14:10,515 INFO     ___FILE_ONLY___         
2023-02-25 22:14:10,515 INFO     ___FILE_ONLY___ backend-services
2023-02-25 22:14:10,515 INFO     ___FILE_ONLY___  
2023-02-25 22:14:10,515 INFO     ___FILE_ONLY___ update[m
2023-02-25 22:14:10,515 INFO     ___FILE_ONLY___  
2023-02-25 22:14:10,515 INFO     ___FILE_ONLY___ to
2023-02-25 22:14:10,515 INFO     ___FILE_ONLY___  
2023-02-25 22:14:10,515 INFO     ___FILE_ONLY___ GA.
2023-02-25 22:14:10,516 INFO     ___FILE_ONLY___ 

2023-02-25 22:14:10,516 INFO     ___FILE_ONLY___ 

2023-02-25 22:14:10,516 INFO     ___FILE_ONLY___ [m
2023-02-25 22:14:10,516 INFO     ___FILE_ONLY___   
2023-02-25 22:14:10,516 INFO     ___FILE_ONLY___ [1mCloud Run[m

2023-02-25 22:14:10,516 INFO     ___FILE_ONLY___       ▪
2023-02-25 22:14:10,516 INFO     ___FILE_ONLY___  
2023-02-25 22:14:10,516 INFO     ___FILE_ONLY___ Promoted
2023-02-25 22:14:10,516 INFO     ___FILE_ONLY___  
2023-02-25 22:14:10,516 INFO     ___FILE_ONLY___ [1mgcloud
2023-02-25 22:14:10,516 INFO     ___FILE_ONLY___  
2023-02-25 22:14:10,516 INFO     ___FILE_ONLY___ beta
2023-02-25 22:14:10,516 INFO     ___FILE_ONLY___  
2023-02-25 22:14:10,516 INFO     ___FILE_ONLY___ run
2023-02-25 22:14:10,516 INFO     ___FILE_ONLY___  
2023-02-25 22:14:10,516 INFO     ___FILE_ONLY___ jobs
2023-02-25 22:14:10,516 INFO     ___FILE_ONLY___  
2023-02-25 22:14:10,516 INFO     ___FILE_ONLY___ executions
2023-02-25 22:14:10,516 INFO     ___FILE_ONLY___  
2023-02-25 22:14:10,516 INFO     ___FILE_ONLY___ logs
2023-02-25 22:14:10,516 INFO     ___FILE_ONLY___  
2023-02-25 22:14:10,516 INFO     ___FILE_ONLY___ read[m
2023-02-25 22:14:10,516 INFO     ___FILE_ONLY___  
2023-02-25 22:14:10,516 INFO     ___FILE_ONLY___ to
2023-02-25 22:14:10,516 INFO     ___FILE_ONLY___  
2023-02-25 22:14:10,516 INFO     ___FILE_ONLY___ beta,
2023-02-25 22:14:10,516 INFO     ___FILE_ONLY___  
2023-02-25 22:14:10,516 INFO     ___FILE_ONLY___ which
2023-02-25 22:14:10,516 INFO     ___FILE_ONLY___ 

2023-02-25 22:14:10,516 INFO     ___FILE_ONLY___         
2023-02-25 22:14:10,516 INFO     ___FILE_ONLY___ reads
2023-02-25 22:14:10,516 INFO     ___FILE_ONLY___  
2023-02-25 22:14:10,516 INFO     ___FILE_ONLY___ logs
2023-02-25 22:14:10,516 INFO     ___FILE_ONLY___  
2023-02-25 22:14:10,516 INFO     ___FILE_ONLY___ from
2023-02-25 22:14:10,516 INFO     ___FILE_ONLY___  
2023-02-25 22:14:10,516 INFO     ___FILE_ONLY___ a
2023-02-25 22:14:10,516 INFO     ___FILE_ONLY___  
2023-02-25 22:14:10,516 INFO     ___FILE_ONLY___ selected
2023-02-25 22:14:10,516 INFO     ___FILE_ONLY___  
2023-02-25 22:14:10,516 INFO     ___FILE_ONLY___ resource.
2023-02-25 22:14:10,516 INFO     ___FILE_ONLY___ 

2023-02-25 22:14:10,516 INFO     ___FILE_ONLY___       ▪
2023-02-25 22:14:10,517 INFO     ___FILE_ONLY___  
2023-02-25 22:14:10,517 INFO     ___FILE_ONLY___ Promoted
2023-02-25 22:14:10,517 INFO     ___FILE_ONLY___  
2023-02-25 22:14:10,517 INFO     ___FILE_ONLY___ [1mgcloud
2023-02-25 22:14:10,517 INFO     ___FILE_ONLY___  
2023-02-25 22:14:10,517 INFO     ___FILE_ONLY___ beta
2023-02-25 22:14:10,517 INFO     ___FILE_ONLY___  
2023-02-25 22:14:10,517 INFO     ___FILE_ONLY___ run
2023-02-25 22:14:10,517 INFO     ___FILE_ONLY___  
2023-02-25 22:14:10,517 INFO     ___FILE_ONLY___ jobs
2023-02-25 22:14:10,517 INFO     ___FILE_ONLY___  
2023-02-25 22:14:10,517 INFO     ___FILE_ONLY___ executions
2023-02-25 22:14:10,517 INFO     ___FILE_ONLY___  
2023-02-25 22:14:10,517 INFO     ___FILE_ONLY___ logs
2023-02-25 22:14:10,517 INFO     ___FILE_ONLY___  
2023-02-25 22:14:10,517 INFO     ___FILE_ONLY___ tail[m
2023-02-25 22:14:10,517 INFO     ___FILE_ONLY___  
2023-02-25 22:14:10,517 INFO     ___FILE_ONLY___ to
2023-02-25 22:14:10,517 INFO     ___FILE_ONLY___  
2023-02-25 22:14:10,517 INFO     ___FILE_ONLY___ beta,
2023-02-25 22:14:10,517 INFO     ___FILE_ONLY___  
2023-02-25 22:14:10,517 INFO     ___FILE_ONLY___ which
2023-02-25 22:14:10,517 INFO     ___FILE_ONLY___ 

2023-02-25 22:14:10,517 INFO     ___FILE_ONLY___         
2023-02-25 22:14:10,517 INFO     ___FILE_ONLY___ tail
2023-02-25 22:14:10,517 INFO     ___FILE_ONLY___  
2023-02-25 22:14:10,517 INFO     ___FILE_ONLY___ logs
2023-02-25 22:14:10,517 INFO     ___FILE_ONLY___  
2023-02-25 22:14:10,517 INFO     ___FILE_ONLY___ from
2023-02-25 22:14:10,517 INFO     ___FILE_ONLY___  
2023-02-25 22:14:10,517 INFO     ___FILE_ONLY___ a
2023-02-25 22:14:10,517 INFO     ___FILE_ONLY___  
2023-02-25 22:14:10,517 INFO     ___FILE_ONLY___ selected
2023-02-25 22:14:10,517 INFO     ___FILE_ONLY___  
2023-02-25 22:14:10,517 INFO     ___FILE_ONLY___ resource.
2023-02-25 22:14:10,517 INFO     ___FILE_ONLY___ 

2023-02-25 22:14:10,517 INFO     ___FILE_ONLY___ 

2023-02-25 22:14:10,517 INFO     ___FILE_ONLY___ [m
2023-02-25 22:14:10,517 INFO     ___FILE_ONLY___   
2023-02-25 22:14:10,517 INFO     ___FILE_ONLY___ [1mCloud Storage[m

2023-02-25 22:14:10,517 INFO     ___FILE_ONLY___       ▪
2023-02-25 22:14:10,517 INFO     ___FILE_ONLY___  
2023-02-25 22:14:10,517 INFO     ___FILE_ONLY___ [1mgcloud
2023-02-25 22:14:10,518 INFO     ___FILE_ONLY___  
2023-02-25 22:14:10,518 INFO     ___FILE_ONLY___ storage
2023-02-25 22:14:10,518 INFO     ___FILE_ONLY___  
2023-02-25 22:14:10,518 INFO     ___FILE_ONLY___ cp[m
2023-02-25 22:14:10,518 INFO     ___FILE_ONLY___  
2023-02-25 22:14:10,518 INFO     ___FILE_ONLY___ will
2023-02-25 22:14:10,518 INFO     ___FILE_ONLY___  
2023-02-25 22:14:10,518 INFO     ___FILE_ONLY___ now
2023-02-25 22:14:10,518 INFO     ___FILE_ONLY___  
2023-02-25 22:14:10,518 INFO     ___FILE_ONLY___ silently
2023-02-25 22:14:10,518 INFO     ___FILE_ONLY___  
2023-02-25 22:14:10,518 INFO     ___FILE_ONLY___ ignore
2023-02-25 22:14:10,518 INFO     ___FILE_ONLY___  
2023-02-25 22:14:10,518 INFO     ___FILE_ONLY___ the
2023-02-25 22:14:10,518 INFO     ___FILE_ONLY___  
2023-02-25 22:14:10,518 INFO     ___FILE_ONLY___ Content-MD5
2023-02-25 22:14:10,518 INFO     ___FILE_ONLY___  
2023-02-25 22:14:10,518 INFO     ___FILE_ONLY___ header
2023-02-25 22:14:10,518 INFO     ___FILE_ONLY___  
2023-02-25 22:14:10,518 INFO     ___FILE_ONLY___ for
2023-02-25 22:14:10,518 INFO     ___FILE_ONLY___ 

2023-02-25 22:14:10,518 INFO     ___FILE_ONLY___         
2023-02-25 22:14:10,518 INFO     ___FILE_ONLY___ parallel
2023-02-25 22:14:10,518 INFO     ___FILE_ONLY___  
2023-02-25 22:14:10,518 INFO     ___FILE_ONLY___ composite
2023-02-25 22:14:10,518 INFO     ___FILE_ONLY___  
2023-02-25 22:14:10,518 INFO     ___FILE_ONLY___ uploads.
2023-02-25 22:14:10,518 INFO     ___FILE_ONLY___ 

2023-02-25 22:14:10,518 INFO     ___FILE_ONLY___       ▪
2023-02-25 22:14:10,518 INFO     ___FILE_ONLY___  
2023-02-25 22:14:10,518 INFO     ___FILE_ONLY___ [1mgcloud
2023-02-25 22:14:10,518 INFO     ___FILE_ONLY___  
2023-02-25 22:14:10,518 INFO     ___FILE_ONLY___ storage
2023-02-25 22:14:10,518 INFO     ___FILE_ONLY___  
2023-02-25 22:14:10,518 INFO     ___FILE_ONLY___ hash[m
2023-02-25 22:14:10,518 INFO     ___FILE_ONLY___  
2023-02-25 22:14:10,518 INFO     ___FILE_ONLY___ has
2023-02-25 22:14:10,518 INFO     ___FILE_ONLY___  
2023-02-25 22:14:10,518 INFO     ___FILE_ONLY___ been
2023-02-25 22:14:10,518 INFO     ___FILE_ONLY___  
2023-02-25 22:14:10,518 INFO     ___FILE_ONLY___ promoted
2023-02-25 22:14:10,518 INFO     ___FILE_ONLY___  
2023-02-25 22:14:10,518 INFO     ___FILE_ONLY___ to
2023-02-25 22:14:10,518 INFO     ___FILE_ONLY___  
2023-02-25 22:14:10,518 INFO     ___FILE_ONLY___ GA.
2023-02-25 22:14:10,518 INFO     ___FILE_ONLY___ 

2023-02-25 22:14:10,519 INFO     ___FILE_ONLY___ 

2023-02-25 22:14:10,519 INFO     ___FILE_ONLY___ [m
2023-02-25 22:14:10,519 INFO     ___FILE_ONLY___   
2023-02-25 22:14:10,519 INFO     ___FILE_ONLY___ [1mFirebase Test Lab[m

2023-02-25 22:14:10,519 INFO     ___FILE_ONLY___       ▪
2023-02-25 22:14:10,519 INFO     ___FILE_ONLY___  
2023-02-25 22:14:10,519 INFO     ___FILE_ONLY___ Promoted
2023-02-25 22:14:10,519 INFO     ___FILE_ONLY___  
2023-02-25 22:14:10,519 INFO     ___FILE_ONLY___ [1m--client-details[m
2023-02-25 22:14:10,519 INFO     ___FILE_ONLY___  
2023-02-25 22:14:10,519 INFO     ___FILE_ONLY___ flag
2023-02-25 22:14:10,519 INFO     ___FILE_ONLY___  
2023-02-25 22:14:10,519 INFO     ___FILE_ONLY___ of
2023-02-25 22:14:10,519 INFO     ___FILE_ONLY___  
2023-02-25 22:14:10,519 INFO     ___FILE_ONLY___ [1mgcloud
2023-02-25 22:14:10,519 INFO     ___FILE_ONLY___  
2023-02-25 22:14:10,519 INFO     ___FILE_ONLY___ firebase
2023-02-25 22:14:10,519 INFO     ___FILE_ONLY___  
2023-02-25 22:14:10,519 INFO     ___FILE_ONLY___ test
2023-02-25 22:14:10,519 INFO     ___FILE_ONLY___  
2023-02-25 22:14:10,519 INFO     ___FILE_ONLY___ [android|ios]
2023-02-25 22:14:10,519 INFO     ___FILE_ONLY___ 

2023-02-25 22:14:10,519 INFO     ___FILE_ONLY___         
2023-02-25 22:14:10,519 INFO     ___FILE_ONLY___ run[m
2023-02-25 22:14:10,519 INFO     ___FILE_ONLY___  
2023-02-25 22:14:10,519 INFO     ___FILE_ONLY___ to
2023-02-25 22:14:10,519 INFO     ___FILE_ONLY___  
2023-02-25 22:14:10,519 INFO     ___FILE_ONLY___ GA.
2023-02-25 22:14:10,519 INFO     ___FILE_ONLY___  
2023-02-25 22:14:10,519 INFO     ___FILE_ONLY___ This
2023-02-25 22:14:10,519 INFO     ___FILE_ONLY___  
2023-02-25 22:14:10,519 INFO     ___FILE_ONLY___ flag
2023-02-25 22:14:10,519 INFO     ___FILE_ONLY___  
2023-02-25 22:14:10,519 INFO     ___FILE_ONLY___ can
2023-02-25 22:14:10,519 INFO     ___FILE_ONLY___  
2023-02-25 22:14:10,519 INFO     ___FILE_ONLY___ be
2023-02-25 22:14:10,519 INFO     ___FILE_ONLY___  
2023-02-25 22:14:10,519 INFO     ___FILE_ONLY___ used
2023-02-25 22:14:10,519 INFO     ___FILE_ONLY___  
2023-02-25 22:14:10,519 INFO     ___FILE_ONLY___ to
2023-02-25 22:14:10,519 INFO     ___FILE_ONLY___  
2023-02-25 22:14:10,519 INFO     ___FILE_ONLY___ provide
2023-02-25 22:14:10,520 INFO     ___FILE_ONLY___  
2023-02-25 22:14:10,520 INFO     ___FILE_ONLY___ additional
2023-02-25 22:14:10,520 INFO     ___FILE_ONLY___  
2023-02-25 22:14:10,520 INFO     ___FILE_ONLY___ details
2023-02-25 22:14:10,520 INFO     ___FILE_ONLY___  
2023-02-25 22:14:10,520 INFO     ___FILE_ONLY___ to
2023-02-25 22:14:10,520 INFO     ___FILE_ONLY___ 

2023-02-25 22:14:10,520 INFO     ___FILE_ONLY___         
2023-02-25 22:14:10,520 INFO     ___FILE_ONLY___ attach
2023-02-25 22:14:10,520 INFO     ___FILE_ONLY___  
2023-02-25 22:14:10,520 INFO     ___FILE_ONLY___ to
2023-02-25 22:14:10,520 INFO     ___FILE_ONLY___  
2023-02-25 22:14:10,520 INFO     ___FILE_ONLY___ the
2023-02-25 22:14:10,520 INFO     ___FILE_ONLY___  
2023-02-25 22:14:10,520 INFO     ___FILE_ONLY___ test
2023-02-25 22:14:10,520 INFO     ___FILE_ONLY___  
2023-02-25 22:14:10,520 INFO     ___FILE_ONLY___ matrix,
2023-02-25 22:14:10,520 INFO     ___FILE_ONLY___  
2023-02-25 22:14:10,520 INFO     ___FILE_ONLY___ including
2023-02-25 22:14:10,520 INFO     ___FILE_ONLY___  
2023-02-25 22:14:10,520 INFO     ___FILE_ONLY___ a
2023-02-25 22:14:10,520 INFO     ___FILE_ONLY___  
2023-02-25 22:14:10,520 INFO     ___FILE_ONLY___ [1mmatrixLabel[m
2023-02-25 22:14:10,520 INFO     ___FILE_ONLY___  
2023-02-25 22:14:10,520 INFO     ___FILE_ONLY___ to
2023-02-25 22:14:10,520 INFO     ___FILE_ONLY___  
2023-02-25 22:14:10,520 INFO     ___FILE_ONLY___ help
2023-02-25 22:14:10,520 INFO     ___FILE_ONLY___  
2023-02-25 22:14:10,520 INFO     ___FILE_ONLY___ you
2023-02-25 22:14:10,520 INFO     ___FILE_ONLY___  
2023-02-25 22:14:10,520 INFO     ___FILE_ONLY___ identify
2023-02-25 22:14:10,520 INFO     ___FILE_ONLY___ 

2023-02-25 22:14:10,520 INFO     ___FILE_ONLY___         
2023-02-25 22:14:10,520 INFO     ___FILE_ONLY___ and
2023-02-25 22:14:10,520 INFO     ___FILE_ONLY___  
2023-02-25 22:14:10,520 INFO     ___FILE_ONLY___ locate
2023-02-25 22:14:10,520 INFO     ___FILE_ONLY___  
2023-02-25 22:14:10,520 INFO     ___FILE_ONLY___ your
2023-02-25 22:14:10,520 INFO     ___FILE_ONLY___  
2023-02-25 22:14:10,520 INFO     ___FILE_ONLY___ test
2023-02-25 22:14:10,520 INFO     ___FILE_ONLY___  
2023-02-25 22:14:10,520 INFO     ___FILE_ONLY___ in
2023-02-25 22:14:10,520 INFO     ___FILE_ONLY___  
2023-02-25 22:14:10,520 INFO     ___FILE_ONLY___ the
2023-02-25 22:14:10,520 INFO     ___FILE_ONLY___  
2023-02-25 22:14:10,520 INFO     ___FILE_ONLY___ Firebase
2023-02-25 22:14:10,520 INFO     ___FILE_ONLY___  
2023-02-25 22:14:10,521 INFO     ___FILE_ONLY___ console.
2023-02-25 22:14:10,521 INFO     ___FILE_ONLY___ 

2023-02-25 22:14:10,521 INFO     ___FILE_ONLY___ 

2023-02-25 22:14:10,521 INFO     ___FILE_ONLY___ [m
2023-02-25 22:14:10,521 INFO     ___FILE_ONLY___   
2023-02-25 22:14:10,521 INFO     ___FILE_ONLY___ [1mRecaptcha[m

2023-02-25 22:14:10,521 INFO     ___FILE_ONLY___       ▪
2023-02-25 22:14:10,521 INFO     ___FILE_ONLY___  
2023-02-25 22:14:10,521 INFO     ___FILE_ONLY___ Support
2023-02-25 22:14:10,521 INFO     ___FILE_ONLY___  
2023-02-25 22:14:10,521 INFO     ___FILE_ONLY___ creating
2023-02-25 22:14:10,521 INFO     ___FILE_ONLY___  
2023-02-25 22:14:10,521 INFO     ___FILE_ONLY___ Fastly
2023-02-25 22:14:10,521 INFO     ___FILE_ONLY___  
2023-02-25 22:14:10,521 INFO     ___FILE_ONLY___ enabled
2023-02-25 22:14:10,521 INFO     ___FILE_ONLY___  
2023-02-25 22:14:10,521 INFO     ___FILE_ONLY___ site
2023-02-25 22:14:10,521 INFO     ___FILE_ONLY___  
2023-02-25 22:14:10,521 INFO     ___FILE_ONLY___ keys
2023-02-25 22:14:10,521 INFO     ___FILE_ONLY___  
2023-02-25 22:14:10,521 INFO     ___FILE_ONLY___ using
2023-02-25 22:14:10,521 INFO     ___FILE_ONLY___  
2023-02-25 22:14:10,521 INFO     ___FILE_ONLY___ [1mrecaptcha
2023-02-25 22:14:10,521 INFO     ___FILE_ONLY___  
2023-02-25 22:14:10,521 INFO     ___FILE_ONLY___ keys
2023-02-25 22:14:10,521 INFO     ___FILE_ONLY___  
2023-02-25 22:14:10,521 INFO     ___FILE_ONLY___ create
2023-02-25 22:14:10,521 INFO     ___FILE_ONLY___ 

2023-02-25 22:14:10,521 INFO     ___FILE_ONLY___         
2023-02-25 22:14:10,521 INFO     ___FILE_ONLY___ --waf-service=fastly[m.
2023-02-25 22:14:10,521 INFO     ___FILE_ONLY___ 

2023-02-25 22:14:10,521 INFO     ___FILE_ONLY___ 

2023-02-25 22:14:10,521 INFO     ___FILE_ONLY___    
2023-02-25 22:14:10,521 INFO     ___FILE_ONLY___  
2023-02-25 22:14:10,521 INFO     ___FILE_ONLY___ Subscribe
2023-02-25 22:14:10,521 INFO     ___FILE_ONLY___  
2023-02-25 22:14:10,521 INFO     ___FILE_ONLY___ to
2023-02-25 22:14:10,521 INFO     ___FILE_ONLY___  
2023-02-25 22:14:10,521 INFO     ___FILE_ONLY___ these
2023-02-25 22:14:10,521 INFO     ___FILE_ONLY___  
2023-02-25 22:14:10,521 INFO     ___FILE_ONLY___ release
2023-02-25 22:14:10,521 INFO     ___FILE_ONLY___  
2023-02-25 22:14:10,522 INFO     ___FILE_ONLY___ notes
2023-02-25 22:14:10,522 INFO     ___FILE_ONLY___  
2023-02-25 22:14:10,522 INFO     ___FILE_ONLY___ at
2023-02-25 22:14:10,522 INFO     ___FILE_ONLY___ 

2023-02-25 22:14:10,522 INFO     ___FILE_ONLY___     
2023-02-25 22:14:10,522 INFO     ___FILE_ONLY___ https://groups.google.com/forum/#!forum/google-cloud-sdk-announce
2023-02-25 22:14:10,522 INFO     ___FILE_ONLY___ 

2023-02-25 22:14:10,522 INFO     ___FILE_ONLY___     
2023-02-25 22:14:10,522 INFO     ___FILE_ONLY___ (https://groups.google.com/forum/#!forum/google-cloud-sdk-announce).
2023-02-25 22:14:10,522 INFO     ___FILE_ONLY___ 

2023-02-25 22:14:10,522 INFO     ___FILE_ONLY___ [m
2023-02-25 22:14:10,522 INFO     ___FILE_ONLY___ 

2023-02-25 22:14:10,530 INFO     ___FILE_ONLY___ ╔════════════════════════════════════════════════════════════╗

2023-02-25 22:14:10,530 INFO     ___FILE_ONLY___ ╠═ Creating update staging area                             ═╣

2023-02-25 22:14:10,530 INFO     ___FILE_ONLY___ ╚
2023-02-25 22:14:10,530 INFO     ___FILE_ONLY___ ══════
2023-02-25 22:14:13,437 INFO     ___FILE_ONLY___ ══════
2023-02-25 22:14:13,437 INFO     ___FILE_ONLY___ ══════
2023-02-25 22:14:14,342 INFO     ___FILE_ONLY___ ═
2023-02-25 22:14:14,522 INFO     ___FILE_ONLY___ ═
2023-02-25 22:14:14,740 INFO     ___FILE_ONLY___ ═
2023-02-25 22:14:15,014 INFO     ___FILE_ONLY___ ═
2023-02-25 22:14:15,257 INFO     ___FILE_ONLY___ ═
2023-02-25 22:14:15,435 INFO     ___FILE_ONLY___ ═
2023-02-25 22:14:15,654 INFO     ___FILE_ONLY___ ═
2023-02-25 22:14:15,889 INFO     ___FILE_ONLY___ ═
2023-02-25 22:14:16,192 INFO     ___FILE_ONLY___ ═
2023-02-25 22:14:16,348 INFO     ___FILE_ONLY___ ═
2023-02-25 22:14:16,506 INFO     ___FILE_ONLY___ ═
2023-02-25 22:14:16,716 INFO     ___FILE_ONLY___ ═
2023-02-25 22:14:16,833 INFO     ___FILE_ONLY___ ═
2023-02-25 22:14:16,979 INFO     ___FILE_ONLY___ ═
2023-02-25 22:14:17,148 INFO     ___FILE_ONLY___ ═
2023-02-25 22:14:17,458 INFO     ___FILE_ONLY___ ═
2023-02-25 22:14:17,590 INFO     ___FILE_ONLY___ ═
2023-02-25 22:14:17,731 INFO     ___FILE_ONLY___ ═
2023-02-25 22:14:17,890 INFO     ___FILE_ONLY___ ═
2023-02-25 22:14:18,036 INFO     ___FILE_ONLY___ ═
2023-02-25 22:14:18,143 INFO     ___FILE_ONLY___ ═
2023-02-25 22:14:18,246 INFO     ___FILE_ONLY___ ═
2023-02-25 22:14:18,319 INFO     ___FILE_ONLY___ ═
2023-02-25 22:14:18,470 INFO     ___FILE_ONLY___ ═
2023-02-25 22:14:18,578 INFO     ___FILE_ONLY___ ═
2023-02-25 22:14:18,705 INFO     ___FILE_ONLY___ ═
2023-02-25 22:14:18,868 INFO     ___FILE_ONLY___ ═
2023-02-25 22:14:19,009 INFO     ___FILE_ONLY___ ═
2023-02-25 22:14:19,158 INFO     ___FILE_ONLY___ ═
2023-02-25 22:14:19,296 INFO     ___FILE_ONLY___ ═
2023-02-25 22:14:19,433 INFO     ___FILE_ONLY___ ═
2023-02-25 22:14:19,624 INFO     ___FILE_ONLY___ ═
2023-02-25 22:14:19,806 INFO     ___FILE_ONLY___ ═
2023-02-25 22:14:19,956 INFO     ___FILE_ONLY___ ═
2023-02-25 22:14:20,079 INFO     ___FILE_ONLY___ ═
2023-02-25 22:14:20,209 INFO     ___FILE_ONLY___ ═
2023-02-25 22:14:20,362 INFO     ___FILE_ONLY___ ═
2023-02-25 22:14:20,469 INFO     ___FILE_ONLY___ ═
2023-02-25 22:14:20,629 INFO     ___FILE_ONLY___ ═
2023-02-25 22:14:20,743 INFO     ___FILE_ONLY___ ═
2023-02-25 22:14:20,855 INFO     ___FILE_ONLY___ ═
2023-02-25 22:14:20,972 INFO     ___FILE_ONLY___ ═
2023-02-25 22:14:20,972 INFO     ___FILE_ONLY___ ╝

2023-02-25 22:14:25,851 INFO     ___FILE_ONLY___ ╔════════════════════════════════════════════════════════════╗

2023-02-25 22:14:25,852 INFO     ___FILE_ONLY___ ╠═ Uninstalling: Google Cloud CLI Core Libraries            ═╣

2023-02-25 22:14:25,852 INFO     ___FILE_ONLY___ ╚
2023-02-25 22:14:25,871 INFO     ___FILE_ONLY___ ═
2023-02-25 22:14:25,886 INFO     ___FILE_ONLY___ ═
2023-02-25 22:14:25,902 INFO     ___FILE_ONLY___ ═
2023-02-25 22:14:25,921 INFO     ___FILE_ONLY___ ═
2023-02-25 22:14:25,938 INFO     ___FILE_ONLY___ ═
2023-02-25 22:14:25,953 INFO     ___FILE_ONLY___ ═
2023-02-25 22:14:25,976 INFO     ___FILE_ONLY___ ═
2023-02-25 22:14:25,991 INFO     ___FILE_ONLY___ ═
2023-02-25 22:14:26,006 INFO     ___FILE_ONLY___ ═
2023-02-25 22:14:26,022 INFO     ___FILE_ONLY___ ═
2023-02-25 22:14:26,036 INFO     ___FILE_ONLY___ ═
2023-02-25 22:14:26,048 INFO     ___FILE_ONLY___ ═
2023-02-25 22:14:26,062 INFO     ___FILE_ONLY___ ═
2023-02-25 22:14:26,077 INFO     ___FILE_ONLY___ ═
2023-02-25 22:14:26,091 INFO     ___FILE_ONLY___ ═
2023-02-25 22:14:26,104 INFO     ___FILE_ONLY___ ═
2023-02-25 22:14:26,119 INFO     ___FILE_ONLY___ ═
2023-02-25 22:14:26,133 INFO     ___FILE_ONLY___ ═
2023-02-25 22:14:26,145 INFO     ___FILE_ONLY___ ═
2023-02-25 22:14:26,163 INFO     ___FILE_ONLY___ ═
2023-02-25 22:14:26,176 INFO     ___FILE_ONLY___ ═
2023-02-25 22:14:26,199 INFO     ___FILE_ONLY___ ═
2023-02-25 22:14:26,223 INFO     ___FILE_ONLY___ ═
2023-02-25 22:14:26,240 INFO     ___FILE_ONLY___ ═
2023-02-25 22:14:26,254 INFO     ___FILE_ONLY___ ═
2023-02-25 22:14:26,267 INFO     ___FILE_ONLY___ ═
2023-02-25 22:14:26,279 INFO     ___FILE_ONLY___ ═
2023-02-25 22:14:26,290 INFO     ___FILE_ONLY___ ═
2023-02-25 22:14:26,303 INFO     ___FILE_ONLY___ ═
2023-02-25 22:14:26,316 INFO     ___FILE_ONLY___ ═
2023-02-25 22:14:26,329 INFO     ___FILE_ONLY___ ═
2023-02-25 22:14:26,341 INFO     ___FILE_ONLY___ ═
2023-02-25 22:14:26,354 INFO     ___FILE_ONLY___ ═
2023-02-25 22:14:26,367 INFO     ___FILE_ONLY___ ═
2023-02-25 22:14:26,380 INFO     ___FILE_ONLY___ ═
2023-02-25 22:14:26,397 INFO     ___FILE_ONLY___ ═
2023-02-25 22:14:26,413 INFO     ___FILE_ONLY___ ═
2023-02-25 22:14:26,426 INFO     ___FILE_ONLY___ ═
2023-02-25 22:14:26,441 INFO     ___FILE_ONLY___ ═
2023-02-25 22:14:26,456 INFO     ___FILE_ONLY___ ═
2023-02-25 22:14:26,469 INFO     ___FILE_ONLY___ ═
2023-02-25 22:14:26,483 INFO     ___FILE_ONLY___ ═
2023-02-25 22:14:26,497 INFO     ___FILE_ONLY___ ═
2023-02-25 22:14:26,511 INFO     ___FILE_ONLY___ ═
2023-02-25 22:14:26,527 INFO     ___FILE_ONLY___ ═
2023-02-25 22:14:26,578 INFO     ___FILE_ONLY___ ═
2023-02-25 22:14:26,597 INFO     ___FILE_ONLY___ ═
2023-02-25 22:14:26,612 INFO     ___FILE_ONLY___ ═
2023-02-25 22:14:26,626 INFO     ___FILE_ONLY___ ═
2023-02-25 22:14:26,641 INFO     ___FILE_ONLY___ ═
2023-02-25 22:14:26,657 INFO     ___FILE_ONLY___ ═
2023-02-25 22:14:26,670 INFO     ___FILE_ONLY___ ═
2023-02-25 22:14:26,683 INFO     ___FILE_ONLY___ ═
2023-02-25 22:14:26,696 INFO     ___FILE_ONLY___ ═
2023-02-25 22:14:26,707 INFO     ___FILE_ONLY___ ═
2023-02-25 22:14:26,721 INFO     ___FILE_ONLY___ ═
2023-02-25 22:14:26,736 INFO     ___FILE_ONLY___ ═
2023-02-25 22:14:26,752 INFO     ___FILE_ONLY___ ═
2023-02-25 22:14:26,769 INFO     ___FILE_ONLY___ ═
2023-02-25 22:14:26,782 INFO     ___FILE_ONLY___ ═
2023-02-25 22:14:26,782 INFO     ___FILE_ONLY___ ╝

2023-02-25 22:14:27,557 INFO     ___FILE_ONLY___ ╔════════════════════════════════════════════════════════════╗

2023-02-25 22:14:27,557 INFO     ___FILE_ONLY___ ╠═ Uninstalling: gcloud Alpha Commands                      ═╣

2023-02-25 22:14:27,557 INFO     ___FILE_ONLY___ ╚
2023-02-25 22:14:27,558 INFO     ___FILE_ONLY___ ════════════════════════════════════════════════════════════
2023-02-25 22:14:27,558 INFO     ___FILE_ONLY___ ╝

2023-02-25 22:14:27,565 INFO     ___FILE_ONLY___ ╔════════════════════════════════════════════════════════════╗

2023-02-25 22:14:27,565 INFO     ___FILE_ONLY___ ╠═ Uninstalling: gcloud Beta Commands                       ═╣

2023-02-25 22:14:27,565 INFO     ___FILE_ONLY___ ╚
2023-02-25 22:14:27,566 INFO     ___FILE_ONLY___ ════════════════════════════════════════════════════════════
2023-02-25 22:14:27,566 INFO     ___FILE_ONLY___ ╝

2023-02-25 22:14:27,573 INFO     ___FILE_ONLY___ ╔════════════════════════════════════════════════════════════╗

2023-02-25 22:14:27,573 INFO     ___FILE_ONLY___ ╠═ Installing: Google Cloud CLI Core Libraries              ═╣

2023-02-25 22:14:27,573 INFO     ___FILE_ONLY___ ╚
2023-02-25 22:14:27,577 DEBUG    urllib3.connectionpool Starting new HTTPS connection (1): dl.google.com:443
2023-02-25 22:14:27,741 DEBUG    urllib3.connectionpool https://dl.google.com:443 "GET /dl/cloudsdk/channels/rapid/components/google-cloud-sdk-core-20230217153950.tar.gz HTTP/1.1" 200 27904551
2023-02-25 22:14:33,171 INFO     ___FILE_ONLY___ ═
2023-02-25 22:14:33,172 INFO     ___FILE_ONLY___ ═
2023-02-25 22:14:33,173 INFO     ___FILE_ONLY___ ═
2023-02-25 22:14:33,174 INFO     ___FILE_ONLY___ ═
2023-02-25 22:14:33,175 INFO     ___FILE_ONLY___ ═
2023-02-25 22:14:33,176 INFO     ___FILE_ONLY___ ═
2023-02-25 22:14:33,177 INFO     ___FILE_ONLY___ ═
2023-02-25 22:14:33,178 INFO     ___FILE_ONLY___ ═
2023-02-25 22:14:33,179 INFO     ___FILE_ONLY___ ═
2023-02-25 22:14:33,180 INFO     ___FILE_ONLY___ ═
2023-02-25 22:14:33,181 INFO     ___FILE_ONLY___ ═
2023-02-25 22:14:33,182 INFO     ___FILE_ONLY___ ═
2023-02-25 22:14:33,183 INFO     ___FILE_ONLY___ ═
2023-02-25 22:14:33,184 INFO     ___FILE_ONLY___ ═
2023-02-25 22:14:33,185 INFO     ___FILE_ONLY___ ═
2023-02-25 22:14:33,186 INFO     ___FILE_ONLY___ ═
2023-02-25 22:14:33,186 INFO     ___FILE_ONLY___ ═
2023-02-25 22:14:33,187 INFO     ___FILE_ONLY___ ═
2023-02-25 22:14:33,188 INFO     ___FILE_ONLY___ ═
2023-02-25 22:14:33,189 INFO     ___FILE_ONLY___ ═
2023-02-25 22:14:33,190 INFO     ___FILE_ONLY___ ═
2023-02-25 22:14:33,191 INFO     ___FILE_ONLY___ ═
2023-02-25 22:14:33,191 INFO     ___FILE_ONLY___ ═
2023-02-25 22:14:33,192 INFO     ___FILE_ONLY___ ═
2023-02-25 22:14:33,193 INFO     ___FILE_ONLY___ ═
2023-02-25 22:14:33,193 INFO     ___FILE_ONLY___ ═
2023-02-25 22:14:33,194 INFO     ___FILE_ONLY___ ═
2023-02-25 22:14:33,195 INFO     ___FILE_ONLY___ ═
2023-02-25 22:14:33,195 INFO     ___FILE_ONLY___ ═
2023-02-25 22:14:33,196 INFO     ___FILE_ONLY___ ═
2023-02-25 22:14:34,267 INFO     ___FILE_ONLY___ ═
2023-02-25 22:14:34,328 INFO     ___FILE_ONLY___ ═
2023-02-25 22:14:34,391 INFO     ___FILE_ONLY___ ═
2023-02-25 22:14:34,467 INFO     ___FILE_ONLY___ ═
2023-02-25 22:14:34,525 INFO     ___FILE_ONLY___ ═
2023-02-25 22:14:34,585 INFO     ___FILE_ONLY___ ═
2023-02-25 22:14:34,647 INFO     ___FILE_ONLY___ ═
2023-02-25 22:14:34,761 INFO     ___FILE_ONLY___ ═
2023-02-25 22:14:34,864 INFO     ___FILE_ONLY___ ═
2023-02-25 22:14:35,025 INFO     ___FILE_ONLY___ ═
2023-02-25 22:14:35,153 INFO     ___FILE_ONLY___ ═
2023-02-25 22:14:35,246 INFO     ___FILE_ONLY___ ═
2023-02-25 22:14:35,319 INFO     ___FILE_ONLY___ ═
2023-02-25 22:14:35,367 INFO     ___FILE_ONLY___ ═
2023-02-25 22:14:35,417 INFO     ___FILE_ONLY___ ═
2023-02-25 22:14:35,466 INFO     ___FILE_ONLY___ ═
2023-02-25 22:14:35,521 INFO     ___FILE_ONLY___ ═
2023-02-25 22:14:35,582 INFO     ___FILE_ONLY___ ═
2023-02-25 22:14:35,638 INFO     ___FILE_ONLY___ ═
2023-02-25 22:14:35,692 INFO     ___FILE_ONLY___ ═
2023-02-25 22:14:35,745 INFO     ___FILE_ONLY___ ═
2023-02-25 22:14:35,801 INFO     ___FILE_ONLY___ ═
2023-02-25 22:14:35,875 INFO     ___FILE_ONLY___ ═
2023-02-25 22:14:35,930 INFO     ___FILE_ONLY___ ═
2023-02-25 22:14:35,999 INFO     ___FILE_ONLY___ ═
2023-02-25 22:14:36,052 INFO     ___FILE_ONLY___ ═
2023-02-25 22:14:36,112 INFO     ___FILE_ONLY___ ═
2023-02-25 22:14:36,168 INFO     ___FILE_ONLY___ ═
2023-02-25 22:14:36,225 INFO     ___FILE_ONLY___ ═
2023-02-25 22:14:36,291 INFO     ___FILE_ONLY___ ═
2023-02-25 22:14:36,291 INFO     ___FILE_ONLY___ ╝

2023-02-25 22:14:36,347 INFO     ___FILE_ONLY___ ╔════════════════════════════════════════════════════════════╗

2023-02-25 22:14:36,347 INFO     ___FILE_ONLY___ ╠═ Installing: gcloud Alpha Commands                        ═╣

2023-02-25 22:14:36,347 INFO     ___FILE_ONLY___ ╚
2023-02-25 22:14:36,350 DEBUG    urllib3.connectionpool Starting new HTTPS connection (1): dl.google.com:443
2023-02-25 22:14:36,513 DEBUG    urllib3.connectionpool https://dl.google.com:443 "GET /dl/cloudsdk/channels/rapid/components/google-cloud-sdk-alpha-20230217153950.tar.gz HTTP/1.1" 200 800
2023-02-25 22:14:36,513 INFO     ___FILE_ONLY___ ══════════════════════════════
2023-02-25 22:14:36,514 INFO     ___FILE_ONLY___ ══════════════════════════════
2023-02-25 22:14:36,514 INFO     ___FILE_ONLY___ ╝

2023-02-25 22:14:36,528 INFO     ___FILE_ONLY___ ╔════════════════════════════════════════════════════════════╗

2023-02-25 22:14:36,528 INFO     ___FILE_ONLY___ ╠═ Installing: gcloud Beta Commands                         ═╣

2023-02-25 22:14:36,529 INFO     ___FILE_ONLY___ ╚
2023-02-25 22:14:36,531 DEBUG    urllib3.connectionpool Starting new HTTPS connection (1): dl.google.com:443
2023-02-25 22:14:36,771 DEBUG    urllib3.connectionpool https://dl.google.com:443 "GET /dl/cloudsdk/channels/rapid/components/google-cloud-sdk-beta-20230217153950.tar.gz HTTP/1.1" 200 797
2023-02-25 22:14:36,772 INFO     ___FILE_ONLY___ ══════════════════════════════
2023-02-25 22:14:36,773 INFO     ___FILE_ONLY___ ══════════════════════════════
2023-02-25 22:14:36,773 INFO     ___FILE_ONLY___ ╝

2023-02-25 22:14:36,785 INFO     ___FILE_ONLY___ ╔════════════════════════════════════════════════════════════╗

2023-02-25 22:14:36,786 INFO     ___FILE_ONLY___ ╠═ Creating backup and activating new installation          ═╣

2023-02-25 22:14:36,786 INFO     ___FILE_ONLY___ ╚
2023-02-25 22:14:36,786 DEBUG    root            Attempting to move directory [/Users/auxia/Library/Application Support/cloud-code/installer/google-cloud-sdk] to [/Users/auxia/Library/Application Support/cloud-code/installer/google-cloud-sdk.staging/.install/.backup]
2023-02-25 22:14:36,786 INFO     ___FILE_ONLY___ ══════════════════════════════
2023-02-25 22:14:36,786 DEBUG    root            Attempting to move directory [/Users/auxia/Library/Application Support/cloud-code/installer/google-cloud-sdk.staging] to [/Users/auxia/Library/Application Support/cloud-code/installer/google-cloud-sdk]
2023-02-25 22:14:36,786 INFO     ___FILE_ONLY___ ══════════════════════════════
2023-02-25 22:14:36,787 INFO     ___FILE_ONLY___ ╝

2023-02-25 22:14:36,791 DEBUG    root            Updating notification cache...
2023-02-25 22:14:36,792 INFO     ___FILE_ONLY___ 

2023-02-25 22:14:36,799 INFO     ___FILE_ONLY___ Performing post processing steps...
2023-02-25 22:14:36,799 DEBUG    root            Executing command: ['/Users/auxia/miniconda3/bin/python3', '-S', '/Users/auxia/Library/Application Support/cloud-code/installer/google-cloud-sdk/lib/gcloud.py', 'components', 'post-process']
2023-02-25 22:14:50,886 DEBUG    ___FILE_ONLY___ 
2023-02-25 22:14:50,887 DEBUG    ___FILE_ONLY___ 
2023-02-25 22:14:51,004 INFO     ___FILE_ONLY___ 
Update done!


2023-02-25 22:14:51,005 INFO     ___FILE_ONLY___ To revert your CLI to the previously installed version, you may run:
  $ gcloud components update --version 418.0.0


2023-02-25 22:14:51,021 WARNING  root              There are other instances of Google Cloud tools on your system PATH.
  Please remove the following to avoid confusion or accidental invocation:

  /Applications/Docker.app/Contents/Resources/bin/kubectl

  
2023-02-25 22:14:51,028 DEBUG    root            Chosen display Format:none
2023-02-25 22:14:51,028 INFO     root            Display format: "none"
